2026-03-16 00:07:11 INFO - 日志系统初始化成功，当前日志文件: F:\Game_AUTO\MaaFGO\MFAAvalonia\run_bbc\log\GameAutoBot20260316.log
2026-03-16 00:07:11 INFO - 成功加载外部配置文件: F:\Game_AUTO\MaaFGO\MFAAvalonia\run_bbc\config.json
2026-03-16 00:07:11 INFO - 已启动全局快捷键监听：按下 Ctrl+2 可随时强行终止脚本。
2026-03-16 00:07:11 INFO - ========== 开始执行自动化流水线 ==========
2026-03-16 00:07:11 INFO - --- 步骤 1: 执行动作 'keypress' ---
2026-03-16 00:07:11 INFO - [*] 前置条件：检查窗口 'BBchannel' 是否存在...
2026-03-16 00:07:11 INFO - -> [条件满足] 第 1 次尝试找到最优匹配窗口: 'BBchannel64位  version  3.80.20260228[管理员]'
2026-03-16 00:07:11 INFO - [备用窗口机制] 匹配到 1 个窗口，将尝试前 1 个。
2026-03-16 00:07:11 INFO - ========== 开始在第 1/1 个候选窗口 '免责声明！' 中尝试 ==========
2026-03-16 00:07:11 INFO - [执行按键] 第 1/2 次尝试找图...
2026-03-16 00:07:11 INFO - -> 找到图像 [匹配度: 0.3816]，执行按键: 'esc'
2026-03-16 00:07:16 INFO - --- 步骤 2: 执行动作 'keypress' ---
2026-03-16 00:07:16 INFO - [*] 前置条件：检查窗口 'BBchannel' 是否存在...
2026-03-16 00:07:16 INFO - -> [条件满足] 第 1 次尝试找到最优匹配窗口: 'BBchannel64位  version  3.80.20260228[管理员]'
2026-03-16 00:07:16 WARNING - 未找到任何标题包含 '免责声明' 的可见窗口。
2026-03-16 00:07:16 WARNING - ====== 警告：步骤 2 彻底失败 (或条件未满足配置了跳过)，继续执行下一步！ ======
2026-03-16 00:07:18 INFO - --- 步骤 3: 执行动作 'click' ---
2026-03-16 00:07:18 INFO - [备用窗口机制] 匹配到 1 个窗口，将尝试其中得分最高的前 1 个。
2026-03-16 00:07:18 INFO - ========== 开始在第 1/1 个候选窗口 'BBchannel64位  version  3.80.20260228[管理员]' 中尝试 ==========
2026-03-16 00:07:18 INFO - [执行点击] 第 1/5 次尝试找图...
2026-03-16 00:07:19 INFO - -> 成功点击坐标: (1055, 998) [实际匹配度: 1.0000 / 阈值: 0.9]
2026-03-16 00:07:39 INFO - --- 步骤 4: 执行动作 'keypress' ---
2026-03-16 00:07:39 WARNING - 未找到任何标题包含 '队伍配置错误' 的可见窗口。
2026-03-16 00:07:39 WARNING - ====== 警告：步骤 4 彻底失败 (或条件未满足配置了跳过)，继续执行下一步！ ======
2026-03-16 00:07:53 CRITICAL - 检测到全局快捷键 Ctrl+2，强制中止脚本！
2026-03-16 00:10:17 INFO - 日志系统初始化成功，当前日志文件: F:\Game_AUTO\MaaFGO\MFAAvalonia\run_bbc\log\GameAutoBot20260316.log
2026-03-16 00:10:17 INFO - 成功加载外部配置文件: F:\Game_AUTO\MaaFGO\MFAAvalonia\run_bbc\config.json
2026-03-16 00:10:17 INFO - 已启动全局快捷键监听：按下 Ctrl+2 可随时强行终止脚本。
2026-03-16 00:10:17 INFO - ========== 开始执行自动化流水线 ==========
2026-03-16 00:10:17 INFO - --- 步骤 1: 执行动作 'keypress' ---
2026-03-16 00:10:17 INFO - [*] 前置条件：检查窗口 'BBchannel' 是否存在...
2026-03-16 00:10:17 INFO - -> [条件满足] 第 1 次尝试找到最优匹配窗口: 'BBchannel64位  version  3.80.20260228[管理员]'
2026-03-16 00:10:17 INFO - [备用窗口机制] 匹配到 1 个窗口，将尝试前 1 个。
2026-03-16 00:10:17 INFO - ========== 开始在第 1/1 个候选窗口 '免责声明！' 中尝试 ==========
2026-03-16 00:10:17 INFO - [执行按键] 第 1/2 次尝试找图...
2026-03-16 00:10:18 INFO - -> 找到图像 [匹配度: 0.3816]，执行按键: 'esc'
2026-03-16 00:10:23 INFO - --- 步骤 2: 执行动作 'keypress' ---
2026-03-16 00:10:23 INFO - [*] 前置条件：检查窗口 'BBchannel' 是否存在...
2026-03-16 00:10:23 INFO - -> [条件满足] 第 1 次尝试找到最优匹配窗口: 'BBchannel64位  version  3.80.20260228[管理员]'
2026-03-16 00:10:23 WARNING - 未找到任何标题包含 '免责声明' 的可见窗口。
2026-03-16 00:10:23 WARNING - ====== 警告：步骤 2 彻底失败 (或条件未满足配置了跳过)，继续执行下一步！ ======
2026-03-16 00:10:25 INFO - --- 步骤 3: 执行动作 'click' ---
2026-03-16 00:10:25 INFO - [备用窗口机制] 匹配到 1 个窗口，将尝试其中得分最高的前 1 个。
2026-03-16 00:10:25 INFO - ========== 开始在第 1/1 个候选窗口 'BBchannel64位  version  3.80.20260228[管理员]' 中尝试 ==========
2026-03-16 00:10:25 INFO - [执行点击] 第 1/5 次尝试找图...
2026-03-16 00:10:25 INFO - -> 成功点击坐标: (1055, 998) [实际匹配度: 1.0000 / 阈值: 0.9]
2026-03-16 00:10:45 INFO - --- 步骤 4: 执行动作 'keypress' ---
2026-03-16 00:10:45 WARNING - 未找到任何标题包含 '队伍配置错误' 的可见窗口。
2026-03-16 00:10:45 WARNING - ====== 警告：步骤 4 彻底失败 (或条件未满足配置了跳过)，继续执行下一步！ ======
2026-03-16 00:11:05 INFO - --- 步骤 5: 执行动作 'keypress' ---
2026-03-16 00:11:05 INFO - [备用窗口机制] 匹配到 1 个窗口，将尝试前 1 个。
2026-03-16 00:11:05 INFO - ========== 开始在第 1/1 个候选窗口 '队伍配置错误！' 中尝试 ==========
2026-03-16 00:11:05 INFO - [执行按键] 第 1/3 次尝试找图...
2026-03-16 00:11:05 INFO - -> 找到图像 [匹配度: 0.3060]，执行按键: 'enter'
2026-03-16 00:11:26 INFO - --- 步骤 6: 执行动作 'close' ---
2026-03-16 00:11:26 INFO - [*] 前置条件：检查窗口 '脚本停止' 是否存在...
2026-03-16 00:19:46 INFO - -> [条件满足] 第 26 次尝试找到最优匹配窗口: '脚本停止！'
2026-03-16 00:19:46 INFO - [执行关闭] 正在向窗口 '脚本停止！' 发送关闭指令...
2026-03-16 00:19:51 INFO - --- 步骤 7: 执行动作 'close' ---
2026-03-16 00:19:51 INFO - [*] 前置条件：检查窗口 '脚本停止' 是否存在...
2026-03-16 00:20:01 WARNING - [*] 前置条件未满足：连续 3 次未找到窗口 '脚本停止'。
2026-03-16 00:20:01 WARNING - ====== 警告：步骤 7 彻底失败 (或条件未满足配置了跳过)，继续执行下一步！ ======
2026-03-16 00:20:02 INFO - --- 步骤 8: 执行动作 'close' ---
2026-03-16 00:20:02 INFO - [*] 前置条件：检查窗口 'BBchannel' 是否存在...
2026-03-16 00:20:02 INFO - -> [条件满足] 第 1 次尝试找到最优匹配窗口: 'BBchannel64位  version  3.80.20260228[管理员]'
2026-03-16 00:20:02 INFO - [执行关闭] 正在向窗口 'BBchannel64位  version  3.80.20260228[管理员]' 发送关闭指令...
2026-03-16 00:20:05 INFO - ========== 自动化流水线全部执行完毕 ==========
2026-03-16 09:43:30 INFO - 日志系统初始化成功，当前日志文件: F:\Game_AUTO\MaaFGO\MFAAvalonia\run_bbc\log\GameAutoBot20260316.log
2026-03-16 09:43:30 INFO - 成功加载外部配置文件: F:\Game_AUTO\MaaFGO\MFAAvalonia\run_bbc\config.json
2026-03-16 09:43:30 INFO - 已启动全局快捷键监听：按下 Ctrl+2 可随时强行终止脚本。
2026-03-16 09:43:30 INFO - ========== 开始执行自动化流水线 ==========
2026-03-16 09:43:30 INFO - --- 步骤 1: 执行动作 'keypress' ---
2026-03-16 09:43:30 INFO - [*] 前置条件：检查窗口 'BBchannel' 是否存在...
2026-03-16 09:43:30 INFO - -> [条件满足] 第 1 次尝试找到最优匹配窗口: 'BBchannel64位  version  3.80.20260228[管理员]'
2026-03-16 09:43:30 INFO - [备用窗口机制] 匹配到 1 个窗口，将尝试前 1 个。
2026-03-16 09:43:30 INFO - ========== 开始在第 1/1 个候选窗口 '免责声明！' 中尝试 ==========
2026-03-16 09:43:30 INFO - [执行按键] 第 1/2 次尝试找图...
2026-03-16 09:43:30 INFO - -> 找到图像 [匹配度: 0.3816]，执行按键: 'esc'
2026-03-16 09:43:35 INFO - --- 步骤 2: 执行动作 'keypress' ---
2026-03-16 09:43:35 INFO - [*] 前置条件：检查窗口 'BBchannel' 是否存在...
2026-03-16 09:43:35 INFO - -> [条件满足] 第 1 次尝试找到最优匹配窗口: 'BBchannel64位  version  3.80.20260228[管理员]'
2026-03-16 09:43:35 WARNING - 未找到任何标题包含 '免责声明' 的可见窗口。
2026-03-16 09:43:35 WARNING - ====== 警告：步骤 2 彻底失败 (或条件未满足配置了跳过)，继续执行下一步！ ======
2026-03-16 09:43:37 INFO - --- 步骤 3: 执行动作 'click' ---
2026-03-16 09:43:37 INFO - [备用窗口机制] 匹配到 1 个窗口，将尝试其中得分最高的前 1 个。
2026-03-16 09:43:37 INFO - ========== 开始在第 1/1 个候选窗口 'BBchannel64位  version  3.80.20260228[管理员]' 中尝试 ==========
2026-03-16 09:43:37 INFO - [执行点击] 第 1/5 次尝试找图...
2026-03-16 09:43:38 INFO - -> 成功点击坐标: (1055, 998) [实际匹配度: 1.0000 / 阈值: 0.9]
2026-03-16 09:43:58 INFO - --- 步骤 4: 执行动作 'keypress' ---
2026-03-16 09:43:58 WARNING - 未找到任何标题包含 '队伍配置错误' 的可见窗口。
2026-03-16 09:43:58 WARNING - ====== 警告：步骤 4 彻底失败 (或条件未满足配置了跳过)，继续执行下一步！ ======
2026-03-16 09:44:18 INFO - --- 步骤 5: 执行动作 'keypress' ---
2026-03-16 09:44:18 WARNING - 未找到任何标题包含 '队伍配置错误' 的可见窗口。
2026-03-16 09:44:18 WARNING - ====== 警告：步骤 5 彻底失败 (或条件未满足配置了跳过)，继续执行下一步！ ======
2026-03-16 09:44:38 INFO - --- 步骤 6: 执行动作 'close' ---
2026-03-16 09:44:38 INFO - [*] 前置条件：检查窗口 '脚本停止' 是否存在...
2026-03-16 09:50:38 INFO - -> [条件满足] 第 19 次尝试找到最优匹配窗口: '脚本停止！'
2026-03-16 09:50:38 INFO - [执行关闭] 正在向窗口 '脚本停止！' 发送关闭指令...
2026-03-16 09:50:43 INFO - --- 步骤 7: 执行动作 'close' ---
2026-03-16 09:50:43 INFO - [*] 前置条件：检查窗口 '脚本停止' 是否存在...
2026-03-16 09:50:53 WARNING - [*] 前置条件未满足：连续 3 次未找到窗口 '脚本停止'。
2026-03-16 09:50:53 WARNING - ====== 警告：步骤 7 彻底失败 (或条件未满足配置了跳过)，继续执行下一步！ ======
2026-03-16 09:50:54 INFO - --- 步骤 8: 执行动作 'close' ---
2026-03-16 09:50:54 INFO - [*] 前置条件：检查窗口 'BBchannel' 是否存在...
2026-03-16 09:50:54 INFO - -> [条件满足] 第 1 次尝试找到最优匹配窗口: 'BBchannel64位  version  3.80.20260228[管理员]'
2026-03-16 09:50:54 INFO - [执行关闭] 正在向窗口 'BBchannel64位  version  3.80.20260228[管理员]' 发送关闭指令...
2026-03-16 09:50:57 INFO - ========== 自动化流水线全部执行完毕 ==========
