2026-03-15 00:51:26 INFO - 日志系统初始化成功，当前日志文件: F:\Game_AUTO\MaaFGO\MFAAvalonia-v2.10.9-win-x64\run_bbc\log\GameAutoBot20260315.log
2026-03-15 00:51:26 INFO - 日志系统初始化成功，当前日志文件: F:\Game_AUTO\MaaFGO\MFAAvalonia-v2.10.9-win-x64\run_bbc\log\GameAutoBot20260315.log
2026-03-15 00:51:26 INFO - 成功加载外部配置文件: F:\Game_AUTO\MaaFGO\MFAAvalonia-v2.10.9-win-x64\run_bbc\config.json
2026-03-15 00:51:27 INFO - 已启动全局快捷键监听：按下 Ctrl+2 可随时强行终止脚本。
2026-03-15 00:51:27 INFO - ========== 开始执行自动化流水线 ==========
2026-03-15 00:51:27 INFO - --- 步骤 1: 执行动作 'keypress' ---
2026-03-15 00:51:27 INFO - [*] 前置条件：检查窗口 'BBchannel' 是否存在...
2026-03-15 00:51:27 INFO - -> [条件满足] 第 1 次尝试找到最优匹配窗口: 'BBchannel64位  version  3.80.20260228'
2026-03-15 00:51:27 INFO - [备用窗口机制] 匹配到 1 个窗口，将尝试前 1 个。
2026-03-15 00:51:27 INFO - ========== 开始在第 1/1 个候选窗口 '免责声明！' 中尝试 ==========
2026-03-15 00:51:27 INFO - [执行按键] 第 1/2 次尝试找图...
2026-03-15 00:51:27 INFO - -> 找到图像 [匹配度: 0.3816]，执行按键: 'esc'
2026-03-15 00:51:32 INFO - --- 步骤 2: 执行动作 'keypress' ---
2026-03-15 00:51:32 INFO - [*] 前置条件：检查窗口 'BBchannel' 是否存在...
2026-03-15 00:51:32 INFO - -> [条件满足] 第 1 次尝试找到最优匹配窗口: 'BBchannel64位  version  3.80.20260228'
2026-03-15 00:51:32 WARNING - 未找到任何标题包含 '免责声明' 的可见窗口。
2026-03-15 00:51:32 WARNING - ====== 警告：步骤 2 彻底失败 (或条件未满足配置了跳过)，继续执行下一步！ ======
2026-03-15 00:51:34 INFO - --- 步骤 3: 执行动作 'click' ---
2026-03-15 00:51:34 INFO - [备用窗口机制] 匹配到 1 个窗口，将尝试其中得分最高的前 1 个。
2026-03-15 00:51:34 INFO - ========== 开始在第 1/1 个候选窗口 'BBchannel64位  version  3.80.20260228' 中尝试 ==========
2026-03-15 00:51:34 INFO - [执行点击] 第 1/5 次尝试找图...
2026-03-15 00:51:35 INFO - -> 成功点击坐标: (1254, 1106) [实际匹配度: 1.0000 / 阈值: 0.9]
2026-03-15 00:51:55 INFO - --- 步骤 4: 执行动作 'keypress' ---
2026-03-15 00:51:55 WARNING - 未找到任何标题包含 '队伍配置错误' 的可见窗口。
2026-03-15 00:51:55 WARNING - ====== 警告：步骤 4 彻底失败 (或条件未满足配置了跳过)，继续执行下一步！ ======
2026-03-15 00:52:15 INFO - --- 步骤 5: 执行动作 'keypress' ---
2026-03-15 00:52:15 WARNING - 未找到任何标题包含 '队伍配置错误' 的可见窗口。
2026-03-15 00:52:15 WARNING - ====== 警告：步骤 5 彻底失败 (或条件未满足配置了跳过)，继续执行下一步！ ======
2026-03-15 00:52:35 INFO - --- 步骤 6: 执行动作 'close' ---
2026-03-15 00:52:35 INFO - [*] 前置条件：检查窗口 '脚本停止' 是否存在...
2026-03-15 01:31:42 INFO - 日志系统初始化成功，当前日志文件: F:\Game_AUTO\MaaFGO\MFAAvalonia-v2.10.9-win-x64\run_bbc\log\GameAutoBot20260315.log
2026-03-15 01:31:42 INFO - 日志系统初始化成功，当前日志文件: F:\Game_AUTO\MaaFGO\MFAAvalonia-v2.10.9-win-x64\run_bbc\log\GameAutoBot20260315.log
2026-03-15 01:31:42 INFO - 成功加载外部配置文件: F:\Game_AUTO\MaaFGO\MFAAvalonia-v2.10.9-win-x64\run_bbc\config.json
2026-03-15 01:31:42 INFO - 已启动全局快捷键监听：按下 Ctrl+2 可随时强行终止脚本。
2026-03-15 01:31:42 INFO - ========== 开始执行自动化流水线 ==========
2026-03-15 01:31:42 INFO - --- 步骤 1: 执行动作 'keypress' ---
2026-03-15 01:31:42 INFO - [*] 前置条件：检查窗口 'BBchannel' 是否存在...
2026-03-15 01:31:42 INFO - -> [条件满足] 第 1 次尝试找到最优匹配窗口: 'BBchannel64位  version  3.80.20260228'
2026-03-15 01:31:42 INFO - [备用窗口机制] 匹配到 1 个窗口，将尝试前 1 个。
2026-03-15 01:31:42 INFO - ========== 开始在第 1/1 个候选窗口 '免责声明！' 中尝试 ==========
2026-03-15 01:31:42 INFO - [执行按键] 第 1/2 次尝试找图...
2026-03-15 01:31:42 INFO - -> 找到图像 [匹配度: 0.3816]，执行按键: 'esc'
2026-03-15 01:31:47 INFO - --- 步骤 2: 执行动作 'keypress' ---
2026-03-15 01:31:47 INFO - [*] 前置条件：检查窗口 'BBchannel' 是否存在...
2026-03-15 01:31:47 INFO - -> [条件满足] 第 1 次尝试找到最优匹配窗口: 'BBchannel64位  version  3.80.20260228'
2026-03-15 01:31:47 WARNING - 未找到任何标题包含 '免责声明' 的可见窗口。
2026-03-15 01:31:47 WARNING - ====== 警告：步骤 2 彻底失败 (或条件未满足配置了跳过)，继续执行下一步！ ======
2026-03-15 01:31:49 INFO - --- 步骤 3: 执行动作 'click' ---
2026-03-15 01:31:49 INFO - [备用窗口机制] 匹配到 1 个窗口，将尝试其中得分最高的前 1 个。
2026-03-15 01:31:49 INFO - ========== 开始在第 1/1 个候选窗口 'BBchannel64位  version  3.80.20260228' 中尝试 ==========
2026-03-15 01:31:49 INFO - [执行点击] 第 1/5 次尝试找图...
2026-03-15 01:31:50 INFO - -> 成功点击坐标: (969, 963) [实际匹配度: 1.0000 / 阈值: 0.9]
2026-03-15 01:32:10 INFO - --- 步骤 4: 执行动作 'keypress' ---
2026-03-15 01:32:10 WARNING - 未找到任何标题包含 '队伍配置错误' 的可见窗口。
2026-03-15 01:32:10 WARNING - ====== 警告：步骤 4 彻底失败 (或条件未满足配置了跳过)，继续执行下一步！ ======
2026-03-15 01:32:30 INFO - --- 步骤 5: 执行动作 'keypress' ---
2026-03-15 01:32:30 WARNING - 未找到任何标题包含 '队伍配置错误' 的可见窗口。
2026-03-15 01:32:30 WARNING - ====== 警告：步骤 5 彻底失败 (或条件未满足配置了跳过)，继续执行下一步！ ======
2026-03-15 01:32:50 INFO - --- 步骤 6: 执行动作 'close' ---
2026-03-15 01:32:50 INFO - [*] 前置条件：检查窗口 '脚本停止' 是否存在...
2026-03-15 01:39:30 INFO - -> [条件满足] 第 21 次尝试找到最优匹配窗口: '脚本停止！'
2026-03-15 01:39:30 INFO - [执行关闭] 正在向窗口 '脚本停止！' 发送关闭指令...
2026-03-15 01:39:35 INFO - --- 步骤 7: 执行动作 'close' ---
2026-03-15 01:39:35 INFO - [*] 前置条件：检查窗口 '脚本停止' 是否存在...
2026-03-15 01:39:45 WARNING - [*] 前置条件未满足：连续 3 次未找到窗口 '脚本停止'。
2026-03-15 01:39:45 WARNING - ====== 警告：步骤 7 彻底失败 (或条件未满足配置了跳过)，继续执行下一步！ ======
2026-03-15 01:39:46 INFO - ========== 自动化流水线全部执行完毕 ==========
2026-03-15 01:59:28 INFO - 日志系统初始化成功，当前日志文件: F:\Game_AUTO\MaaFGO\MFAAvalonia-v2.10.9-win-x64\run_bbc\log\GameAutoBot20260315.log
2026-03-15 01:59:28 INFO - 日志系统初始化成功，当前日志文件: F:\Game_AUTO\MaaFGO\MFAAvalonia-v2.10.9-win-x64\run_bbc\log\GameAutoBot20260315.log
2026-03-15 01:59:28 INFO - 成功加载外部配置文件: F:\Game_AUTO\MaaFGO\MFAAvalonia-v2.10.9-win-x64\run_bbc\config.json
2026-03-15 01:59:28 INFO - 已启动全局快捷键监听：按下 Ctrl+2 可随时强行终止脚本。
2026-03-15 01:59:28 INFO - ========== 开始执行自动化流水线 ==========
2026-03-15 01:59:28 INFO - --- 步骤 1: 执行动作 'keypress' ---
2026-03-15 01:59:28 INFO - [*] 前置条件：检查窗口 'BBchannel' 是否存在...
2026-03-15 01:59:28 INFO - -> [条件满足] 第 1 次尝试找到最优匹配窗口: 'BBchannel64位  version  3.80.20260228'
2026-03-15 01:59:28 INFO - [备用窗口机制] 匹配到 1 个窗口，将尝试前 1 个。
2026-03-15 01:59:28 INFO - ========== 开始在第 1/1 个候选窗口 '免责声明！' 中尝试 ==========
2026-03-15 01:59:28 INFO - [执行按键] 第 1/2 次尝试找图...
2026-03-15 01:59:29 INFO - -> 找到图像 [匹配度: 0.3816]，执行按键: 'esc'
2026-03-15 01:59:34 INFO - --- 步骤 2: 执行动作 'keypress' ---
2026-03-15 01:59:34 INFO - [*] 前置条件：检查窗口 'BBchannel' 是否存在...
2026-03-15 01:59:34 INFO - -> [条件满足] 第 1 次尝试找到最优匹配窗口: 'BBchannel64位  version  3.80.20260228'
2026-03-15 01:59:34 INFO - [备用窗口机制] 匹配到 1 个窗口，将尝试前 1 个。
2026-03-15 01:59:34 INFO - ========== 开始在第 1/1 个候选窗口 '免责声明！' 中尝试 ==========
2026-03-15 01:59:34 INFO - [执行按键] 第 1/3 次尝试找图...
2026-03-15 01:59:34 INFO - -> 找到图像 [匹配度: 0.3816]，执行按键: 'enter'
2026-03-15 01:59:36 INFO - --- 步骤 3: 执行动作 'click' ---
2026-03-15 01:59:36 INFO - [备用窗口机制] 匹配到 1 个窗口，将尝试其中得分最高的前 1 个。
2026-03-15 01:59:36 INFO - ========== 开始在第 1/1 个候选窗口 'BBchannel64位  version  3.80.20260228' 中尝试 ==========
2026-03-15 01:59:36 INFO - [执行点击] 第 1/5 次尝试找图...
2026-03-15 01:59:37 INFO - -> 成功点击坐标: (969, 963) [实际匹配度: 1.0000 / 阈值: 0.9]
2026-03-15 01:59:57 INFO - --- 步骤 4: 执行动作 'keypress' ---
2026-03-15 01:59:57 INFO - [备用窗口机制] 匹配到 1 个窗口，将尝试前 1 个。
2026-03-15 01:59:57 INFO - ========== 开始在第 1/1 个候选窗口 '队伍配置错误！' 中尝试 ==========
2026-03-15 01:59:57 INFO - [执行按键] 第 1/3 次尝试找图...
2026-03-15 01:59:57 INFO - -> 找到图像 [匹配度: 0.3060]，执行按键: 'enter'
2026-03-15 02:00:17 INFO - --- 步骤 5: 执行动作 'keypress' ---
2026-03-15 02:00:17 WARNING - 未找到任何标题包含 '队伍配置错误' 的可见窗口。
2026-03-15 02:00:17 WARNING - ====== 警告：步骤 5 彻底失败 (或条件未满足配置了跳过)，继续执行下一步！ ======
2026-03-15 02:00:37 INFO - --- 步骤 6: 执行动作 'close' ---
2026-03-15 02:00:37 INFO - [*] 前置条件：检查窗口 '脚本停止' 是否存在...
2026-03-15 02:02:57 INFO - -> [条件满足] 第 8 次尝试找到最优匹配窗口: '脚本停止！'
2026-03-15 02:02:57 INFO - [执行关闭] 正在向窗口 '脚本停止！' 发送关闭指令...
2026-03-15 02:03:02 INFO - --- 步骤 7: 执行动作 'close' ---
2026-03-15 02:03:02 INFO - [*] 前置条件：检查窗口 '脚本停止' 是否存在...
2026-03-15 02:03:12 WARNING - [*] 前置条件未满足：连续 3 次未找到窗口 '脚本停止'。
2026-03-15 02:03:12 WARNING - ====== 警告：步骤 7 彻底失败 (或条件未满足配置了跳过)，继续执行下一步！ ======
2026-03-15 02:03:13 INFO - --- 步骤 8: 执行动作 'close' ---
2026-03-15 02:03:13 INFO - [*] 前置条件：检查窗口 'BBchannel' 是否存在...
2026-03-15 02:03:13 INFO - -> [条件满足] 第 1 次尝试找到最优匹配窗口: 'BBchannel64位  version  3.80.20260228'
2026-03-15 02:03:13 INFO - [执行关闭] 正在向窗口 'BBchannel64位  version  3.80.20260228' 发送关闭指令...
2026-03-15 02:03:16 INFO - ========== 自动化流水线全部执行完毕 ==========
2026-03-15 22:16:52 INFO - 日志系统初始化成功，当前日志文件: F:\Game_AUTO\MaaFGO\MFAAvalonia-v2.10.9-win-x64\run_bbc\log\GameAutoBot20260315.log
2026-03-15 22:16:52 INFO - 日志系统初始化成功，当前日志文件: F:\Game_AUTO\MaaFGO\MFAAvalonia-v2.10.9-win-x64\run_bbc\log\GameAutoBot20260315.log
2026-03-15 22:16:52 INFO - 成功加载外部配置文件: F:\Game_AUTO\MaaFGO\MFAAvalonia-v2.10.9-win-x64\run_bbc\config.json
2026-03-15 22:16:52 INFO - 已启动全局快捷键监听：按下 Ctrl+2 可随时强行终止脚本。
2026-03-15 22:16:52 INFO - ========== 开始执行自动化流水线 ==========
2026-03-15 22:16:52 INFO - --- 步骤 1: 执行动作 'keypress' ---
2026-03-15 22:16:52 INFO - [*] 前置条件：检查窗口 'BBchannel' 是否存在...
2026-03-15 22:16:52 INFO - -> [条件满足] 第 1 次尝试找到最优匹配窗口: 'BBchannel64位  version  3.80.20260228[管理员]'
2026-03-15 22:16:52 INFO - [备用窗口机制] 匹配到 1 个窗口，将尝试前 1 个。
2026-03-15 22:16:52 INFO - ========== 开始在第 1/1 个候选窗口 '免责声明！' 中尝试 ==========
2026-03-15 22:16:52 INFO - [执行按键] 第 1/2 次尝试找图...
2026-03-15 22:16:53 INFO - -> 找到图像 [匹配度: 0.3816]，执行按键: 'esc'
2026-03-15 22:16:58 INFO - --- 步骤 2: 执行动作 'keypress' ---
2026-03-15 22:16:58 INFO - [*] 前置条件：检查窗口 'BBchannel' 是否存在...
2026-03-15 22:16:58 CRITICAL - 检测到全局快捷键 Ctrl+2，强制中止脚本！
2026-03-15 22:17:37 INFO - 日志系统初始化成功，当前日志文件: F:\Game_AUTO\MaaFGO\MFAAvalonia-v2.10.9-win-x64\run_bbc\log\GameAutoBot20260315.log
2026-03-15 22:17:38 INFO - 日志系统初始化成功，当前日志文件: F:\Game_AUTO\MaaFGO\MFAAvalonia-v2.10.9-win-x64\run_bbc\log\GameAutoBot20260315.log
2026-03-15 22:17:38 INFO - 成功加载外部配置文件: F:\Game_AUTO\MaaFGO\MFAAvalonia-v2.10.9-win-x64\run_bbc\config.json
2026-03-15 22:17:38 INFO - 已启动全局快捷键监听：按下 Ctrl+2 可随时强行终止脚本。
2026-03-15 22:17:38 INFO - ========== 开始执行自动化流水线 ==========
2026-03-15 22:17:38 INFO - --- 步骤 1: 执行动作 'keypress' ---
2026-03-15 22:17:38 INFO - [*] 前置条件：检查窗口 'BBchannel' 是否存在...
2026-03-15 22:21:26 INFO - 日志系统初始化成功，当前日志文件: F:\Game_AUTO\MaaFGO\MFAAvalonia-v2.10.9-win-x64\run_bbc\log\GameAutoBot20260315.log
2026-03-15 22:21:27 INFO - 日志系统初始化成功，当前日志文件: F:\Game_AUTO\MaaFGO\MFAAvalonia-v2.10.9-win-x64\run_bbc\log\GameAutoBot20260315.log
2026-03-15 22:21:27 INFO - 成功加载外部配置文件: F:\Game_AUTO\MaaFGO\MFAAvalonia-v2.10.9-win-x64\run_bbc\config.json
2026-03-15 22:21:27 INFO - 已启动全局快捷键监听：按下 Ctrl+2 可随时强行终止脚本。
2026-03-15 22:21:27 INFO - ========== 开始执行自动化流水线 ==========
2026-03-15 22:21:27 INFO - --- 步骤 1: 执行动作 'keypress' ---
2026-03-15 22:21:27 INFO - [*] 前置条件：检查窗口 'BBchannel' 是否存在...
2026-03-15 22:21:34 CRITICAL - 检测到全局快捷键 Ctrl+2，强制中止脚本！
2026-03-15 22:21:37 INFO - 日志系统初始化成功，当前日志文件: F:\Game_AUTO\MaaFGO\MFAAvalonia-v2.10.9-win-x64\run_bbc\log\GameAutoBot20260315.log
2026-03-15 22:21:38 INFO - 日志系统初始化成功，当前日志文件: F:\Game_AUTO\MaaFGO\MFAAvalonia-v2.10.9-win-x64\run_bbc\log\GameAutoBot20260315.log
2026-03-15 22:21:38 INFO - 成功加载外部配置文件: F:\Game_AUTO\MaaFGO\MFAAvalonia-v2.10.9-win-x64\run_bbc\config.json
2026-03-15 22:21:38 INFO - 已启动全局快捷键监听：按下 Ctrl+2 可随时强行终止脚本。
2026-03-15 22:21:38 INFO - ========== 开始执行自动化流水线 ==========
2026-03-15 22:21:38 INFO - --- 步骤 1: 执行动作 'keypress' ---
2026-03-15 22:21:38 INFO - [*] 前置条件：检查窗口 'BBchannel' 是否存在...
2026-03-15 22:21:39 CRITICAL - 检测到全局快捷键 Ctrl+2，强制中止脚本！
2026-03-15 22:24:17 INFO - 日志系统初始化成功，当前日志文件: F:\Game_AUTO\MaaFGO\MFAAvalonia-v2.10.9-win-x64\run_bbc\log\GameAutoBot20260315.log
2026-03-15 22:24:18 INFO - 日志系统初始化成功，当前日志文件: F:\Game_AUTO\MaaFGO\MFAAvalonia-v2.10.9-win-x64\run_bbc\log\GameAutoBot20260315.log
2026-03-15 22:24:18 INFO - 成功加载外部配置文件: F:\Game_AUTO\MaaFGO\MFAAvalonia-v2.10.9-win-x64\run_bbc\config.json
2026-03-15 22:24:18 INFO - 已启动全局快捷键监听：按下 Ctrl+2 可随时强行终止脚本。
2026-03-15 22:24:18 INFO - ========== 开始执行自动化流水线 ==========
2026-03-15 22:24:18 INFO - --- 步骤 1: 执行动作 'keypress' ---
2026-03-15 22:24:18 INFO - [*] 前置条件：检查窗口 'BBchannel' 是否存在...
2026-03-15 22:27:08 INFO - 日志系统初始化成功，当前日志文件: F:\Game_AUTO\MaaFGO\MFAAvalonia-v2.10.9-win-x64\run_bbc\log\GameAutoBot20260315.log
2026-03-15 22:27:08 INFO - 日志系统初始化成功，当前日志文件: F:\Game_AUTO\MaaFGO\MFAAvalonia-v2.10.9-win-x64\run_bbc\log\GameAutoBot20260315.log
2026-03-15 22:27:08 INFO - 成功加载外部配置文件: F:\Game_AUTO\MaaFGO\MFAAvalonia-v2.10.9-win-x64\run_bbc\config.json
2026-03-15 22:27:08 INFO - 已启动全局快捷键监听：按下 Ctrl+2 可随时强行终止脚本。
2026-03-15 22:27:08 INFO - ========== 开始执行自动化流水线 ==========
2026-03-15 22:27:08 INFO - --- 步骤 1: 执行动作 'keypress' ---
2026-03-15 22:27:08 INFO - [*] 前置条件：检查窗口 'BBchannel' 是否存在...
2026-03-15 22:27:08 INFO - -> [条件满足] 第 1 次尝试找到最优匹配窗口: 'BBchannel64位  version  3.80.20260228'
2026-03-15 22:27:08 INFO - [备用窗口机制] 匹配到 1 个窗口，将尝试前 1 个。
2026-03-15 22:27:08 INFO - ========== 开始在第 1/1 个候选窗口 '免责声明！' 中尝试 ==========
2026-03-15 22:27:08 INFO - [执行按键] 第 1/2 次尝试找图...
2026-03-15 22:27:08 INFO - -> 找到图像 [匹配度: 0.3816]，执行按键: 'esc'
2026-03-15 22:27:14 INFO - --- 步骤 2: 执行动作 'keypress' ---
2026-03-15 22:27:14 INFO - [*] 前置条件：检查窗口 'BBchannel' 是否存在...
2026-03-15 22:27:14 INFO - -> [条件满足] 第 1 次尝试找到最优匹配窗口: 'BBchannel64位  version  3.80.20260228'
2026-03-15 22:27:14 WARNING - 未找到任何标题包含 '免责声明' 的可见窗口。
2026-03-15 22:27:14 WARNING - ====== 警告：步骤 2 彻底失败 (或条件未满足配置了跳过)，继续执行下一步！ ======
2026-03-15 22:27:16 INFO - --- 步骤 3: 执行动作 'click' ---
2026-03-15 22:27:16 INFO - [备用窗口机制] 匹配到 1 个窗口，将尝试其中得分最高的前 1 个。
2026-03-15 22:27:16 INFO - ========== 开始在第 1/1 个候选窗口 'BBchannel64位  version  3.80.20260228' 中尝试 ==========
2026-03-15 22:27:16 INFO - [执行点击] 第 1/5 次尝试找图...
2026-03-15 22:27:16 INFO - -> 成功点击坐标: (969, 963) [实际匹配度: 1.0000 / 阈值: 0.9]
2026-03-15 22:27:36 INFO - --- 步骤 4: 执行动作 'keypress' ---
2026-03-15 22:27:36 WARNING - 未找到任何标题包含 '队伍配置错误' 的可见窗口。
2026-03-15 22:27:36 WARNING - ====== 警告：步骤 4 彻底失败 (或条件未满足配置了跳过)，继续执行下一步！ ======
2026-03-15 22:27:56 INFO - --- 步骤 5: 执行动作 'keypress' ---
2026-03-15 22:27:56 WARNING - 未找到任何标题包含 '队伍配置错误' 的可见窗口。
2026-03-15 22:27:56 WARNING - ====== 警告：步骤 5 彻底失败 (或条件未满足配置了跳过)，继续执行下一步！ ======
2026-03-15 22:28:16 INFO - --- 步骤 6: 执行动作 'close' ---
2026-03-15 22:28:16 INFO - [*] 前置条件：检查窗口 '脚本停止' 是否存在...
2026-03-15 22:32:19 CRITICAL - 检测到全局快捷键 Ctrl+2，强制中止脚本！
2026-03-15 22:39:40 INFO - 日志系统初始化成功，当前日志文件: F:\Game_AUTO\MaaFGO\MFAAvalonia-v2.10.9-win-x64\run_bbc\log\GameAutoBot20260315.log
2026-03-15 22:39:41 INFO - 日志系统初始化成功，当前日志文件: F:\Game_AUTO\MaaFGO\MFAAvalonia-v2.10.9-win-x64\run_bbc\log\GameAutoBot20260315.log
2026-03-15 22:39:41 INFO - 成功加载外部配置文件: F:\Game_AUTO\MaaFGO\MFAAvalonia-v2.10.9-win-x64\run_bbc\config.json
2026-03-15 22:39:41 INFO - 已启动全局快捷键监听：按下 Ctrl+2 可随时强行终止脚本。
2026-03-15 22:39:41 INFO - ========== 开始执行自动化流水线 ==========
2026-03-15 22:39:41 INFO - --- 步骤 1: 执行动作 'keypress' ---
2026-03-15 22:39:41 INFO - [*] 前置条件：检查窗口 'BBchannel' 是否存在...
2026-03-15 22:39:41 INFO - -> [条件满足] 第 1 次尝试找到最优匹配窗口: 'BBchannel64位  version  3.80.20260228[管理员]'
2026-03-15 22:39:41 ERROR - [按键失败] 找不到目标图像: pic/BBC_run.png
2026-03-15 22:39:41 WARNING - ====== 警告：步骤 1 彻底失败 (或条件未满足配置了跳过)，继续执行下一步！ ======
2026-03-15 22:39:46 INFO - --- 步骤 2: 执行动作 'keypress' ---
2026-03-15 22:39:46 INFO - [*] 前置条件：检查窗口 'BBchannel' 是否存在...
2026-03-15 22:39:46 INFO - -> [条件满足] 第 1 次尝试找到最优匹配窗口: 'BBchannel64位  version  3.80.20260228[管理员]'
2026-03-15 22:39:46 ERROR - [按键失败] 找不到目标图像: pic/BBC_run.png
2026-03-15 22:39:46 WARNING - ====== 警告：步骤 2 彻底失败 (或条件未满足配置了跳过)，继续执行下一步！ ======
2026-03-15 22:39:48 INFO - --- 步骤 3: 执行动作 'click' ---
2026-03-15 22:39:48 ERROR - [点击失败] 找不到目标图像: pic/BBC_run.png
2026-03-15 22:39:48 WARNING - ====== 警告：步骤 3 彻底失败 (或条件未满足配置了跳过)，继续执行下一步！ ======
2026-03-15 22:39:48 CRITICAL - 检测到全局快捷键 Ctrl+2，强制中止脚本！
2026-03-15 22:40:05 INFO - 日志系统初始化成功，当前日志文件: F:\Game_AUTO\MaaFGO\MFAAvalonia-v2.10.9-win-x64\run_bbc\log\GameAutoBot20260315.log
2026-03-15 22:40:05 INFO - 日志系统初始化成功，当前日志文件: F:\Game_AUTO\MaaFGO\MFAAvalonia-v2.10.9-win-x64\run_bbc\log\GameAutoBot20260315.log
2026-03-15 22:40:05 INFO - 成功加载外部配置文件: F:\Game_AUTO\MaaFGO\MFAAvalonia-v2.10.9-win-x64\run_bbc\config.json
2026-03-15 22:40:05 INFO - 已启动全局快捷键监听：按下 Ctrl+2 可随时强行终止脚本。
2026-03-15 22:40:05 INFO - ========== 开始执行自动化流水线 ==========
2026-03-15 22:40:05 INFO - --- 步骤 1: 执行动作 'keypress' ---
2026-03-15 22:40:05 INFO - [*] 前置条件：检查窗口 'BBchannel' 是否存在...
2026-03-15 22:40:05 INFO - -> [条件满足] 第 1 次尝试找到最优匹配窗口: 'BBchannel64位  version  3.80.20260228[管理员]'
2026-03-15 22:40:05 ERROR - [按键失败] 找不到目标图像: pic/BBC_run.png
2026-03-15 22:40:05 WARNING - ====== 警告：步骤 1 彻底失败 (或条件未满足配置了跳过)，继续执行下一步！ ======
2026-03-15 22:40:10 INFO - --- 步骤 2: 执行动作 'keypress' ---
2026-03-15 22:40:10 INFO - [*] 前置条件：检查窗口 'BBchannel' 是否存在...
2026-03-15 22:40:10 INFO - -> [条件满足] 第 1 次尝试找到最优匹配窗口: 'BBchannel64位  version  3.80.20260228[管理员]'
2026-03-15 22:40:10 ERROR - [按键失败] 找不到目标图像: pic/BBC_run.png
2026-03-15 22:40:10 WARNING - ====== 警告：步骤 2 彻底失败 (或条件未满足配置了跳过)，继续执行下一步！ ======
2026-03-15 22:40:12 INFO - --- 步骤 3: 执行动作 'click' ---
2026-03-15 22:40:12 ERROR - [点击失败] 找不到目标图像: pic/BBC_run.png
2026-03-15 22:40:12 WARNING - ====== 警告：步骤 3 彻底失败 (或条件未满足配置了跳过)，继续执行下一步！ ======
2026-03-15 22:40:32 INFO - --- 步骤 4: 执行动作 'keypress' ---
2026-03-15 22:40:32 ERROR - [按键失败] 找不到目标图像: pic/BBC_run.png
2026-03-15 22:40:32 WARNING - ====== 警告：步骤 4 彻底失败 (或条件未满足配置了跳过)，继续执行下一步！ ======
2026-03-15 22:40:52 INFO - --- 步骤 5: 执行动作 'keypress' ---
2026-03-15 22:40:52 ERROR - [按键失败] 找不到目标图像: pic/BBC_run.png
2026-03-15 22:40:52 WARNING - ====== 警告：步骤 5 彻底失败 (或条件未满足配置了跳过)，继续执行下一步！ ======
2026-03-15 22:41:12 INFO - --- 步骤 6: 执行动作 'close' ---
2026-03-15 22:41:12 INFO - [*] 前置条件：检查窗口 '脚本停止' 是否存在...
2026-03-15 22:41:16 CRITICAL - 检测到全局快捷键 Ctrl+2，强制中止脚本！
2026-03-15 22:45:29 INFO - 日志系统初始化成功，当前日志文件: F:\Game_AUTO\MaaFGO\MFAAvalonia-v2.10.9-win-x64\run_bbc\log\GameAutoBot20260315.log
2026-03-15 22:45:29 INFO - 日志系统初始化成功，当前日志文件: F:\Game_AUTO\MaaFGO\MFAAvalonia-v2.10.9-win-x64\run_bbc\log\GameAutoBot20260315.log
2026-03-15 22:45:29 INFO - 成功加载外部配置文件: F:\Game_AUTO\MaaFGO\MFAAvalonia-v2.10.9-win-x64\run_bbc\config.json
2026-03-15 22:45:29 INFO - 已启动全局快捷键监听：按下 Ctrl+2 可随时强行终止脚本。
2026-03-15 22:45:29 INFO - ========== 开始执行自动化流水线 ==========
2026-03-15 22:45:29 INFO - --- 步骤 1: 执行动作 'keypress' ---
2026-03-15 22:45:29 INFO - [*] 前置条件：检查窗口 'BBchannel' 是否存在...
2026-03-15 22:45:29 INFO - -> [条件满足] 第 1 次尝试找到最优匹配窗口: 'BBchannel64位  version  3.80.20260228[管理员]'
2026-03-15 22:45:29 INFO - [备用窗口机制] 匹配到 1 个窗口，将尝试前 1 个。
2026-03-15 22:45:29 INFO - ========== 开始在第 1/1 个候选窗口 '免责声明！' 中尝试 ==========
2026-03-15 22:45:29 INFO - [执行按键] 第 1/2 次尝试找图...
2026-03-15 22:45:29 INFO - -> 找到图像 [匹配度: 0.3816]，执行按键: 'esc'
2026-03-15 22:45:35 INFO - --- 步骤 2: 执行动作 'keypress' ---
2026-03-15 22:45:35 INFO - [*] 前置条件：检查窗口 'BBchannel' 是否存在...
2026-03-15 22:45:35 INFO - -> [条件满足] 第 1 次尝试找到最优匹配窗口: 'BBchannel64位  version  3.80.20260228'
2026-03-15 22:45:35 INFO - [备用窗口机制] 匹配到 1 个窗口，将尝试前 1 个。
2026-03-15 22:45:35 INFO - ========== 开始在第 1/1 个候选窗口 '免责声明！' 中尝试 ==========
2026-03-15 22:45:35 INFO - [执行按键] 第 1/3 次尝试找图...
2026-03-15 22:45:35 INFO - -> 找到图像 [匹配度: 0.3816]，执行按键: 'enter'
2026-03-15 22:45:37 INFO - --- 步骤 3: 执行动作 'click' ---
2026-03-15 22:45:37 INFO - [备用窗口机制] 匹配到 2 个窗口，将尝试其中得分最高的前 2 个。
2026-03-15 22:45:37 INFO - ========== 开始在第 1/2 个候选窗口 'BBchannel64位  version  3.80.20260228' 中尝试 ==========
2026-03-15 22:45:37 INFO - [执行点击] 第 1/5 次尝试找图...
2026-03-15 22:45:37 INFO - -> 成功点击坐标: (969, 963) [实际匹配度: 1.0000 / 阈值: 0.9]
2026-03-15 22:45:55 CRITICAL - 检测到全局快捷键 Ctrl+2，强制中止脚本！
2026-03-15 22:56:38 INFO - 日志系统初始化成功，当前日志文件: F:\Game_AUTO\MaaFGO\MFAAvalonia-v2.10.9-win-x64\run_bbc\log\GameAutoBot20260315.log
2026-03-15 22:56:38 INFO - 日志系统初始化成功，当前日志文件: F:\Game_AUTO\MaaFGO\MFAAvalonia-v2.10.9-win-x64\run_bbc\log\GameAutoBot20260315.log
2026-03-15 22:56:38 INFO - 成功加载外部配置文件: F:\Game_AUTO\MaaFGO\MFAAvalonia-v2.10.9-win-x64\run_bbc\config.json
2026-03-15 22:56:38 INFO - 已启动全局快捷键监听：按下 Ctrl+2 可随时强行终止脚本。
2026-03-15 22:56:38 INFO - ========== 开始执行自动化流水线 ==========
2026-03-15 22:56:38 INFO - --- 步骤 1: 执行动作 'keypress' ---
2026-03-15 22:56:38 INFO - [*] 前置条件：检查窗口 'BBchannel' 是否存在...
2026-03-15 22:56:41 CRITICAL - 检测到全局快捷键 Ctrl+2，强制中止脚本！
2026-03-15 23:13:20 INFO - 日志系统初始化成功，当前日志文件: F:\Game_AUTO\MaaFGO\MFAAvalonia-v2.10.9-win-x64\run_bbc\log\GameAutoBot20260315.log
2026-03-15 23:13:20 INFO - 日志系统初始化成功，当前日志文件: F:\Game_AUTO\MaaFGO\MFAAvalonia-v2.10.9-win-x64\run_bbc\log\GameAutoBot20260315.log
2026-03-15 23:13:20 INFO - 成功加载外部配置文件: F:\Game_AUTO\MaaFGO\MFAAvalonia-v2.10.9-win-x64\run_bbc\config.json
2026-03-15 23:13:20 INFO - 已启动全局快捷键监听：按下 Ctrl+2 可随时强行终止脚本。
2026-03-15 23:13:20 INFO - ========== 开始执行自动化流水线 ==========
2026-03-15 23:13:20 INFO - --- 步骤 1: 执行动作 'keypress' ---
2026-03-15 23:13:20 INFO - [*] 前置条件：检查窗口 'BBchannel' 是否存在...
2026-03-15 23:13:20 INFO - -> [条件满足] 第 1 次尝试找到最优匹配窗口: 'BBchannel64位  version  3.80.20260228[管理员]'
2026-03-15 23:13:20 WARNING - 未找到任何标题包含 '免责声明' 的可见窗口。
2026-03-15 23:13:20 WARNING - ====== 警告：步骤 1 彻底失败 (或条件未满足配置了跳过)，继续执行下一步！ ======
2026-03-15 23:13:23 CRITICAL - 检测到全局快捷键 Ctrl+2，强制中止脚本！
2026-03-15 23:24:17 INFO - 日志系统初始化成功，当前日志文件: F:\Game_AUTO\MaaFGO\MFAAvalonia-v2.10.9-win-x64\run_bbc\log\GameAutoBot20260315.log
2026-03-15 23:24:17 INFO - 日志系统初始化成功，当前日志文件: F:\Game_AUTO\MaaFGO\MFAAvalonia-v2.10.9-win-x64\run_bbc\log\GameAutoBot20260315.log
2026-03-15 23:24:17 INFO - 成功加载外部配置文件: F:\Game_AUTO\MaaFGO\MFAAvalonia-v2.10.9-win-x64\run_bbc\config.json
2026-03-15 23:24:17 INFO - 已启动全局快捷键监听：按下 Ctrl+2 可随时强行终止脚本。
2026-03-15 23:24:17 INFO - ========== 开始执行自动化流水线 ==========
2026-03-15 23:24:17 INFO - --- 步骤 1: 执行动作 'keypress' ---
2026-03-15 23:24:17 INFO - [*] 前置条件：检查窗口 'BBchannel' 是否存在...
2026-03-15 23:24:17 INFO - -> [条件满足] 第 1 次尝试找到最优匹配窗口: 'BBchannel64位  version  3.80.20260228[管理员]'
2026-03-15 23:24:17 INFO - [备用窗口机制] 匹配到 1 个窗口，将尝试前 1 个。
2026-03-15 23:24:17 INFO - ========== 开始在第 1/1 个候选窗口 '免责声明！' 中尝试 ==========
2026-03-15 23:24:17 INFO - [执行按键] 第 1/2 次尝试找图...
2026-03-15 23:24:17 INFO - -> 找到图像 [匹配度: 0.3816]，执行按键: 'esc'
2026-03-15 23:24:19 CRITICAL - 检测到全局快捷键 Ctrl+2，强制中止脚本！
2026-03-15 23:42:35 INFO - 日志系统初始化成功，当前日志文件: F:\Game_AUTO\MaaFGO\MFAAvalonia\run_bbc\log\GameAutoBot20260315.log
2026-03-15 23:42:35 INFO - 日志系统初始化成功，当前日志文件: F:\Game_AUTO\MaaFGO\MFAAvalonia\run_bbc\log\GameAutoBot20260315.log
2026-03-15 23:42:35 INFO - 成功加载外部配置文件: F:\Game_AUTO\MaaFGO\MFAAvalonia\run_bbc\config.json
2026-03-15 23:42:35 INFO - 已启动全局快捷键监听：按下 Ctrl+2 可随时强行终止脚本。
2026-03-15 23:42:35 INFO - ========== 开始执行自动化流水线 ==========
2026-03-15 23:42:35 INFO - --- 步骤 1: 执行动作 'keypress' ---
2026-03-15 23:42:35 INFO - [*] 前置条件：检查窗口 'BBchannel' 是否存在...
2026-03-15 23:42:35 INFO - -> [条件满足] 第 1 次尝试找到最优匹配窗口: 'BBchannel64位  version  3.80.20260228[管理员]'
2026-03-15 23:42:35 WARNING - 未找到任何标题包含 '免责声明' 的可见窗口。
2026-03-15 23:42:35 WARNING - ====== 警告：步骤 1 彻底失败 (或条件未满足配置了跳过)，继续执行下一步！ ======
2026-03-15 23:42:37 CRITICAL - 检测到全局快捷键 Ctrl+2，强制中止脚本！
2026-03-15 23:47:26 INFO - 日志系统初始化成功，当前日志文件: F:\Game_AUTO\MaaFGO\MFAAvalonia\run_bbc\log\GameAutoBot20260315.log
2026-03-15 23:47:27 INFO - 日志系统初始化成功，当前日志文件: F:\Game_AUTO\MaaFGO\MFAAvalonia\run_bbc\log\GameAutoBot20260315.log
2026-03-15 23:47:27 INFO - 成功加载外部配置文件: F:\Game_AUTO\MaaFGO\MFAAvalonia\run_bbc\config.json
2026-03-15 23:47:27 INFO - 已启动全局快捷键监听：按下 Ctrl+2 可随时强行终止脚本。
2026-03-15 23:47:27 INFO - ========== 开始执行自动化流水线 ==========
2026-03-15 23:47:27 INFO - --- 步骤 1: 执行动作 'keypress' ---
2026-03-15 23:47:27 INFO - [*] 前置条件：检查窗口 'BBchannel' 是否存在...
2026-03-15 23:47:27 INFO - -> [条件满足] 第 1 次尝试找到最优匹配窗口: 'BBchannel64位  version  3.80.20260228[管理员]'
2026-03-15 23:47:27 WARNING - 未找到任何标题包含 '免责声明' 的可见窗口。
2026-03-15 23:47:27 WARNING - ====== 警告：步骤 1 彻底失败 (或条件未满足配置了跳过)，继续执行下一步！ ======
2026-03-15 23:47:32 INFO - --- 步骤 2: 执行动作 'keypress' ---
2026-03-15 23:47:32 INFO - [*] 前置条件：检查窗口 'BBchannel' 是否存在...
2026-03-15 23:47:32 INFO - -> [条件满足] 第 1 次尝试找到最优匹配窗口: 'BBchannel64位  version  3.80.20260228[管理员]'
2026-03-15 23:47:32 WARNING - 未找到任何标题包含 '免责声明' 的可见窗口。
2026-03-15 23:47:32 WARNING - ====== 警告：步骤 2 彻底失败 (或条件未满足配置了跳过)，继续执行下一步！ ======
2026-03-15 23:47:34 INFO - --- 步骤 3: 执行动作 'click' ---
2026-03-15 23:47:34 INFO - [备用窗口机制] 匹配到 1 个窗口，将尝试其中得分最高的前 1 个。
2026-03-15 23:47:34 INFO - ========== 开始在第 1/1 个候选窗口 'BBchannel64位  version  3.80.20260228[管理员]' 中尝试 ==========
2026-03-15 23:47:34 INFO - [执行点击] 第 1/5 次尝试找图...
2026-03-15 23:47:34 WARNING - -> 未找到目标或得分不达标 [实际匹配度: 0.3957 / 阈值需要: 0.9]
2026-03-15 23:47:35 INFO - [执行点击] 第 2/5 次尝试找图...
2026-03-15 23:47:36 WARNING - -> 未找到目标或得分不达标 [实际匹配度: 0.3957 / 阈值需要: 0.9]
2026-03-15 23:47:37 INFO - [执行点击] 第 3/5 次尝试找图...
2026-03-15 23:47:38 WARNING - -> 未找到目标或得分不达标 [实际匹配度: 0.3957 / 阈值需要: 0.9]
2026-03-15 23:47:39 INFO - [执行点击] 第 4/5 次尝试找图...
2026-03-15 23:47:39 WARNING - -> 未找到目标或得分不达标 [实际匹配度: 0.3957 / 阈值需要: 0.9]
2026-03-15 23:47:41 INFO - [执行点击] 第 5/5 次尝试找图...
2026-03-15 23:47:41 WARNING - -> 未找到目标或得分不达标 [实际匹配度: 0.3957 / 阈值需要: 0.9]
2026-03-15 23:47:41 WARNING - !!! 窗口 'BBchannel64位  version  3.80.20260228[管理员]' 的 5 次找图全部失败 !!!
2026-03-15 23:47:41 ERROR - !!! 彻底失败：已遍历完 1 个候选窗口，均无法完成点击操作。 !!!
2026-03-15 23:47:41 WARNING - ====== 警告：步骤 3 彻底失败 (或条件未满足配置了跳过)，继续执行下一步！ ======
2026-03-15 23:47:42 CRITICAL - 检测到全局快捷键 Ctrl+2，强制中止脚本！
2026-03-15 23:59:38 INFO - 日志系统初始化成功，当前日志文件: F:\Game_AUTO\MaaFGO\MFAAvalonia\run_bbc\log\GameAutoBot20260315.log
2026-03-15 23:59:39 INFO - 日志系统初始化成功，当前日志文件: F:\Game_AUTO\MaaFGO\MFAAvalonia\run_bbc\log\GameAutoBot20260315.log
2026-03-15 23:59:39 INFO - 成功加载外部配置文件: F:\Game_AUTO\MaaFGO\MFAAvalonia\run_bbc\config.json
2026-03-15 23:59:39 INFO - 已启动全局快捷键监听：按下 Ctrl+2 可随时强行终止脚本。
2026-03-15 23:59:39 INFO - ========== 开始执行自动化流水线 ==========
2026-03-15 23:59:39 INFO - --- 步骤 1: 执行动作 'keypress' ---
2026-03-15 23:59:39 INFO - [*] 前置条件：检查窗口 'BBchannel' 是否存在...
2026-03-15 23:59:42 CRITICAL - 检测到全局快捷键 Ctrl+2，强制中止脚本！
