2026-03-14 00:41:18 INFO - 日志系统初始化成功，当前日志文件: F:\Game_AUTO\MaaFGO\MFAAvalonia-v2.10.9-win-x64\run_bbc\log\GameAutoBot20260314.log
2026-03-14 00:41:18 INFO - 日志系统初始化成功，当前日志文件: F:\Game_AUTO\MaaFGO\MFAAvalonia-v2.10.9-win-x64\run_bbc\log\GameAutoBot20260314.log
2026-03-14 00:41:18 INFO - 成功加载外部配置文件: F:\Game_AUTO\MaaFGO\MFAAvalonia-v2.10.9-win-x64\run_bbc\config.json
2026-03-14 00:41:18 INFO - 已启动全局快捷键监听：按下 Ctrl+2 可随时强行终止脚本。
2026-03-14 00:41:18 INFO - ========== 开始执行自动化流水线 ==========
2026-03-14 00:41:18 INFO - --- 步骤 1: 执行动作 'keypress' ---
2026-03-14 00:41:18 INFO - [*] 前置条件：检查窗口 'BBchannel' 是否存在...
2026-03-14 00:41:18 INFO - -> [条件满足] 第 1 次尝试找到最优匹配窗口: 'BBchannel'
2026-03-14 00:41:18 INFO - [备用窗口机制] 匹配到 2 个窗口，将尝试前 2 个。
2026-03-14 00:41:18 INFO - ========== 开始在第 1/2 个候选窗口 'BBchannel' 中尝试 ==========
2026-03-14 00:41:18 INFO - [执行按键] 第 1/2 次尝试找图...
2026-03-14 00:41:18 INFO - -> 找到图像 [匹配度: 1.0000]，执行按键: 'enter'
2026-03-14 00:41:24 INFO - --- 步骤 2: 执行动作 'keypress' ---
2026-03-14 00:41:24 INFO - [*] 前置条件：检查窗口 'BBchannel' 是否存在...
2026-03-14 00:41:24 INFO - -> [条件满足] 第 1 次尝试找到最优匹配窗口: 'BBchannel'
2026-03-14 00:41:24 INFO - [备用窗口机制] 匹配到 4 个窗口，将尝试前 2 个。
2026-03-14 00:41:24 INFO - ========== 开始在第 1/2 个候选窗口 'BBchannel' 中尝试 ==========
2026-03-14 00:41:24 INFO - [执行按键] 第 1/3 次尝试找图...
2026-03-14 00:41:24 INFO - -> 找到图像 [匹配度: 1.0000]，执行按键: 'enter'
2026-03-14 00:41:26 INFO - --- 步骤 3: 执行动作 'click' ---
2026-03-14 00:41:26 INFO - [备用窗口机制] 匹配到 5 个窗口，将尝试其中得分最高的前 2 个。
2026-03-14 00:41:26 INFO - ========== 开始在第 1/2 个候选窗口 'BBchannel' 中尝试 ==========
2026-03-14 00:41:26 INFO - [执行点击] 第 1/5 次尝试找图...
2026-03-14 00:41:27 INFO - -> 成功点击坐标: (385, 876) [实际匹配度: 1.0000 / 阈值: 0.9]
2026-03-14 00:41:47 INFO - --- 步骤 4: 执行动作 'keypress' ---
2026-03-14 00:41:47 INFO - [备用窗口机制] 匹配到 2 个窗口，将尝试前 2 个。
2026-03-14 00:41:47 INFO - ========== 开始在第 1/2 个候选窗口 'BBchannel' 中尝试 ==========
2026-03-14 00:41:47 INFO - [执行按键] 第 1/3 次尝试找图...
2026-03-14 00:41:48 INFO - -> 找到图像 [匹配度: 1.0000]，执行按键: 'enter'
2026-03-14 00:42:08 INFO - --- 步骤 5: 执行动作 'keypress' ---
2026-03-14 00:42:08 INFO - [备用窗口机制] 匹配到 4 个窗口，将尝试前 2 个。
2026-03-14 00:42:08 INFO - ========== 开始在第 1/2 个候选窗口 'BBchannel' 中尝试 ==========
2026-03-14 00:42:08 INFO - [执行按键] 第 1/3 次尝试找图...
2026-03-14 00:42:08 INFO - -> 找到图像 [匹配度: 1.0000]，执行按键: 'enter'
2026-03-14 00:42:28 INFO - ========== 自动化流水线全部执行完毕 ==========
2026-03-14 00:45:17 INFO - 日志系统初始化成功，当前日志文件: F:\Game_AUTO\MaaFGO\MFAAvalonia-v2.10.9-win-x64\run_bbc\log\GameAutoBot20260314.log
2026-03-14 00:45:17 INFO - 日志系统初始化成功，当前日志文件: F:\Game_AUTO\MaaFGO\MFAAvalonia-v2.10.9-win-x64\run_bbc\log\GameAutoBot20260314.log
2026-03-14 00:45:17 INFO - 成功加载外部配置文件: F:\Game_AUTO\MaaFGO\MFAAvalonia-v2.10.9-win-x64\run_bbc\config.json
2026-03-14 00:45:17 INFO - 已启动全局快捷键监听：按下 Ctrl+2 可随时强行终止脚本。
2026-03-14 00:45:17 INFO - ========== 开始执行自动化流水线 ==========
2026-03-14 00:45:17 INFO - --- 步骤 1: 执行动作 'keypress' ---
2026-03-14 00:45:17 INFO - [*] 前置条件：检查窗口 'BBchannel' 是否存在...
2026-03-14 00:45:17 INFO - -> [条件满足] 第 1 次尝试找到最优匹配窗口: 'BBchannel64位  version  3.80.20260228'
2026-03-14 00:45:17 INFO - [备用窗口机制] 匹配到 1 个窗口，将尝试前 1 个。
2026-03-14 00:45:17 INFO - ========== 开始在第 1/1 个候选窗口 'BBchannel64位  version  3.80.20260228' 中尝试 ==========
2026-03-14 00:45:17 INFO - [执行按键] 第 1/2 次尝试找图...
2026-03-14 00:45:18 INFO - -> 找到图像 [匹配度: 1.0000]，执行按键: 'enter'
2026-03-14 00:45:23 INFO - --- 步骤 2: 执行动作 'keypress' ---
2026-03-14 00:45:23 INFO - [*] 前置条件：检查窗口 'BBchannel' 是否存在...
2026-03-14 00:45:23 INFO - -> [条件满足] 第 1 次尝试找到最优匹配窗口: 'BBchannel64位  version  3.80.20260228'
2026-03-14 00:45:23 INFO - [备用窗口机制] 匹配到 1 个窗口，将尝试前 1 个。
2026-03-14 00:45:23 INFO - ========== 开始在第 1/1 个候选窗口 'BBchannel64位  version  3.80.20260228' 中尝试 ==========
2026-03-14 00:45:23 INFO - [执行按键] 第 1/3 次尝试找图...
2026-03-14 00:45:23 INFO - -> 找到图像 [匹配度: 1.0000]，执行按键: 'enter'
2026-03-14 00:45:25 INFO - --- 步骤 3: 执行动作 'click' ---
2026-03-14 00:45:25 INFO - [备用窗口机制] 匹配到 1 个窗口，将尝试其中得分最高的前 1 个。
2026-03-14 00:45:25 INFO - ========== 开始在第 1/1 个候选窗口 'BBchannel64位  version  3.80.20260228' 中尝试 ==========
2026-03-14 00:45:25 INFO - [执行点击] 第 1/5 次尝试找图...
2026-03-14 00:45:26 INFO - -> 成功点击坐标: (675, 976) [实际匹配度: 1.0000 / 阈值: 0.9]
2026-03-14 00:45:46 INFO - --- 步骤 4: 执行动作 'keypress' ---
2026-03-14 00:45:46 INFO - [备用窗口机制] 匹配到 1 个窗口，将尝试前 1 个。
2026-03-14 00:45:46 INFO - ========== 开始在第 1/1 个候选窗口 'BBchannel64位  version  3.80.20260228' 中尝试 ==========
2026-03-14 00:45:46 INFO - [执行按键] 第 1/3 次尝试找图...
2026-03-14 00:45:46 INFO - -> 找到图像 [匹配度: 1.0000]，执行按键: 'enter'
2026-03-14 00:46:06 INFO - --- 步骤 5: 执行动作 'keypress' ---
2026-03-14 00:46:06 INFO - [备用窗口机制] 匹配到 1 个窗口，将尝试前 1 个。
2026-03-14 00:46:06 INFO - ========== 开始在第 1/1 个候选窗口 'BBchannel64位  version  3.80.20260228' 中尝试 ==========
2026-03-14 00:46:06 INFO - [执行按键] 第 1/3 次尝试找图...
2026-03-14 00:46:06 INFO - -> 找到图像 [匹配度: 1.0000]，执行按键: 'enter'
2026-03-14 00:46:26 INFO - ========== 自动化流水线全部执行完毕 ==========
2026-03-14 00:59:12 INFO - 日志系统初始化成功，当前日志文件: F:\Game_AUTO\MaaFGO\MFAAvalonia-v2.10.9-win-x64\run_bbc\log\GameAutoBot20260314.log
2026-03-14 00:59:12 INFO - 日志系统初始化成功，当前日志文件: F:\Game_AUTO\MaaFGO\MFAAvalonia-v2.10.9-win-x64\run_bbc\log\GameAutoBot20260314.log
2026-03-14 00:59:12 INFO - 成功加载外部配置文件: F:\Game_AUTO\MaaFGO\MFAAvalonia-v2.10.9-win-x64\run_bbc\config.json
2026-03-14 00:59:12 INFO - 已启动全局快捷键监听：按下 Ctrl+2 可随时强行终止脚本。
2026-03-14 00:59:12 INFO - ========== 开始执行自动化流水线 ==========
2026-03-14 00:59:12 INFO - --- 步骤 1: 执行动作 'keypress' ---
2026-03-14 00:59:12 INFO - [*] 前置条件：检查窗口 'BBchannel' 是否存在...
2026-03-14 00:59:12 INFO - -> [条件满足] 第 1 次尝试找到最优匹配窗口: 'BBchannel64位  version  3.80.20260228'
2026-03-14 00:59:12 INFO - [备用窗口机制] 匹配到 1 个窗口，将尝试前 1 个。
2026-03-14 00:59:12 INFO - ========== 开始在第 1/1 个候选窗口 'BBchannel64位  version  3.80.20260228' 中尝试 ==========
2026-03-14 00:59:12 INFO - [执行按键] 第 1/2 次尝试找图...
2026-03-14 00:59:12 INFO - -> 找到图像 [匹配度: 0.8309]，执行按键: 'esc'
2026-03-14 00:59:17 INFO - --- 步骤 2: 执行动作 'keypress' ---
2026-03-14 00:59:17 INFO - [*] 前置条件：检查窗口 'BBchannel' 是否存在...
2026-03-14 00:59:17 INFO - -> [条件满足] 第 1 次尝试找到最优匹配窗口: 'BBchannel64位  version  3.80.20260228'
2026-03-14 00:59:17 INFO - [备用窗口机制] 匹配到 1 个窗口，将尝试前 1 个。
2026-03-14 00:59:17 INFO - ========== 开始在第 1/1 个候选窗口 'BBchannel64位  version  3.80.20260228' 中尝试 ==========
2026-03-14 00:59:17 INFO - [执行按键] 第 1/3 次尝试找图...
2026-03-14 00:59:17 INFO - -> 找到图像 [匹配度: 0.8309]，执行按键: 'enter'
2026-03-14 00:59:20 INFO - --- 步骤 3: 执行动作 'click' ---
2026-03-14 00:59:20 INFO - [备用窗口机制] 匹配到 1 个窗口，将尝试其中得分最高的前 1 个。
2026-03-14 00:59:20 INFO - ========== 开始在第 1/1 个候选窗口 'BBchannel64位  version  3.80.20260228' 中尝试 ==========
2026-03-14 00:59:20 INFO - [执行点击] 第 1/5 次尝试找图...
2026-03-14 00:59:20 WARNING - -> 未找到目标或得分不达标 [实际匹配度: 0.8309 / 阈值需要: 0.9]
2026-03-14 00:59:21 INFO - [执行点击] 第 2/5 次尝试找图...
2026-03-14 00:59:21 WARNING - -> 未找到目标或得分不达标 [实际匹配度: 0.8309 / 阈值需要: 0.9]
2026-03-14 00:59:23 INFO - [执行点击] 第 3/5 次尝试找图...
2026-03-14 00:59:23 WARNING - -> 未找到目标或得分不达标 [实际匹配度: 0.8309 / 阈值需要: 0.9]
2026-03-14 00:59:25 INFO - [执行点击] 第 4/5 次尝试找图...
2026-03-14 00:59:25 WARNING - -> 未找到目标或得分不达标 [实际匹配度: 0.8309 / 阈值需要: 0.9]
2026-03-14 00:59:26 INFO - [执行点击] 第 5/5 次尝试找图...
2026-03-14 00:59:26 WARNING - -> 未找到目标或得分不达标 [实际匹配度: 0.8309 / 阈值需要: 0.9]
2026-03-14 00:59:26 WARNING - !!! 窗口 'BBchannel64位  version  3.80.20260228' 的 5 次找图全部失败 !!!
2026-03-14 00:59:26 ERROR - !!! 彻底失败：已遍历完 1 个候选窗口，均无法完成点击操作。 !!!
2026-03-14 00:59:26 WARNING - ====== 警告：步骤 3 彻底失败 (或条件未满足配置了跳过)，继续执行下一步！ ======
2026-03-14 00:59:46 INFO - --- 步骤 4: 执行动作 'keypress' ---
2026-03-14 00:59:46 INFO - [备用窗口机制] 匹配到 1 个窗口，将尝试前 1 个。
2026-03-14 00:59:46 INFO - ========== 开始在第 1/1 个候选窗口 'BBchannel64位  version  3.80.20260228' 中尝试 ==========
2026-03-14 00:59:46 INFO - [执行按键] 第 1/3 次尝试找图...
2026-03-14 00:59:47 INFO - -> 找到图像 [匹配度: 0.8309]，执行按键: 'enter'
2026-03-14 01:00:07 INFO - --- 步骤 5: 执行动作 'keypress' ---
2026-03-14 01:00:07 INFO - [备用窗口机制] 匹配到 1 个窗口，将尝试前 1 个。
2026-03-14 01:00:07 INFO - ========== 开始在第 1/1 个候选窗口 'BBchannel64位  version  3.80.20260228' 中尝试 ==========
2026-03-14 01:00:07 INFO - [执行按键] 第 1/3 次尝试找图...
2026-03-14 01:00:07 INFO - -> 找到图像 [匹配度: 0.8309]，执行按键: 'enter'
2026-03-14 01:00:20 INFO - 日志系统初始化成功，当前日志文件: F:\Game_AUTO\MaaFGO\MFAAvalonia-v2.10.9-win-x64\run_bbc\log\GameAutoBot20260314.log
2026-03-14 01:00:20 INFO - 日志系统初始化成功，当前日志文件: F:\Game_AUTO\MaaFGO\MFAAvalonia-v2.10.9-win-x64\run_bbc\log\GameAutoBot20260314.log
2026-03-14 01:00:20 INFO - 成功加载外部配置文件: F:\Game_AUTO\MaaFGO\MFAAvalonia-v2.10.9-win-x64\run_bbc\config.json
2026-03-14 01:00:20 INFO - 已启动全局快捷键监听：按下 Ctrl+2 可随时强行终止脚本。
2026-03-14 01:00:20 INFO - ========== 开始执行自动化流水线 ==========
2026-03-14 01:00:20 INFO - --- 步骤 1: 执行动作 'keypress' ---
2026-03-14 01:00:20 INFO - [*] 前置条件：检查窗口 'BBchannel' 是否存在...
2026-03-14 01:00:20 INFO - -> [条件满足] 第 1 次尝试找到最优匹配窗口: 'BBchannel64位  version  3.80.20260228'
2026-03-14 01:00:20 INFO - [备用窗口机制] 匹配到 1 个窗口，将尝试前 1 个。
2026-03-14 01:00:20 INFO - ========== 开始在第 1/1 个候选窗口 '脚本停止！' 中尝试 ==========
2026-03-14 01:00:20 INFO - [执行按键] 第 1/2 次尝试找图...
2026-03-14 01:00:21 INFO - -> 找到图像 [匹配度: 0.2724]，执行按键: 'esc'
2026-03-14 01:00:26 INFO - --- 步骤 2: 执行动作 'keypress' ---
2026-03-14 01:00:26 INFO - [*] 前置条件：检查窗口 'BBchannel' 是否存在...
2026-03-14 01:00:26 INFO - -> [条件满足] 第 1 次尝试找到最优匹配窗口: 'BBchannel64位  version  3.80.20260228'
2026-03-14 01:00:26 INFO - [备用窗口机制] 匹配到 1 个窗口，将尝试前 1 个。
2026-03-14 01:00:26 INFO - ========== 开始在第 1/1 个候选窗口 'BBchannel64位  version  3.80.20260228' 中尝试 ==========
2026-03-14 01:00:26 INFO - [执行按键] 第 1/3 次尝试找图...
2026-03-14 01:00:26 INFO - -> 找到图像 [匹配度: 1.0000]，执行按键: 'enter'
2026-03-14 01:00:28 INFO - --- 步骤 3: 执行动作 'click' ---
2026-03-14 01:00:28 INFO - [备用窗口机制] 匹配到 1 个窗口，将尝试其中得分最高的前 1 个。
2026-03-14 01:00:28 INFO - ========== 开始在第 1/1 个候选窗口 'BBchannel64位  version  3.80.20260228' 中尝试 ==========
2026-03-14 01:00:28 INFO - [执行点击] 第 1/5 次尝试找图...
2026-03-14 01:00:30 ERROR - 窗口 'BBchannel64位  version  3.80.20260228' 严重置顶异常: (1400, 'BringWindowToTop', '无效的窗口句柄。')
2026-03-14 01:00:31 INFO - [执行点击] 第 2/5 次尝试找图...
2026-03-14 01:00:31 ERROR - 窗口 'BBchannel64位  version  3.80.20260228' 严重置顶异常: (1400, 'SetWindowPos', '无效的窗口句柄。')
2026-03-14 01:00:32 INFO - 日志系统初始化成功，当前日志文件: F:\Game_AUTO\MaaFGO\MFAAvalonia-v2.10.9-win-x64\run_bbc\log\GameAutoBot20260314.log
2026-03-14 01:00:32 INFO - [执行点击] 第 3/5 次尝试找图...
2026-03-14 01:00:32 ERROR - 窗口 'BBchannel64位  version  3.80.20260228' 严重置顶异常: (1400, 'SetWindowPos', '无效的窗口句柄。')
2026-03-14 01:00:32 INFO - 日志系统初始化成功，当前日志文件: F:\Game_AUTO\MaaFGO\MFAAvalonia-v2.10.9-win-x64\run_bbc\log\GameAutoBot20260314.log
2026-03-14 01:00:32 INFO - 成功加载外部配置文件: F:\Game_AUTO\MaaFGO\MFAAvalonia-v2.10.9-win-x64\run_bbc\config.json
2026-03-14 01:00:32 INFO - 已启动全局快捷键监听：按下 Ctrl+2 可随时强行终止脚本。
2026-03-14 01:00:32 INFO - ========== 开始执行自动化流水线 ==========
2026-03-14 01:00:32 INFO - --- 步骤 1: 执行动作 'keypress' ---
2026-03-14 01:00:32 INFO - [*] 前置条件：检查窗口 'BBchannel' 是否存在...
2026-03-14 01:00:33 INFO - [执行点击] 第 4/5 次尝试找图...
2026-03-14 01:00:33 ERROR - 窗口 'BBchannel64位  version  3.80.20260228' 严重置顶异常: (1400, 'SetWindowPos', '无效的窗口句柄。')
2026-03-14 01:00:34 INFO - [执行点击] 第 5/5 次尝试找图...
2026-03-14 01:00:34 ERROR - 窗口 'BBchannel64位  version  3.80.20260228' 严重置顶异常: (1400, 'SetWindowPos', '无效的窗口句柄。')
2026-03-14 01:00:35 WARNING - !!! 窗口 'BBchannel64位  version  3.80.20260228' 的 5 次找图全部失败 !!!
2026-03-14 01:00:35 ERROR - !!! 彻底失败：已遍历完 1 个候选窗口，均无法完成点击操作。 !!!
2026-03-14 01:00:35 WARNING - ====== 警告：步骤 3 彻底失败 (或条件未满足配置了跳过)，继续执行下一步！ ======
2026-03-14 01:00:52 WARNING - [*] 前置条件未满足：连续 5 次未找到窗口 'BBchannel'。
2026-03-14 01:00:52 WARNING - ====== 警告：步骤 1 彻底失败 (或条件未满足配置了跳过)，继续执行下一步！ ======
2026-03-14 01:00:55 INFO - --- 步骤 4: 执行动作 'keypress' ---
2026-03-14 01:00:55 WARNING - 未找到任何标题包含 'BBchannel' 的可见窗口。
2026-03-14 01:00:55 WARNING - ====== 警告：步骤 4 彻底失败 (或条件未满足配置了跳过)，继续执行下一步！ ======
2026-03-14 01:00:57 INFO - --- 步骤 2: 执行动作 'keypress' ---
2026-03-14 01:00:57 INFO - [*] 前置条件：检查窗口 'BBchannel' 是否存在...
2026-03-14 01:01:03 WARNING - [*] 前置条件未满足：连续 3 次未找到窗口 'BBchannel'。
2026-03-14 01:01:03 WARNING - ====== 警告：步骤 2 彻底失败 (或条件未满足配置了跳过)，继续执行下一步！ ======
2026-03-14 01:01:05 INFO - --- 步骤 3: 执行动作 'click' ---
2026-03-14 01:01:05 WARNING - 未找到任何标题包含 'BBchannel' 的可见窗口。
2026-03-14 01:01:05 WARNING - ====== 警告：步骤 3 彻底失败 (或条件未满足配置了跳过)，继续执行下一步！ ======
2026-03-14 01:01:15 INFO - --- 步骤 5: 执行动作 'keypress' ---
2026-03-14 01:01:15 WARNING - 未找到任何标题包含 'BBchannel' 的可见窗口。
2026-03-14 01:01:15 WARNING - ====== 警告：步骤 5 彻底失败 (或条件未满足配置了跳过)，继续执行下一步！ ======
2026-03-14 01:01:25 INFO - --- 步骤 4: 执行动作 'keypress' ---
2026-03-14 01:01:25 WARNING - 未找到任何标题包含 'BBchannel' 的可见窗口。
2026-03-14 01:01:25 WARNING - ====== 警告：步骤 4 彻底失败 (或条件未满足配置了跳过)，继续执行下一步！ ======
2026-03-14 01:01:35 INFO - ========== 自动化流水线全部执行完毕 ==========
2026-03-14 01:01:45 INFO - --- 步骤 5: 执行动作 'keypress' ---
2026-03-14 01:01:45 INFO - [备用窗口机制] 匹配到 2 个窗口，将尝试前 2 个。
2026-03-14 01:01:45 INFO - ========== 开始在第 1/2 个候选窗口 'BBchannel' 中尝试 ==========
2026-03-14 01:01:45 INFO - [执行按键] 第 1/3 次尝试找图...
2026-03-14 01:02:06 INFO - 日志系统初始化成功，当前日志文件: F:\Game_AUTO\MaaFGO\MFAAvalonia-v2.10.9-win-x64\run_bbc\log\GameAutoBot20260314.log
2026-03-14 01:02:07 INFO - 日志系统初始化成功，当前日志文件: F:\Game_AUTO\MaaFGO\MFAAvalonia-v2.10.9-win-x64\run_bbc\log\GameAutoBot20260314.log
2026-03-14 01:02:07 INFO - 成功加载外部配置文件: F:\Game_AUTO\MaaFGO\MFAAvalonia-v2.10.9-win-x64\run_bbc\config.json
2026-03-14 01:02:07 INFO - 已启动全局快捷键监听：按下 Ctrl+2 可随时强行终止脚本。
2026-03-14 01:02:07 INFO - ========== 开始执行自动化流水线 ==========
2026-03-14 01:02:07 INFO - --- 步骤 1: 执行动作 'keypress' ---
2026-03-14 01:02:07 INFO - [*] 前置条件：检查窗口 'BBchannel' 是否存在...
2026-03-14 01:02:07 INFO - -> [条件满足] 第 1 次尝试找到最优匹配窗口: 'BBchannel64位  version  3.80.20260228'
2026-03-14 01:02:07 INFO - [备用窗口机制] 匹配到 1 个窗口，将尝试前 1 个。
2026-03-14 01:02:07 INFO - ========== 开始在第 1/1 个候选窗口 '免责声明！' 中尝试 ==========
2026-03-14 01:02:07 INFO - [执行按键] 第 1/2 次尝试找图...
2026-03-14 01:02:07 INFO - -> 找到图像 [匹配度: 0.3816]，执行按键: 'esc'
2026-03-14 01:02:12 INFO - --- 步骤 2: 执行动作 'keypress' ---
2026-03-14 01:02:12 INFO - [*] 前置条件：检查窗口 'BBchannel' 是否存在...
2026-03-14 01:02:12 INFO - -> [条件满足] 第 1 次尝试找到最优匹配窗口: 'BBchannel64位  version  3.80.20260228'
2026-03-14 01:02:12 INFO - [备用窗口机制] 匹配到 1 个窗口，将尝试前 1 个。
2026-03-14 01:02:12 INFO - ========== 开始在第 1/1 个候选窗口 'BBchannel64位  version  3.80.20260228' 中尝试 ==========
2026-03-14 01:02:12 INFO - [执行按键] 第 1/3 次尝试找图...
2026-03-14 01:02:12 INFO - -> 找到图像 [匹配度: 1.0000]，执行按键: 'enter'
2026-03-14 01:02:14 INFO - --- 步骤 3: 执行动作 'click' ---
2026-03-14 01:02:14 INFO - [备用窗口机制] 匹配到 1 个窗口，将尝试其中得分最高的前 1 个。
2026-03-14 01:02:14 INFO - ========== 开始在第 1/1 个候选窗口 'BBchannel64位  version  3.80.20260228' 中尝试 ==========
2026-03-14 01:02:14 INFO - [执行点击] 第 1/5 次尝试找图...
2026-03-14 01:02:15 INFO - -> 成功点击坐标: (979, 1088) [实际匹配度: 1.0000 / 阈值: 0.9]
2026-03-14 01:02:35 INFO - --- 步骤 4: 执行动作 'keypress' ---
2026-03-14 01:02:35 INFO - [备用窗口机制] 匹配到 1 个窗口，将尝试前 1 个。
2026-03-14 01:02:35 INFO - ========== 开始在第 1/1 个候选窗口 'BBchannel64位  version  3.80.20260228' 中尝试 ==========
2026-03-14 01:02:35 INFO - [执行按键] 第 1/3 次尝试找图...
2026-03-14 01:02:35 INFO - -> 找到图像 [匹配度: 1.0000]，执行按键: 'enter'
2026-03-14 01:02:55 INFO - --- 步骤 5: 执行动作 'keypress' ---
2026-03-14 01:02:55 INFO - [备用窗口机制] 匹配到 1 个窗口，将尝试前 1 个。
2026-03-14 01:02:55 INFO - ========== 开始在第 1/1 个候选窗口 'BBchannel64位  version  3.80.20260228' 中尝试 ==========
2026-03-14 01:02:55 INFO - [执行按键] 第 1/3 次尝试找图...
2026-03-14 01:02:56 INFO - -> 找到图像 [匹配度: 0.8309]，执行按键: 'enter'
2026-03-14 01:03:16 INFO - ========== 自动化流水线全部执行完毕 ==========
2026-03-14 18:48:31 INFO - 日志系统初始化成功，当前日志文件: F:\Game_AUTO\MaaFGO\MFAAvalonia-v2.10.9-win-x64\run_bbc\log\GameAutoBot20260314.log
2026-03-14 18:48:31 INFO - 日志系统初始化成功，当前日志文件: F:\Game_AUTO\MaaFGO\MFAAvalonia-v2.10.9-win-x64\run_bbc\log\GameAutoBot20260314.log
2026-03-14 18:48:31 INFO - 成功加载外部配置文件: F:\Game_AUTO\MaaFGO\MFAAvalonia-v2.10.9-win-x64\run_bbc\config.json
2026-03-14 18:48:31 INFO - 已启动全局快捷键监听：按下 Ctrl+2 可随时强行终止脚本。
2026-03-14 18:48:31 INFO - ========== 开始执行自动化流水线 ==========
2026-03-14 18:48:31 INFO - --- 步骤 1: 执行动作 'keypress' ---
2026-03-14 18:48:31 INFO - [*] 前置条件：检查窗口 'BBchannel' 是否存在...
2026-03-14 18:48:31 INFO - -> [条件满足] 第 1 次尝试找到最优匹配窗口: 'BBchannel'
2026-03-14 18:48:31 INFO - [备用窗口机制] 匹配到 1 个窗口，将尝试前 1 个。
2026-03-14 18:48:31 INFO - ========== 开始在第 1/1 个候选窗口 '免责声明！' 中尝试 ==========
2026-03-14 18:48:31 INFO - [执行按键] 第 1/2 次尝试找图...
2026-03-14 18:48:32 INFO - -> 找到图像 [匹配度: 0.3816]，执行按键: 'esc'
2026-03-14 18:48:37 INFO - --- 步骤 2: 执行动作 'keypress' ---
2026-03-14 18:48:37 INFO - [*] 前置条件：检查窗口 'BBchannel' 是否存在...
2026-03-14 18:48:37 INFO - -> [条件满足] 第 1 次尝试找到最优匹配窗口: 'BBchannel'
2026-03-14 18:48:37 WARNING - 未找到任何标题包含 '免责声明' 的可见窗口。
2026-03-14 18:48:37 WARNING - ====== 警告：步骤 2 彻底失败 (或条件未满足配置了跳过)，继续执行下一步！ ======
2026-03-14 18:48:39 INFO - --- 步骤 3: 执行动作 'click' ---
2026-03-14 18:48:39 INFO - [备用窗口机制] 匹配到 3 个窗口，将尝试其中得分最高的前 2 个。
2026-03-14 18:48:39 INFO - ========== 开始在第 1/2 个候选窗口 'BBchannel' 中尝试 ==========
2026-03-14 18:48:39 INFO - [执行点击] 第 1/5 次尝试找图...
2026-03-14 18:48:40 INFO - -> 成功点击坐标: (1371, 1078) [实际匹配度: 1.0000 / 阈值: 0.9]
2026-03-14 18:49:00 INFO - --- 步骤 4: 执行动作 'keypress' ---
2026-03-14 18:49:00 WARNING - 未找到任何标题包含 '队伍配置错误' 的可见窗口。
2026-03-14 18:49:00 WARNING - ====== 警告：步骤 4 彻底失败 (或条件未满足配置了跳过)，继续执行下一步！ ======
2026-03-14 18:49:20 INFO - --- 步骤 5: 执行动作 'keypress' ---
2026-03-14 18:49:20 WARNING - 未找到任何标题包含 '队伍配置错误' 的可见窗口。
2026-03-14 18:49:20 WARNING - ====== 警告：步骤 5 彻底失败 (或条件未满足配置了跳过)，继续执行下一步！ ======
2026-03-14 18:49:40 INFO - --- 步骤 6: 执行动作 'close' ---
2026-03-14 18:49:40 INFO - [*] 前置条件：检查窗口 '脚本停止' 是否存在...
2026-03-14 18:57:48 INFO - 日志系统初始化成功，当前日志文件: F:\Game_AUTO\MaaFGO\MFAAvalonia-v2.10.9-win-x64\run_bbc\log\GameAutoBot20260314.log
2026-03-14 18:57:48 INFO - 日志系统初始化成功，当前日志文件: F:\Game_AUTO\MaaFGO\MFAAvalonia-v2.10.9-win-x64\run_bbc\log\GameAutoBot20260314.log
2026-03-14 18:57:48 INFO - 成功加载外部配置文件: F:\Game_AUTO\MaaFGO\MFAAvalonia-v2.10.9-win-x64\run_bbc\config.json
2026-03-14 18:57:48 INFO - 已启动全局快捷键监听：按下 Ctrl+2 可随时强行终止脚本。
2026-03-14 18:57:48 INFO - ========== 开始执行自动化流水线 ==========
2026-03-14 18:57:48 INFO - --- 步骤 1: 执行动作 'keypress' ---
2026-03-14 18:57:48 INFO - [*] 前置条件：检查窗口 'BBchannel' 是否存在...
2026-03-14 18:57:48 INFO - -> [条件满足] 第 1 次尝试找到最优匹配窗口: 'BBchannel'
2026-03-14 18:57:48 WARNING - 未找到任何标题包含 '免责声明' 的可见窗口。
2026-03-14 18:57:48 WARNING - ====== 警告：步骤 1 彻底失败 (或条件未满足配置了跳过)，继续执行下一步！ ======
2026-03-14 18:57:53 INFO - --- 步骤 2: 执行动作 'keypress' ---
2026-03-14 18:57:53 INFO - [*] 前置条件：检查窗口 'BBchannel' 是否存在...
2026-03-14 18:57:53 INFO - -> [条件满足] 第 1 次尝试找到最优匹配窗口: 'BBchannel'
2026-03-14 18:57:53 WARNING - 未找到任何标题包含 '免责声明' 的可见窗口。
2026-03-14 18:57:53 WARNING - ====== 警告：步骤 2 彻底失败 (或条件未满足配置了跳过)，继续执行下一步！ ======
2026-03-14 18:57:55 INFO - --- 步骤 3: 执行动作 'click' ---
2026-03-14 18:57:55 INFO - [备用窗口机制] 匹配到 2 个窗口，将尝试其中得分最高的前 2 个。
2026-03-14 18:57:55 INFO - ========== 开始在第 1/2 个候选窗口 'BBchannel' 中尝试 ==========
2026-03-14 18:57:55 INFO - [执行点击] 第 1/5 次尝试找图...
2026-03-14 18:57:56 INFO - -> 成功点击坐标: (1371, 1078) [实际匹配度: 1.0000 / 阈值: 0.9]
2026-03-14 18:58:00 INFO - -> [条件满足] 第 26 次尝试找到最优匹配窗口: '脚本停止！'
2026-03-14 18:58:00 INFO - [执行关闭] 正在向窗口 'BBchannel' 发送关闭指令...
2026-03-14 18:58:00 INFO - [执行关闭] 正在向窗口 'BBchannel64位  version  3.80.20260228' 发送关闭指令...
2026-03-14 18:58:05 INFO - --- 步骤 7: 执行动作 'close' ---
2026-03-14 18:58:05 INFO - [*] 前置条件：检查窗口 '脚本停止' 是否存在...
2026-03-14 18:58:15 WARNING - [*] 前置条件未满足：连续 3 次未找到窗口 '脚本停止'。
2026-03-14 18:58:15 WARNING - ====== 警告：步骤 7 彻底失败 (或条件未满足配置了跳过)，继续执行下一步！ ======
2026-03-14 18:58:16 INFO - ========== 自动化流水线全部执行完毕 ==========
2026-03-14 18:58:16 INFO - --- 步骤 4: 执行动作 'keypress' ---
2026-03-14 18:58:16 WARNING - 未找到任何标题包含 '队伍配置错误' 的可见窗口。
2026-03-14 18:58:16 WARNING - ====== 警告：步骤 4 彻底失败 (或条件未满足配置了跳过)，继续执行下一步！ ======
2026-03-14 18:58:36 INFO - --- 步骤 5: 执行动作 'keypress' ---
2026-03-14 18:58:36 WARNING - 未找到任何标题包含 '队伍配置错误' 的可见窗口。
2026-03-14 18:58:36 WARNING - ====== 警告：步骤 5 彻底失败 (或条件未满足配置了跳过)，继续执行下一步！ ======
2026-03-14 18:58:56 INFO - --- 步骤 6: 执行动作 'close' ---
2026-03-14 18:58:56 INFO - [*] 前置条件：检查窗口 '脚本停止' 是否存在...
2026-03-14 19:20:45 INFO - 日志系统初始化成功，当前日志文件: F:\Game_AUTO\MaaFGO\MFAAvalonia-v2.10.9-win-x64\run_bbc\log\GameAutoBot20260314.log
2026-03-14 19:20:45 INFO - 日志系统初始化成功，当前日志文件: F:\Game_AUTO\MaaFGO\MFAAvalonia-v2.10.9-win-x64\run_bbc\log\GameAutoBot20260314.log
2026-03-14 19:20:45 INFO - 成功加载外部配置文件: F:\Game_AUTO\MaaFGO\MFAAvalonia-v2.10.9-win-x64\run_bbc\config.json
2026-03-14 19:20:45 INFO - 已启动全局快捷键监听：按下 Ctrl+2 可随时强行终止脚本。
2026-03-14 19:20:45 INFO - ========== 开始执行自动化流水线 ==========
2026-03-14 19:20:45 INFO - --- 步骤 1: 执行动作 'keypress' ---
2026-03-14 19:20:45 INFO - [*] 前置条件：检查窗口 'BBchannel' 是否存在...
2026-03-14 19:20:45 INFO - -> [条件满足] 第 1 次尝试找到最优匹配窗口: 'BBchannel64位  version  3.80.20260228'
2026-03-14 19:20:45 WARNING - 未找到任何标题包含 '免责声明' 的可见窗口。
2026-03-14 19:20:45 WARNING - ====== 警告：步骤 1 彻底失败 (或条件未满足配置了跳过)，继续执行下一步！ ======
2026-03-14 19:20:50 INFO - --- 步骤 2: 执行动作 'keypress' ---
2026-03-14 19:20:50 INFO - [*] 前置条件：检查窗口 'BBchannel' 是否存在...
2026-03-14 19:20:50 INFO - -> [条件满足] 第 1 次尝试找到最优匹配窗口: 'BBchannel64位  version  3.80.20260228'
2026-03-14 19:20:50 WARNING - 未找到任何标题包含 '免责声明' 的可见窗口。
2026-03-14 19:20:50 WARNING - ====== 警告：步骤 2 彻底失败 (或条件未满足配置了跳过)，继续执行下一步！ ======
2026-03-14 19:20:52 INFO - --- 步骤 3: 执行动作 'click' ---
2026-03-14 19:20:52 INFO - [备用窗口机制] 匹配到 1 个窗口，将尝试其中得分最高的前 1 个。
2026-03-14 19:20:52 INFO - ========== 开始在第 1/1 个候选窗口 'BBchannel64位  version  3.80.20260228' 中尝试 ==========
2026-03-14 19:20:52 INFO - [执行点击] 第 1/5 次尝试找图...
2026-03-14 19:20:53 INFO - -> 成功点击坐标: (1371, 1078) [实际匹配度: 1.0000 / 阈值: 0.9]
2026-03-14 19:28:54 INFO - 日志系统初始化成功，当前日志文件: F:\Game_AUTO\MaaFGO\MFAAvalonia-v2.10.9-win-x64\run_bbc\log\GameAutoBot20260314.log
2026-03-14 19:28:55 INFO - 日志系统初始化成功，当前日志文件: F:\Game_AUTO\MaaFGO\MFAAvalonia-v2.10.9-win-x64\run_bbc\log\GameAutoBot20260314.log
2026-03-14 19:28:55 INFO - 成功加载外部配置文件: F:\Game_AUTO\MaaFGO\MFAAvalonia-v2.10.9-win-x64\run_bbc\config.json
2026-03-14 19:28:55 INFO - 已启动全局快捷键监听：按下 Ctrl+2 可随时强行终止脚本。
2026-03-14 19:28:55 INFO - ========== 开始执行自动化流水线 ==========
2026-03-14 19:28:55 INFO - --- 步骤 1: 执行动作 'keypress' ---
2026-03-14 19:28:55 INFO - [*] 前置条件：检查窗口 'BBchannel' 是否存在...
2026-03-14 19:28:55 INFO - -> [条件满足] 第 1 次尝试找到最优匹配窗口: 'BBchannel'
2026-03-14 19:28:55 INFO - [备用窗口机制] 匹配到 1 个窗口，将尝试前 1 个。
2026-03-14 19:28:55 INFO - ========== 开始在第 1/1 个候选窗口 '免责声明！' 中尝试 ==========
2026-03-14 19:28:55 INFO - [执行按键] 第 1/2 次尝试找图...
2026-03-14 19:28:55 INFO - -> 找到图像 [匹配度: 0.3816]，执行按键: 'esc'
2026-03-14 19:29:00 INFO - --- 步骤 2: 执行动作 'keypress' ---
2026-03-14 19:29:00 INFO - [*] 前置条件：检查窗口 'BBchannel' 是否存在...
2026-03-14 19:29:00 INFO - -> [条件满足] 第 1 次尝试找到最优匹配窗口: 'BBchannel'
2026-03-14 19:29:00 WARNING - 未找到任何标题包含 '免责声明' 的可见窗口。
2026-03-14 19:29:00 WARNING - ====== 警告：步骤 2 彻底失败 (或条件未满足配置了跳过)，继续执行下一步！ ======
2026-03-14 19:29:02 INFO - --- 步骤 3: 执行动作 'click' ---
2026-03-14 19:29:02 INFO - [备用窗口机制] 匹配到 2 个窗口，将尝试其中得分最高的前 2 个。
2026-03-14 19:29:02 INFO - ========== 开始在第 1/2 个候选窗口 'BBchannel' 中尝试 ==========
2026-03-14 19:29:02 INFO - [执行点击] 第 1/5 次尝试找图...
2026-03-14 19:29:02 WARNING - -> 未找到目标或得分不达标 [实际匹配度: 0.3783 / 阈值需要: 0.9]
2026-03-14 19:29:04 INFO - [执行点击] 第 2/5 次尝试找图...
2026-03-14 19:29:04 WARNING - -> 未找到目标或得分不达标 [实际匹配度: 0.3783 / 阈值需要: 0.9]
2026-03-14 19:29:06 INFO - [执行点击] 第 3/5 次尝试找图...
2026-03-14 19:29:06 WARNING - -> 未找到目标或得分不达标 [实际匹配度: 0.3783 / 阈值需要: 0.9]
2026-03-14 19:29:07 INFO - [执行点击] 第 4/5 次尝试找图...
2026-03-14 19:29:07 ERROR - 窗口 'BBchannel' 严重置顶异常: (1400, 'SetWindowPos', '无效的窗口句柄。')
2026-03-14 19:29:08 INFO - [执行点击] 第 5/5 次尝试找图...
2026-03-14 19:29:09 ERROR - 窗口 'BBchannel' 严重置顶异常: (1400, 'SetWindowPos', '无效的窗口句柄。')
2026-03-14 19:29:10 WARNING - !!! 窗口 'BBchannel' 的 5 次找图全部失败 !!!
2026-03-14 19:29:10 INFO - ========== 开始在第 2/2 个候选窗口 'BBchannel64位  version  3.80.20260228' 中尝试 ==========
2026-03-14 19:29:10 INFO - [执行点击] 第 1/5 次尝试找图...
2026-03-14 19:29:10 INFO - -> 成功点击坐标: (1371, 1078) [实际匹配度: 1.0000 / 阈值: 0.9]
2026-03-14 19:29:30 INFO - --- 步骤 4: 执行动作 'keypress' ---
2026-03-14 19:29:30 INFO - [备用窗口机制] 匹配到 1 个窗口，将尝试前 1 个。
2026-03-14 19:29:30 INFO - ========== 开始在第 1/1 个候选窗口 '队伍配置错误！' 中尝试 ==========
2026-03-14 19:29:30 INFO - [执行按键] 第 1/3 次尝试找图...
2026-03-14 19:29:30 WARNING - -> 未找到目标 [实际匹配度: 0.3060 / 阈值: 0.8]
2026-03-14 19:29:32 INFO - [执行按键] 第 2/3 次尝试找图...
2026-03-14 19:29:32 WARNING - -> 未找到目标 [实际匹配度: 0.3060 / 阈值: 0.8]
2026-03-14 19:29:33 INFO - [执行按键] 第 3/3 次尝试找图...
2026-03-14 19:29:34 WARNING - -> 未找到目标 [实际匹配度: 0.3060 / 阈值: 0.8]
2026-03-14 19:29:34 ERROR - !!! 彻底失败：均无法完成按键操作。 !!!
2026-03-14 19:29:34 WARNING - ====== 警告：步骤 4 彻底失败 (或条件未满足配置了跳过)，继续执行下一步！ ======
2026-03-14 19:29:54 INFO - --- 步骤 5: 执行动作 'keypress' ---
2026-03-14 19:29:54 INFO - [备用窗口机制] 匹配到 1 个窗口，将尝试前 1 个。
2026-03-14 19:29:54 INFO - ========== 开始在第 1/1 个候选窗口 '队伍配置错误！' 中尝试 ==========
2026-03-14 19:29:54 INFO - [执行按键] 第 1/3 次尝试找图...
2026-03-14 19:29:54 WARNING - -> 未找到目标 [实际匹配度: 0.3060 / 阈值: 0.8]
2026-03-14 19:29:55 INFO - [执行按键] 第 2/3 次尝试找图...
2026-03-14 19:29:55 WARNING - -> 未找到目标 [实际匹配度: 0.3060 / 阈值: 0.8]
2026-03-14 19:29:57 INFO - [执行按键] 第 3/3 次尝试找图...
2026-03-14 19:29:57 WARNING - -> 未找到目标 [实际匹配度: 0.3060 / 阈值: 0.8]
2026-03-14 19:29:57 ERROR - !!! 彻底失败：均无法完成按键操作。 !!!
2026-03-14 19:29:57 WARNING - ====== 警告：步骤 5 彻底失败 (或条件未满足配置了跳过)，继续执行下一步！ ======
2026-03-14 19:30:17 INFO - --- 步骤 6: 执行动作 'close' ---
2026-03-14 19:30:17 INFO - [*] 前置条件：检查窗口 '脚本停止' 是否存在...
2026-03-14 19:39:17 INFO - -> [条件满足] 第 28 次尝试找到最优匹配窗口: '脚本停止！'
2026-03-14 19:39:17 INFO - [执行关闭] 正在向窗口 'BBchannel' 发送关闭指令...
2026-03-14 19:39:17 INFO - [执行关闭] 正在向窗口 'BBchannel64位  version  3.80.20260228' 发送关闭指令...
2026-03-14 19:39:22 INFO - --- 步骤 7: 执行动作 'close' ---
2026-03-14 19:39:22 INFO - [*] 前置条件：检查窗口 '脚本停止' 是否存在...
2026-03-14 19:39:22 INFO - -> [条件满足] 第 1 次尝试找到最优匹配窗口: '脚本停止！'
2026-03-14 19:39:22 INFO - [执行关闭] 正在向窗口 'BBchannel64位  version  3.80.20260228' 发送关闭指令...
2026-03-14 19:39:25 INFO - ========== 自动化流水线全部执行完毕 ==========
2026-03-14 19:43:05 INFO - 日志系统初始化成功，当前日志文件: F:\Game_AUTO\MaaFGO\MFAAvalonia-v2.10.9-win-x64\run_bbc\log\GameAutoBot20260314.log
2026-03-14 19:43:06 INFO - 日志系统初始化成功，当前日志文件: F:\Game_AUTO\MaaFGO\MFAAvalonia-v2.10.9-win-x64\run_bbc\log\GameAutoBot20260314.log
2026-03-14 19:43:06 INFO - 成功加载外部配置文件: F:\Game_AUTO\MaaFGO\MFAAvalonia-v2.10.9-win-x64\run_bbc\config.json
2026-03-14 19:43:06 INFO - 已启动全局快捷键监听：按下 Ctrl+2 可随时强行终止脚本。
2026-03-14 19:43:06 INFO - ========== 开始执行自动化流水线 ==========
2026-03-14 19:43:06 INFO - --- 步骤 1: 执行动作 'keypress' ---
2026-03-14 19:43:06 INFO - [*] 前置条件：检查窗口 'BBchannel' 是否存在...
2026-03-14 19:43:06 INFO - -> [条件满足] 第 1 次尝试找到最优匹配窗口: 'BBchannel64位  version  3.80.20260228'
2026-03-14 19:43:06 WARNING - 未找到任何标题包含 '免责声明' 的可见窗口。
2026-03-14 19:43:06 WARNING - ====== 警告：步骤 1 彻底失败 (或条件未满足配置了跳过)，继续执行下一步！ ======
2026-03-14 19:43:11 INFO - --- 步骤 2: 执行动作 'keypress' ---
2026-03-14 19:43:11 INFO - [*] 前置条件：检查窗口 'BBchannel' 是否存在...
2026-03-14 19:43:11 INFO - -> [条件满足] 第 1 次尝试找到最优匹配窗口: 'BBchannel64位  version  3.80.20260228'
2026-03-14 19:43:11 WARNING - 未找到任何标题包含 '免责声明' 的可见窗口。
2026-03-14 19:43:11 WARNING - ====== 警告：步骤 2 彻底失败 (或条件未满足配置了跳过)，继续执行下一步！ ======
2026-03-14 19:43:13 INFO - --- 步骤 3: 执行动作 'click' ---
2026-03-14 19:43:13 INFO - [备用窗口机制] 匹配到 1 个窗口，将尝试其中得分最高的前 1 个。
2026-03-14 19:43:13 INFO - ========== 开始在第 1/1 个候选窗口 'BBchannel64位  version  3.80.20260228' 中尝试 ==========
2026-03-14 19:43:13 INFO - [执行点击] 第 1/5 次尝试找图...
2026-03-14 19:43:13 INFO - -> 成功点击坐标: (1371, 1078) [实际匹配度: 1.0000 / 阈值: 0.9]
2026-03-14 19:43:33 INFO - --- 步骤 4: 执行动作 'keypress' ---
2026-03-14 19:43:33 WARNING - 未找到任何标题包含 '队伍配置错误' 的可见窗口。
2026-03-14 19:43:33 WARNING - ====== 警告：步骤 4 彻底失败 (或条件未满足配置了跳过)，继续执行下一步！ ======
2026-03-14 19:43:53 INFO - --- 步骤 5: 执行动作 'keypress' ---
2026-03-14 19:43:53 INFO - [备用窗口机制] 匹配到 1 个窗口，将尝试前 1 个。
2026-03-14 19:43:53 INFO - ========== 开始在第 1/1 个候选窗口 '队伍配置错误！' 中尝试 ==========
2026-03-14 19:43:53 INFO - [执行按键] 第 1/3 次尝试找图...
2026-03-14 19:43:53 INFO - -> 找到图像 [匹配度: 0.3060]，执行按键: 'enter'
2026-03-14 19:44:14 INFO - --- 步骤 6: 执行动作 'close' ---
2026-03-14 19:44:14 INFO - [*] 前置条件：检查窗口 '脚本停止' 是否存在...
2026-03-14 19:45:34 INFO - -> [条件满足] 第 5 次尝试找到最优匹配窗口: '脚本停止！'
2026-03-14 19:45:34 INFO - [执行关闭] 正在向窗口 '脚本停止！' 发送关闭指令...
2026-03-14 19:45:39 INFO - --- 步骤 7: 执行动作 'close' ---
2026-03-14 19:45:39 INFO - [*] 前置条件：检查窗口 '脚本停止' 是否存在...
2026-03-14 19:45:49 WARNING - [*] 前置条件未满足：连续 3 次未找到窗口 '脚本停止'。
2026-03-14 19:45:49 WARNING - ====== 警告：步骤 7 彻底失败 (或条件未满足配置了跳过)，继续执行下一步！ ======
2026-03-14 19:45:50 INFO - ========== 自动化流水线全部执行完毕 ==========
