[2026-03-16 00:00:38.695][INF] Stopping tasker attempt 1 returned Succeeded, retrying...
[2026-03-16 00:00:38.695][INF] 等待任务完成，BBC正常运行后，可以自由操作。
[2026-03-16 00:00:38.697][INF] >>> 任务 Action 开始.
[2026-03-16 00:00:38.697][INF] >>> 任务 Action 完成.
[2026-03-16 00:00:38.698][INF] MFA异步任务 启动检测 开始.
[2026-03-16 00:00:38.699][INF] 开始执行任务: 查询CDK
[2026-03-16 00:00:38.700][INF] 任务完成: 查询CDK
[2026-03-16 00:00:38.700][INF] 开始执行任务: 更新资源
[2026-03-16 00:00:38.713][ERR] System.Exception: 该资源操作暂不支持 Mirror酱
   at MFAAvalonia.Helper.VersionChecker.GetDownloadUrlFromMirror(String version, String resId, String cdk, String& url, String& latestVersion, String& sha256, Boolean& isFull, String userAgent, Boolean isUI, Boolean onlyCheck, String currentVersion, Boolean showResponse, Boolean saveAnnouncement)
   at MFAAvalonia.Helper.VersionChecker.CheckForResourceUpdatesAsync(Boolean isGithub)
[2026-03-16 00:00:38.722][INF] 任务完成: 更新资源
[2026-03-16 00:00:39.102][INF] 已放弃本次任务
[2026-03-16 00:02:37.465][INF] MFA Closed!
[2026-03-16 00:02:45.758][INF] Added DLL directory (Windows API): F:\Game_AUTO\MaaFGO\MFAAvalonia\libs
[2026-03-16 00:02:45.777][INF] Native library resolver setup completed using AssemblyLoadContext.ResolvingUnmanagedDll
[2026-03-16 00:02:45.798][INF] MaaFramework runtimes: [
  "F:\\Game_AUTO\\MaaFGO\\MFAAvalonia\\runtimes\\win-x64\\native"
]
[2026-03-16 00:02:45.800][INF] Args: {}
[2026-03-16 00:02:45.800][INF] MFA version: v2.10.9
[2026-03-16 00:02:45.800][INF] .NET version: .NET 10.0.3
[2026-03-16 00:02:46.268][INF] Initializing LanguageManager...
[2026-03-16 00:02:46.377][INF] Loading Configurations...
[2026-03-16 00:02:46.400][INF] Current Configuration: Default
[2026-03-16 00:02:46.461][INF] System sleep allowed.
[2026-03-16 00:02:46.464][INF] HotkeyPrimaryElection: 成为主进程（创建了新的全局互斥锁）
[2026-03-16 00:02:46.464][INF] GlobalHotkeyService: 作为主进程初始化
[2026-03-16 00:02:46.468][INF] HotkeyIpcServer: 端口文件已保存到 C:\Users\MSI\AppData\Local\Temp\MFAAvalonia\hotkey_ipc_port.txt
[2026-03-16 00:02:46.468][INF] HotkeyIpcServer: 启动 TCP 服务端，端口 52718
[2026-03-16 00:02:46.521][WRN] MaaProcessor.Interface is not initialized yet.
[2026-03-16 00:02:46.527][INF] [调试] instances 目录中实际存在的实例文件数量: 1, ID列表: [339d7c15]
[2026-03-16 00:02:46.581][INF] Resource version: 1.0.0
[2026-03-16 00:02:46.581][INF] MaaFramework version: v5.8.1
[2026-03-16 00:02:46.610][INF] [懒加载] 已加载当天有定时任务的实例
[2026-03-16 00:02:46.667][INF] 窗口大小已加载: width=1634, height=993
[2026-03-16 00:02:46.674][INF] 保存的窗口位置 (-32000, -32000) 不在有效屏幕范围内，使用默认居中位置
[2026-03-16 00:02:46.898][WRN] 跨平台数据解密失败: 参数错误。
[2026-03-16 00:02:46.934][WRN] 跨平台数据解密失败: The input is not a valid Base-64 string as it contains a non-base 64 character, more than two padding characters, or an illegal character among the padding characters.
[2026-03-16 00:02:47.057][INF] [调试] instances 目录中实际存在的实例文件数量: 1, ID列表: [339d7c15]
[2026-03-16 00:02:47.059][INF] [懒加载] 已加载当天有定时任务的实例
[2026-03-16 00:02:47.331][INF] [懒加载] 所有实例加载完成
[2026-03-16 00:02:47.332][INF] [懒加载] 所有实例加载完成
[2026-03-16 00:02:47.374][INF] UI initialization started
[2026-03-16 00:02:47.778][INF] MFA异步任务 公告和最新版本检测 开始.
[2026-03-16 00:02:48.093][INF] Reading saved ADB device from configuration, using fingerprint matching.
[2026-03-16 00:02:48.094][INF] Saved device fingerprint: MuMu安卓设备-MuMuPlayer12 v5|0|127.0.0.1|16384
[2026-03-16 00:02:48.254][INF] No matching device found by fingerprint, performing auto detection.
[2026-03-16 00:02:48.471][INF] [TaskPipelineMerge] Task#1 Name=[打开bbc] Entry=[运行BBC] PipelineList=[
  {},
  {
    "运行BBC": {
      "action": {
        "type": "Command",
        "param": {
          "exec": "F:\\BBchannel\\启动.cmd"
        }
      }
    }
  },
  {
    "冠位戴冠战-BBC脚本运行": {
      "action": {
        "type": "Command",
        "param": {
          "exec": "F:\\Game_AUTO\\MaaFGO\\MFAAvalonia\\run_bbc\\bbctools.cmd"
        }
      }
    }
  }
]
[2026-03-16 00:02:48.472][INF] [TaskPipelineMerge] Task#2 Name=[启动游戏] Entry=[启动FGO] PipelineList=[
  {},
  {
    "运行BBC": {
      "action": {
        "type": "Command",
        "param": {
          "exec": "F:\\BBchannel\\启动.cmd"
        }
      }
    }
  },
  {
    "冠位戴冠战-BBC脚本运行": {
      "action": {
        "type": "Command",
        "param": {
          "exec": "F:\\Game_AUTO\\MaaFGO\\MFAAvalonia\\run_bbc\\bbctools.cmd"
        }
      }
    }
  },
  {
    "启动FGO": {
      "action": {
        "type": "StartApp",
        "param": {
          "package": "com.aniplex.fategrandorder"
        }
      }
    }
  }
]
[2026-03-16 00:02:48.472][INF] [TaskPipelineMerge] Task#3 Name=[冠位戴冠战] Entry=[冠位戴冠战-开始] PipelineList=[
  {},
  {
    "运行BBC": {
      "action": {
        "type": "Command",
        "param": {
          "exec": "F:\\BBchannel\\启动.cmd"
        }
      }
    }
  },
  {
    "冠位戴冠战-BBC脚本运行": {
      "action": {
        "type": "Command",
        "param": {
          "exec": "F:\\Game_AUTO\\MaaFGO\\MFAAvalonia\\run_bbc\\bbctools.cmd"
        }
      }
    }
  },
  {
    "冠位戴冠战-职介": {
      "recognition": {
        "type": "TemplateMatch",
        "param": {
          "template": [
            "grand_saber.png"
          ]
        }
      }
    }
  },
  {
    "冠位戴冠战-等级副本": {
      "recognition": {
        "type": "TemplateMatch",
        "param": {
          "template": [
            "grand_100++.png"
          ]
        }
      }
    }
  }
]
[2026-03-16 00:02:48.580][INF] MFA异步任务 启动任务 开始.
[2026-03-16 00:02:48.582][INF] MFA异步任务 启动附加开始脚本 开始.
[2026-03-16 00:02:48.583][INF] >>> MFA异步任务 启动附加开始脚本 已完成.
[2026-03-16 00:02:48.583][INF] >>> MFA异步任务 启动任务 已完成.
[2026-03-16 00:02:48.586][INF] 正在连接至模拟器......
[2026-03-16 00:02:48.932][INF] 正在载入资源
[2026-03-16 00:02:48.932][INF] Resource: F:\Game_AUTO\MaaFGO\MFAAvalonia\resource
[2026-03-16 00:02:48.933][INF] MFA异步任务 资源检测 开始.
[2026-03-16 00:02:49.022][INF] >>> MFA异步任务 资源检测 已完成.
[2026-03-16 00:02:49.023][INF] Use GPU: succeed
[2026-03-16 00:02:49.023][INF] GPU acceleration: Auto
[2026-03-16 00:02:49.023][INF] MFA异步任务 控制器检测 开始.
[2026-03-16 00:02:49.024][INF] Loading MAA Controller Configuration...
[2026-03-16 00:02:49.025][INF] 触控模式:Default,捕获模式:Default
[2026-03-16 00:02:49.025][INF] Name: 
[2026-03-16 00:02:49.025][INF] AdbPath: adb
[2026-03-16 00:02:49.025][INF] AdbSerial: 
[2026-03-16 00:02:49.026][INF] ScreenCap: Default
[2026-03-16 00:02:49.026][INF] Input: Default
[2026-03-16 00:02:49.026][INF] Config: {}
[2026-03-16 00:02:49.027][WRN] 初始化控制器时发生错误！
[2026-03-16 00:02:49.032][ERR] System.ArgumentException: The value cannot be an empty string. (Parameter 'info.AdbSerial')
   at System.ArgumentException.ThrowNullOrEmptyException(String argument, String paramName)
   at System.ArgumentException.ThrowIfNullOrEmpty(String argument, String paramName)
   at MaaFramework.Binding.MaaAdbController..ctor(AdbDeviceInfo info, LinkOption link, CheckStatusOption check)
   at MaaFramework.Binding.MaaAdbController..ctor(String adbPath, String adbSerial, AdbScreencapMethods screencapMethods, AdbInputMethods inputMethods, String config, String agentPath, LinkOption link, CheckStatusOption check)
   at MFAAvalonia.Extensions.MaaFW.MaaProcessor.InitializeController(MaaControllerTypes controllerType, Boolean logConfig)
   at MFAAvalonia.Extensions.MaaFW.MaaProcessor.<>c__DisplayClass128_0.<InitializeMaaTasker>b__7()
   at MFAAvalonia.Helper.TaskManager.<>c__DisplayClass4_0`1.<RunTaskAsync>b__0()
   at System.Threading.Tasks.Task`1.InnerInvoke()
   at System.Threading.ExecutionContext.RunFromThreadPoolDispatchLoop(Thread threadPoolThread, ExecutionContext executionContext, ContextCallback callback, Object state)
--- End of stack trace from previous location ---
   at System.Threading.ExecutionContext.RunFromThreadPoolDispatchLoop(Thread threadPoolThread, ExecutionContext executionContext, ContextCallback callback, Object state)
   at System.Threading.Tasks.Task.ExecuteWithThreadLocal(Task& currentTaskSlot, Thread threadPoolThread)
--- End of stack trace from previous location ---
   at MFAAvalonia.Helper.TaskManager.RunTaskAsync[TResult](Func`1 function, CancellationToken token, Action`1 handleError, String name, Boolean catchException, Boolean shouldLog, Boolean noMessage)
[2026-03-16 00:02:49.032][INF] >>> MFA异步任务 控制器检测 已完成.
[2026-03-16 00:02:49.032][WRN] Controller initialization returned null, aborting current connection attempt.
[2026-03-16 00:02:49.034][INF] 正在载入资源
[2026-03-16 00:02:49.035][INF] Resource: F:\Game_AUTO\MaaFGO\MFAAvalonia\resource
[2026-03-16 00:02:49.035][INF] MFA异步任务 资源检测 开始.
[2026-03-16 00:02:49.036][INF] [Record] 连接失败
正在尝试重连
[2026-03-16 00:02:49.058][INF] >>> MFA异步任务 资源检测 已完成.
[2026-03-16 00:02:49.059][INF] Use GPU: succeed
[2026-03-16 00:02:49.059][INF] GPU acceleration: Auto
[2026-03-16 00:02:49.059][INF] MFA异步任务 控制器检测 开始.
[2026-03-16 00:02:49.059][INF] Loading MAA Controller Configuration...
[2026-03-16 00:02:49.059][INF] 触控模式:Default,捕获模式:Default
[2026-03-16 00:02:49.059][INF] Name: 
[2026-03-16 00:02:49.059][INF] AdbPath: adb
[2026-03-16 00:02:49.059][INF] AdbSerial: 
[2026-03-16 00:02:49.059][INF] ScreenCap: Default
[2026-03-16 00:02:49.059][INF] Input: Default
[2026-03-16 00:02:49.059][INF] Config: {}
[2026-03-16 00:02:49.060][WRN] 初始化控制器时发生错误！
[2026-03-16 00:02:49.060][ERR] System.ArgumentException: The value cannot be an empty string. (Parameter 'info.AdbSerial')
   at System.ArgumentException.ThrowNullOrEmptyException(String argument, String paramName)
   at System.ArgumentException.ThrowIfNullOrEmpty(String argument, String paramName)
   at MaaFramework.Binding.MaaAdbController..ctor(AdbDeviceInfo info, LinkOption link, CheckStatusOption check)
   at MaaFramework.Binding.MaaAdbController..ctor(String adbPath, String adbSerial, AdbScreencapMethods screencapMethods, AdbInputMethods inputMethods, String config, String agentPath, LinkOption link, CheckStatusOption check)
   at MFAAvalonia.Extensions.MaaFW.MaaProcessor.InitializeController(MaaControllerTypes controllerType, Boolean logConfig)
   at MFAAvalonia.Extensions.MaaFW.MaaProcessor.<>c__DisplayClass128_0.<InitializeMaaTasker>b__7()
   at MFAAvalonia.Helper.TaskManager.<>c__DisplayClass4_0`1.<RunTaskAsync>b__0()
   at System.Threading.Tasks.Task`1.InnerInvoke()
   at System.Threading.ExecutionContext.RunFromThreadPoolDispatchLoop(Thread threadPoolThread, ExecutionContext executionContext, ContextCallback callback, Object state)
--- End of stack trace from previous location ---
   at System.Threading.ExecutionContext.RunFromThreadPoolDispatchLoop(Thread threadPoolThread, ExecutionContext executionContext, ContextCallback callback, Object state)
   at System.Threading.Tasks.Task.ExecuteWithThreadLocal(Task& currentTaskSlot, Thread threadPoolThread)
--- End of stack trace from previous location ---
   at MFAAvalonia.Helper.TaskManager.RunTaskAsync[TResult](Func`1 function, CancellationToken token, Action`1 handleError, String name, Boolean catchException, Boolean shouldLog, Boolean noMessage)
[2026-03-16 00:02:49.060][INF] >>> MFA异步任务 控制器检测 已完成.
[2026-03-16 00:02:49.060][WRN] Controller initialization returned null, aborting current connection attempt.
[2026-03-16 00:02:49.070][INF] [Record] 连接失败
正在尝试重启 ADB Server
[2026-03-16 00:02:49.086][INF] 正在载入资源
[2026-03-16 00:02:49.087][INF] Resource: F:\Game_AUTO\MaaFGO\MFAAvalonia\resource
[2026-03-16 00:02:49.087][INF] MFA异步任务 资源检测 开始.
[2026-03-16 00:02:49.091][WRN] 公告文件夹不存在: F:\Game_AUTO\MaaFGO\MFAAvalonia\resource\announcement
[2026-03-16 00:02:49.112][INF] >>> MFA异步任务 资源检测 已完成.
[2026-03-16 00:02:49.112][INF] Use GPU: succeed
[2026-03-16 00:02:49.112][INF] GPU acceleration: Auto
[2026-03-16 00:02:49.112][INF] MFA异步任务 控制器检测 开始.
[2026-03-16 00:02:49.112][INF] Loading MAA Controller Configuration...
[2026-03-16 00:02:49.112][INF] 触控模式:Default,捕获模式:Default
[2026-03-16 00:02:49.112][INF] Name: 
[2026-03-16 00:02:49.112][INF] AdbPath: adb
[2026-03-16 00:02:49.112][INF] AdbSerial: 
[2026-03-16 00:02:49.112][INF] ScreenCap: Default
[2026-03-16 00:02:49.112][INF] Input: Default
[2026-03-16 00:02:49.112][INF] Config: {}
[2026-03-16 00:02:49.112][WRN] 初始化控制器时发生错误！
[2026-03-16 00:02:49.113][ERR] System.ArgumentException: The value cannot be an empty string. (Parameter 'info.AdbSerial')
   at System.ArgumentException.ThrowNullOrEmptyException(String argument, String paramName)
   at System.ArgumentException.ThrowIfNullOrEmpty(String argument, String paramName)
   at MaaFramework.Binding.MaaAdbController..ctor(AdbDeviceInfo info, LinkOption link, CheckStatusOption check)
   at MaaFramework.Binding.MaaAdbController..ctor(String adbPath, String adbSerial, AdbScreencapMethods screencapMethods, AdbInputMethods inputMethods, String config, String agentPath, LinkOption link, CheckStatusOption check)
   at MFAAvalonia.Extensions.MaaFW.MaaProcessor.InitializeController(MaaControllerTypes controllerType, Boolean logConfig)
   at MFAAvalonia.Extensions.MaaFW.MaaProcessor.<>c__DisplayClass128_0.<InitializeMaaTasker>b__7()
   at MFAAvalonia.Helper.TaskManager.<>c__DisplayClass4_0`1.<RunTaskAsync>b__0()
   at System.Threading.Tasks.Task`1.InnerInvoke()
   at System.Threading.ExecutionContext.RunFromThreadPoolDispatchLoop(Thread threadPoolThread, ExecutionContext executionContext, ContextCallback callback, Object state)
--- End of stack trace from previous location ---
   at System.Threading.ExecutionContext.RunFromThreadPoolDispatchLoop(Thread threadPoolThread, ExecutionContext executionContext, ContextCallback callback, Object state)
   at System.Threading.Tasks.Task.ExecuteWithThreadLocal(Task& currentTaskSlot, Thread threadPoolThread)
--- End of stack trace from previous location ---
   at MFAAvalonia.Helper.TaskManager.RunTaskAsync[TResult](Func`1 function, CancellationToken token, Action`1 handleError, String name, Boolean catchException, Boolean shouldLog, Boolean noMessage)
[2026-03-16 00:02:49.113][INF] >>> MFA异步任务 控制器检测 已完成.
[2026-03-16 00:02:49.113][WRN] Controller initialization returned null, aborting current connection attempt.
[2026-03-16 00:02:49.120][INF] [Record] 连接失败
正在尝试关闭并重启 ADB 进程
[2026-03-16 00:02:49.230][INF] 正在载入资源
[2026-03-16 00:02:49.230][INF] Resource: F:\Game_AUTO\MaaFGO\MFAAvalonia\resource
[2026-03-16 00:02:49.230][INF] MFA异步任务 资源检测 开始.
[2026-03-16 00:02:49.252][INF] >>> MFA异步任务 资源检测 已完成.
[2026-03-16 00:02:49.252][INF] Use GPU: succeed
[2026-03-16 00:02:49.252][INF] GPU acceleration: Auto
[2026-03-16 00:02:49.252][INF] MFA异步任务 控制器检测 开始.
[2026-03-16 00:02:49.252][INF] Loading MAA Controller Configuration...
[2026-03-16 00:02:49.253][INF] 触控模式:Default,捕获模式:Default
[2026-03-16 00:02:49.253][INF] Name: 
[2026-03-16 00:02:49.253][INF] AdbPath: adb
[2026-03-16 00:02:49.253][INF] AdbSerial: 
[2026-03-16 00:02:49.253][INF] ScreenCap: Default
[2026-03-16 00:02:49.253][INF] Input: Default
[2026-03-16 00:02:49.253][INF] Config: {}
[2026-03-16 00:02:49.259][WRN] 初始化控制器时发生错误！
[2026-03-16 00:02:49.259][ERR] System.ArgumentException: The value cannot be an empty string. (Parameter 'info.AdbSerial')
   at System.ArgumentException.ThrowNullOrEmptyException(String argument, String paramName)
   at System.ArgumentException.ThrowIfNullOrEmpty(String argument, String paramName)
   at MaaFramework.Binding.MaaAdbController..ctor(AdbDeviceInfo info, LinkOption link, CheckStatusOption check)
   at MaaFramework.Binding.MaaAdbController..ctor(String adbPath, String adbSerial, AdbScreencapMethods screencapMethods, AdbInputMethods inputMethods, String config, String agentPath, LinkOption link, CheckStatusOption check)
   at MFAAvalonia.Extensions.MaaFW.MaaProcessor.InitializeController(MaaControllerTypes controllerType, Boolean logConfig)
   at MFAAvalonia.Extensions.MaaFW.MaaProcessor.<>c__DisplayClass128_0.<InitializeMaaTasker>b__7()
   at MFAAvalonia.Helper.TaskManager.<>c__DisplayClass4_0`1.<RunTaskAsync>b__0()
   at System.Threading.Tasks.Task`1.InnerInvoke()
   at System.Threading.ExecutionContext.RunFromThreadPoolDispatchLoop(Thread threadPoolThread, ExecutionContext executionContext, ContextCallback callback, Object state)
--- End of stack trace from previous location ---
   at System.Threading.ExecutionContext.RunFromThreadPoolDispatchLoop(Thread threadPoolThread, ExecutionContext executionContext, ContextCallback callback, Object state)
   at System.Threading.Tasks.Task.ExecuteWithThreadLocal(Task& currentTaskSlot, Thread threadPoolThread)
--- End of stack trace from previous location ---
   at MFAAvalonia.Helper.TaskManager.RunTaskAsync[TResult](Func`1 function, CancellationToken token, Action`1 handleError, String name, Boolean catchException, Boolean shouldLog, Boolean noMessage)
[2026-03-16 00:02:49.259][INF] >>> MFA异步任务 控制器检测 已完成.
[2026-03-16 00:02:49.259][WRN] Controller initialization returned null, aborting current connection attempt.
[2026-03-16 00:02:49.261][ERR] System.Exception: Connection failed after all retries
   at MFAAvalonia.Extensions.MaaFW.MaaProcessor.HandleDeviceConnectionAsync(CancellationToken token, Boolean showMessage)
   at MFAAvalonia.Extensions.MaaFW.MaaProcessor.<>c__DisplayClass192_0.<<InitializeConnectionTasksAsync>b__1>d.MoveNext()
--- End of stack trace from previous location ---
   at MFAAvalonia.Helper.ValueType.MFATask.Run(CancellationToken token)
[2026-03-16 00:02:49.261][INF] Stop Status: NOT_STARTED
[2026-03-16 00:02:49.267][INF] MFA异步任务 停止maafw任务 开始.
[2026-03-16 00:02:49.267][INF] Stop Status: STOPPING
[2026-03-16 00:02:49.268][INF] 连接失败
[2026-03-16 00:02:49.268][INF] >>> 任务 Action 开始.
[2026-03-16 00:02:49.268][INF] >>> 任务 Action 完成.
[2026-03-16 00:02:49.269][INF] MFA异步任务 启动检测 开始.
[2026-03-16 00:02:49.269][INF] 开始执行任务: 查询CDK
[2026-03-16 00:02:49.270][INF] 任务完成: 查询CDK
[2026-03-16 00:02:49.270][INF] 开始执行任务: 更新资源
[2026-03-16 00:02:49.273][ERR] System.Exception: 该资源操作暂不支持 Mirror酱
   at MFAAvalonia.Helper.VersionChecker.GetDownloadUrlFromMirror(String version, String resId, String cdk, String& url, String& latestVersion, String& sha256, Boolean& isFull, String userAgent, Boolean isUI, Boolean onlyCheck, String currentVersion, Boolean showResponse, Boolean saveAnnouncement)
   at MFAAvalonia.Helper.VersionChecker.CheckForResourceUpdatesAsync(Boolean isGithub)
[2026-03-16 00:02:49.273][INF] 任务完成: 更新资源
[2026-03-16 00:02:49.282][INF] 正在停止......
[2026-03-16 00:02:49.682][INF] 已放弃本次任务
[2026-03-16 00:03:31.451][INF] Added DLL directory (Windows API): F:\Game_AUTO\MaaFGO\MFAAvalonia\libs
[2026-03-16 00:03:31.471][INF] Native library resolver setup completed using AssemblyLoadContext.ResolvingUnmanagedDll
[2026-03-16 00:03:31.491][INF] MaaFramework runtimes: [
  "F:\\Game_AUTO\\MaaFGO\\MFAAvalonia\\runtimes\\win-x64\\native"
]
[2026-03-16 00:03:31.493][INF] Args: {}
[2026-03-16 00:03:31.493][INF] MFA version: v2.10.9
[2026-03-16 00:03:31.493][INF] .NET version: .NET 10.0.3
[2026-03-16 00:03:31.979][INF] Initializing LanguageManager...
[2026-03-16 00:03:32.085][INF] Loading Configurations...
[2026-03-16 00:03:32.108][INF] Current Configuration: Default
[2026-03-16 00:03:32.170][INF] System sleep allowed.
[2026-03-16 00:03:32.172][INF] HotkeyPrimaryElection: 成为主进程（创建了新的全局互斥锁）
[2026-03-16 00:03:32.172][INF] GlobalHotkeyService: 作为主进程初始化
[2026-03-16 00:03:32.177][INF] HotkeyIpcServer: 端口文件已保存到 C:\Users\MSI\AppData\Local\Temp\MFAAvalonia\hotkey_ipc_port.txt
[2026-03-16 00:03:32.177][INF] HotkeyIpcServer: 启动 TCP 服务端，端口 52718
[2026-03-16 00:03:32.234][WRN] MaaProcessor.Interface is not initialized yet.
[2026-03-16 00:03:32.240][INF] [调试] instances 目录中实际存在的实例文件数量: 1, ID列表: [339d7c15]
[2026-03-16 00:03:32.292][INF] Resource version: 1.0.0
[2026-03-16 00:03:32.292][INF] MaaFramework version: v5.8.1
[2026-03-16 00:03:32.321][INF] [懒加载] 已加载当天有定时任务的实例
[2026-03-16 00:03:32.372][INF] 窗口大小已加载: width=1634, height=993
[2026-03-16 00:03:32.377][INF] 保存的窗口位置 (-32000, -32000) 不在有效屏幕范围内，使用默认居中位置
[2026-03-16 00:03:32.587][WRN] 跨平台数据解密失败: 参数错误。
[2026-03-16 00:03:32.623][WRN] 跨平台数据解密失败: The input is not a valid Base-64 string as it contains a non-base 64 character, more than two padding characters, or an illegal character among the padding characters.
[2026-03-16 00:03:32.739][INF] [调试] instances 目录中实际存在的实例文件数量: 1, ID列表: [339d7c15]
[2026-03-16 00:03:32.741][INF] [懒加载] 已加载当天有定时任务的实例
[2026-03-16 00:03:33.084][INF] [懒加载] 所有实例加载完成
[2026-03-16 00:03:33.084][INF] [懒加载] 所有实例加载完成
[2026-03-16 00:03:33.127][INF] UI initialization started
[2026-03-16 00:03:33.532][INF] MFA异步任务 公告和最新版本检测 开始.
[2026-03-16 00:03:33.836][INF] Reading saved ADB device from configuration, using fingerprint matching.
[2026-03-16 00:03:33.837][INF] Saved device fingerprint: MuMu安卓设备-MuMuPlayer12 v5|0|127.0.0.1|16384
[2026-03-16 00:03:33.988][INF] Found matching device by fingerprint: MuMu安卓设备-MuMuPlayer12 v5 (127.0.0.1:16384)
[2026-03-16 00:03:34.025][INF] [TaskPipelineMerge] Task#1 Name=[打开bbc] Entry=[运行BBC] PipelineList=[
  {},
  {
    "运行BBC": {
      "action": {
        "type": "Command",
        "param": {
          "exec": "F:\\BBchannel\\启动.cmd"
        }
      }
    }
  },
  {
    "冠位戴冠战-BBC脚本运行": {
      "action": {
        "type": "Command",
        "param": {
          "exec": "F:\\Game_AUTO\\MaaFGO\\MFAAvalonia\\run_bbc\\bbctools.cmd"
        }
      }
    }
  }
]
[2026-03-16 00:03:34.027][INF] [TaskPipelineMerge] Task#2 Name=[启动游戏] Entry=[启动FGO] PipelineList=[
  {},
  {
    "运行BBC": {
      "action": {
        "type": "Command",
        "param": {
          "exec": "F:\\BBchannel\\启动.cmd"
        }
      }
    }
  },
  {
    "冠位戴冠战-BBC脚本运行": {
      "action": {
        "type": "Command",
        "param": {
          "exec": "F:\\Game_AUTO\\MaaFGO\\MFAAvalonia\\run_bbc\\bbctools.cmd"
        }
      }
    }
  },
  {
    "启动FGO": {
      "action": {
        "type": "StartApp",
        "param": {
          "package": "com.aniplex.fategrandorder"
        }
      }
    }
  }
]
[2026-03-16 00:03:34.027][INF] [TaskPipelineMerge] Task#3 Name=[冠位戴冠战] Entry=[冠位戴冠战-开始] PipelineList=[
  {},
  {
    "运行BBC": {
      "action": {
        "type": "Command",
        "param": {
          "exec": "F:\\BBchannel\\启动.cmd"
        }
      }
    }
  },
  {
    "冠位戴冠战-BBC脚本运行": {
      "action": {
        "type": "Command",
        "param": {
          "exec": "F:\\Game_AUTO\\MaaFGO\\MFAAvalonia\\run_bbc\\bbctools.cmd"
        }
      }
    }
  },
  {
    "冠位戴冠战-职介": {
      "recognition": {
        "type": "TemplateMatch",
        "param": {
          "template": [
            "grand_saber.png"
          ]
        }
      }
    }
  },
  {
    "冠位戴冠战-等级副本": {
      "recognition": {
        "type": "TemplateMatch",
        "param": {
          "template": [
            "grand_100++.png"
          ]
        }
      }
    }
  }
]
[2026-03-16 00:03:34.119][INF] MFA异步任务 启动任务 开始.
[2026-03-16 00:03:34.121][INF] MFA异步任务 启动附加开始脚本 开始.
[2026-03-16 00:03:34.122][INF] >>> MFA异步任务 启动附加开始脚本 已完成.
[2026-03-16 00:03:34.122][INF] >>> MFA异步任务 启动任务 已完成.
[2026-03-16 00:03:34.125][INF] 正在连接至模拟器......
[2026-03-16 00:03:34.126][INF] 正在载入资源
[2026-03-16 00:03:34.126][INF] Resource: F:\Game_AUTO\MaaFGO\MFAAvalonia\resource
[2026-03-16 00:03:34.126][INF] MFA异步任务 资源检测 开始.
[2026-03-16 00:03:34.212][INF] >>> MFA异步任务 资源检测 已完成.
[2026-03-16 00:03:34.213][INF] Use GPU: succeed
[2026-03-16 00:03:34.213][INF] GPU acceleration: Auto
[2026-03-16 00:03:34.213][INF] MFA异步任务 控制器检测 开始.
[2026-03-16 00:03:34.213][INF] Loading MAA Controller Configuration...
[2026-03-16 00:03:34.214][INF] 触控模式:All,捕获模式:EmulatorExtras
[2026-03-16 00:03:34.214][INF] Name: MuMu安卓设备-MuMuPlayer12 v5
[2026-03-16 00:03:34.214][INF] AdbPath: C:/Program Files/Netease/MuMu Player 12/nx_main/adb.exe
[2026-03-16 00:03:34.214][INF] AdbSerial: 127.0.0.1:16384
[2026-03-16 00:03:34.214][INF] ScreenCap: EmulatorExtras
[2026-03-16 00:03:34.215][INF] Input: All
[2026-03-16 00:03:34.215][INF] Config: {"extras":{"mumu":{"enable":true,"index":0,"path":"C:/Program Files/Netease/MuMu Player 12"}}
[2026-03-16 00:03:34.382][INF] >>> MFA异步任务 控制器检测 已完成.
[2026-03-16 00:03:34.594][INF] Registered built-in special task actions
[2026-03-16 00:03:34.594][INF] Custom directory not found: F:\Game_AUTO\MaaFGO\MFAAvalonia\.\resource\custom
[2026-03-16 00:03:34.594][INF] Custom directory not found: F:\Game_AUTO\MaaFGO\MFAAvalonia\resource\custom
[2026-03-16 00:03:34.595][INF] Maafw debug mode: False
[2026-03-16 00:03:34.836][WRN] 公告文件夹不存在: F:\Game_AUTO\MaaFGO\MFAAvalonia\resource\announcement
[2026-03-16 00:03:34.948][INF] MFA异步任务 截图测试 开始.
[2026-03-16 00:03:34.969][INF] >>> MFA异步任务 截图测试 已完成.
[2026-03-16 00:03:34.969][INF] 截图耗时: 10ms(EmulatorExtras)
[2026-03-16 00:03:34.974][INF] 开始任务: 打开bbc
[2026-03-16 00:03:34.974][INF] MFA异步任务 队列任务 开始.
[2026-03-16 00:03:35.706][INF] >>> MFA异步任务 队列任务 已完成.
[2026-03-16 00:03:35.706][INF] MFA异步任务 队列任务 开始.
[2026-03-16 00:03:35.708][INF] 开始任务: 启动游戏
[2026-03-16 00:03:46.940][INF] 登录失败！
[2026-03-16 00:04:26.128][INF] 成功抵达主界面
[2026-03-16 00:04:26.532][INF] >>> MFA异步任务 队列任务 已完成.
[2026-03-16 00:04:26.532][INF] MFA异步任务 队列任务 开始.
[2026-03-16 00:04:26.533][INF] 开始任务: 冠位戴冠战
[2026-03-16 00:06:05.188][INF] 未找到对应等级副本！脚本中止
[2026-03-16 00:06:05.594][INF] >>> MFA异步任务 队列任务 已完成.
[2026-03-16 00:06:05.596][INF] MFA异步任务 启动附加结束脚本 开始.
[2026-03-16 00:06:05.596][INF] >>> MFA异步任务 启动附加结束脚本 已完成.
[2026-03-16 00:06:05.599][INF] MFA异步任务 启动检测 开始.
[2026-03-16 00:06:05.600][INF] 开始执行任务: 查询CDK
[2026-03-16 00:06:05.600][INF] Stop Status: SUCCEEDED
[2026-03-16 00:06:05.601][INF] MFA异步任务 停止maafw任务 开始.
[2026-03-16 00:06:05.601][INF] 任务完成: 查询CDK
[2026-03-16 00:06:05.601][INF] 开始执行任务: 更新资源
[2026-03-16 00:06:05.603][INF] >>> 任务 播放音频 开始.
[2026-03-16 00:06:05.682][INF] >>> 任务 播放音频 完成.
[2026-03-16 00:06:05.685][ERR] System.Exception: 该资源操作暂不支持 Mirror酱
   at MFAAvalonia.Helper.VersionChecker.GetDownloadUrlFromMirror(String version, String resId, String cdk, String& url, String& latestVersion, String& sha256, Boolean& isFull, String userAgent, Boolean isUI, Boolean onlyCheck, String currentVersion, Boolean showResponse, Boolean saveAnnouncement)
   at MFAAvalonia.Helper.VersionChecker.CheckForResourceUpdatesAsync(Boolean isGithub)
[2026-03-16 00:06:05.685][INF] 任务完成: 更新资源
[2026-03-16 00:06:05.690][INF] 任务已全部完成！
(用时 0h 2m 31s)
[2026-03-16 00:06:58.428][INF] [TaskPipelineMerge] Task#1 Name=[冠位戴冠战] Entry=[冠位戴冠战-开始] PipelineList=[
  {},
  {
    "运行BBC": {
      "action": {
        "type": "Command",
        "param": {
          "exec": "F:\\BBchannel\\启动.cmd"
        }
      }
    }
  },
  {
    "冠位戴冠战-BBC脚本运行": {
      "action": {
        "type": "Command",
        "param": {
          "exec": "F:\\Game_AUTO\\MaaFGO\\MFAAvalonia\\run_bbc\\bbctools.cmd"
        }
      }
    }
  },
  {
    "冠位戴冠战-职介": {
      "recognition": {
        "type": "TemplateMatch",
        "param": {
          "template": [
            "grand_lancer.png"
          ]
        }
      }
    }
  },
  {
    "冠位戴冠战-等级副本": {
      "recognition": {
        "type": "TemplateMatch",
        "param": {
          "template": [
            "grand_100+++.png"
          ]
        }
      }
    }
  }
]
[2026-03-16 00:06:58.437][INF] MFA异步任务 启动任务 开始.
[2026-03-16 00:06:58.438][INF] MFA异步任务 启动附加开始脚本 开始.
[2026-03-16 00:06:58.438][INF] >>> MFA异步任务 启动任务 已完成.
[2026-03-16 00:06:58.438][INF] >>> MFA异步任务 启动附加开始脚本 已完成.
[2026-03-16 00:06:58.439][INF] MFA异步任务 截图测试 开始.
[2026-03-16 00:06:58.456][INF] >>> MFA异步任务 截图测试 已完成.
[2026-03-16 00:06:58.456][INF] 截图耗时: 8ms(EmulatorExtras)
[2026-03-16 00:06:58.457][INF] MFA异步任务 队列任务 开始.
[2026-03-16 00:06:58.458][INF] 开始任务: 冠位戴冠战
[2026-03-16 00:07:10.873][INF] 打开BBC中，请尽量不要移动鼠标，并将bbc窗口置于主屏幕
[2026-03-16 00:07:33.754][INF] Stop Status: NOT_STARTED
[2026-03-16 00:07:33.755][INF] MFA异步任务 停止maafw任务 开始.
[2026-03-16 00:07:33.755][INF] Stopping tasker attempt 1
[2026-03-16 00:07:33.756][INF] >>> MFA异步任务 队列任务 已完成.
[2026-03-16 00:07:33.756][INF] Stop Status: STOPPING
[2026-03-16 00:07:33.756][INF] 正在停止......
[2026-03-16 00:07:34.609][INF] MFA Closed!
[2026-03-16 00:09:12.485][INF] Added DLL directory (Windows API): F:\Game_AUTO\MaaFGO\MFAAvalonia\libs
[2026-03-16 00:09:12.505][INF] Native library resolver setup completed using AssemblyLoadContext.ResolvingUnmanagedDll
[2026-03-16 00:09:12.526][INF] MaaFramework runtimes: [
  "F:\\Game_AUTO\\MaaFGO\\MFAAvalonia\\runtimes\\win-x64\\native"
]
[2026-03-16 00:09:12.528][INF] Args: {}
[2026-03-16 00:09:12.528][INF] MFA version: v2.10.9
[2026-03-16 00:09:12.528][INF] .NET version: .NET 10.0.3
[2026-03-16 00:09:12.997][INF] Initializing LanguageManager...
[2026-03-16 00:09:13.105][INF] Loading Configurations...
[2026-03-16 00:09:13.129][INF] Current Configuration: Default
[2026-03-16 00:09:13.190][INF] System sleep allowed.
[2026-03-16 00:09:13.193][INF] HotkeyPrimaryElection: 成为主进程（创建了新的全局互斥锁）
[2026-03-16 00:09:13.193][INF] GlobalHotkeyService: 作为主进程初始化
[2026-03-16 00:09:13.197][INF] HotkeyIpcServer: 端口文件已保存到 C:\Users\MSI\AppData\Local\Temp\MFAAvalonia\hotkey_ipc_port.txt
[2026-03-16 00:09:13.197][INF] HotkeyIpcServer: 启动 TCP 服务端，端口 52718
[2026-03-16 00:09:13.245][WRN] MaaProcessor.Interface is not initialized yet.
[2026-03-16 00:09:13.251][INF] [调试] instances 目录中实际存在的实例文件数量: 1, ID列表: [339d7c15]
[2026-03-16 00:09:13.301][INF] Resource version: 1.0.0
[2026-03-16 00:09:13.301][INF] MaaFramework version: v5.8.1
[2026-03-16 00:09:13.327][INF] [懒加载] 已加载当天有定时任务的实例
[2026-03-16 00:09:13.376][INF] 窗口大小已加载: width=1634, height=993
[2026-03-16 00:09:13.381][INF] 保存的窗口位置 (-32000, -32000) 不在有效屏幕范围内，使用默认居中位置
[2026-03-16 00:09:13.582][WRN] 跨平台数据解密失败: 参数错误。
[2026-03-16 00:09:13.617][WRN] 跨平台数据解密失败: The input is not a valid Base-64 string as it contains a non-base 64 character, more than two padding characters, or an illegal character among the padding characters.
[2026-03-16 00:09:13.731][INF] [调试] instances 目录中实际存在的实例文件数量: 1, ID列表: [339d7c15]
[2026-03-16 00:09:13.733][INF] [懒加载] 已加载当天有定时任务的实例
[2026-03-16 00:09:14.050][INF] [懒加载] 所有实例加载完成
[2026-03-16 00:09:14.051][INF] [懒加载] 所有实例加载完成
[2026-03-16 00:09:14.095][INF] UI initialization started
[2026-03-16 00:09:14.498][INF] MFA异步任务 公告和最新版本检测 开始.
[2026-03-16 00:09:14.801][INF] Reading saved ADB device from configuration, using fingerprint matching.
[2026-03-16 00:09:14.802][INF] Saved device fingerprint: MuMu安卓设备-MuMuPlayer12 v5|0|127.0.0.1|16384
[2026-03-16 00:09:14.948][INF] Found matching device by fingerprint: MuMu安卓设备-MuMuPlayer12 v5 (127.0.0.1:16384)
[2026-03-16 00:09:14.985][INF] [TaskPipelineMerge] Task#1 Name=[打开bbc] Entry=[运行BBC] PipelineList=[
  {},
  {
    "运行BBC": {
      "action": {
        "type": "Command",
        "param": {
          "exec": "F:\\BBchannel\\启动.cmd"
        }
      }
    }
  },
  {
    "冠位戴冠战-BBC脚本运行": {
      "action": {
        "type": "Command",
        "param": {
          "exec": "F:\\Game_AUTO\\MaaFGO\\MFAAvalonia\\run_bbc\\bbctools.cmd"
        }
      }
    }
  }
]
[2026-03-16 00:09:14.986][INF] [TaskPipelineMerge] Task#2 Name=[启动游戏] Entry=[启动FGO] PipelineList=[
  {},
  {
    "运行BBC": {
      "action": {
        "type": "Command",
        "param": {
          "exec": "F:\\BBchannel\\启动.cmd"
        }
      }
    }
  },
  {
    "冠位戴冠战-BBC脚本运行": {
      "action": {
        "type": "Command",
        "param": {
          "exec": "F:\\Game_AUTO\\MaaFGO\\MFAAvalonia\\run_bbc\\bbctools.cmd"
        }
      }
    }
  },
  {
    "启动FGO": {
      "action": {
        "type": "StartApp",
        "param": {
          "package": "com.aniplex.fategrandorder"
        }
      }
    }
  }
]
[2026-03-16 00:09:14.986][INF] [TaskPipelineMerge] Task#3 Name=[冠位戴冠战] Entry=[冠位戴冠战-开始] PipelineList=[
  {},
  {
    "运行BBC": {
      "action": {
        "type": "Command",
        "param": {
          "exec": "F:\\BBchannel\\启动.cmd"
        }
      }
    }
  },
  {
    "冠位戴冠战-BBC脚本运行": {
      "action": {
        "type": "Command",
        "param": {
          "exec": "F:\\Game_AUTO\\MaaFGO\\MFAAvalonia\\run_bbc\\bbctools.cmd"
        }
      }
    }
  },
  {
    "冠位戴冠战-职介": {
      "recognition": {
        "type": "TemplateMatch",
        "param": {
          "template": [
            "grand_lancer.png"
          ]
        }
      }
    }
  },
  {
    "冠位戴冠战-等级副本": {
      "recognition": {
        "type": "TemplateMatch",
        "param": {
          "template": [
            "grand_100+++.png"
          ]
        }
      }
    }
  }
]
[2026-03-16 00:09:15.077][INF] MFA异步任务 启动任务 开始.
[2026-03-16 00:09:15.080][INF] MFA异步任务 启动附加开始脚本 开始.
[2026-03-16 00:09:15.081][INF] >>> MFA异步任务 启动附加开始脚本 已完成.
[2026-03-16 00:09:15.081][INF] >>> MFA异步任务 启动任务 已完成.
[2026-03-16 00:09:15.084][INF] 正在连接至模拟器......
[2026-03-16 00:09:15.084][INF] 正在载入资源
[2026-03-16 00:09:15.085][INF] Resource: F:\Game_AUTO\MaaFGO\MFAAvalonia\resource
[2026-03-16 00:09:15.085][INF] MFA异步任务 资源检测 开始.
[2026-03-16 00:09:15.170][INF] >>> MFA异步任务 资源检测 已完成.
[2026-03-16 00:09:15.171][INF] Use GPU: succeed
[2026-03-16 00:09:15.171][INF] GPU acceleration: Auto
[2026-03-16 00:09:15.171][INF] MFA异步任务 控制器检测 开始.
[2026-03-16 00:09:15.172][INF] Loading MAA Controller Configuration...
[2026-03-16 00:09:15.172][INF] 触控模式:All,捕获模式:EmulatorExtras
[2026-03-16 00:09:15.173][INF] Name: MuMu安卓设备-MuMuPlayer12 v5
[2026-03-16 00:09:15.173][INF] AdbPath: C:/Program Files/Netease/MuMu Player 12/nx_main/adb.exe
[2026-03-16 00:09:15.173][INF] AdbSerial: 127.0.0.1:16384
[2026-03-16 00:09:15.173][INF] ScreenCap: EmulatorExtras
[2026-03-16 00:09:15.173][INF] Input: All
[2026-03-16 00:09:15.173][INF] Config: {"extras":{"mumu":{"enable":true,"index":0,"path":"C:/Program Files/Netease/MuMu Player 12"}}
[2026-03-16 00:09:15.330][INF] >>> MFA异步任务 控制器检测 已完成.
[2026-03-16 00:09:15.543][INF] Registered built-in special task actions
[2026-03-16 00:09:15.543][INF] Custom directory not found: F:\Game_AUTO\MaaFGO\MFAAvalonia\.\resource\custom
[2026-03-16 00:09:15.543][INF] Custom directory not found: F:\Game_AUTO\MaaFGO\MFAAvalonia\resource\custom
[2026-03-16 00:09:15.544][INF] Maafw debug mode: False
[2026-03-16 00:09:15.803][WRN] 公告文件夹不存在: F:\Game_AUTO\MaaFGO\MFAAvalonia\resource\announcement
[2026-03-16 00:09:15.914][INF] MFA异步任务 截图测试 开始.
[2026-03-16 00:09:15.932][INF] >>> MFA异步任务 截图测试 已完成.
[2026-03-16 00:09:15.933][INF] 截图耗时: 8ms(EmulatorExtras)
[2026-03-16 00:09:15.937][INF] 开始任务: 打开bbc
[2026-03-16 00:09:15.937][INF] MFA异步任务 队列任务 开始.
[2026-03-16 00:09:16.614][INF] >>> MFA异步任务 队列任务 已完成.
[2026-03-16 00:09:16.615][INF] MFA异步任务 队列任务 开始.
[2026-03-16 00:09:16.617][INF] 开始任务: 启动游戏
[2026-03-16 00:09:27.811][INF] 登录失败！
[2026-03-16 00:10:07.038][INF] 成功抵达主界面
[2026-03-16 00:10:07.444][INF] >>> MFA异步任务 队列任务 已完成.
[2026-03-16 00:10:07.445][INF] MFA异步任务 队列任务 开始.
[2026-03-16 00:10:07.446][INF] 开始任务: 冠位戴冠战
[2026-03-16 00:10:17.241][INF] 打开BBC中，请尽量不要移动鼠标，并将bbc窗口置于主屏幕
[2026-03-16 00:11:17.604][INF] 等待任务完成，BBC正常运行后，可以自由操作。
[2026-03-16 00:11:17.845][INF] 没有识别到任务完成
[2026-03-16 00:11:28.341][INF] 没有识别到任务完成
[2026-03-16 00:11:38.842][INF] 没有识别到任务完成
[2026-03-16 00:11:49.329][INF] 没有识别到任务完成
[2026-03-16 00:11:59.841][INF] 没有识别到任务完成
[2026-03-16 00:12:10.340][INF] 没有识别到任务完成
[2026-03-16 00:12:20.838][INF] 没有识别到任务完成
[2026-03-16 00:12:31.331][INF] 没有识别到任务完成
[2026-03-16 00:12:41.828][INF] 没有识别到任务完成
[2026-03-16 00:12:52.320][INF] 没有识别到任务完成
[2026-03-16 00:13:02.817][INF] 没有识别到任务完成
[2026-03-16 00:13:13.302][INF] 没有识别到任务完成
[2026-03-16 00:13:23.797][INF] 没有识别到任务完成
[2026-03-16 00:13:34.299][INF] 没有识别到任务完成
[2026-03-16 00:13:44.800][INF] 没有识别到任务完成
[2026-03-16 00:13:55.290][INF] 没有识别到任务完成
[2026-03-16 00:14:05.788][INF] 没有识别到任务完成
[2026-03-16 00:14:16.277][INF] 没有识别到任务完成
[2026-03-16 00:14:26.773][INF] 没有识别到任务完成
[2026-03-16 00:14:37.273][INF] 没有识别到任务完成
[2026-03-16 00:14:47.773][INF] 没有识别到任务完成
[2026-03-16 00:14:58.279][INF] 没有识别到任务完成
[2026-03-16 00:15:08.781][INF] 没有识别到任务完成
[2026-03-16 00:15:19.270][INF] 没有识别到任务完成
[2026-03-16 00:15:29.765][INF] 没有识别到任务完成
[2026-03-16 00:15:40.271][INF] 没有识别到任务完成
[2026-03-16 00:15:50.803][INF] 没有识别到任务完成
[2026-03-16 00:16:01.295][INF] 没有识别到任务完成
[2026-03-16 00:16:11.795][INF] 没有识别到任务完成
[2026-03-16 00:16:22.286][INF] 没有识别到任务完成
[2026-03-16 00:16:32.786][INF] 没有识别到任务完成
[2026-03-16 00:16:43.294][INF] 没有识别到任务完成
[2026-03-16 00:16:53.800][INF] 没有识别到任务完成
[2026-03-16 00:17:04.296][INF] 没有识别到任务完成
[2026-03-16 00:17:14.804][INF] 没有识别到任务完成
[2026-03-16 00:17:25.303][INF] 没有识别到任务完成
[2026-03-16 00:17:35.811][INF] 没有识别到任务完成
[2026-03-16 00:17:46.309][INF] 没有识别到任务完成
[2026-03-16 00:17:56.809][INF] 没有识别到任务完成
[2026-03-16 00:18:07.305][INF] 没有识别到任务完成
[2026-03-16 00:18:17.829][INF] 没有识别到任务完成
[2026-03-16 00:18:28.345][INF] 没有识别到任务完成
[2026-03-16 00:18:38.848][INF] 没有识别到任务完成
[2026-03-16 00:18:49.359][INF] 没有识别到任务完成
[2026-03-16 00:18:59.864][INF] 没有识别到任务完成
[2026-03-16 00:19:10.368][INF] 没有识别到任务完成
[2026-03-16 00:19:20.870][INF] 没有识别到任务完成
[2026-03-16 00:19:31.362][INF] 没有识别到任务完成
[2026-03-16 00:19:41.858][INF] 没有识别到任务完成
[2026-03-16 00:19:52.356][INF] 没有识别到任务完成
[2026-03-16 00:20:02.855][INF] 没有识别到任务完成
[2026-03-16 00:20:13.353][INF] 没有识别到任务完成
[2026-03-16 00:20:23.852][INF] 任务完成
[2026-03-16 00:20:24.257][INF] >>> MFA异步任务 队列任务 已完成.
[2026-03-16 00:20:24.259][INF] MFA异步任务 启动附加结束脚本 开始.
[2026-03-16 00:20:24.260][INF] >>> MFA异步任务 启动附加结束脚本 已完成.
[2026-03-16 00:20:24.263][INF] MFA异步任务 启动检测 开始.
[2026-03-16 00:20:24.264][INF] 开始执行任务: 查询CDK
[2026-03-16 00:20:24.265][INF] Stop Status: SUCCEEDED
[2026-03-16 00:20:24.265][INF] 任务完成: 查询CDK
[2026-03-16 00:20:24.265][INF] 开始执行任务: 更新资源
[2026-03-16 00:20:24.265][INF] MFA异步任务 停止maafw任务 开始.
[2026-03-16 00:20:24.267][INF] >>> 任务 播放音频 开始.
[2026-03-16 00:20:24.273][ERR] System.Exception: 该资源操作暂不支持 Mirror酱
   at MFAAvalonia.Helper.VersionChecker.GetDownloadUrlFromMirror(String version, String resId, String cdk, String& url, String& latestVersion, String& sha256, Boolean& isFull, String userAgent, Boolean isUI, Boolean onlyCheck, String currentVersion, Boolean showResponse, Boolean saveAnnouncement)
   at MFAAvalonia.Helper.VersionChecker.CheckForResourceUpdatesAsync(Boolean isGithub)
[2026-03-16 00:20:24.273][INF] 任务完成: 更新资源
[2026-03-16 00:20:24.348][INF] >>> 任务 播放音频 完成.
[2026-03-16 00:20:24.369][INF] 任务已全部完成！
(用时 0h 11m 9s)
[2026-03-16 00:35:23.941][INF] 截图超时，已断开连接
[2026-03-16 00:35:27.149][INF] MFA Closed!
[2026-03-16 09:34:17.389][INF] Added DLL directory (Windows API): F:\Game_AUTO\MaaFGO\MFAAvalonia\libs
[2026-03-16 09:34:17.413][INF] Native library resolver setup completed using AssemblyLoadContext.ResolvingUnmanagedDll
[2026-03-16 09:34:17.450][INF] MaaFramework runtimes: [
  "F:\\Game_AUTO\\MaaFGO\\MFAAvalonia\\runtimes\\win-x64\\native"
]
[2026-03-16 09:34:17.453][INF] Args: {}
[2026-03-16 09:34:17.453][INF] MFA version: v2.10.9
[2026-03-16 09:34:17.453][INF] .NET version: .NET 10.0.3
[2026-03-16 09:34:17.960][INF] Initializing LanguageManager...
[2026-03-16 09:34:18.084][INF] Loading Configurations...
[2026-03-16 09:34:18.115][INF] Current Configuration: Default
[2026-03-16 09:34:18.174][INF] System sleep allowed.
[2026-03-16 09:34:18.177][INF] HotkeyPrimaryElection: 成为主进程（创建了新的全局互斥锁）
[2026-03-16 09:34:18.178][INF] GlobalHotkeyService: 作为主进程初始化
[2026-03-16 09:34:18.185][INF] HotkeyIpcServer: 端口文件已保存到 C:\Users\MSI\AppData\Local\Temp\MFAAvalonia\hotkey_ipc_port.txt
[2026-03-16 09:34:18.185][INF] HotkeyIpcServer: 启动 TCP 服务端，端口 52718
[2026-03-16 09:34:18.273][WRN] MaaProcessor.Interface is not initialized yet.
[2026-03-16 09:34:18.279][INF] [调试] instances 目录中实际存在的实例文件数量: 1, ID列表: [339d7c15]
[2026-03-16 09:34:18.334][INF] Resource version: 1.0.0
[2026-03-16 09:34:18.334][INF] MaaFramework version: v5.8.1
[2026-03-16 09:34:18.364][INF] [懒加载] 已加载当天有定时任务的实例
[2026-03-16 09:34:18.410][INF] 窗口大小已加载: width=1634, height=993
[2026-03-16 09:34:18.416][INF] 窗口位置已加载: X=-2040, Y=124
[2026-03-16 09:34:18.626][WRN] 跨平台数据解密失败: 参数错误。
[2026-03-16 09:34:18.675][WRN] 跨平台数据解密失败: The input is not a valid Base-64 string as it contains a non-base 64 character, more than two padding characters, or an illegal character among the padding characters.
[2026-03-16 09:34:18.799][INF] [调试] instances 目录中实际存在的实例文件数量: 1, ID列表: [339d7c15]
[2026-03-16 09:34:18.801][INF] [懒加载] 已加载当天有定时任务的实例
[2026-03-16 09:34:19.098][INF] [懒加载] 所有实例加载完成
[2026-03-16 09:34:19.099][INF] [懒加载] 所有实例加载完成
[2026-03-16 09:34:19.157][INF] UI initialization started
[2026-03-16 09:34:19.542][INF] MFA异步任务 公告和最新版本检测 开始.
[2026-03-16 09:34:19.847][INF] Reading saved ADB device from configuration, using fingerprint matching.
[2026-03-16 09:34:19.847][INF] Saved device fingerprint: MuMu安卓设备-MuMuPlayer12 v5|0|127.0.0.1|16384
[2026-03-16 09:34:19.974][INF] Found matching device by fingerprint: MuMu安卓设备-MuMuPlayer12 v5 (127.0.0.1:16384)
[2026-03-16 09:34:20.010][INF] [TaskPipelineMerge] Task#1 Name=[打开bbc] Entry=[运行BBC] PipelineList=[
  {},
  {
    "运行BBC": {
      "action": {
        "type": "Command",
        "param": {
          "exec": "F:\\BBchannel\\启动.cmd"
        }
      }
    }
  },
  {
    "冠位戴冠战-BBC脚本运行": {
      "action": {
        "type": "Command",
        "param": {
          "exec": "F:\\Game_AUTO\\MaaFGO\\MFAAvalonia\\run_bbc\\bbctools.cmd"
        }
      }
    }
  }
]
[2026-03-16 09:34:20.011][INF] [TaskPipelineMerge] Task#2 Name=[启动游戏] Entry=[启动FGO] PipelineList=[
  {},
  {
    "运行BBC": {
      "action": {
        "type": "Command",
        "param": {
          "exec": "F:\\BBchannel\\启动.cmd"
        }
      }
    }
  },
  {
    "冠位戴冠战-BBC脚本运行": {
      "action": {
        "type": "Command",
        "param": {
          "exec": "F:\\Game_AUTO\\MaaFGO\\MFAAvalonia\\run_bbc\\bbctools.cmd"
        }
      }
    }
  },
  {
    "启动FGO": {
      "action": {
        "type": "StartApp",
        "param": {
          "package": "com.aniplex.fategrandorder"
        }
      }
    }
  }
]
[2026-03-16 09:34:20.012][INF] [TaskPipelineMerge] Task#3 Name=[冠位戴冠战] Entry=[冠位戴冠战-开始] PipelineList=[
  {},
  {
    "运行BBC": {
      "action": {
        "type": "Command",
        "param": {
          "exec": "F:\\BBchannel\\启动.cmd"
        }
      }
    }
  },
  {
    "冠位戴冠战-BBC脚本运行": {
      "action": {
        "type": "Command",
        "param": {
          "exec": "F:\\Game_AUTO\\MaaFGO\\MFAAvalonia\\run_bbc\\bbctools.cmd"
        }
      }
    }
  },
  {
    "冠位戴冠战-职介": {
      "recognition": {
        "type": "TemplateMatch",
        "param": {
          "template": [
            "grand_lancer.png"
          ]
        }
      }
    }
  },
  {
    "冠位戴冠战-等级副本": {
      "recognition": {
        "type": "TemplateMatch",
        "param": {
          "template": [
            "grand_100+++.png"
          ]
        }
      }
    }
  }
]
[2026-03-16 09:34:20.096][INF] MFA异步任务 启动任务 开始.
[2026-03-16 09:34:20.099][INF] MFA异步任务 启动附加开始脚本 开始.
[2026-03-16 09:34:20.100][INF] >>> MFA异步任务 启动附加开始脚本 已完成.
[2026-03-16 09:34:20.100][INF] >>> MFA异步任务 启动任务 已完成.
[2026-03-16 09:34:20.103][INF] 正在载入资源
[2026-03-16 09:34:20.103][INF] 正在连接至模拟器......
[2026-03-16 09:34:20.103][INF] Resource: F:\Game_AUTO\MaaFGO\MFAAvalonia\resource
[2026-03-16 09:34:20.104][INF] MFA异步任务 资源检测 开始.
[2026-03-16 09:34:20.203][INF] >>> MFA异步任务 资源检测 已完成.
[2026-03-16 09:34:20.204][INF] Use GPU: succeed
[2026-03-16 09:34:20.204][INF] GPU acceleration: Auto
[2026-03-16 09:34:20.204][INF] MFA异步任务 控制器检测 开始.
[2026-03-16 09:34:20.204][INF] Loading MAA Controller Configuration...
[2026-03-16 09:34:20.205][INF] 触控模式:All,捕获模式:EmulatorExtras
[2026-03-16 09:34:20.205][INF] Name: MuMu安卓设备-MuMuPlayer12 v5
[2026-03-16 09:34:20.205][INF] AdbPath: C:/Program Files/Netease/MuMu Player 12/nx_main/adb.exe
[2026-03-16 09:34:20.205][INF] AdbSerial: 127.0.0.1:16384
[2026-03-16 09:34:20.205][INF] ScreenCap: EmulatorExtras
[2026-03-16 09:34:20.205][INF] Input: All
[2026-03-16 09:34:20.205][INF] Config: {"extras":{"mumu":{"enable":true,"index":0,"path":"C:/Program Files/Netease/MuMu Player 12"}}
[2026-03-16 09:34:20.848][WRN] 公告文件夹不存在: F:\Game_AUTO\MaaFGO\MFAAvalonia\resource\announcement
[2026-03-16 09:34:22.453][INF] >>> MFA异步任务 控制器检测 已完成.
[2026-03-16 09:34:22.661][INF] Registered built-in special task actions
[2026-03-16 09:34:22.662][INF] Custom directory not found: F:\Game_AUTO\MaaFGO\MFAAvalonia\.\resource\custom
[2026-03-16 09:34:22.662][INF] Custom directory not found: F:\Game_AUTO\MaaFGO\MFAAvalonia\resource\custom
[2026-03-16 09:34:22.662][INF] Maafw debug mode: False
[2026-03-16 09:34:23.036][INF] MFA异步任务 截图测试 开始.
[2026-03-16 09:34:23.058][INF] >>> MFA异步任务 截图测试 已完成.
[2026-03-16 09:34:23.064][INF] 截图耗时: 10ms(EmulatorExtras)
[2026-03-16 09:34:23.066][INF] MFA异步任务 队列任务 开始.
[2026-03-16 09:34:23.068][INF] 开始任务: 打开bbc
[2026-03-16 09:34:23.799][INF] >>> MFA异步任务 队列任务 已完成.
[2026-03-16 09:34:23.800][INF] MFA异步任务 队列任务 开始.
[2026-03-16 09:34:23.802][INF] 开始任务: 启动游戏
[2026-03-16 09:34:35.404][INF] 登录失败！
[2026-03-16 09:34:41.364][INF] 登录失败！
[2026-03-16 09:35:21.474][INF] 成功抵达主界面
[2026-03-16 09:35:21.881][INF] >>> MFA异步任务 队列任务 已完成.
[2026-03-16 09:35:21.882][INF] MFA异步任务 队列任务 开始.
[2026-03-16 09:35:21.883][INF] 开始任务: 冠位戴冠战
[2026-03-16 09:35:31.096][INF] 未找到戴冠战入口！脚本中止
[2026-03-16 09:35:31.502][INF] >>> MFA异步任务 队列任务 已完成.
[2026-03-16 09:35:31.503][INF] MFA异步任务 启动附加结束脚本 开始.
[2026-03-16 09:35:31.504][INF] >>> MFA异步任务 启动附加结束脚本 已完成.
[2026-03-16 09:35:31.508][INF] MFA异步任务 启动检测 开始.
[2026-03-16 09:35:31.509][INF] Stop Status: SUCCEEDED
[2026-03-16 09:35:31.509][INF] 开始执行任务: 查询CDK
[2026-03-16 09:35:31.509][INF] MFA异步任务 停止maafw任务 开始.
[2026-03-16 09:35:31.510][INF] 任务完成: 查询CDK
[2026-03-16 09:35:31.510][INF] 开始执行任务: 更新资源
[2026-03-16 09:35:31.511][INF] >>> 任务 播放音频 开始.
[2026-03-16 09:35:31.568][ERR] System.Exception: 该资源操作暂不支持 Mirror酱
   at MFAAvalonia.Helper.VersionChecker.GetDownloadUrlFromMirror(String version, String resId, String cdk, String& url, String& latestVersion, String& sha256, Boolean& isFull, String userAgent, Boolean isUI, Boolean onlyCheck, String currentVersion, Boolean showResponse, Boolean saveAnnouncement)
   at MFAAvalonia.Helper.VersionChecker.CheckForResourceUpdatesAsync(Boolean isGithub)
[2026-03-16 09:35:31.568][INF] 任务完成: 更新资源
[2026-03-16 09:35:31.647][INF] >>> 任务 播放音频 完成.
[2026-03-16 09:35:31.649][INF] 任务已全部完成！
(用时 0h 1m 11s)
[2026-03-16 09:42:15.921][INF] [TaskPipelineMerge] Task#1 Name=[启动游戏] Entry=[启动FGO] PipelineList=[
  {},
  {
    "运行BBC": {
      "action": {
        "type": "Command",
        "param": {
          "exec": "F:\\BBchannel\\启动.cmd"
        }
      }
    }
  },
  {
    "冠位戴冠战-BBC脚本运行": {
      "action": {
        "type": "Command",
        "param": {
          "exec": "F:\\Game_AUTO\\MaaFGO\\MFAAvalonia\\run_bbc\\bbctools.cmd"
        }
      }
    }
  },
  {
    "启动FGO": {
      "action": {
        "type": "StartApp",
        "param": {
          "package": "com.aniplex.fategrandorder"
        }
      }
    }
  }
]
[2026-03-16 09:42:15.921][INF] [TaskPipelineMerge] Task#2 Name=[冠位戴冠战] Entry=[冠位戴冠战-开始] PipelineList=[
  {},
  {
    "运行BBC": {
      "action": {
        "type": "Command",
        "param": {
          "exec": "F:\\BBchannel\\启动.cmd"
        }
      }
    }
  },
  {
    "冠位戴冠战-BBC脚本运行": {
      "action": {
        "type": "Command",
        "param": {
          "exec": "F:\\Game_AUTO\\MaaFGO\\MFAAvalonia\\run_bbc\\bbctools.cmd"
        }
      }
    }
  },
  {
    "冠位戴冠战-职介": {
      "recognition": {
        "type": "TemplateMatch",
        "param": {
          "template": [
            "grand_lancer.png"
          ]
        }
      }
    }
  },
  {
    "冠位戴冠战-等级副本": {
      "recognition": {
        "type": "TemplateMatch",
        "param": {
          "template": [
            "grand_100+++.png"
          ]
        }
      }
    }
  }
]
[2026-03-16 09:42:15.928][INF] MFA异步任务 启动任务 开始.
[2026-03-16 09:42:15.929][INF] MFA异步任务 启动附加开始脚本 开始.
[2026-03-16 09:42:15.929][INF] >>> MFA异步任务 启动附加开始脚本 已完成.
[2026-03-16 09:42:15.929][INF] >>> MFA异步任务 启动任务 已完成.
[2026-03-16 09:42:15.929][INF] MFA异步任务 截图测试 开始.
[2026-03-16 09:42:15.946][INF] >>> MFA异步任务 截图测试 已完成.
[2026-03-16 09:42:15.947][INF] 截图耗时: 8ms(EmulatorExtras)
[2026-03-16 09:42:15.948][INF] MFA异步任务 队列任务 开始.
[2026-03-16 09:42:15.948][INF] 开始任务: 启动游戏
[2026-03-16 09:42:26.588][INF] 登录失败！
[2026-03-16 09:43:10.382][INF] 未成功抵达主界面，脚本中止
[2026-03-16 09:43:11.377][INF] 未成功抵达主界面，脚本中止
[2026-03-16 09:43:12.399][INF] 未成功抵达主界面，脚本中止
[2026-03-16 09:43:16.742][INF] 成功抵达主界面
[2026-03-16 09:43:17.147][INF] >>> MFA异步任务 队列任务 已完成.
[2026-03-16 09:43:17.147][INF] MFA异步任务 队列任务 开始.
[2026-03-16 09:43:17.148][INF] 开始任务: 冠位戴冠战
[2026-03-16 09:43:29.490][INF] 打开BBC中，请尽量不要移动鼠标，并将bbc窗口置于主屏幕
[2026-03-16 09:44:29.883][INF] 等待任务完成，BBC正常运行后，可以自由操作。
[2026-03-16 09:44:30.094][INF] 没有识别到任务完成
[2026-03-16 09:44:40.579][INF] 没有识别到任务完成
[2026-03-16 09:44:51.054][INF] 没有识别到任务完成
[2026-03-16 09:45:01.533][INF] 没有识别到任务完成
[2026-03-16 09:45:12.007][INF] 没有识别到任务完成
[2026-03-16 09:45:22.478][INF] 没有识别到任务完成
[2026-03-16 09:45:32.946][INF] 没有识别到任务完成
[2026-03-16 09:45:43.426][INF] 没有识别到任务完成
[2026-03-16 09:45:53.898][INF] 没有识别到任务完成
[2026-03-16 09:46:04.372][INF] 没有识别到任务完成
[2026-03-16 09:46:14.845][INF] 没有识别到任务完成
[2026-03-16 09:46:25.338][INF] 没有识别到任务完成
[2026-03-16 09:46:35.822][INF] 没有识别到任务完成
[2026-03-16 09:46:46.294][INF] 没有识别到任务完成
[2026-03-16 09:46:56.770][INF] 没有识别到任务完成
[2026-03-16 09:47:07.241][INF] 没有识别到任务完成
[2026-03-16 09:47:17.720][INF] 没有识别到任务完成
[2026-03-16 09:47:28.195][INF] 没有识别到任务完成
[2026-03-16 09:47:38.672][INF] 没有识别到任务完成
[2026-03-16 09:47:49.156][INF] 没有识别到任务完成
[2026-03-16 09:47:59.648][INF] 没有识别到任务完成
[2026-03-16 09:48:10.128][INF] 没有识别到任务完成
[2026-03-16 09:48:20.629][INF] 没有识别到任务完成
[2026-03-16 09:48:31.110][INF] 没有识别到任务完成
[2026-03-16 09:48:41.601][INF] 没有识别到任务完成
[2026-03-16 09:48:52.089][INF] 没有识别到任务完成
[2026-03-16 09:49:02.561][INF] 没有识别到任务完成
[2026-03-16 09:49:13.033][INF] 没有识别到任务完成
[2026-03-16 09:49:23.508][INF] 没有识别到任务完成
[2026-03-16 09:49:33.993][INF] 没有识别到任务完成
[2026-03-16 09:49:44.481][INF] 没有识别到任务完成
[2026-03-16 09:49:54.957][INF] 没有识别到任务完成
[2026-03-16 09:50:05.429][INF] 没有识别到任务完成
[2026-03-16 09:50:15.898][INF] 没有识别到任务完成
[2026-03-16 09:50:26.381][INF] 没有识别到任务完成
[2026-03-16 09:50:36.863][INF] 没有识别到任务完成
[2026-03-16 09:50:47.345][INF] 任务完成
[2026-03-16 09:50:47.749][INF] >>> MFA异步任务 队列任务 已完成.
[2026-03-16 09:50:47.752][INF] MFA异步任务 启动附加结束脚本 开始.
[2026-03-16 09:50:47.753][INF] >>> MFA异步任务 启动附加结束脚本 已完成.
[2026-03-16 09:50:47.753][INF] Stop Status: SUCCEEDED
[2026-03-16 09:50:47.753][INF] MFA异步任务 停止maafw任务 开始.
[2026-03-16 09:50:47.753][INF] >>> 任务 播放音频 开始.
[2026-03-16 09:50:47.821][INF] >>> 任务 播放音频 完成.
[2026-03-16 09:50:47.829][INF] 任务已全部完成！
(用时 0h 8m 31s)
