[2026-03-17 15:37:10.404][INF] Added DLL directory (Windows API): F:\Game_AUTO\MaaFGO\MFAAvalonia\libs
[2026-03-17 15:37:10.423][INF] Native library resolver setup completed using AssemblyLoadContext.ResolvingUnmanagedDll
[2026-03-17 15:37:10.447][INF] MaaFramework runtimes: [
  "F:\\Game_AUTO\\MaaFGO\\MFAAvalonia\\runtimes\\win-x64\\native"
]
[2026-03-17 15:37:10.450][INF] Args: {}
[2026-03-17 15:37:10.450][INF] MFA version: v2.10.9
[2026-03-17 15:37:10.450][INF] .NET version: .NET 10.0.3
[2026-03-17 15:37:11.001][INF] Initializing LanguageManager...
[2026-03-17 15:37:11.115][INF] Loading Configurations...
[2026-03-17 15:37:11.142][INF] Current Configuration: Default
[2026-03-17 15:37:11.214][INF] System sleep allowed.
[2026-03-17 15:37:11.216][INF] HotkeyPrimaryElection: 成为主进程（创建了新的全局互斥锁）
[2026-03-17 15:37:11.216][INF] GlobalHotkeyService: 作为主进程初始化
[2026-03-17 15:37:11.221][INF] HotkeyIpcServer: 端口文件已保存到 C:\Users\MSI\AppData\Local\Temp\MFAAvalonia\hotkey_ipc_port.txt
[2026-03-17 15:37:11.221][INF] HotkeyIpcServer: 启动 TCP 服务端，端口 52718
[2026-03-17 15:37:11.312][WRN] MaaProcessor.Interface is not initialized yet.
[2026-03-17 15:37:11.318][INF] [调试] instances 目录中实际存在的实例文件数量: 1, ID列表: [339d7c15]
[2026-03-17 15:37:11.371][INF] Resource version: 1.0.0
[2026-03-17 15:37:11.371][INF] MaaFramework version: v5.8.1
[2026-03-17 15:37:11.398][INF] [懒加载] 已加载当天有定时任务的实例
[2026-03-17 15:37:11.444][INF] 窗口大小已加载: width=1634, height=993
[2026-03-17 15:37:11.449][INF] 保存的窗口位置 (-32000, -32000) 不在有效屏幕范围内，使用默认居中位置
[2026-03-17 15:37:11.659][WRN] 跨平台数据解密失败: 参数错误。
[2026-03-17 15:37:11.696][WRN] 跨平台数据解密失败: The input is not a valid Base-64 string as it contains a non-base 64 character, more than two padding characters, or an illegal character among the padding characters.
[2026-03-17 15:37:11.828][INF] [调试] instances 目录中实际存在的实例文件数量: 1, ID列表: [339d7c15]
[2026-03-17 15:37:11.830][INF] [懒加载] 已加载当天有定时任务的实例
[2026-03-17 15:37:12.161][INF] [懒加载] 所有实例加载完成
[2026-03-17 15:37:12.161][INF] [懒加载] 所有实例加载完成
[2026-03-17 15:37:12.224][INF] UI initialization started
[2026-03-17 15:37:12.672][INF] MFA异步任务 公告和最新版本检测 开始.
[2026-03-17 15:37:12.977][INF] Reading saved ADB device from configuration, using fingerprint matching.
[2026-03-17 15:37:12.977][INF] Saved device fingerprint: MuMu安卓设备-MuMuPlayer12 v5|0|127.0.0.1|16384
[2026-03-17 15:37:13.082][INF] Found matching device by fingerprint: MuMu安卓设备-MuMuPlayer12 v5 (127.0.0.1:16384)
[2026-03-17 15:37:13.121][INF] [TaskPipelineMerge] Task#1 Name=[冠位戴冠战] Entry=[冠位戴冠战-开始] PipelineList=[
  {},
  {
    "运行BBC": {
      "action": {
        "type": "Command",
        "param": {
          "exec": "F:\\BBchannel\\启动.cmd"
        }
      }
    }
  },
  {
    "冠位戴冠战-BBC脚本运行": {
      "action": {
        "type": "Command",
        "param": {
          "exec": "F:\\Game_AUTO\\MaaFGO\\MFAAvalonia\\run_bbc\\bbctools.cmd"
        }
      }
    }
  },
  {
    "冠位戴冠战-职介": {
      "recognition": {
        "type": "TemplateMatch",
        "param": {
          "template": [
            "grand_lancer.png"
          ]
        }
      }
    }
  },
  {
    "冠位戴冠战-等级副本": {
      "recognition": {
        "type": "TemplateMatch",
        "param": {
          "template": [
            "grand_100+++.png"
          ]
        }
      }
    }
  }
]
[2026-03-17 15:37:13.216][INF] MFA异步任务 启动任务 开始.
[2026-03-17 15:37:13.219][INF] MFA异步任务 启动附加开始脚本 开始.
[2026-03-17 15:37:13.220][INF] >>> MFA异步任务 启动附加开始脚本 已完成.
[2026-03-17 15:37:13.220][INF] >>> MFA异步任务 启动任务 已完成.
[2026-03-17 15:37:13.224][INF] 正在连接至模拟器......
[2026-03-17 15:37:13.224][INF] 正在载入资源
[2026-03-17 15:37:13.224][INF] Resource: F:\Game_AUTO\MaaFGO\MFAAvalonia\resource
[2026-03-17 15:37:13.224][INF] MFA异步任务 资源检测 开始.
[2026-03-17 15:37:13.328][INF] >>> MFA异步任务 资源检测 已完成.
[2026-03-17 15:37:13.329][INF] Use GPU: succeed
[2026-03-17 15:37:13.329][INF] GPU acceleration: Auto
[2026-03-17 15:37:13.329][INF] MFA异步任务 控制器检测 开始.
[2026-03-17 15:37:13.330][INF] Loading MAA Controller Configuration...
[2026-03-17 15:37:13.331][INF] 触控模式:All,捕获模式:EmulatorExtras
[2026-03-17 15:37:13.331][INF] Name: MuMu安卓设备-MuMuPlayer12 v5
[2026-03-17 15:37:13.331][INF] AdbPath: C:/Program Files/Netease/MuMu Player 12/nx_main/adb.exe
[2026-03-17 15:37:13.331][INF] AdbSerial: 127.0.0.1:16384
[2026-03-17 15:37:13.331][INF] ScreenCap: EmulatorExtras
[2026-03-17 15:37:13.331][INF] Input: All
[2026-03-17 15:37:13.331][INF] Config: {"extras":{"mumu":{"enable":true,"index":0,"path":"C:/Program Files/Netease/MuMu Player 12"}}
[2026-03-17 15:37:13.481][INF] >>> MFA异步任务 控制器检测 已完成.
[2026-03-17 15:37:13.688][INF] Registered built-in special task actions
[2026-03-17 15:37:13.688][INF] Custom directory not found: F:\Game_AUTO\MaaFGO\MFAAvalonia\.\resource\custom
[2026-03-17 15:37:13.688][INF] Custom directory not found: F:\Game_AUTO\MaaFGO\MFAAvalonia\resource\custom
[2026-03-17 15:37:13.688][INF] Maafw debug mode: False
[2026-03-17 15:37:13.976][WRN] 公告文件夹不存在: F:\Game_AUTO\MaaFGO\MFAAvalonia\resource\announcement
[2026-03-17 15:37:14.029][INF] MFA异步任务 截图测试 开始.
[2026-03-17 15:37:14.048][INF] >>> MFA异步任务 截图测试 已完成.
[2026-03-17 15:37:14.048][INF] 截图耗时: 8ms(EmulatorExtras)
[2026-03-17 15:37:14.054][INF] 开始任务: 冠位戴冠战
[2026-03-17 15:37:14.055][INF] MFA异步任务 队列任务 开始.
[2026-03-17 15:48:11.322][INF] [内存管理]释放了8.73 MB (19.3%)
[2026-03-17 15:53:11.343][INF] [内存管理]释放了4.93 MB (11.9%)
[2026-03-17 15:58:11.361][INF] [内存管理]释放了5.22 MB (12.6%)
[2026-03-17 16:03:11.379][INF] [内存管理]释放了5.24 MB (12.6%)
[2026-03-17 16:08:11.403][INF] [内存管理]释放了5.13 MB (12.4%)
[2026-03-17 16:13:11.421][INF] [内存管理]释放了5.25 MB (12.6%)
[2026-03-17 16:18:11.440][INF] [内存管理]释放了5.07 MB (12.2%)
[2026-03-17 16:23:11.463][INF] [内存管理]释放了5.22 MB (12.6%)
[2026-03-17 16:28:11.487][INF] [内存管理]释放了5.05 MB (12.2%)
[2026-03-17 16:33:11.504][INF] [内存管理]释放了5.10 MB (12.3%)
[2026-03-17 16:38:11.527][INF] [内存管理]释放了5.07 MB (12.3%)
[2026-03-17 16:43:11.546][INF] [内存管理]释放了5.17 MB (12.5%)
[2026-03-17 16:48:11.565][INF] [内存管理]释放了5.22 MB (12.6%)
[2026-03-17 16:53:11.586][INF] [内存管理]释放了5.21 MB (12.6%)
[2026-03-17 16:58:11.604][INF] [内存管理]释放了4.98 MB (12.1%)
[2026-03-17 17:03:11.629][INF] [内存管理]释放了5.20 MB (12.6%)
[2026-03-17 17:08:11.650][INF] [内存管理]释放了5.22 MB (12.6%)
[2026-03-17 17:13:11.674][INF] [内存管理]释放了8.98 MB (19.8%)
[2026-03-17 17:18:11.702][INF] [内存管理]释放了9.73 MB (21.1%)
[2026-03-17 17:23:11.729][INF] [内存管理]释放了9.76 MB (21.2%)
[2026-03-17 17:28:11.750][INF] [内存管理]释放了9.78 MB (21.2%)
[2026-03-17 17:33:11.776][INF] [内存管理]释放了9.92 MB (21.5%)
[2026-03-17 17:38:11.794][INF] [内存管理]释放了9.92 MB (21.5%)
[2026-03-17 17:43:11.814][INF] [内存管理]释放了9.83 MB (21.3%)
[2026-03-17 17:48:11.837][INF] [内存管理]释放了9.95 MB (21.5%)
[2026-03-17 17:53:11.861][INF] [内存管理]释放了9.73 MB (21.2%)
[2026-03-17 17:58:11.897][INF] [内存管理]释放了9.74 MB (21.2%)
[2026-03-17 18:03:11.927][INF] [内存管理]释放了9.79 MB (21.3%)
[2026-03-17 18:08:11.949][INF] [内存管理]释放了9.96 MB (21.5%)
[2026-03-17 18:13:11.970][INF] [内存管理]释放了9.86 MB (21.4%)
[2026-03-17 18:18:11.994][INF] [内存管理]释放了9.87 MB (21.4%)
[2026-03-17 18:23:12.016][INF] [内存管理]释放了9.88 MB (21.4%)
[2026-03-17 18:28:12.047][INF] [内存管理]释放了9.82 MB (21.3%)
[2026-03-17 18:33:12.069][INF] [内存管理]释放了9.83 MB (21.3%)
[2026-03-17 18:38:12.089][INF] [内存管理]释放了9.93 MB (21.5%)
[2026-03-17 18:43:12.111][INF] [内存管理]释放了9.90 MB (21.5%)
[2026-03-17 18:48:12.132][INF] [内存管理]释放了9.97 MB (21.6%)
[2026-03-17 18:53:12.158][INF] [内存管理]释放了9.89 MB (21.4%)
[2026-03-17 18:56:31.350][INF] >>> MFA异步任务 队列任务 已完成.
[2026-03-17 18:56:31.351][INF] MFA异步任务 启动附加结束脚本 开始.
[2026-03-17 18:56:31.352][INF] >>> MFA异步任务 启动附加结束脚本 已完成.
[2026-03-17 18:56:31.354][INF] MFA异步任务 启动检测 开始.
[2026-03-17 18:56:31.355][INF] 开始执行任务: 查询CDK
[2026-03-17 18:56:31.356][INF] Stop Status: SUCCEEDED
[2026-03-17 18:56:31.356][INF] MFA异步任务 停止maafw任务 开始.
[2026-03-17 18:56:31.356][INF] 任务完成: 查询CDK
[2026-03-17 18:56:31.356][INF] 开始执行任务: 更新资源
[2026-03-17 18:56:31.357][INF] >>> 任务 播放音频 开始.
[2026-03-17 18:56:31.400][ERR] System.Exception: 该资源操作暂不支持 Mirror酱
   at MFAAvalonia.Helper.VersionChecker.GetDownloadUrlFromMirror(String version, String resId, String cdk, String& url, String& latestVersion, String& sha256, Boolean& isFull, String userAgent, Boolean isUI, Boolean onlyCheck, String currentVersion, Boolean showResponse, Boolean saveAnnouncement)
   at MFAAvalonia.Helper.VersionChecker.CheckForResourceUpdatesAsync(Boolean isGithub)
[2026-03-17 18:56:31.400][INF] 任务完成: 更新资源
[2026-03-17 18:56:31.455][INF] >>> 任务 播放音频 完成.
[2026-03-17 18:56:31.464][INF] 任务已全部完成！
(用时 3h 19m 18s)
[2026-03-17 19:03:12.225][INF] [内存管理]释放了11.98 MB (24.1%)
[2026-03-17 19:08:12.247][INF] [内存管理]释放了4.77 MB (11.3%)
[2026-03-17 19:12:47.242][INF] MFA异步任务 刷新 开始.
[2026-03-17 19:12:47.242][INF] >>> MFA异步任务 刷新 已完成.
[2026-03-17 19:12:47.360][INF] Current device: {"InfoHandle":{"value":1905227830128},"Name":"MuMu安卓设备-MuMuPlayer12 v5","AdbPath":"C:/Program Files/Netease/MuMu Player 12/nx_main/adb.exe","AdbSerial":"127.0.0.1:16384","ScreencapMethods":64,"InputMethods":18446744073709551615,"Config":"{\"extras\":{\"mumu\":{\"enable\":true,\"index\":0,\"path\":\"C:/Program Files/Netease/MuMu Player 12\"}}","AgentPath":"./MaaAgentBinary"}
[2026-03-17 19:12:47.360][INF] Found 1 devices matching fingerprint
[2026-03-17 19:33:24.610][INF] Added DLL directory (Windows API): F:\Game_AUTO\MaaFGO\MFAAvalonia\libs
[2026-03-17 19:33:24.631][INF] Native library resolver setup completed using AssemblyLoadContext.ResolvingUnmanagedDll
[2026-03-17 19:33:24.653][INF] MaaFramework runtimes: [
  "F:\\Game_AUTO\\MaaFGO\\MFAAvalonia\\runtimes\\win-x64\\native"
]
[2026-03-17 19:33:24.655][INF] Args: {}
[2026-03-17 19:33:24.655][INF] MFA version: v2.10.9
[2026-03-17 19:33:24.655][INF] .NET version: .NET 10.0.3
[2026-03-17 19:33:25.112][INF] Initializing LanguageManager...
[2026-03-17 19:33:25.219][INF] Loading Configurations...
[2026-03-17 19:33:25.241][INF] Current Configuration: Default
[2026-03-17 19:33:25.303][INF] System sleep allowed.
[2026-03-17 19:33:25.305][INF] HotkeyPrimaryElection: 成为主进程（创建了新的全局互斥锁）
[2026-03-17 19:33:25.305][INF] GlobalHotkeyService: 作为主进程初始化
[2026-03-17 19:33:25.309][INF] HotkeyIpcServer: 端口文件已保存到 C:\Users\MSI\AppData\Local\Temp\MFAAvalonia\hotkey_ipc_port.txt
[2026-03-17 19:33:25.309][INF] HotkeyIpcServer: 启动 TCP 服务端，端口 52718
[2026-03-17 19:33:25.361][WRN] MaaProcessor.Interface is not initialized yet.
[2026-03-17 19:33:25.366][INF] [调试] instances 目录中实际存在的实例文件数量: 1, ID列表: [339d7c15]
[2026-03-17 19:33:25.417][INF] Resource version: 1.0.0
[2026-03-17 19:33:25.417][INF] MaaFramework version: v5.8.1
[2026-03-17 19:33:25.444][INF] [懒加载] 已加载当天有定时任务的实例
[2026-03-17 19:33:25.489][INF] 窗口大小已加载: width=1634, height=993
[2026-03-17 19:33:25.494][INF] 保存的窗口位置 (-32000, -32000) 不在有效屏幕范围内，使用默认居中位置
[2026-03-17 19:33:25.701][WRN] 跨平台数据解密失败: 参数错误。
[2026-03-17 19:33:25.734][WRN] 跨平台数据解密失败: The input is not a valid Base-64 string as it contains a non-base 64 character, more than two padding characters, or an illegal character among the padding characters.
[2026-03-17 19:33:25.851][INF] [调试] instances 目录中实际存在的实例文件数量: 1, ID列表: [339d7c15]
[2026-03-17 19:33:25.853][INF] [懒加载] 已加载当天有定时任务的实例
[2026-03-17 19:33:26.084][INF] [懒加载] 所有实例加载完成
[2026-03-17 19:33:26.085][INF] [懒加载] 所有实例加载完成
[2026-03-17 19:33:26.128][INF] UI initialization started
[2026-03-17 19:33:26.568][INF] MFA异步任务 公告和最新版本检测 开始.
[2026-03-17 19:33:26.871][INF] Reading saved ADB device from configuration, using fingerprint matching.
[2026-03-17 19:33:26.872][INF] Saved device fingerprint: MuMu安卓设备-MuMuPlayer12 v5|0|127.0.0.1|16384
[2026-03-17 19:33:26.974][INF] Found matching device by fingerprint: MuMu安卓设备-MuMuPlayer12 v5 (127.0.0.1:16384)
[2026-03-17 19:33:27.013][INF] [TaskPipelineMerge] Task#1 Name=[打开bbc] Entry=[运行BBC] PipelineList=[
  {},
  {
    "运行BBC": {
      "action": {
        "type": "Command",
        "param": {
          "exec": "F:\\BBchannel\\启动.cmd"
        }
      }
    }
  },
  {
    "冠位戴冠战-BBC脚本运行": {
      "action": {
        "type": "Command",
        "param": {
          "exec": "F:\\Game_AUTO\\MaaFGO\\MFAAvalonia\\run_bbc\\bbctools.cmd"
        }
      }
    }
  }
]
[2026-03-17 19:33:27.014][INF] [TaskPipelineMerge] Task#2 Name=[启动游戏] Entry=[启动FGO] PipelineList=[
  {},
  {
    "运行BBC": {
      "action": {
        "type": "Command",
        "param": {
          "exec": "F:\\BBchannel\\启动.cmd"
        }
      }
    }
  },
  {
    "冠位戴冠战-BBC脚本运行": {
      "action": {
        "type": "Command",
        "param": {
          "exec": "F:\\Game_AUTO\\MaaFGO\\MFAAvalonia\\run_bbc\\bbctools.cmd"
        }
      }
    }
  },
  {
    "启动FGO": {
      "action": {
        "type": "StartApp",
        "param": {
          "package": "com.aniplex.fategrandorder"
        }
      }
    }
  }
]
[2026-03-17 19:33:27.014][INF] [TaskPipelineMerge] Task#3 Name=[冠位戴冠战] Entry=[冠位戴冠战-开始] PipelineList=[
  {},
  {
    "运行BBC": {
      "action": {
        "type": "Command",
        "param": {
          "exec": "F:\\BBchannel\\启动.cmd"
        }
      }
    }
  },
  {
    "冠位戴冠战-BBC脚本运行": {
      "action": {
        "type": "Command",
        "param": {
          "exec": "F:\\Game_AUTO\\MaaFGO\\MFAAvalonia\\run_bbc\\bbctools.cmd"
        }
      }
    }
  },
  {
    "冠位戴冠战-职介": {
      "recognition": {
        "type": "TemplateMatch",
        "param": {
          "template": [
            "grand_lancer.png"
          ]
        }
      }
    }
  },
  {
    "冠位戴冠战-等级副本": {
      "recognition": {
        "type": "TemplateMatch",
        "param": {
          "template": [
            "grand_100+++.png"
          ]
        }
      }
    }
  }
]
[2026-03-17 19:33:27.107][INF] MFA异步任务 启动任务 开始.
[2026-03-17 19:33:27.109][INF] MFA异步任务 启动附加开始脚本 开始.
[2026-03-17 19:33:27.109][INF] >>> MFA异步任务 启动附加开始脚本 已完成.
[2026-03-17 19:33:27.110][INF] >>> MFA异步任务 启动任务 已完成.
[2026-03-17 19:33:27.113][INF] 正在连接至模拟器......
[2026-03-17 19:33:27.113][INF] 正在载入资源
[2026-03-17 19:33:27.113][INF] Resource: F:\Game_AUTO\MaaFGO\MFAAvalonia\resource
[2026-03-17 19:33:27.113][INF] MFA异步任务 资源检测 开始.
[2026-03-17 19:33:27.189][INF] >>> MFA异步任务 资源检测 已完成.
[2026-03-17 19:33:27.190][INF] Use GPU: succeed
[2026-03-17 19:33:27.190][INF] GPU acceleration: Auto
[2026-03-17 19:33:27.190][INF] MFA异步任务 控制器检测 开始.
[2026-03-17 19:33:27.191][INF] Loading MAA Controller Configuration...
[2026-03-17 19:33:27.192][INF] 触控模式:All,捕获模式:EmulatorExtras
[2026-03-17 19:33:27.192][INF] Name: MuMu安卓设备-MuMuPlayer12 v5
[2026-03-17 19:33:27.192][INF] AdbPath: C:/Program Files/Netease/MuMu Player 12/nx_main/adb.exe
[2026-03-17 19:33:27.192][INF] AdbSerial: 127.0.0.1:16384
[2026-03-17 19:33:27.192][INF] ScreenCap: EmulatorExtras
[2026-03-17 19:33:27.192][INF] Input: All
[2026-03-17 19:33:27.192][INF] Config: {"extras":{"mumu":{"enable":true,"index":0,"path":"C:/Program Files/Netease/MuMu Player 12"}}
[2026-03-17 19:33:27.337][INF] >>> MFA异步任务 控制器检测 已完成.
[2026-03-17 19:33:27.541][INF] Registered built-in special task actions
[2026-03-17 19:33:27.541][INF] Custom directory not found: F:\Game_AUTO\MaaFGO\MFAAvalonia\.\resource\custom
[2026-03-17 19:33:27.541][INF] Custom directory not found: F:\Game_AUTO\MaaFGO\MFAAvalonia\resource\custom
[2026-03-17 19:33:27.542][INF] Maafw debug mode: False
[2026-03-17 19:33:27.871][WRN] 公告文件夹不存在: F:\Game_AUTO\MaaFGO\MFAAvalonia\resource\announcement
[2026-03-17 19:33:27.881][INF] MFA异步任务 截图测试 开始.
[2026-03-17 19:33:27.900][INF] >>> MFA异步任务 截图测试 已完成.
[2026-03-17 19:33:27.901][INF] 截图耗时: 8ms(EmulatorExtras)
[2026-03-17 19:33:27.906][INF] MFA异步任务 队列任务 开始.
[2026-03-17 19:33:27.908][INF] 开始任务: 打开bbc
[2026-03-17 19:33:28.623][INF] >>> MFA异步任务 队列任务 已完成.
[2026-03-17 19:33:28.624][INF] MFA异步任务 队列任务 开始.
[2026-03-17 19:33:28.626][INF] 开始任务: 启动游戏
[2026-03-17 19:33:39.783][INF] 尚未检测到登录成功
[2026-03-17 19:34:06.466][INF] 200000002
[2026-03-17 19:34:07.463][INF] 200000002
[2026-03-17 19:34:08.465][INF] 200000002
[2026-03-17 19:34:09.467][INF] 200000002
[2026-03-17 19:34:10.468][INF] 200000002
[2026-03-17 19:34:11.469][INF] 200000002
[2026-03-17 19:34:12.471][INF] 200000002
[2026-03-17 19:34:13.472][INF] 200000002
[2026-03-17 19:34:14.475][INF] 200000002
[2026-03-17 19:34:15.476][INF] 200000002
[2026-03-17 19:34:16.476][INF] 200000002
[2026-03-17 19:34:17.477][INF] 200000002
[2026-03-17 19:34:18.477][INF] 200000002
[2026-03-17 19:34:19.480][INF] 200000002
[2026-03-17 19:34:20.478][INF] 200000002
[2026-03-17 19:34:21.480][INF] 200000002
[2026-03-17 19:34:22.481][INF] 200000002
[2026-03-17 19:34:23.483][INF] 200000002
[2026-03-17 19:34:24.498][INF] 200000002
[2026-03-17 19:34:25.490][INF] 200000002
[2026-03-17 19:34:26.491][INF] 200000002
[2026-03-17 19:34:26.963][INF] >>> MFA异步任务 队列任务 已完成.
[2026-03-17 19:34:26.964][INF] MFA异步任务 队列任务 开始.
[2026-03-17 19:34:26.965][INF] 开始任务: 冠位戴冠战
[2026-03-17 19:34:42.885][INF] Stop Status: NOT_STARTED
[2026-03-17 19:34:42.887][INF] MFA异步任务 停止maafw任务 开始.
[2026-03-17 19:34:42.888][INF] Stopping tasker attempt 1
[2026-03-17 19:34:42.888][INF] >>> MFA异步任务 队列任务 已完成.
[2026-03-17 19:34:42.888][INF] Stop Status: STOPPING
[2026-03-17 19:34:42.892][INF] 正在停止......
[2026-03-17 19:34:43.090][INF] Stopping tasker attempt 1 returned Succeeded, retrying...
[2026-03-17 19:34:43.091][INF] >>> 任务 Action 开始.
[2026-03-17 19:34:43.091][INF] >>> 任务 Action 完成.
[2026-03-17 19:34:43.092][INF] MFA异步任务 启动检测 开始.
[2026-03-17 19:34:43.092][INF] 开始执行任务: 查询CDK
[2026-03-17 19:34:43.093][INF] 任务完成: 查询CDK
[2026-03-17 19:34:43.093][INF] 开始执行任务: 更新资源
[2026-03-17 19:34:43.101][ERR] System.Exception: 该资源操作暂不支持 Mirror酱
   at MFAAvalonia.Helper.VersionChecker.GetDownloadUrlFromMirror(String version, String resId, String cdk, String& url, String& latestVersion, String& sha256, Boolean& isFull, String userAgent, Boolean isUI, Boolean onlyCheck, String currentVersion, Boolean showResponse, Boolean saveAnnouncement)
   at MFAAvalonia.Helper.VersionChecker.CheckForResourceUpdatesAsync(Boolean isGithub)
[2026-03-17 19:34:43.101][INF] 任务完成: 更新资源
[2026-03-17 19:34:43.494][INF] 已放弃本次任务
