[2026-04-02 08:40:31.933][INF] Added DLL directory (Windows API): F:\Game_AUTO\MaaFGO\MFAAvalonia\libs
[2026-04-02 08:40:31.952][INF] Native library resolver setup completed using AssemblyLoadContext.ResolvingUnmanagedDll
[2026-04-02 08:40:31.976][INF] MaaFramework runtimes: [
  "F:\\Game_AUTO\\MaaFGO\\MFAAvalonia\\runtimes\\win-x64\\native"
]
[2026-04-02 08:40:31.979][INF] Args: {}
[2026-04-02 08:40:31.979][INF] MFA version: v2.10.9
[2026-04-02 08:40:31.979][INF] .NET version: .NET 10.0.3
[2026-04-02 08:40:32.532][INF] Initializing LanguageManager...
[2026-04-02 08:40:32.645][INF] Loading Configurations...
[2026-04-02 08:40:32.670][INF] Current Configuration: Default
[2026-04-02 08:40:32.735][INF] System sleep allowed.
[2026-04-02 08:40:32.737][INF] HotkeyPrimaryElection: 成为主进程（创建了新的全局互斥锁）
[2026-04-02 08:40:32.738][INF] GlobalHotkeyService: 作为主进程初始化
[2026-04-02 08:40:32.742][INF] HotkeyIpcServer: 端口文件已保存到 C:\Users\MSI\AppData\Local\Temp\MFAAvalonia\hotkey_ipc_port.txt
[2026-04-02 08:40:32.743][INF] HotkeyIpcServer: 启动 TCP 服务端，端口 52718
[2026-04-02 08:40:32.835][WRN] MaaProcessor.Interface is not initialized yet.
[2026-04-02 08:40:32.840][INF] [调试] instances 目录中实际存在的实例文件数量: 1, ID列表: [339d7c15]
[2026-04-02 08:40:32.894][INF] Resource version: 1.0.0
[2026-04-02 08:40:32.894][INF] MaaFramework version: v5.8.1
[2026-04-02 08:40:32.921][INF] [懒加载] 已加载当天有定时任务的实例
[2026-04-02 08:40:32.973][INF] 窗口大小已加载: width=1634, height=993
[2026-04-02 08:40:32.978][INF] 保存的窗口位置 (-32000, -32000) 不在有效屏幕范围内，使用默认居中位置
[2026-04-02 08:40:33.189][WRN] 跨平台数据解密失败: 参数错误。
[2026-04-02 08:40:33.225][WRN] 跨平台数据解密失败: The input is not a valid Base-64 string as it contains a non-base 64 character, more than two padding characters, or an illegal character among the padding characters.
[2026-04-02 08:40:33.353][INF] [调试] instances 目录中实际存在的实例文件数量: 1, ID列表: [339d7c15]
[2026-04-02 08:40:33.355][INF] [懒加载] 已加载当天有定时任务的实例
[2026-04-02 08:40:33.701][INF] [懒加载] 所有实例加载完成
[2026-04-02 08:40:33.702][INF] [懒加载] 所有实例加载完成
[2026-04-02 08:40:33.763][INF] UI initialization started
[2026-04-02 08:40:34.179][INF] MFA异步任务 公告和最新版本检测 开始.
[2026-04-02 08:40:34.483][INF] Reading saved ADB device from configuration, using fingerprint matching.
[2026-04-02 08:40:34.483][INF] Saved device fingerprint: MuMu安卓设备-MuMuPlayer12 v5|0|127.0.0.1|16384
[2026-04-02 08:40:34.604][INF] Found matching device by fingerprint: MuMu安卓设备-MuMuPlayer12 v5 (127.0.0.1:16384)
[2026-04-02 08:40:34.643][INF] [TaskPipelineMerge] Task#1 Name=[打开bbc] Entry=[运行BBC] PipelineList=[
  {},
  {
    "运行BBC": {
      "action": {
        "type": "Command",
        "param": {
          "exec": "F:\\BBchannel\\启动.cmd"
        }
      }
    }
  },
  {
    "冠位戴冠战-BBC脚本运行": {
      "action": {
        "type": "Command",
        "param": {
          "exec": "F:\\Game_AUTO\\MaaFGO\\MFAAvalonia\\run_bbc\\bbctools.cmd"
        }
      }
    }
  }
]
[2026-04-02 08:40:34.645][INF] [TaskPipelineMerge] Task#2 Name=[启动游戏] Entry=[启动FGO] PipelineList=[
  {},
  {
    "运行BBC": {
      "action": {
        "type": "Command",
        "param": {
          "exec": "F:\\BBchannel\\启动.cmd"
        }
      }
    }
  },
  {
    "冠位戴冠战-BBC脚本运行": {
      "action": {
        "type": "Command",
        "param": {
          "exec": "F:\\Game_AUTO\\MaaFGO\\MFAAvalonia\\run_bbc\\bbctools.cmd"
        }
      }
    }
  },
  {
    "启动FGO": {
      "action": {
        "type": "StartApp",
        "param": {
          "package": "com.aniplex.fategrandorder"
        }
      }
    }
  }
]
[2026-04-02 08:40:34.645][INF] [TaskPipelineMerge] Task#3 Name=[水怪活动] Entry=[水怪活动-开始] PipelineList=[
  {},
  {
    "运行BBC": {
      "action": {
        "type": "Command",
        "param": {
          "exec": "F:\\BBchannel\\启动.cmd"
        }
      }
    }
  },
  {
    "冠位戴冠战-BBC脚本运行": {
      "action": {
        "type": "Command",
        "param": {
          "exec": "F:\\Game_AUTO\\MaaFGO\\MFAAvalonia\\run_bbc\\bbctools.cmd"
        }
      }
    }
  }
]
[2026-04-02 08:40:34.740][INF] MFA异步任务 启动任务 开始.
[2026-04-02 08:40:34.742][INF] MFA异步任务 启动附加开始脚本 开始.
[2026-04-02 08:40:34.743][INF] >>> MFA异步任务 启动附加开始脚本 已完成.
[2026-04-02 08:40:34.743][INF] >>> MFA异步任务 启动任务 已完成.
[2026-04-02 08:40:34.747][INF] 正在连接至模拟器......
[2026-04-02 08:40:34.747][INF] 正在载入资源
[2026-04-02 08:40:34.748][INF] Resource: F:\Game_AUTO\MaaFGO\MFAAvalonia\resource
[2026-04-02 08:40:34.748][INF] MFA异步任务 资源检测 开始.
[2026-04-02 08:40:34.863][INF] >>> MFA异步任务 资源检测 已完成.
[2026-04-02 08:40:34.864][INF] Use GPU: succeed
[2026-04-02 08:40:34.864][INF] GPU acceleration: Auto
[2026-04-02 08:40:34.864][INF] MFA异步任务 控制器检测 开始.
[2026-04-02 08:40:34.865][INF] Loading MAA Controller Configuration...
[2026-04-02 08:40:34.866][INF] 触控模式:All,捕获模式:EmulatorExtras
[2026-04-02 08:40:34.866][INF] Name: MuMu安卓设备-MuMuPlayer12 v5
[2026-04-02 08:40:34.866][INF] AdbPath: C:/Program Files/Netease/MuMu Player 12/nx_main/adb.exe
[2026-04-02 08:40:34.866][INF] AdbSerial: 127.0.0.1:16384
[2026-04-02 08:40:34.866][INF] ScreenCap: EmulatorExtras
[2026-04-02 08:40:34.866][INF] Input: All
[2026-04-02 08:40:34.866][INF] Config: {"extras":{"mumu":{"enable":true,"index":0,"path":"C:/Program Files/Netease/MuMu Player 12"}}
[2026-04-02 08:40:35.140][INF] >>> MFA异步任务 控制器检测 已完成.
[2026-04-02 08:40:35.355][INF] Registered built-in special task actions
[2026-04-02 08:40:35.355][INF] Custom directory not found: F:\Game_AUTO\MaaFGO\MFAAvalonia\.\resource\custom
[2026-04-02 08:40:35.355][INF] Custom directory not found: F:\Game_AUTO\MaaFGO\MFAAvalonia\resource\custom
[2026-04-02 08:40:35.356][INF] Maafw debug mode: False
[2026-04-02 08:40:35.484][WRN] 公告文件夹不存在: F:\Game_AUTO\MaaFGO\MFAAvalonia\resource\announcement
[2026-04-02 08:40:35.716][INF] MFA异步任务 截图测试 开始.
[2026-04-02 08:40:35.744][INF] >>> MFA异步任务 截图测试 已完成.
[2026-04-02 08:40:35.744][INF] 截图耗时: 13ms(EmulatorExtras)
[2026-04-02 08:40:35.749][INF] 开始任务: 打开bbc
[2026-04-02 08:40:35.750][INF] MFA异步任务 队列任务 开始.
[2026-04-02 08:40:36.521][INF] >>> MFA异步任务 队列任务 已完成.
[2026-04-02 08:40:36.522][INF] MFA异步任务 队列任务 开始.
[2026-04-02 08:40:36.524][INF] 开始任务: 启动游戏
[2026-04-02 08:40:47.731][INF] 尚未检测到登录成功
[2026-04-02 08:40:53.718][INF] 尚未检测到登录成功
[2026-04-02 08:40:59.452][INF] 尚未检测到登录成功
[2026-04-02 08:41:28.131][INF] 等待到达主界面
[2026-04-02 08:41:29.131][INF] 等待到达主界面
[2026-04-02 08:41:30.133][INF] 等待到达主界面
[2026-04-02 08:41:31.130][INF] 等待到达主界面
[2026-04-02 08:41:32.133][INF] 等待到达主界面
[2026-04-02 08:41:33.135][INF] 等待到达主界面
[2026-04-02 08:41:34.137][INF] 等待到达主界面
[2026-04-02 08:42:29.212][INF] 成功抵达主界面
[2026-04-02 08:42:29.618][INF] >>> MFA异步任务 队列任务 已完成.
[2026-04-02 08:42:29.619][INF] MFA异步任务 队列任务 开始.
[2026-04-02 08:42:29.620][INF] 开始任务: 水怪活动
[2026-04-02 08:42:34.624][INF] 打开BBC中，请尽量不要移动鼠标，并将bbc窗口置于主屏幕
[2026-04-02 08:42:45.095][INF] >>> MFA异步任务 队列任务 已完成.
[2026-04-02 08:42:45.096][INF] MFA异步任务 启动附加结束脚本 开始.
[2026-04-02 08:42:45.097][INF] >>> MFA异步任务 启动附加结束脚本 已完成.
[2026-04-02 08:42:45.101][INF] MFA异步任务 启动检测 开始.
[2026-04-02 08:42:45.102][INF] 开始执行任务: 查询CDK
[2026-04-02 08:42:45.102][INF] Stop Status: SUCCEEDED
[2026-04-02 08:42:45.103][INF] MFA异步任务 停止maafw任务 开始.
[2026-04-02 08:42:45.103][INF] 任务完成: 查询CDK
[2026-04-02 08:42:45.103][INF] 开始执行任务: 更新资源
[2026-04-02 08:42:45.104][INF] >>> 任务 播放音频 开始.
[2026-04-02 08:42:45.154][ERR] System.Exception: 该资源操作暂不支持 Mirror酱
   at MFAAvalonia.Helper.VersionChecker.GetDownloadUrlFromMirror(String version, String resId, String cdk, String& url, String& latestVersion, String& sha256, Boolean& isFull, String userAgent, Boolean isUI, Boolean onlyCheck, String currentVersion, Boolean showResponse, Boolean saveAnnouncement)
   at MFAAvalonia.Helper.VersionChecker.CheckForResourceUpdatesAsync(Boolean isGithub)
[2026-04-02 08:42:45.154][INF] 任务完成: 更新资源
[2026-04-02 08:42:45.221][INF] >>> 任务 播放音频 完成.
[2026-04-02 08:42:45.230][INF] 任务已全部完成！
(用时 0h 2m 10s)
[2026-04-02 08:51:32.914][INF] [内存管理]释放了6.97 MB (14.9%)
[2026-04-02 08:56:32.937][INF] [内存管理]释放了4.62 MB (10.4%)
[2026-04-02 09:01:32.958][INF] [内存管理]释放了4.44 MB (10.0%)
[2026-04-02 09:06:32.977][INF] [内存管理]释放了4.57 MB (10.3%)
[2026-04-02 09:11:33.005][INF] [内存管理]释放了3.76 MB (8.8%)
[2026-04-02 09:16:33.028][INF] [内存管理]释放了17.77 MB (31.3%)
[2026-04-02 09:26:33.061][INF] [内存管理]释放了17.42 MB (30.9%)
[2026-04-02 09:36:33.097][INF] [内存管理]释放了17.56 MB (31.1%)
[2026-04-02 09:46:33.130][INF] [内存管理]释放了17.51 MB (31.0%)
[2026-04-02 09:56:33.164][INF] [内存管理]释放了17.58 MB (31.1%)
[2026-04-02 10:06:33.206][INF] [内存管理]释放了17.36 MB (31.0%)
[2026-04-02 10:16:33.238][INF] [内存管理]释放了17.85 MB (31.6%)
[2026-04-02 10:31:33.287][INF] [内存管理]释放了17.83 MB (31.5%)
[2026-04-02 10:52:07.417][INF] Added DLL directory (Windows API): F:\Game_AUTO\MaaFGO\MFAAvalonia\libs
[2026-04-02 10:52:07.436][INF] Native library resolver setup completed using AssemblyLoadContext.ResolvingUnmanagedDll
[2026-04-02 10:52:07.456][INF] MaaFramework runtimes: [
  "F:\\Game_AUTO\\MaaFGO\\MFAAvalonia\\runtimes\\win-x64\\native"
]
[2026-04-02 10:52:07.458][INF] Args: {}
[2026-04-02 10:52:07.458][INF] MFA version: v2.10.9
[2026-04-02 10:52:07.458][INF] .NET version: .NET 10.0.3
[2026-04-02 10:52:07.929][INF] Initializing LanguageManager...
[2026-04-02 10:52:08.035][INF] Loading Configurations...
[2026-04-02 10:52:08.059][INF] Current Configuration: Default
[2026-04-02 10:52:08.123][INF] System sleep allowed.
[2026-04-02 10:52:08.125][INF] HotkeyPrimaryElection: 成为主进程（创建了新的全局互斥锁）
[2026-04-02 10:52:08.125][INF] GlobalHotkeyService: 作为主进程初始化
[2026-04-02 10:52:08.129][INF] HotkeyIpcServer: 端口文件已保存到 C:\Users\MSI\AppData\Local\Temp\MFAAvalonia\hotkey_ipc_port.txt
[2026-04-02 10:52:08.129][INF] HotkeyIpcServer: 启动 TCP 服务端，端口 52718
[2026-04-02 10:52:08.175][WRN] MaaProcessor.Interface is not initialized yet.
[2026-04-02 10:52:08.181][INF] [调试] instances 目录中实际存在的实例文件数量: 1, ID列表: [339d7c15]
[2026-04-02 10:52:08.232][INF] Resource version: 1.0.0
[2026-04-02 10:52:08.232][INF] MaaFramework version: v5.8.1
[2026-04-02 10:52:08.258][INF] [懒加载] 已加载当天有定时任务的实例
[2026-04-02 10:52:08.306][INF] 窗口大小已加载: width=1634, height=993
[2026-04-02 10:52:08.310][INF] 保存的窗口位置 (-32000, -32000) 不在有效屏幕范围内，使用默认居中位置
[2026-04-02 10:52:08.509][WRN] 跨平台数据解密失败: 参数错误。
[2026-04-02 10:52:08.542][WRN] 跨平台数据解密失败: The input is not a valid Base-64 string as it contains a non-base 64 character, more than two padding characters, or an illegal character among the padding characters.
[2026-04-02 10:52:08.655][INF] [调试] instances 目录中实际存在的实例文件数量: 1, ID列表: [339d7c15]
[2026-04-02 10:52:08.657][INF] [懒加载] 已加载当天有定时任务的实例
[2026-04-02 10:52:08.900][INF] [懒加载] 所有实例加载完成
[2026-04-02 10:52:08.900][INF] [懒加载] 所有实例加载完成
[2026-04-02 10:52:08.943][INF] UI initialization started
[2026-04-02 10:52:09.365][INF] MFA异步任务 公告和最新版本检测 开始.
[2026-04-02 10:52:09.669][INF] Reading saved ADB device from configuration, using fingerprint matching.
[2026-04-02 10:52:09.670][INF] Saved device fingerprint: MuMu安卓设备-MuMuPlayer12 v5|0|127.0.0.1|16384
[2026-04-02 10:52:09.892][INF] Found matching device by fingerprint: MuMu安卓设备-MuMuPlayer12 v5 (127.0.0.1:16384)
[2026-04-02 10:52:09.933][INF] [TaskPipelineMerge] Task#1 Name=[打开bbc] Entry=[运行BBC] PipelineList=[
  {},
  {
    "运行BBC": {
      "action": {
        "type": "Command",
        "param": {
          "exec": "F:\\BBchannel\\启动.cmd"
        }
      }
    }
  },
  {
    "冠位戴冠战-BBC脚本运行": {
      "action": {
        "type": "Command",
        "param": {
          "exec": "F:\\Game_AUTO\\MaaFGO\\MFAAvalonia\\run_bbc\\bbctools.cmd"
        }
      }
    }
  }
]
[2026-04-02 10:52:09.934][INF] [TaskPipelineMerge] Task#2 Name=[启动游戏] Entry=[启动FGO] PipelineList=[
  {},
  {
    "运行BBC": {
      "action": {
        "type": "Command",
        "param": {
          "exec": "F:\\BBchannel\\启动.cmd"
        }
      }
    }
  },
  {
    "冠位戴冠战-BBC脚本运行": {
      "action": {
        "type": "Command",
        "param": {
          "exec": "F:\\Game_AUTO\\MaaFGO\\MFAAvalonia\\run_bbc\\bbctools.cmd"
        }
      }
    }
  },
  {
    "启动FGO": {
      "action": {
        "type": "StartApp",
        "param": {
          "package": "com.aniplex.fategrandorder"
        }
      }
    }
  }
]
[2026-04-02 10:52:09.935][INF] [TaskPipelineMerge] Task#3 Name=[水怪活动] Entry=[水怪活动-开始] PipelineList=[
  {},
  {
    "运行BBC": {
      "action": {
        "type": "Command",
        "param": {
          "exec": "F:\\BBchannel\\启动.cmd"
        }
      }
    }
  },
  {
    "冠位戴冠战-BBC脚本运行": {
      "action": {
        "type": "Command",
        "param": {
          "exec": "F:\\Game_AUTO\\MaaFGO\\MFAAvalonia\\run_bbc\\bbctools.cmd"
        }
      }
    }
  }
]
[2026-04-02 10:52:10.046][INF] MFA异步任务 启动任务 开始.
[2026-04-02 10:52:10.047][INF] MFA异步任务 启动附加开始脚本 开始.
[2026-04-02 10:52:10.048][INF] >>> MFA异步任务 启动附加开始脚本 已完成.
[2026-04-02 10:52:10.049][INF] >>> MFA异步任务 启动任务 已完成.
[2026-04-02 10:52:10.052][INF] 正在载入资源
[2026-04-02 10:52:10.052][INF] 正在连接至模拟器......
[2026-04-02 10:52:10.052][INF] Resource: F:\Game_AUTO\MaaFGO\MFAAvalonia\resource
[2026-04-02 10:52:10.052][INF] MFA异步任务 资源检测 开始.
[2026-04-02 10:52:10.133][INF] >>> MFA异步任务 资源检测 已完成.
[2026-04-02 10:52:10.134][INF] Use GPU: succeed
[2026-04-02 10:52:10.134][INF] GPU acceleration: Auto
[2026-04-02 10:52:10.134][INF] MFA异步任务 控制器检测 开始.
[2026-04-02 10:52:10.135][INF] Loading MAA Controller Configuration...
[2026-04-02 10:52:10.136][INF] 触控模式:All,捕获模式:EmulatorExtras
[2026-04-02 10:52:10.136][INF] Name: MuMu安卓设备-MuMuPlayer12 v5
[2026-04-02 10:52:10.136][INF] AdbPath: C:/Program Files/Netease/MuMu Player 12/nx_main/adb.exe
[2026-04-02 10:52:10.136][INF] AdbSerial: 127.0.0.1:16384
[2026-04-02 10:52:10.136][INF] ScreenCap: EmulatorExtras
[2026-04-02 10:52:10.136][INF] Input: All
[2026-04-02 10:52:10.136][INF] Config: {"extras":{"mumu":{"enable":true,"index":0,"path":"C:/Program Files/Netease/MuMu Player 12"}}
[2026-04-02 10:52:10.287][INF] >>> MFA异步任务 控制器检测 已完成.
[2026-04-02 10:52:10.503][INF] Registered built-in special task actions
[2026-04-02 10:52:10.504][INF] Custom directory not found: F:\Game_AUTO\MaaFGO\MFAAvalonia\.\resource\custom
[2026-04-02 10:52:10.504][INF] Custom directory not found: F:\Game_AUTO\MaaFGO\MFAAvalonia\resource\custom
[2026-04-02 10:52:10.504][INF] Maafw debug mode: False
[2026-04-02 10:52:10.669][WRN] 公告文件夹不存在: F:\Game_AUTO\MaaFGO\MFAAvalonia\resource\announcement
[2026-04-02 10:52:10.869][INF] MFA异步任务 截图测试 开始.
[2026-04-02 10:52:10.888][INF] >>> MFA异步任务 截图测试 已完成.
[2026-04-02 10:52:10.889][INF] 截图耗时: 8ms(EmulatorExtras)
[2026-04-02 10:52:10.894][INF] MFA异步任务 队列任务 开始.
[2026-04-02 10:52:10.896][INF] 开始任务: 打开bbc
[2026-04-02 10:52:11.614][INF] >>> MFA异步任务 队列任务 已完成.
[2026-04-02 10:52:11.615][INF] MFA异步任务 队列任务 开始.
[2026-04-02 10:52:11.617][INF] 开始任务: 启动游戏
[2026-04-02 10:52:22.796][INF] 尚未检测到登录成功
[2026-04-02 10:52:28.694][INF] 尚未检测到登录成功
[2026-04-02 10:52:55.303][INF] 等待到达主界面
[2026-04-02 10:52:56.318][INF] 等待到达主界面
[2026-04-02 10:52:57.305][INF] 等待到达主界面
[2026-04-02 10:52:58.306][INF] 等待到达主界面
[2026-04-02 10:52:59.308][INF] 等待到达主界面
[2026-04-02 10:53:00.308][INF] 等待到达主界面
[2026-04-02 10:53:01.312][INF] 等待到达主界面
[2026-04-02 10:53:02.311][INF] 等待到达主界面
[2026-04-02 10:53:03.314][INF] 等待到达主界面
[2026-04-02 10:53:04.314][INF] 等待到达主界面
[2026-04-02 10:53:05.316][INF] 等待到达主界面
[2026-04-02 10:53:06.317][INF] 等待到达主界面
[2026-04-02 10:53:07.323][INF] 等待到达主界面
[2026-04-02 10:53:08.324][INF] 等待到达主界面
[2026-04-02 10:53:09.319][INF] 等待到达主界面
[2026-04-02 10:53:10.321][INF] 等待到达主界面
[2026-04-02 10:53:11.320][INF] 等待到达主界面
[2026-04-02 10:53:12.325][INF] 等待到达主界面
[2026-04-02 10:53:13.323][INF] 等待到达主界面
[2026-04-02 10:53:14.324][INF] 等待到达主界面
[2026-04-02 10:53:15.329][INF] 等待到达主界面
[2026-04-02 10:53:15.830][INF] >>> MFA异步任务 队列任务 已完成.
[2026-04-02 10:53:15.832][INF] MFA异步任务 队列任务 开始.
[2026-04-02 10:53:15.832][INF] 开始任务: 水怪活动
[2026-04-02 10:53:23.621][INF] 打开BBC中，请尽量不要移动鼠标，并将bbc窗口置于主屏幕
[2026-04-02 10:53:34.082][INF] >>> MFA异步任务 队列任务 已完成.
[2026-04-02 10:53:34.083][INF] MFA异步任务 启动附加结束脚本 开始.
[2026-04-02 10:53:34.083][INF] >>> MFA异步任务 启动附加结束脚本 已完成.
[2026-04-02 10:53:34.087][INF] MFA异步任务 启动检测 开始.
[2026-04-02 10:53:34.088][INF] 开始执行任务: 查询CDK
[2026-04-02 10:53:34.088][INF] Stop Status: SUCCEEDED
[2026-04-02 10:53:34.089][INF] MFA异步任务 停止maafw任务 开始.
[2026-04-02 10:53:34.089][INF] 任务完成: 查询CDK
[2026-04-02 10:53:34.089][INF] 开始执行任务: 更新资源
[2026-04-02 10:53:34.091][INF] >>> 任务 播放音频 开始.
[2026-04-02 10:53:34.098][ERR] System.Exception: 该资源操作暂不支持 Mirror酱
   at MFAAvalonia.Helper.VersionChecker.GetDownloadUrlFromMirror(String version, String resId, String cdk, String& url, String& latestVersion, String& sha256, Boolean& isFull, String userAgent, Boolean isUI, Boolean onlyCheck, String currentVersion, Boolean showResponse, Boolean saveAnnouncement)
   at MFAAvalonia.Helper.VersionChecker.CheckForResourceUpdatesAsync(Boolean isGithub)
[2026-04-02 10:53:34.098][INF] 任务完成: 更新资源
[2026-04-02 10:53:34.191][INF] >>> 任务 播放音频 完成.
[2026-04-02 10:53:34.196][INF] 任务已全部完成！
(用时 0h 1m 24s)
[2026-04-02 11:08:08.310][INF] [内存管理]释放了11.46 MB (21.1%)
[2026-04-02 11:13:08.333][INF] [内存管理]释放了4.46 MB (9.4%)
[2026-04-02 11:18:08.354][INF] [内存管理]释放了4.57 MB (9.7%)
[2026-04-02 11:23:08.379][INF] [内存管理]释放了4.51 MB (9.8%)
[2026-04-02 11:28:08.401][INF] [内存管理]释放了4.42 MB (9.6%)
[2026-04-02 11:33:08.422][INF] [内存管理]释放了4.49 MB (9.7%)
[2026-04-02 11:38:08.442][INF] [内存管理]释放了4.54 MB (9.8%)
[2026-04-02 11:43:08.466][INF] [内存管理]释放了4.47 MB (9.7%)
[2026-04-02 11:48:08.484][INF] [内存管理]释放了4.49 MB (9.7%)
[2026-04-02 11:53:08.510][INF] [内存管理]释放了4.67 MB (10.1%)
[2026-04-02 11:58:08.532][INF] [内存管理]释放了4.48 MB (9.8%)
[2026-04-02 12:03:08.551][INF] [内存管理]释放了4.37 MB (9.5%)
[2026-04-02 12:08:08.571][INF] [内存管理]释放了4.39 MB (9.6%)
[2026-04-02 12:13:08.591][INF] [内存管理]释放了4.27 MB (9.3%)
[2026-04-02 12:18:08.614][INF] [内存管理]释放了4.32 MB (9.5%)
[2026-04-02 12:23:08.637][INF] [内存管理]释放了4.45 MB (9.7%)
[2026-04-02 12:28:08.662][INF] [内存管理]释放了4.35 MB (9.5%)
[2026-04-02 12:33:08.683][INF] [内存管理]释放了4.37 MB (9.6%)
[2026-04-02 12:38:08.699][INF] [内存管理]释放了4.30 MB (9.4%)
[2026-04-02 12:43:08.722][INF] [内存管理]释放了4.27 MB (9.4%)
[2026-04-02 12:48:08.745][INF] [内存管理]释放了4.39 MB (9.6%)
[2026-04-02 12:53:08.768][INF] [内存管理]释放了4.41 MB (9.6%)
[2026-04-02 12:58:08.788][INF] [内存管理]释放了4.36 MB (9.6%)
[2026-04-02 13:03:08.811][INF] [内存管理]释放了4.30 MB (9.4%)
[2026-04-02 13:08:08.830][INF] [内存管理]释放了4.41 MB (9.6%)
[2026-04-02 13:13:08.852][INF] [内存管理]释放了4.50 MB (9.8%)
[2026-04-02 13:18:08.879][INF] [内存管理]释放了4.50 MB (9.8%)
[2026-04-02 13:23:08.902][INF] [内存管理]释放了4.54 MB (9.9%)
[2026-04-02 13:28:08.923][INF] [内存管理]释放了4.47 MB (9.8%)
[2026-04-02 13:33:08.941][INF] [内存管理]释放了4.42 MB (9.7%)
[2026-04-02 13:38:08.962][INF] [内存管理]释放了4.45 MB (9.7%)
[2026-04-02 13:43:08.985][INF] [内存管理]释放了4.51 MB (9.9%)
[2026-04-02 13:48:09.007][INF] [内存管理]释放了4.48 MB (9.8%)
[2026-04-02 13:53:09.032][INF] [内存管理]释放了4.52 MB (9.9%)
[2026-04-02 13:58:09.052][INF] [内存管理]释放了4.48 MB (9.8%)
[2026-04-02 14:03:09.071][INF] [内存管理]释放了4.44 MB (9.7%)
[2026-04-02 14:08:09.092][INF] [内存管理]释放了4.35 MB (9.5%)
[2026-04-02 14:13:09.116][INF] [内存管理]释放了4.56 MB (9.9%)
[2026-04-02 14:18:09.134][INF] [内存管理]释放了4.36 MB (9.5%)
[2026-04-02 14:23:09.151][INF] [内存管理]释放了4.41 MB (9.6%)
[2026-04-02 14:28:09.170][INF] [内存管理]释放了4.37 MB (9.6%)
[2026-04-02 14:33:09.189][INF] [内存管理]释放了4.36 MB (9.5%)
[2026-04-02 14:38:09.210][INF] [内存管理]释放了4.47 MB (9.8%)
[2026-04-02 14:43:09.235][INF] [内存管理]释放了4.40 MB (9.6%)
[2026-04-02 14:48:09.255][INF] [内存管理]释放了4.36 MB (9.5%)
[2026-04-02 14:53:09.274][INF] [内存管理]释放了4.42 MB (9.7%)
[2026-04-02 14:58:09.294][INF] [内存管理]释放了4.44 MB (9.7%)
[2026-04-02 15:03:09.312][INF] [内存管理]释放了4.33 MB (9.5%)
[2026-04-02 15:08:09.339][INF] [内存管理]释放了4.48 MB (9.8%)
[2026-04-02 15:13:09.365][INF] [内存管理]释放了4.49 MB (9.8%)
[2026-04-02 15:18:09.382][INF] [内存管理]释放了4.62 MB (10.1%)
[2026-04-02 15:23:09.399][INF] [内存管理]释放了4.40 MB (9.6%)
[2026-04-02 15:28:09.421][INF] [内存管理]释放了4.44 MB (9.7%)
[2026-04-02 15:33:09.440][INF] [内存管理]释放了4.43 MB (9.7%)
[2026-04-02 15:38:09.461][INF] [内存管理]释放了4.44 MB (9.7%)
[2026-04-02 15:43:09.482][INF] [内存管理]释放了4.36 MB (9.5%)
[2026-04-02 15:48:09.508][INF] [内存管理]释放了4.52 MB (9.9%)
[2026-04-02 15:53:09.529][INF] [内存管理]释放了4.44 MB (9.7%)
[2026-04-02 15:58:09.550][INF] [内存管理]释放了4.49 MB (9.8%)
[2026-04-02 16:03:09.572][INF] [内存管理]释放了4.29 MB (9.4%)
[2026-04-02 16:08:09.603][INF] [内存管理]释放了5.23 MB (11.2%)
[2026-04-02 16:13:09.624][INF] [内存管理]释放了4.51 MB (9.8%)
[2026-04-02 16:18:09.644][INF] [内存管理]释放了4.45 MB (9.7%)
[2026-04-02 16:23:09.663][INF] [内存管理]释放了4.51 MB (9.8%)
[2026-04-02 16:28:09.682][INF] [内存管理]释放了4.44 MB (9.7%)
[2026-04-02 16:33:09.706][INF] [内存管理]释放了4.48 MB (9.8%)
[2026-04-02 16:38:09.730][INF] [内存管理]释放了4.43 MB (9.7%)
[2026-04-02 16:43:09.751][INF] [内存管理]释放了4.44 MB (9.7%)
[2026-04-02 16:48:09.770][INF] [内存管理]释放了4.47 MB (9.8%)
[2026-04-02 16:53:09.791][INF] [内存管理]释放了4.42 MB (9.7%)
[2026-04-02 16:58:09.810][INF] [内存管理]释放了4.52 MB (9.9%)
[2026-04-02 17:03:09.836][INF] [内存管理]释放了4.47 MB (9.8%)
[2026-04-02 17:08:09.860][INF] [内存管理]释放了4.42 MB (9.7%)
[2026-04-02 17:13:09.883][INF] [内存管理]释放了4.35 MB (9.5%)
[2026-04-02 17:18:09.904][INF] [内存管理]释放了4.45 MB (9.7%)
[2026-04-02 17:23:09.925][INF] [内存管理]释放了4.44 MB (9.7%)
[2026-04-02 17:28:09.941][INF] [内存管理]释放了4.37 MB (9.6%)
[2026-04-02 17:33:09.965][INF] [内存管理]释放了4.53 MB (9.9%)
[2026-04-02 17:38:09.989][INF] [内存管理]释放了4.42 MB (9.7%)
[2026-04-02 17:43:10.011][INF] [内存管理]释放了4.46 MB (9.7%)
[2026-04-02 17:48:10.030][INF] [内存管理]释放了4.44 MB (9.7%)
[2026-04-02 17:53:10.053][INF] [内存管理]释放了4.44 MB (9.7%)
[2026-04-02 17:58:10.077][INF] [内存管理]释放了4.39 MB (9.6%)
[2026-04-02 18:03:10.099][INF] [内存管理]释放了4.36 MB (9.6%)
[2026-04-02 18:08:10.118][INF] [内存管理]释放了4.49 MB (9.8%)
[2026-04-02 18:13:10.142][INF] [内存管理]释放了4.52 MB (9.9%)
[2026-04-02 18:18:10.166][INF] [内存管理]释放了4.58 MB (10.0%)
[2026-04-02 18:23:10.187][INF] [内存管理]释放了4.54 MB (9.9%)
[2026-04-02 18:28:10.211][INF] [内存管理]释放了4.63 MB (10.1%)
[2026-04-02 18:33:10.234][INF] [内存管理]释放了4.66 MB (10.1%)
[2026-04-02 18:38:10.257][INF] [内存管理]释放了4.63 MB (10.1%)
[2026-04-02 18:43:10.275][INF] [内存管理]释放了4.61 MB (10.0%)
[2026-04-02 18:48:10.298][INF] [内存管理]释放了4.62 MB (10.1%)
[2026-04-02 18:53:10.317][INF] [内存管理]释放了4.54 MB (9.9%)
[2026-04-02 18:58:10.340][INF] [内存管理]释放了4.48 MB (9.8%)
[2026-04-02 19:03:10.365][INF] [内存管理]释放了4.47 MB (9.8%)
[2026-04-02 19:08:10.387][INF] [内存管理]释放了4.50 MB (9.8%)
[2026-04-02 19:13:10.405][INF] [内存管理]释放了4.56 MB (9.9%)
[2026-04-02 19:18:10.422][INF] [内存管理]释放了4.52 MB (9.9%)
[2026-04-02 19:23:10.446][INF] [内存管理]释放了4.42 MB (9.7%)
[2026-04-02 19:28:10.468][INF] [内存管理]释放了4.57 MB (10.0%)
[2026-04-02 19:33:10.491][INF] [内存管理]释放了4.59 MB (10.0%)
[2026-04-02 19:38:10.514][INF] [内存管理]释放了4.53 MB (9.9%)
[2026-04-02 19:43:10.535][INF] [内存管理]释放了4.51 MB (9.8%)
[2026-04-02 19:48:10.557][INF] [内存管理]释放了4.55 MB (9.9%)
[2026-04-02 19:53:10.578][INF] [内存管理]释放了4.59 MB (10.0%)
[2026-04-02 19:58:10.601][INF] [内存管理]释放了4.56 MB (9.9%)
[2026-04-02 20:03:10.626][INF] [内存管理]释放了4.37 MB (9.6%)
[2026-04-02 20:08:10.649][INF] [内存管理]释放了4.59 MB (10.0%)
[2026-04-02 20:13:10.667][INF] [内存管理]释放了4.54 MB (9.9%)
[2026-04-02 20:18:10.687][INF] [内存管理]释放了4.63 MB (10.1%)
[2026-04-02 20:23:10.712][INF] [内存管理]释放了4.68 MB (10.2%)
[2026-04-02 20:28:10.732][INF] [内存管理]释放了4.70 MB (10.2%)
[2026-04-02 20:33:10.757][INF] [内存管理]释放了4.56 MB (9.9%)
[2026-04-02 20:38:10.780][INF] [内存管理]释放了4.62 MB (10.1%)
[2026-04-02 20:43:10.799][INF] [内存管理]释放了4.63 MB (10.1%)
[2026-04-02 20:48:10.824][INF] [内存管理]释放了4.56 MB (9.9%)
[2026-04-02 20:53:10.845][INF] [内存管理]释放了4.56 MB (9.9%)
[2026-04-02 20:58:10.865][INF] [内存管理]释放了4.51 MB (9.8%)
[2026-04-02 21:02:09.796][INF] MFA Closed!
