[2026-03-31 08:41:06.417][INF] Added DLL directory (Windows API): F:\Game_AUTO\MaaFGO\MFAAvalonia\libs
[2026-03-31 08:41:06.440][INF] Native library resolver setup completed using AssemblyLoadContext.ResolvingUnmanagedDll
[2026-03-31 08:41:06.463][INF] MaaFramework runtimes: [
  "F:\\Game_AUTO\\MaaFGO\\MFAAvalonia\\runtimes\\win-x64\\native"
]
[2026-03-31 08:41:06.465][INF] Args: {}
[2026-03-31 08:41:06.465][INF] MFA version: v2.10.9
[2026-03-31 08:41:06.465][INF] .NET version: .NET 10.0.3
[2026-03-31 08:41:06.968][INF] Initializing LanguageManager...
[2026-03-31 08:41:07.082][INF] Loading Configurations...
[2026-03-31 08:41:07.106][INF] Current Configuration: Default
[2026-03-31 08:41:07.172][INF] System sleep allowed.
[2026-03-31 08:41:07.182][INF] HotkeyPrimaryElection: 成为主进程（创建了新的全局互斥锁）
[2026-03-31 08:41:07.182][INF] GlobalHotkeyService: 作为主进程初始化
[2026-03-31 08:41:07.187][INF] HotkeyIpcServer: 端口文件已保存到 C:\Users\MSI\AppData\Local\Temp\MFAAvalonia\hotkey_ipc_port.txt
[2026-03-31 08:41:07.187][INF] HotkeyIpcServer: 启动 TCP 服务端，端口 52718
[2026-03-31 08:41:07.236][WRN] MaaProcessor.Interface is not initialized yet.
[2026-03-31 08:41:07.243][INF] [调试] instances 目录中实际存在的实例文件数量: 1, ID列表: [339d7c15]
[2026-03-31 08:41:07.299][INF] Resource version: 1.0.0
[2026-03-31 08:41:07.299][INF] MaaFramework version: v5.8.1
[2026-03-31 08:41:07.327][INF] [懒加载] 已加载当天有定时任务的实例
[2026-03-31 08:41:07.380][INF] 窗口大小已加载: width=1634, height=993
[2026-03-31 08:41:07.385][INF] 保存的窗口位置 (-32000, -32000) 不在有效屏幕范围内，使用默认居中位置
[2026-03-31 08:41:07.601][WRN] 跨平台数据解密失败: 参数错误。
[2026-03-31 08:41:07.636][WRN] 跨平台数据解密失败: The input is not a valid Base-64 string as it contains a non-base 64 character, more than two padding characters, or an illegal character among the padding characters.
[2026-03-31 08:41:07.758][INF] [调试] instances 目录中实际存在的实例文件数量: 1, ID列表: [339d7c15]
[2026-03-31 08:41:07.760][INF] [懒加载] 已加载当天有定时任务的实例
[2026-03-31 08:41:08.046][INF] [懒加载] 所有实例加载完成
[2026-03-31 08:41:08.047][INF] [懒加载] 所有实例加载完成
[2026-03-31 08:41:08.094][INF] UI initialization started
[2026-03-31 08:41:08.540][INF] MFA异步任务 公告和最新版本检测 开始.
[2026-03-31 08:41:08.844][INF] Reading saved ADB device from configuration, using fingerprint matching.
[2026-03-31 08:41:08.844][INF] Saved device fingerprint: MuMu安卓设备-MuMuPlayer12 v5|0|127.0.0.1|16384
[2026-03-31 08:41:08.963][INF] Found matching device by fingerprint: MuMu安卓设备-MuMuPlayer12 v5 (127.0.0.1:16384)
[2026-03-31 08:41:09.007][INF] [TaskPipelineMerge] Task#1 Name=[打开bbc] Entry=[运行BBC] PipelineList=[
  {},
  {
    "运行BBC": {
      "action": {
        "type": "Command",
        "param": {
          "exec": "F:\\BBchannel\\启动.cmd"
        }
      }
    }
  },
  {
    "冠位戴冠战-BBC脚本运行": {
      "action": {
        "type": "Command",
        "param": {
          "exec": "F:\\Game_AUTO\\MaaFGO\\MFAAvalonia\\run_bbc\\bbctools.cmd"
        }
      }
    }
  }
]
[2026-03-31 08:41:09.008][INF] [TaskPipelineMerge] Task#2 Name=[启动游戏] Entry=[启动FGO] PipelineList=[
  {},
  {
    "运行BBC": {
      "action": {
        "type": "Command",
        "param": {
          "exec": "F:\\BBchannel\\启动.cmd"
        }
      }
    }
  },
  {
    "冠位戴冠战-BBC脚本运行": {
      "action": {
        "type": "Command",
        "param": {
          "exec": "F:\\Game_AUTO\\MaaFGO\\MFAAvalonia\\run_bbc\\bbctools.cmd"
        }
      }
    }
  },
  {
    "启动FGO": {
      "action": {
        "type": "StartApp",
        "param": {
          "package": "com.aniplex.fategrandorder"
        }
      }
    }
  }
]
[2026-03-31 08:41:09.009][INF] [TaskPipelineMerge] Task#3 Name=[水怪活动] Entry=[水怪活动-开始] PipelineList=[
  {},
  {
    "运行BBC": {
      "action": {
        "type": "Command",
        "param": {
          "exec": "F:\\BBchannel\\启动.cmd"
        }
      }
    }
  },
  {
    "冠位戴冠战-BBC脚本运行": {
      "action": {
        "type": "Command",
        "param": {
          "exec": "F:\\Game_AUTO\\MaaFGO\\MFAAvalonia\\run_bbc\\bbctools.cmd"
        }
      }
    }
  }
]
[2026-03-31 08:41:09.137][INF] MFA异步任务 启动任务 开始.
[2026-03-31 08:41:09.139][INF] MFA异步任务 启动附加开始脚本 开始.
[2026-03-31 08:41:09.140][INF] >>> MFA异步任务 启动附加开始脚本 已完成.
[2026-03-31 08:41:09.140][INF] >>> MFA异步任务 启动任务 已完成.
[2026-03-31 08:41:09.144][INF] 正在连接至模拟器......
[2026-03-31 08:41:09.144][INF] 正在载入资源
[2026-03-31 08:41:09.144][INF] Resource: F:\Game_AUTO\MaaFGO\MFAAvalonia\resource
[2026-03-31 08:41:09.144][INF] MFA异步任务 资源检测 开始.
[2026-03-31 08:41:09.227][INF] >>> MFA异步任务 资源检测 已完成.
[2026-03-31 08:41:09.228][INF] Use GPU: succeed
[2026-03-31 08:41:09.228][INF] GPU acceleration: Auto
[2026-03-31 08:41:09.228][INF] MFA异步任务 控制器检测 开始.
[2026-03-31 08:41:09.228][INF] Loading MAA Controller Configuration...
[2026-03-31 08:41:09.229][INF] 触控模式:All,捕获模式:EmulatorExtras
[2026-03-31 08:41:09.229][INF] Name: MuMu安卓设备-MuMuPlayer12 v5
[2026-03-31 08:41:09.229][INF] AdbPath: C:/Program Files/Netease/MuMu Player 12/nx_main/adb.exe
[2026-03-31 08:41:09.229][INF] AdbSerial: 127.0.0.1:16384
[2026-03-31 08:41:09.229][INF] ScreenCap: EmulatorExtras
[2026-03-31 08:41:09.229][INF] Input: All
[2026-03-31 08:41:09.230][INF] Config: {"extras":{"mumu":{"enable":true,"index":0,"path":"C:/Program Files/Netease/MuMu Player 12"}}
[2026-03-31 08:41:09.445][INF] >>> MFA异步任务 控制器检测 已完成.
[2026-03-31 08:41:09.660][INF] Registered built-in special task actions
[2026-03-31 08:41:09.660][INF] Custom directory not found: F:\Game_AUTO\MaaFGO\MFAAvalonia\.\resource\custom
[2026-03-31 08:41:09.661][INF] Custom directory not found: F:\Game_AUTO\MaaFGO\MFAAvalonia\resource\custom
[2026-03-31 08:41:09.662][INF] Maafw debug mode: False
[2026-03-31 08:41:09.844][WRN] 公告文件夹不存在: F:\Game_AUTO\MaaFGO\MFAAvalonia\resource\announcement
[2026-03-31 08:41:10.034][INF] MFA异步任务 截图测试 开始.
[2026-03-31 08:41:10.053][INF] >>> MFA异步任务 截图测试 已完成.
[2026-03-31 08:41:10.053][INF] 截图耗时: 8ms(EmulatorExtras)
[2026-03-31 08:41:10.057][INF] 开始任务: 打开bbc
[2026-03-31 08:41:10.059][INF] MFA异步任务 队列任务 开始.
[2026-03-31 08:41:10.836][INF] >>> MFA异步任务 队列任务 已完成.
[2026-03-31 08:41:10.837][INF] MFA异步任务 队列任务 开始.
[2026-03-31 08:41:10.840][INF] 开始任务: 启动游戏
[2026-03-31 08:41:22.184][INF] 尚未检测到登录成功
[2026-03-31 08:41:48.974][INF] 200000002
[2026-03-31 08:41:49.991][INF] 200000002
[2026-03-31 08:41:50.969][INF] 200000002
[2026-03-31 08:41:51.965][INF] 200000002
[2026-03-31 08:41:52.966][INF] 200000002
[2026-03-31 08:41:53.979][INF] 200000002
[2026-03-31 08:41:54.967][INF] 200000002
[2026-03-31 08:42:00.468][INF] 200000002
[2026-03-31 08:42:03.594][INF] 成功抵达主界面
[2026-03-31 08:42:04.001][INF] >>> MFA异步任务 队列任务 已完成.
[2026-03-31 08:42:04.001][INF] MFA异步任务 队列任务 开始.
[2026-03-31 08:42:04.002][INF] 开始任务: 水怪活动
[2026-03-31 08:42:07.319][INF] [内存管理]释放了3.26 MB (7.9%)
[2026-03-31 08:42:25.289][INF] >>> MFA异步任务 队列任务 已完成.
[2026-03-31 08:42:25.291][INF] MFA异步任务 启动附加结束脚本 开始.
[2026-03-31 08:42:25.291][INF] >>> MFA异步任务 启动附加结束脚本 已完成.
[2026-03-31 08:42:25.296][INF] MFA异步任务 启动检测 开始.
[2026-03-31 08:42:25.297][INF] 开始执行任务: 查询CDK
[2026-03-31 08:42:25.298][INF] Stop Status: SUCCEEDED
[2026-03-31 08:42:25.299][INF] 任务完成: 查询CDK
[2026-03-31 08:42:25.299][INF] 开始执行任务: 更新资源
[2026-03-31 08:42:25.299][INF] MFA异步任务 停止maafw任务 开始.
[2026-03-31 08:42:25.300][INF] >>> 任务 播放音频 开始.
[2026-03-31 08:42:25.349][ERR] System.Exception: 该资源操作暂不支持 Mirror酱
   at MFAAvalonia.Helper.VersionChecker.GetDownloadUrlFromMirror(String version, String resId, String cdk, String& url, String& latestVersion, String& sha256, Boolean& isFull, String userAgent, Boolean isUI, Boolean onlyCheck, String currentVersion, Boolean showResponse, Boolean saveAnnouncement)
   at MFAAvalonia.Helper.VersionChecker.CheckForResourceUpdatesAsync(Boolean isGithub)
[2026-03-31 08:42:25.349][INF] 任务完成: 更新资源
[2026-03-31 08:42:25.409][INF] >>> 任务 播放音频 完成.
[2026-03-31 08:42:25.423][INF] 任务已全部完成！
(用时 0h 1m 16s)
[2026-03-31 08:49:37.367][INF] [内存管理]释放了4.94 MB (11.1%)
[2026-03-31 08:54:37.384][INF] [内存管理]释放了4.62 MB (10.5%)
[2026-03-31 08:59:37.407][INF] [内存管理]释放了4.56 MB (10.4%)
[2026-03-31 09:04:37.429][INF] [内存管理]释放了4.60 MB (10.4%)
[2026-03-31 09:09:37.455][INF] [内存管理]释放了4.64 MB (10.8%)
[2026-03-31 09:14:37.476][INF] [内存管理]释放了4.69 MB (10.9%)
[2026-03-31 09:19:37.499][INF] [内存管理]释放了4.58 MB (10.7%)
[2026-03-31 09:24:37.520][INF] [内存管理]释放了4.55 MB (10.6%)
[2026-03-31 09:29:37.542][INF] [内存管理]释放了4.23 MB (10.0%)
[2026-03-31 09:39:37.591][INF] [内存管理]释放了2.02 MB (4.9%)
[2026-03-31 09:44:37.612][INF] [内存管理]释放了8.64 MB (18.1%)
[2026-03-31 09:49:37.634][INF] [内存管理]释放了8.98 MB (18.7%)
[2026-03-31 09:54:37.657][INF] [内存管理]释放了8.68 MB (18.1%)
[2026-03-31 09:59:37.680][INF] [内存管理]释放了8.64 MB (18.1%)
[2026-03-31 10:04:37.702][INF] [内存管理]释放了9.59 MB (19.7%)
[2026-03-31 10:09:37.729][INF] [内存管理]释放了9.60 MB (19.7%)
[2026-03-31 10:14:37.753][INF] [内存管理]释放了9.48 MB (19.5%)
[2026-03-31 10:19:37.776][INF] [内存管理]释放了9.48 MB (19.6%)
[2026-03-31 10:24:37.800][INF] [内存管理]释放了9.62 MB (19.8%)
[2026-03-31 10:29:37.819][INF] [内存管理]释放了9.39 MB (19.4%)
[2026-03-31 10:34:37.846][INF] [内存管理]释放了9.40 MB (19.4%)
[2026-03-31 10:39:37.864][INF] [内存管理]释放了9.25 MB (19.2%)
[2026-03-31 10:44:37.888][INF] [内存管理]释放了9.41 MB (19.4%)
[2026-03-31 10:49:37.907][INF] [内存管理]释放了9.36 MB (19.4%)
[2026-03-31 10:54:37.930][INF] [内存管理]释放了9.40 MB (19.4%)
[2026-03-31 10:59:37.949][INF] [内存管理]释放了9.25 MB (19.2%)
[2026-03-31 11:04:37.975][INF] [内存管理]释放了9.62 MB (19.8%)
[2026-03-31 11:09:38.001][INF] [内存管理]释放了7.13 MB (15.5%)
[2026-03-31 11:14:38.022][INF] [内存管理]释放了4.52 MB (10.4%)
[2026-03-31 11:19:38.044][INF] [内存管理]释放了4.55 MB (10.5%)
[2026-03-31 11:24:38.065][INF] [内存管理]释放了4.59 MB (10.6%)
[2026-03-31 11:29:38.087][INF] [内存管理]释放了4.34 MB (10.1%)
[2026-03-31 11:34:38.115][INF] [内存管理]释放了4.55 MB (10.5%)
[2026-03-31 11:39:38.135][INF] [内存管理]释放了4.62 MB (10.6%)
[2026-03-31 11:44:38.155][INF] [内存管理]释放了4.66 MB (10.7%)
[2026-03-31 11:49:38.178][INF] [内存管理]释放了4.59 MB (10.6%)
[2026-03-31 11:54:38.196][INF] [内存管理]释放了4.63 MB (10.7%)
[2026-03-31 11:59:38.221][INF] [内存管理]释放了4.59 MB (10.6%)
[2026-03-31 12:04:38.241][INF] [内存管理]释放了4.51 MB (10.4%)
[2026-03-31 12:09:38.262][INF] [内存管理]释放了4.58 MB (10.6%)
[2026-03-31 12:14:38.281][INF] [内存管理]释放了4.49 MB (10.4%)
[2026-03-31 12:19:38.300][INF] [内存管理]释放了4.58 MB (10.5%)
[2026-03-31 12:24:38.321][INF] [内存管理]释放了4.54 MB (10.5%)
[2026-03-31 12:29:38.348][INF] [内存管理]释放了4.47 MB (10.3%)
[2026-03-31 12:34:38.370][INF] [内存管理]释放了4.35 MB (10.1%)
[2026-03-31 12:39:38.392][INF] [内存管理]释放了4.58 MB (10.5%)
[2026-03-31 12:44:38.414][INF] [内存管理]释放了4.55 MB (10.5%)
[2026-03-31 12:49:38.433][INF] [内存管理]释放了4.63 MB (10.7%)
[2026-03-31 12:54:38.452][INF] [内存管理]释放了4.41 MB (10.2%)
[2026-03-31 12:59:38.478][INF] [内存管理]释放了4.45 MB (10.3%)
[2026-03-31 13:04:38.503][INF] [内存管理]释放了5.68 MB (12.7%)
[2026-03-31 13:09:38.525][INF] [内存管理]释放了4.54 MB (10.5%)
[2026-03-31 13:14:38.546][INF] [内存管理]释放了4.46 MB (10.3%)
[2026-03-31 13:19:38.566][INF] [内存管理]释放了4.48 MB (10.3%)
[2026-03-31 13:24:38.590][INF] [内存管理]释放了4.46 MB (10.3%)
[2026-03-31 13:29:38.613][INF] [内存管理]释放了4.48 MB (10.3%)
[2026-03-31 13:34:38.639][INF] [内存管理]释放了4.49 MB (10.4%)
[2026-03-31 13:39:38.662][INF] [内存管理]释放了4.46 MB (10.3%)
[2026-03-31 13:44:38.684][INF] [内存管理]释放了4.44 MB (10.3%)
[2026-03-31 13:49:38.706][INF] [内存管理]释放了4.43 MB (10.2%)
[2026-03-31 13:54:38.733][INF] [内存管理]释放了4.47 MB (10.3%)
[2026-03-31 13:59:38.751][INF] [内存管理]释放了4.42 MB (10.2%)
[2026-03-31 14:04:38.771][INF] [内存管理]释放了4.43 MB (10.2%)
[2026-03-31 14:09:38.791][INF] [内存管理]释放了4.53 MB (10.4%)
[2026-03-31 14:14:38.813][INF] [内存管理]释放了4.47 MB (10.3%)
[2026-03-31 14:19:38.833][INF] [内存管理]释放了4.39 MB (10.1%)
[2026-03-31 14:24:38.861][INF] [内存管理]释放了4.56 MB (10.5%)
[2026-03-31 14:29:38.883][INF] [内存管理]释放了4.45 MB (10.3%)
[2026-03-31 14:34:38.903][INF] [内存管理]释放了4.50 MB (10.4%)
[2026-03-31 14:39:38.922][INF] [内存管理]释放了4.44 MB (10.3%)
[2026-03-31 14:44:38.943][INF] [内存管理]释放了4.44 MB (10.3%)
[2026-03-31 14:49:38.966][INF] [内存管理]释放了4.49 MB (10.4%)
[2026-03-31 14:54:38.990][INF] [内存管理]释放了4.43 MB (10.2%)
[2026-03-31 14:59:39.013][INF] [内存管理]释放了4.42 MB (10.2%)
[2026-03-31 15:04:39.034][INF] [内存管理]释放了4.45 MB (10.3%)
[2026-03-31 15:09:39.055][INF] [内存管理]释放了4.37 MB (10.1%)
[2026-03-31 15:14:39.078][INF] [内存管理]释放了4.46 MB (10.3%)
[2026-03-31 15:19:39.106][INF] [内存管理]释放了4.39 MB (10.2%)
[2026-03-31 15:24:39.126][INF] [内存管理]释放了4.47 MB (10.3%)
[2026-03-31 15:29:39.145][INF] [内存管理]释放了4.48 MB (10.3%)
[2026-03-31 15:34:39.168][INF] [内存管理]释放了4.52 MB (10.4%)
[2026-03-31 15:39:39.187][INF] [内存管理]释放了4.44 MB (10.3%)
[2026-03-31 15:44:39.212][INF] [内存管理]释放了4.54 MB (10.5%)
[2026-03-31 15:49:39.241][INF] [内存管理]释放了4.53 MB (10.4%)
[2026-03-31 15:54:39.262][INF] [内存管理]释放了4.51 MB (10.4%)
[2026-03-31 15:59:39.280][INF] [内存管理]释放了4.56 MB (10.5%)
[2026-03-31 16:04:39.301][INF] [内存管理]释放了4.28 MB (9.9%)
[2026-03-31 16:09:39.324][INF] [内存管理]释放了4.44 MB (10.3%)
[2026-03-31 16:14:39.350][INF] [内存管理]释放了4.51 MB (10.4%)
[2026-03-31 16:19:39.370][INF] [内存管理]释放了4.51 MB (10.4%)
[2026-03-31 16:24:39.390][INF] [内存管理]释放了4.49 MB (10.4%)
[2026-03-31 16:29:39.409][INF] [内存管理]释放了4.54 MB (10.5%)
[2026-03-31 16:34:39.430][INF] [内存管理]释放了4.54 MB (10.5%)
[2026-03-31 16:39:39.453][INF] [内存管理]释放了4.35 MB (10.1%)
[2026-03-31 16:44:39.480][INF] [内存管理]释放了4.51 MB (10.4%)
[2026-03-31 16:49:39.500][INF] [内存管理]释放了4.48 MB (10.3%)
[2026-03-31 16:54:39.520][INF] [内存管理]释放了4.59 MB (10.6%)
[2026-03-31 16:59:39.541][INF] [内存管理]释放了4.38 MB (10.1%)
[2026-03-31 17:04:39.559][INF] [内存管理]释放了4.44 MB (10.3%)
[2026-03-31 17:09:39.582][INF] [内存管理]释放了4.53 MB (10.4%)
[2026-03-31 17:14:39.609][INF] [内存管理]释放了4.50 MB (10.4%)
[2026-03-31 17:19:39.630][INF] [内存管理]释放了4.56 MB (10.5%)
[2026-03-31 17:24:39.652][INF] [内存管理]释放了4.50 MB (10.4%)
[2026-03-31 17:29:39.672][INF] [内存管理]释放了4.51 MB (10.4%)
[2026-03-31 17:34:39.691][INF] [内存管理]释放了4.43 MB (10.2%)
[2026-03-31 17:39:39.718][INF] [内存管理]释放了4.53 MB (10.4%)
[2026-03-31 17:44:39.742][INF] [内存管理]释放了4.46 MB (10.3%)
[2026-03-31 17:49:39.761][INF] [内存管理]释放了4.47 MB (10.3%)
[2026-03-31 17:54:39.779][INF] [内存管理]释放了4.58 MB (10.5%)
[2026-03-31 17:59:39.800][INF] [内存管理]释放了4.56 MB (10.5%)
[2026-03-31 18:04:39.820][INF] [内存管理]释放了4.29 MB (10.0%)
[2026-03-31 18:09:39.841][INF] [内存管理]释放了4.54 MB (10.5%)
[2026-03-31 18:14:39.865][INF] [内存管理]释放了4.50 MB (10.4%)
[2026-03-31 18:19:39.889][INF] [内存管理]释放了4.47 MB (10.3%)
[2026-03-31 18:24:39.908][INF] [内存管理]释放了4.48 MB (10.3%)
[2026-03-31 18:29:39.925][INF] [内存管理]释放了4.54 MB (10.5%)
[2026-03-31 18:34:39.947][INF] [内存管理]释放了4.51 MB (10.4%)
[2026-03-31 18:39:39.972][INF] [内存管理]释放了4.55 MB (10.5%)
[2026-03-31 18:44:39.992][INF] [内存管理]释放了4.52 MB (10.4%)
[2026-03-31 18:49:40.013][INF] [内存管理]释放了4.39 MB (10.1%)
[2026-03-31 18:54:40.033][INF] [内存管理]释放了4.51 MB (10.4%)
[2026-03-31 18:59:40.053][INF] [内存管理]释放了4.52 MB (10.4%)
[2026-03-31 19:04:40.079][INF] [内存管理]释放了4.47 MB (10.3%)
[2026-03-31 19:09:40.097][INF] [内存管理]释放了4.46 MB (10.3%)
[2026-03-31 19:14:40.113][INF] [内存管理]释放了4.52 MB (10.4%)
[2026-03-31 19:19:40.137][INF] [内存管理]释放了4.41 MB (10.2%)
[2026-03-31 19:24:40.159][INF] [内存管理]释放了4.51 MB (10.4%)
[2026-03-31 19:29:40.181][INF] [内存管理]释放了4.53 MB (10.4%)
[2026-03-31 19:34:40.204][INF] [内存管理]释放了4.49 MB (10.4%)
[2026-03-31 19:39:40.227][INF] [内存管理]释放了4.47 MB (10.3%)
[2026-03-31 19:44:40.244][INF] [内存管理]释放了4.55 MB (10.5%)
[2026-03-31 19:49:40.261][INF] [内存管理]释放了4.50 MB (10.4%)
[2026-03-31 19:54:40.286][INF] [内存管理]释放了4.45 MB (10.3%)
[2026-03-31 19:59:40.308][INF] [内存管理]释放了4.44 MB (10.3%)
[2026-03-31 20:04:40.332][INF] [内存管理]释放了4.49 MB (10.3%)
[2026-03-31 20:09:40.354][INF] [内存管理]释放了4.46 MB (10.3%)
[2026-03-31 20:14:40.375][INF] [内存管理]释放了4.45 MB (10.3%)
[2026-03-31 20:19:40.395][INF] [内存管理]释放了4.37 MB (10.1%)
[2026-03-31 20:24:40.418][INF] [内存管理]释放了4.48 MB (10.3%)
[2026-03-31 20:29:40.445][INF] [内存管理]释放了4.60 MB (10.6%)
[2026-03-31 20:34:40.465][INF] [内存管理]释放了4.49 MB (10.4%)
[2026-03-31 20:39:40.489][INF] [内存管理]释放了4.35 MB (10.1%)
[2026-03-31 20:44:40.509][INF] [内存管理]释放了4.46 MB (10.3%)
[2026-03-31 20:49:40.531][INF] [内存管理]释放了4.43 MB (10.2%)
[2026-03-31 20:54:40.551][INF] [内存管理]释放了4.47 MB (10.3%)
[2026-03-31 20:59:40.575][INF] [内存管理]释放了4.64 MB (10.7%)
[2026-03-31 21:04:40.594][INF] [内存管理]释放了4.46 MB (10.3%)
[2026-03-31 21:09:40.617][INF] [内存管理]释放了4.46 MB (10.3%)
[2026-03-31 21:14:40.650][INF] [内存管理]释放了8.01 MB (17.0%)
[2026-03-31 21:19:40.674][INF] [内存管理]释放了8.59 MB (18.0%)
[2026-03-31 21:24:40.699][INF] [内存管理]释放了7.05 MB (15.3%)
[2026-03-31 21:29:40.732][INF] [内存管理]释放了6.73 MB (14.8%)
[2026-03-31 21:34:40.755][INF] [内存管理]释放了5.56 MB (12.5%)
[2026-03-31 21:39:40.779][INF] [内存管理]释放了16.43 MB (29.7%)
[2026-03-31 21:49:40.817][INF] [内存管理]释放了1.25 MB (3.1%)
[2026-03-31 21:54:40.885][INF] [内存管理]释放了2.04 MB (5.0%)
[2026-03-31 21:55:02.771][INF] MFA Closed!
[2026-03-31 21:55:04.249][INF] Added DLL directory (Windows API): F:\Game_AUTO\MaaFGO\MFAAvalonia\libs
[2026-03-31 21:55:04.269][INF] Native library resolver setup completed using AssemblyLoadContext.ResolvingUnmanagedDll
[2026-03-31 21:55:04.289][INF] MaaFramework runtimes: [
  "F:\\Game_AUTO\\MaaFGO\\MFAAvalonia\\runtimes\\win-x64\\native"
]
[2026-03-31 21:55:04.291][INF] Args: {}
[2026-03-31 21:55:04.291][INF] MFA version: v2.10.9
[2026-03-31 21:55:04.291][INF] .NET version: .NET 10.0.3
[2026-03-31 21:55:04.801][INF] Initializing LanguageManager...
[2026-03-31 21:55:04.917][INF] Loading Configurations...
[2026-03-31 21:55:04.941][INF] Current Configuration: Default
[2026-03-31 21:55:05.009][INF] System sleep allowed.
[2026-03-31 21:55:05.012][INF] HotkeyPrimaryElection: 成为主进程（创建了新的全局互斥锁）
[2026-03-31 21:55:05.012][INF] GlobalHotkeyService: 作为主进程初始化
[2026-03-31 21:55:05.017][INF] HotkeyIpcServer: 端口文件已保存到 C:\Users\MSI\AppData\Local\Temp\MFAAvalonia\hotkey_ipc_port.txt
[2026-03-31 21:55:05.017][INF] HotkeyIpcServer: 启动 TCP 服务端，端口 52718
[2026-03-31 21:55:05.069][WRN] MaaProcessor.Interface is not initialized yet.
[2026-03-31 21:55:05.075][INF] [调试] instances 目录中实际存在的实例文件数量: 1, ID列表: [339d7c15]
[2026-03-31 21:55:42.956][INF] Added DLL directory (Windows API): F:\Game_AUTO\MaaFGO\MFAAvalonia\libs
[2026-03-31 21:55:42.979][INF] Native library resolver setup completed using AssemblyLoadContext.ResolvingUnmanagedDll
[2026-03-31 21:55:43.003][INF] MaaFramework runtimes: [
  "F:\\Game_AUTO\\MaaFGO\\MFAAvalonia\\runtimes\\win-x64\\native"
]
[2026-03-31 21:55:43.005][INF] Args: {}
[2026-03-31 21:55:43.005][INF] MFA version: v2.10.9
[2026-03-31 21:55:43.005][INF] .NET version: .NET 10.0.3
[2026-03-31 21:55:43.540][INF] Initializing LanguageManager...
[2026-03-31 21:55:43.661][INF] Loading Configurations...
[2026-03-31 21:55:43.686][INF] Current Configuration: Default
[2026-03-31 21:55:43.762][INF] System sleep allowed.
[2026-03-31 21:55:43.765][INF] HotkeyPrimaryElection: 成为主进程（创建了新的全局互斥锁）
[2026-03-31 21:55:43.765][INF] GlobalHotkeyService: 作为主进程初始化
[2026-03-31 21:55:43.770][INF] HotkeyIpcServer: 端口文件已保存到 C:\Users\MSI\AppData\Local\Temp\MFAAvalonia\hotkey_ipc_port.txt
[2026-03-31 21:55:43.770][INF] HotkeyIpcServer: 启动 TCP 服务端，端口 52718
[2026-03-31 21:55:43.823][WRN] MaaProcessor.Interface is not initialized yet.
[2026-03-31 21:55:43.829][INF] [调试] instances 目录中实际存在的实例文件数量: 1, ID列表: [339d7c15]
[2026-03-31 21:55:43.886][INF] Resource version: 1.0.0
[2026-03-31 21:55:43.886][INF] MaaFramework version: v5.8.1
[2026-03-31 21:55:43.917][INF] [懒加载] 已加载当天有定时任务的实例
[2026-03-31 21:55:43.977][INF] 窗口大小已加载: width=1634, height=993
[2026-03-31 21:55:43.983][INF] 保存的窗口位置 (-32000, -32000) 不在有效屏幕范围内，使用默认居中位置
[2026-03-31 21:55:44.205][WRN] 跨平台数据解密失败: 参数错误。
[2026-03-31 21:55:44.242][WRN] 跨平台数据解密失败: The input is not a valid Base-64 string as it contains a non-base 64 character, more than two padding characters, or an illegal character among the padding characters.
[2026-03-31 21:55:44.370][INF] [调试] instances 目录中实际存在的实例文件数量: 1, ID列表: [339d7c15]
[2026-03-31 21:55:44.373][INF] [懒加载] 已加载当天有定时任务的实例
[2026-03-31 21:55:44.828][INF] [懒加载] 所有实例加载完成
[2026-03-31 21:55:44.828][INF] [懒加载] 所有实例加载完成
[2026-03-31 21:55:44.876][INF] UI initialization started
[2026-03-31 21:55:45.326][INF] MFA异步任务 公告和最新版本检测 开始.
[2026-03-31 21:55:45.629][INF] Reading saved ADB device from configuration, using fingerprint matching.
[2026-03-31 21:55:45.630][INF] Saved device fingerprint: MuMu安卓设备-MuMuPlayer12 v5|0|127.0.0.1|16384
[2026-03-31 21:55:45.738][INF] Found matching device by fingerprint: MuMu安卓设备-MuMuPlayer12 v5 (127.0.0.1:16384)
[2026-03-31 21:55:45.778][INF] [TaskPipelineMerge] Task#1 Name=[打开bbc] Entry=[运行BBC] PipelineList=[
  {},
  {
    "运行BBC": {
      "action": {
        "type": "Command",
        "param": {
          "exec": "F:\\BBchannel\\启动.cmd"
        }
      }
    }
  },
  {
    "冠位戴冠战-BBC脚本运行": {
      "action": {
        "type": "Command",
        "param": {
          "exec": "F:\\Game_AUTO\\MaaFGO\\MFAAvalonia\\run_bbc\\bbctools.cmd"
        }
      }
    }
  }
]
[2026-03-31 21:55:45.779][INF] [TaskPipelineMerge] Task#2 Name=[启动游戏] Entry=[启动FGO] PipelineList=[
  {},
  {
    "运行BBC": {
      "action": {
        "type": "Command",
        "param": {
          "exec": "F:\\BBchannel\\启动.cmd"
        }
      }
    }
  },
  {
    "冠位戴冠战-BBC脚本运行": {
      "action": {
        "type": "Command",
        "param": {
          "exec": "F:\\Game_AUTO\\MaaFGO\\MFAAvalonia\\run_bbc\\bbctools.cmd"
        }
      }
    }
  },
  {
    "启动FGO": {
      "action": {
        "type": "StartApp",
        "param": {
          "package": "com.aniplex.fategrandorder"
        }
      }
    }
  }
]
[2026-03-31 21:55:45.780][INF] [TaskPipelineMerge] Task#3 Name=[水怪活动] Entry=[水怪活动-开始] PipelineList=[
  {},
  {
    "运行BBC": {
      "action": {
        "type": "Command",
        "param": {
          "exec": "F:\\BBchannel\\启动.cmd"
        }
      }
    }
  },
  {
    "冠位戴冠战-BBC脚本运行": {
      "action": {
        "type": "Command",
        "param": {
          "exec": "F:\\Game_AUTO\\MaaFGO\\MFAAvalonia\\run_bbc\\bbctools.cmd"
        }
      }
    }
  }
]
[2026-03-31 21:55:45.884][INF] MFA异步任务 启动任务 开始.
[2026-03-31 21:55:45.885][INF] MFA异步任务 启动附加开始脚本 开始.
[2026-03-31 21:55:45.886][INF] >>> MFA异步任务 启动附加开始脚本 已完成.
[2026-03-31 21:55:45.887][INF] >>> MFA异步任务 启动任务 已完成.
[2026-03-31 21:55:45.890][INF] 正在载入资源
[2026-03-31 21:55:45.891][INF] Resource: F:\Game_AUTO\MaaFGO\MFAAvalonia\resource
[2026-03-31 21:55:45.891][INF] MFA异步任务 资源检测 开始.
[2026-03-31 21:55:45.891][INF] 正在连接至模拟器......
[2026-03-31 21:55:45.967][INF] >>> MFA异步任务 资源检测 已完成.
[2026-03-31 21:55:45.968][INF] Use GPU: succeed
[2026-03-31 21:55:45.968][INF] GPU acceleration: Auto
[2026-03-31 21:55:45.968][INF] MFA异步任务 控制器检测 开始.
[2026-03-31 21:55:45.969][INF] Loading MAA Controller Configuration...
[2026-03-31 21:55:45.970][INF] 触控模式:All,捕获模式:EmulatorExtras
[2026-03-31 21:55:45.970][INF] Name: MuMu安卓设备-MuMuPlayer12 v5
[2026-03-31 21:55:45.970][INF] AdbPath: C:/Program Files/Netease/MuMu Player 12/nx_main/adb.exe
[2026-03-31 21:55:45.970][INF] AdbSerial: 127.0.0.1:16384
[2026-03-31 21:55:45.970][INF] ScreenCap: EmulatorExtras
[2026-03-31 21:55:45.970][INF] Input: All
[2026-03-31 21:55:45.970][INF] Config: {"extras":{"mumu":{"enable":true,"index":0,"path":"C:/Program Files/Netease/MuMu Player 12"}}
[2026-03-31 21:55:46.135][INF] >>> MFA异步任务 控制器检测 已完成.
[2026-03-31 21:55:46.341][INF] Registered built-in special task actions
[2026-03-31 21:55:46.341][INF] Custom directory not found: F:\Game_AUTO\MaaFGO\MFAAvalonia\.\resource\custom
[2026-03-31 21:55:46.341][INF] Custom directory not found: F:\Game_AUTO\MaaFGO\MFAAvalonia\resource\custom
[2026-03-31 21:55:46.342][INF] Maafw debug mode: False
[2026-03-31 21:55:46.630][WRN] 公告文件夹不存在: F:\Game_AUTO\MaaFGO\MFAAvalonia\resource\announcement
[2026-03-31 21:55:46.708][INF] MFA异步任务 截图测试 开始.
[2026-03-31 21:55:46.729][INF] >>> MFA异步任务 截图测试 已完成.
[2026-03-31 21:55:46.729][INF] 截图耗时: 9ms(EmulatorExtras)
[2026-03-31 21:55:46.733][INF] 开始任务: 打开bbc
[2026-03-31 21:55:46.734][INF] MFA异步任务 队列任务 开始.
[2026-03-31 21:55:47.529][INF] >>> MFA异步任务 队列任务 已完成.
[2026-03-31 21:55:47.530][INF] MFA异步任务 队列任务 开始.
[2026-03-31 21:55:47.532][INF] 开始任务: 启动游戏
[2026-03-31 21:55:58.814][INF] 尚未检测到登录成功
[2026-03-31 21:56:04.734][INF] 尚未检测到登录成功
[2026-03-31 21:56:31.364][INF] 等待到达主界面
[2026-03-31 21:56:32.366][INF] 等待到达主界面
[2026-03-31 21:56:33.370][INF] 等待到达主界面
[2026-03-31 21:56:34.369][INF] 等待到达主界面
[2026-03-31 21:56:35.379][INF] 等待到达主界面
[2026-03-31 21:56:36.371][INF] 等待到达主界面
[2026-03-31 21:56:43.895][INF] [内存管理]释放了13.78 MB (26.7%)
[2026-03-31 21:57:07.969][INF] 未成功抵达主界面，脚本中止
[2026-03-31 21:57:08.964][INF] 未成功抵达主界面，脚本中止
[2026-03-31 21:57:09.962][INF] 未成功抵达主界面，脚本中止
[2026-03-31 21:57:10.970][INF] 未成功抵达主界面，脚本中止
[2026-03-31 21:57:11.968][INF] 未成功抵达主界面，脚本中止
[2026-03-31 21:57:12.973][INF] 未成功抵达主界面，脚本中止
[2026-03-31 21:57:13.987][INF] 未成功抵达主界面，脚本中止
[2026-03-31 21:57:14.972][INF] 未成功抵达主界面，脚本中止
[2026-03-31 21:57:15.995][INF] 未成功抵达主界面，脚本中止
[2026-03-31 21:57:17.017][INF] 未成功抵达主界面，脚本中止
[2026-03-31 21:57:18.022][INF] 未成功抵达主界面，脚本中止
[2026-03-31 21:57:19.011][INF] 未成功抵达主界面，脚本中止
[2026-03-31 21:57:20.010][INF] 未成功抵达主界面，脚本中止
[2026-03-31 21:57:20.993][INF] 未成功抵达主界面，脚本中止
[2026-03-31 21:57:21.997][INF] 未成功抵达主界面，脚本中止
[2026-03-31 21:57:23.017][INF] 未成功抵达主界面，脚本中止
[2026-03-31 21:57:23.999][INF] 未成功抵达主界面，脚本中止
[2026-03-31 21:57:25.037][INF] 未成功抵达主界面，脚本中止
[2026-03-31 21:57:26.000][INF] 未成功抵达主界面，脚本中止
[2026-03-31 21:57:27.017][INF] 未成功抵达主界面，脚本中止
[2026-03-31 21:57:28.022][INF] 未成功抵达主界面，脚本中止
[2026-03-31 21:57:28.264][INF] >>> MFA异步任务 队列任务 已完成.
[2026-03-31 21:57:28.265][INF] MFA异步任务 队列任务 开始.
[2026-03-31 21:57:28.265][INF] 开始任务: 水怪活动
[2026-03-31 21:57:49.310][INF] 执行失败，请检查
[2026-03-31 21:57:49.510][INF] >>> MFA异步任务 队列任务 已完成.
[2026-03-31 21:57:49.511][INF] MFA异步任务 启动附加结束脚本 开始.
[2026-03-31 21:57:49.511][INF] >>> MFA异步任务 启动附加结束脚本 已完成.
[2026-03-31 21:57:49.515][INF] MFA异步任务 启动检测 开始.
[2026-03-31 21:57:49.516][INF] 开始执行任务: 查询CDK
[2026-03-31 21:57:49.516][INF] Stop Status: SUCCEEDED
[2026-03-31 21:57:49.517][INF] MFA异步任务 停止maafw任务 开始.
[2026-03-31 21:57:49.518][INF] 任务完成: 查询CDK
[2026-03-31 21:57:49.518][INF] 开始执行任务: 更新资源
[2026-03-31 21:57:49.519][INF] >>> 任务 播放音频 开始.
[2026-03-31 21:57:49.571][ERR] System.Exception: 该资源操作暂不支持 Mirror酱
   at MFAAvalonia.Helper.VersionChecker.GetDownloadUrlFromMirror(String version, String resId, String cdk, String& url, String& latestVersion, String& sha256, Boolean& isFull, String userAgent, Boolean isUI, Boolean onlyCheck, String currentVersion, Boolean showResponse, Boolean saveAnnouncement)
   at MFAAvalonia.Helper.VersionChecker.CheckForResourceUpdatesAsync(Boolean isGithub)
[2026-03-31 21:57:49.571][INF] 任务完成: 更新资源
[2026-03-31 21:57:49.618][INF] >>> 任务 播放音频 完成.
[2026-03-31 21:57:49.629][INF] 任务已全部完成！
(用时 0h 2m 3s)
[2026-03-31 22:03:01.603][INF] MFA Closed!
