[2026-03-13 22:23:03.813][INF] Added DLL directory (Windows API): F:\Game_AUTO\MaaFGO\MaaFGO\MFAAvalonia-v2.10.9-win-x64\libs
[2026-03-13 22:23:03.834][INF] Native library resolver setup completed using AssemblyLoadContext.ResolvingUnmanagedDll
[2026-03-13 22:23:03.857][INF] MaaFramework runtimes: [
  "F:\\Game_AUTO\\MaaFGO\\MaaFGO\\MFAAvalonia-v2.10.9-win-x64\\runtimes\\win-x64\\native"
]
[2026-03-13 22:23:03.859][INF] Args: {}
[2026-03-13 22:23:03.859][INF] MFA version: v2.10.9
[2026-03-13 22:23:03.859][INF] .NET version: .NET 10.0.3
[2026-03-13 22:23:04.493][INF] Initializing LanguageManager...
[2026-03-13 22:23:04.616][INF] Loading Configurations...
[2026-03-13 22:23:04.635][INF] Current Configuration: Default
[2026-03-13 22:23:04.699][INF] System sleep allowed.
[2026-03-13 22:23:04.702][INF] HotkeyPrimaryElection: 成为主进程（创建了新的全局互斥锁）
[2026-03-13 22:23:04.702][INF] GlobalHotkeyService: 作为主进程初始化
[2026-03-13 22:23:04.707][INF] HotkeyIpcServer: 端口文件已保存到 C:\Users\MSI\AppData\Local\Temp\MFAAvalonia\hotkey_ipc_port.txt
[2026-03-13 22:23:04.707][INF] HotkeyIpcServer: 启动 TCP 服务端，端口 52718
[2026-03-13 22:23:05.311][INF] 未找到interface文件，生成interface.json...
[2026-03-13 22:23:05.328][ERR] 框架初始化失败：System.InvalidOperationException: 运行时解析 SettingsViewModel 失败。可能原因：1. 服务未注册；2. 循环依赖；3. 初始化时线程竞争。
 ---> System.InvalidOperationException: 运行时解析 InstanceTabBarViewModel 失败。可能原因：1. 服务未注册；2. 循环依赖；3. 初始化时线程竞争。
 ---> System.InvalidOperationException: ValueFactory attempted to access the Value property of this instance.
   at System.Lazy`1.ViaFactory(LazyThreadSafetyMode mode)
   at System.Lazy`1.ExecutionAndPublication(LazyHelper executionAndPublication, Boolean useDefaultConstructor)
   at System.Lazy`1.CreateValue()
   at MFAAvalonia.Extensions.MaaFW.MaaProcessorManager.get_Instance()
   at MFAAvalonia.ViewModels.Other.InstanceTabViewModel.UpdateName()
   at MFAAvalonia.ViewModels.Other.InstanceTabViewModel..ctor(MaaProcessor processor)
   at MFAAvalonia.ViewModels.Other.InstanceTabBarViewModel.ReloadTabs()
   at MFAAvalonia.ViewModels.Other.InstanceTabBarViewModel..ctor()
   at System.Reflection.MethodBaseInvoker.InterpretedInvoke_Constructor(Object obj, IntPtr* args)
   at System.Reflection.MethodBaseInvoker.InvokeWithNoArgs(Object obj, BindingFlags invokeAttr)
   at System.Reflection.RuntimeConstructorInfo.Invoke(BindingFlags invokeAttr, Binder binder, Object[] parameters, CultureInfo culture)
   at Microsoft.Extensions.DependencyInjection.ServiceLookup.CallSiteRuntimeResolver.VisitConstructor(ConstructorCallSite constructorCallSite, RuntimeResolverContext context)
   at Microsoft.Extensions.DependencyInjection.ServiceLookup.CallSiteVisitor`2.VisitCallSiteMain(ServiceCallSite callSite, TArgument argument)
   at Microsoft.Extensions.DependencyInjection.ServiceLookup.CallSiteRuntimeResolver.VisitRootCache(ServiceCallSite callSite, RuntimeResolverContext context)
   at Microsoft.Extensions.DependencyInjection.ServiceLookup.CallSiteVisitor`2.VisitCallSite(ServiceCallSite callSite, TArgument argument)
   at Microsoft.Extensions.DependencyInjection.ServiceLookup.CallSiteRuntimeResolver.Resolve(ServiceCallSite callSite, ServiceProviderEngineScope scope)
   at Microsoft.Extensions.DependencyInjection.ServiceProvider.CreateServiceAccessor(ServiceIdentifier serviceIdentifier)
   at System.Collections.Concurrent.ConcurrentDictionary`2.GetOrAdd(TKey key, Func`2 valueFactory)
   at Microsoft.Extensions.DependencyInjection.ServiceProvider.GetService(ServiceIdentifier serviceIdentifier, ServiceProviderEngineScope serviceProviderEngineScope)
   at Microsoft.Extensions.DependencyInjection.ServiceProvider.GetService(Type serviceType)
   at Microsoft.Extensions.DependencyInjection.ServiceProviderServiceExtensions.GetRequiredService(IServiceProvider provider, Type serviceType)
   at Microsoft.Extensions.DependencyInjection.ServiceProviderServiceExtensions.GetRequiredService[T](IServiceProvider provider)
   at MFAAvalonia.Helper.Instances.<>c__DisplayClass1_0`1.<Resolve>b__1()
   --- End of inner exception stack trace ---
   at MFAAvalonia.Helper.Instances.<>c__DisplayClass1_0`1.<Resolve>b__1()
   at System.Lazy`1.ViaFactory(LazyThreadSafetyMode mode)
   at System.Lazy`1.ExecutionAndPublication(LazyHelper executionAndPublication, Boolean useDefaultConstructor)
   at System.Lazy`1.CreateValue()
   at MFAAvalonia.Helper.Instances.Resolve[T]()
   at MFAAvalonia.Helper.Instances.get_InstanceTabBarViewModel()
   at MFAAvalonia.ViewModels.Pages.SettingsViewModel..ctor()
   at System.Reflection.MethodBaseInvoker.InterpretedInvoke_Constructor(Object obj, IntPtr* args)
   at System.Reflection.MethodBaseInvoker.InvokeWithNoArgs(Object obj, BindingFlags invokeAttr)
   at System.Reflection.RuntimeConstructorInfo.Invoke(BindingFlags invokeAttr, Binder binder, Object[] parameters, CultureInfo culture)
   at Microsoft.Extensions.DependencyInjection.ServiceLookup.CallSiteRuntimeResolver.VisitConstructor(ConstructorCallSite constructorCallSite, RuntimeResolverContext context)
   at Microsoft.Extensions.DependencyInjection.ServiceLookup.CallSiteVisitor`2.VisitCallSiteMain(ServiceCallSite callSite, TArgument argument)
   at Microsoft.Extensions.DependencyInjection.ServiceLookup.CallSiteRuntimeResolver.VisitRootCache(ServiceCallSite callSite, RuntimeResolverContext context)
   at Microsoft.Extensions.DependencyInjection.ServiceLookup.CallSiteVisitor`2.VisitCallSite(ServiceCallSite callSite, TArgument argument)
   at Microsoft.Extensions.DependencyInjection.ServiceLookup.CallSiteRuntimeResolver.Resolve(ServiceCallSite callSite, ServiceProviderEngineScope scope)
   at Microsoft.Extensions.DependencyInjection.ServiceProvider.CreateServiceAccessor(ServiceIdentifier serviceIdentifier)
   at System.Collections.Concurrent.ConcurrentDictionary`2.GetOrAdd(TKey key, Func`2 valueFactory)
   at Microsoft.Extensions.DependencyInjection.ServiceProvider.GetService(ServiceIdentifier serviceIdentifier, ServiceProviderEngineScope serviceProviderEngineScope)
   at Microsoft.Extensions.DependencyInjection.ServiceProvider.GetService(Type serviceType)
   at Microsoft.Extensions.DependencyInjection.ServiceProviderServiceExtensions.GetRequiredService(IServiceProvider provider, Type serviceType)
   at Microsoft.Extensions.DependencyInjection.ServiceProviderServiceExtensions.GetRequiredService[T](IServiceProvider provider)
   at MFAAvalonia.Helper.Instances.<>c__DisplayClass1_0`1.<Resolve>b__1()
   --- End of inner exception stack trace ---
   at MFAAvalonia.Helper.Instances.<>c__DisplayClass1_0`1.<Resolve>b__1()
   at System.Lazy`1.ViaFactory(LazyThreadSafetyMode mode)
   at System.Lazy`1.ExecutionAndPublication(LazyHelper executionAndPublication, Boolean useDefaultConstructor)
   at System.Lazy`1.CreateValue()
   at MFAAvalonia.Helper.Instances.Resolve[T]()
   at MFAAvalonia.Helper.Instances.get_SettingsViewModel()
   at MFAAvalonia.Extensions.MaaFW.MaaProcessor.set_Interface(MaaInterface value)
   at MFAAvalonia.Extensions.MaaFW.MaaProcessor.CheckInterface(String& Name, String& NameFallBack, String& Version, String& CustomTitle, String& CustomTitleFallBack)
   at MFAAvalonia.Extensions.MaaFW.MaaProcessor..ctor(String instanceId)
   at MFAAvalonia.ViewModels.Pages.TaskQueueViewModel..ctor(String instanceId)
   at MFAAvalonia.Extensions.MaaFW.MaaProcessorManager.CreateInstanceInternal(String instanceId, Boolean setCurrent)
   at MFAAvalonia.Extensions.MaaFW.MaaProcessorManager..ctor()
   at MFAAvalonia.Extensions.MaaFW.MaaProcessorManager.<>c.<.cctor>b__54_0()
   at System.Lazy`1.ViaFactory(LazyThreadSafetyMode mode)
   at System.Lazy`1.ExecutionAndPublication(LazyHelper executionAndPublication, Boolean useDefaultConstructor)
   at System.Lazy`1.CreateValue()
   at MFAAvalonia.Extensions.MaaFW.MaaProcessorManager.get_Instance()
   at MFAAvalonia.App.OnFrameworkInitializationCompleted()
[2026-03-13 22:24:21.045][INF] Added DLL directory (Windows API): F:\Game_AUTO\MaaFGO\MaaFGO\MFAAvalonia-v2.10.9-win-x64\libs
[2026-03-13 22:24:21.066][INF] Native library resolver setup completed using AssemblyLoadContext.ResolvingUnmanagedDll
[2026-03-13 22:24:21.091][INF] MaaFramework runtimes: [
  "F:\\Game_AUTO\\MaaFGO\\MaaFGO\\MFAAvalonia-v2.10.9-win-x64\\runtimes\\win-x64\\native"
]
[2026-03-13 22:24:21.094][INF] Args: {}
[2026-03-13 22:24:21.094][INF] MFA version: v2.10.9
[2026-03-13 22:24:21.094][INF] .NET version: .NET 10.0.3
[2026-03-13 22:24:21.596][INF] Initializing LanguageManager...
[2026-03-13 22:24:21.702][INF] Loading Configurations...
[2026-03-13 22:24:21.723][INF] Current Configuration: Default
[2026-03-13 22:24:21.784][INF] System sleep allowed.
[2026-03-13 22:24:21.787][INF] HotkeyPrimaryElection: 成为主进程（创建了新的全局互斥锁）
[2026-03-13 22:24:21.787][INF] GlobalHotkeyService: 作为主进程初始化
[2026-03-13 22:24:21.792][INF] HotkeyIpcServer: 端口文件已保存到 C:\Users\MSI\AppData\Local\Temp\MFAAvalonia\hotkey_ipc_port.txt
[2026-03-13 22:24:21.792][INF] HotkeyIpcServer: 启动 TCP 服务端，端口 52718
[2026-03-13 22:24:21.843][WRN] MaaProcessor.Interface is not initialized yet.
[2026-03-13 22:24:21.847][INF] [调试] instances 目录中实际存在的实例文件数量: 0, ID列表: []
[2026-03-13 22:24:21.847][INF] MaaProcessor.Interface 为 null，正在读取...
[2026-03-13 22:24:21.882][INF] MaaProcessor.Interface.Preset 数量: 0
[2026-03-13 22:24:21.882][INF] 没有 preset，将继续使用默认的 default 实例并持久化到配置
[2026-03-13 22:24:21.886][INF] Resource version: 1.0.0
[2026-03-13 22:24:21.886][INF] MaaFramework version: v5.8.1
[2026-03-13 22:24:21.922][INF] [懒加载] 已加载当天有定时任务的实例
[2026-03-13 22:24:22.193][WRN] 跨平台数据解密失败: 参数错误。
[2026-03-13 22:24:22.233][WRN] 跨平台数据解密失败: The input is not a valid Base-64 string as it contains a non-base 64 character, more than two padding characters, or an illegal character among the padding characters.
[2026-03-13 22:24:22.361][INF] [调试] instances 目录中实际存在的实例文件数量: 1, ID列表: [default]
[2026-03-13 22:24:22.364][INF] [懒加载] 已加载当天有定时任务的实例
[2026-03-13 22:24:22.729][INF] [懒加载] 所有实例加载完成
[2026-03-13 22:24:22.730][INF] [懒加载] 所有实例加载完成
[2026-03-13 22:24:22.776][INF] UI initialization started
[2026-03-13 22:24:23.049][INF] MFA异步任务 公告和最新版本检测 开始.
[2026-03-13 22:24:23.350][INF] >>> 任务 刷新设备 开始.
[2026-03-13 22:24:23.602][INF] >>> 任务 刷新设备 完成.
[2026-03-13 22:24:23.677][INF] 正在连接至模拟器......
[2026-03-13 22:24:23.691][INF] MFA异步任务 启动任务 开始.
[2026-03-13 22:24:23.695][INF] 正在载入资源
[2026-03-13 22:24:23.695][INF] Resource: F:\Game_AUTO\MaaFGO\MaaFGO\MFAAvalonia-v2.10.9-win-x64\resource
[2026-03-13 22:24:23.695][INF] MFA异步任务 资源检测 开始.
[2026-03-13 22:24:23.697][INF] >>> MFA异步任务 启动任务 已完成.
[2026-03-13 22:24:23.782][INF] >>> MFA异步任务 资源检测 已完成.
[2026-03-13 22:24:23.783][INF] Use GPU: succeed
[2026-03-13 22:24:23.783][INF] GPU acceleration: Auto
[2026-03-13 22:24:23.783][INF] MFA异步任务 控制器检测 开始.
[2026-03-13 22:24:23.784][INF] Loading MAA Controller Configuration...
[2026-03-13 22:24:23.784][INF] 触控模式:All,捕获模式:EmulatorExtras
[2026-03-13 22:24:23.785][INF] Name: MuMu安卓设备-MuMuPlayer12 v5
[2026-03-13 22:24:23.785][INF] AdbPath: C:/Program Files/Netease/MuMu Player 12/nx_main/adb.exe
[2026-03-13 22:24:23.785][INF] AdbSerial: 127.0.0.1:16384
[2026-03-13 22:24:23.785][INF] ScreenCap: EmulatorExtras
[2026-03-13 22:24:23.785][INF] Input: All
[2026-03-13 22:24:23.785][INF] Config: {"extras":{"mumu":{"enable":true,"index":0,"path":"C:/Program Files/Netease/MuMu Player 12"}}
[2026-03-13 22:24:23.950][INF] >>> MFA异步任务 控制器检测 已完成.
[2026-03-13 22:24:24.161][INF] Registered built-in special task actions
[2026-03-13 22:24:24.161][INF] Custom directory not found: F:\Game_AUTO\MaaFGO\MaaFGO\MFAAvalonia-v2.10.9-win-x64\.\resource\custom
[2026-03-13 22:24:24.161][INF] Custom directory not found: F:\Game_AUTO\MaaFGO\MaaFGO\MFAAvalonia-v2.10.9-win-x64\resource\custom
[2026-03-13 22:24:24.161][INF] Maafw debug mode: False
[2026-03-13 22:24:24.352][WRN] 公告文件夹不存在: F:\Game_AUTO\MaaFGO\MaaFGO\MFAAvalonia-v2.10.9-win-x64\resource\announcement
[2026-03-13 22:24:24.733][INF] MFA异步任务 启动检测 开始.
[2026-03-13 22:24:24.733][INF] 开始执行任务: 查询CDK
[2026-03-13 22:24:24.735][INF] Stop Status: SUCCEEDED
[2026-03-13 22:24:24.735][INF] 任务完成: 查询CDK
[2026-03-13 22:24:24.735][INF] 开始执行任务: 更新资源
[2026-03-13 22:24:24.736][INF] MFA异步任务 停止maafw任务 开始.
[2026-03-13 22:24:24.742][ERR] System.Exception: 该资源操作暂不支持 Mirror酱
   at MFAAvalonia.Helper.VersionChecker.GetDownloadUrlFromMirror(String version, String resId, String cdk, String& url, String& latestVersion, String& sha256, Boolean& isFull, String userAgent, Boolean isUI, Boolean onlyCheck, String currentVersion, Boolean showResponse, Boolean saveAnnouncement)
   at MFAAvalonia.Helper.VersionChecker.CheckForResourceUpdatesAsync(Boolean isGithub)
[2026-03-13 22:24:24.742][INF] 任务完成: 更新资源
[2026-03-13 22:24:24.746][INF] 任务已全部完成！
(用时 0h 0m 1s)
[2026-03-13 22:44:09.203][INF] MFA Closed!
[2026-03-13 22:54:45.290][INF] Added DLL directory (Windows API): F:\Game_AUTO\MaaFGO\MFAAvalonia-v2.10.9-win-x64\libs
[2026-03-13 22:54:45.308][INF] Native library resolver setup completed using AssemblyLoadContext.ResolvingUnmanagedDll
[2026-03-13 22:54:45.330][INF] MaaFramework runtimes: [
  "F:\\Game_AUTO\\MaaFGO\\MFAAvalonia-v2.10.9-win-x64\\runtimes\\win-x64\\native"
]
[2026-03-13 22:54:45.332][INF] Args: {}
[2026-03-13 22:54:45.332][INF] MFA version: v2.10.9
[2026-03-13 22:54:45.332][INF] .NET version: .NET 10.0.3
[2026-03-13 22:54:45.954][INF] Initializing LanguageManager...
[2026-03-13 22:54:46.062][INF] Loading Configurations...
[2026-03-13 22:54:46.082][INF] Current Configuration: Default
[2026-03-13 22:54:46.147][INF] System sleep allowed.
[2026-03-13 22:54:46.149][INF] HotkeyPrimaryElection: 成为主进程（创建了新的全局互斥锁）
[2026-03-13 22:54:46.149][INF] GlobalHotkeyService: 作为主进程初始化
[2026-03-13 22:54:46.154][INF] HotkeyIpcServer: 端口文件已保存到 C:\Users\MSI\AppData\Local\Temp\MFAAvalonia\hotkey_ipc_port.txt
[2026-03-13 22:54:46.154][INF] HotkeyIpcServer: 启动 TCP 服务端，端口 52718
[2026-03-13 22:54:46.212][WRN] MaaProcessor.Interface is not initialized yet.
[2026-03-13 22:54:46.218][INF] [调试] instances 目录中实际存在的实例文件数量: 1, ID列表: [default]
[2026-03-13 22:54:46.268][INF] Resource version: 1.0.0
[2026-03-13 22:54:46.268][INF] MaaFramework version: v5.8.1
[2026-03-13 22:54:46.293][INF] [懒加载] 已加载当天有定时任务的实例
[2026-03-13 22:54:46.349][INF] 窗口大小已加载: width=1920, height=1029
[2026-03-13 22:54:46.354][INF] 保存的窗口位置 (-32000, -32000) 不在有效屏幕范围内，使用默认居中位置
[2026-03-13 22:54:46.557][WRN] 跨平台数据解密失败: 参数错误。
[2026-03-13 22:54:46.596][WRN] 跨平台数据解密失败: The input is not a valid Base-64 string as it contains a non-base 64 character, more than two padding characters, or an illegal character among the padding characters.
[2026-03-13 22:54:46.716][INF] [调试] instances 目录中实际存在的实例文件数量: 1, ID列表: [default]
[2026-03-13 22:54:46.720][INF] [懒加载] 已加载当天有定时任务的实例
[2026-03-13 22:54:47.076][INF] [懒加载] 所有实例加载完成
[2026-03-13 22:54:47.077][INF] [懒加载] 所有实例加载完成
[2026-03-13 22:54:47.120][INF] UI initialization started
[2026-03-13 22:54:47.373][INF] MFA异步任务 公告和最新版本检测 开始.
[2026-03-13 22:54:47.678][INF] Reading saved ADB device from configuration, using fingerprint matching.
[2026-03-13 22:54:47.679][INF] Saved device fingerprint: MuMu安卓设备-MuMuPlayer12 v5|0|127.0.0.1|16384
[2026-03-13 22:54:47.914][INF] Found matching device by fingerprint: MuMu安卓设备-MuMuPlayer12 v5 (127.0.0.1:16384)
[2026-03-13 22:54:47.981][INF] 正在连接至模拟器......
[2026-03-13 22:54:47.994][INF] MFA异步任务 启动任务 开始.
[2026-03-13 22:54:47.998][INF] 正在载入资源
[2026-03-13 22:54:47.999][INF] Resource: F:\Game_AUTO\MaaFGO\MFAAvalonia-v2.10.9-win-x64\resource
[2026-03-13 22:54:47.999][INF] MFA异步任务 资源检测 开始.
[2026-03-13 22:54:48.001][INF] >>> MFA异步任务 启动任务 已完成.
[2026-03-13 22:54:48.086][INF] >>> MFA异步任务 资源检测 已完成.
[2026-03-13 22:54:48.087][INF] Use GPU: succeed
[2026-03-13 22:54:48.087][INF] GPU acceleration: Auto
[2026-03-13 22:54:48.087][INF] MFA异步任务 控制器检测 开始.
[2026-03-13 22:54:48.088][INF] Loading MAA Controller Configuration...
[2026-03-13 22:54:48.088][INF] 触控模式:All,捕获模式:EmulatorExtras
[2026-03-13 22:54:48.089][INF] Name: MuMu安卓设备-MuMuPlayer12 v5
[2026-03-13 22:54:48.089][INF] AdbPath: C:/Program Files/Netease/MuMu Player 12/nx_main/adb.exe
[2026-03-13 22:54:48.089][INF] AdbSerial: 127.0.0.1:16384
[2026-03-13 22:54:48.089][INF] ScreenCap: EmulatorExtras
[2026-03-13 22:54:48.089][INF] Input: All
[2026-03-13 22:54:48.089][INF] Config: {"extras":{"mumu":{"enable":true,"index":0,"path":"C:/Program Files/Netease/MuMu Player 12"}}
[2026-03-13 22:54:48.266][INF] >>> MFA异步任务 控制器检测 已完成.
[2026-03-13 22:54:48.500][INF] Registered built-in special task actions
[2026-03-13 22:54:48.500][INF] Custom directory not found: F:\Game_AUTO\MaaFGO\MFAAvalonia-v2.10.9-win-x64\.\resource\custom
[2026-03-13 22:54:48.500][INF] Custom directory not found: F:\Game_AUTO\MaaFGO\MFAAvalonia-v2.10.9-win-x64\resource\custom
[2026-03-13 22:54:48.502][INF] Maafw debug mode: False
[2026-03-13 22:54:48.677][WRN] 公告文件夹不存在: F:\Game_AUTO\MaaFGO\MFAAvalonia-v2.10.9-win-x64\resource\announcement
[2026-03-13 22:54:49.127][INF] MFA异步任务 启动检测 开始.
[2026-03-13 22:54:49.127][INF] 开始执行任务: 查询CDK
[2026-03-13 22:54:49.128][INF] Stop Status: SUCCEEDED
[2026-03-13 22:54:49.128][INF] MFA异步任务 停止maafw任务 开始.
[2026-03-13 22:54:49.129][INF] 任务完成: 查询CDK
[2026-03-13 22:54:49.129][INF] 开始执行任务: 更新资源
[2026-03-13 22:54:49.135][ERR] System.Exception: 该资源操作暂不支持 Mirror酱
   at MFAAvalonia.Helper.VersionChecker.GetDownloadUrlFromMirror(String version, String resId, String cdk, String& url, String& latestVersion, String& sha256, Boolean& isFull, String userAgent, Boolean isUI, Boolean onlyCheck, String currentVersion, Boolean showResponse, Boolean saveAnnouncement)
   at MFAAvalonia.Helper.VersionChecker.CheckForResourceUpdatesAsync(Boolean isGithub)
[2026-03-13 22:54:49.135][INF] 任务完成: 更新资源
[2026-03-13 22:54:49.138][INF] 任务已全部完成！
(用时 0h 0m 1s)
[2026-03-13 22:54:50.223][INF] Resource version: 1.0.0
[2026-03-13 22:54:50.224][INF] MaaFramework version: v5.8.1
[2026-03-13 22:55:46.238][INF] [内存管理]释放了7.46 MB (10.2%)
[2026-03-13 22:57:07.637][INF] MFA Closed!
[2026-03-13 22:57:11.955][INF] Added DLL directory (Windows API): F:\Game_AUTO\MaaFGO\MFAAvalonia-v2.10.9-win-x64\libs
[2026-03-13 22:57:11.973][INF] Native library resolver setup completed using AssemblyLoadContext.ResolvingUnmanagedDll
[2026-03-13 22:57:11.993][INF] MaaFramework runtimes: [
  "F:\\Game_AUTO\\MaaFGO\\MFAAvalonia-v2.10.9-win-x64\\runtimes\\win-x64\\native"
]
[2026-03-13 22:57:11.995][INF] Args: {}
[2026-03-13 22:57:11.995][INF] MFA version: v2.10.9
[2026-03-13 22:57:11.995][INF] .NET version: .NET 10.0.3
[2026-03-13 22:57:12.480][INF] Initializing LanguageManager...
[2026-03-13 22:57:12.589][INF] Loading Configurations...
[2026-03-13 22:57:12.611][INF] Current Configuration: Default
[2026-03-13 22:57:12.672][INF] System sleep allowed.
[2026-03-13 22:57:12.674][INF] HotkeyPrimaryElection: 成为主进程（创建了新的全局互斥锁）
[2026-03-13 22:57:12.674][INF] GlobalHotkeyService: 作为主进程初始化
[2026-03-13 22:57:12.679][INF] HotkeyIpcServer: 端口文件已保存到 C:\Users\MSI\AppData\Local\Temp\MFAAvalonia\hotkey_ipc_port.txt
[2026-03-13 22:57:12.679][INF] HotkeyIpcServer: 启动 TCP 服务端，端口 52718
[2026-03-13 22:57:12.729][WRN] MaaProcessor.Interface is not initialized yet.
[2026-03-13 22:57:12.735][INF] [调试] instances 目录中实际存在的实例文件数量: 2, ID列表: [339d7c15, default]
[2026-03-13 22:57:12.735][INF] [调试] 检测到临时 default.json，正在删除...
[2026-03-13 22:57:12.786][INF] Resource version: 1.0.0
[2026-03-13 22:57:12.786][INF] MaaFramework version: v5.8.1
[2026-03-13 22:57:12.812][INF] [懒加载] 已加载当天有定时任务的实例
[2026-03-13 22:57:12.868][INF] 窗口大小已加载: width=1920, height=1029
[2026-03-13 22:57:12.875][INF] 窗口位置已加载: X=-2298, Y=127
[2026-03-13 22:57:13.081][WRN] 跨平台数据解密失败: 参数错误。
[2026-03-13 22:57:13.118][WRN] 跨平台数据解密失败: The input is not a valid Base-64 string as it contains a non-base 64 character, more than two padding characters, or an illegal character among the padding characters.
[2026-03-13 22:57:13.235][INF] [调试] instances 目录中实际存在的实例文件数量: 1, ID列表: [339d7c15]
[2026-03-13 22:57:13.237][INF] [懒加载] 已加载当天有定时任务的实例
[2026-03-13 22:57:13.575][INF] [懒加载] 所有实例加载完成
[2026-03-13 22:57:13.576][INF] [懒加载] 所有实例加载完成
[2026-03-13 22:57:13.632][INF] UI initialization started
[2026-03-13 22:57:14.025][INF] MFA异步任务 公告和最新版本检测 开始.
[2026-03-13 22:57:14.375][INF] MFA异步任务 启动任务 开始.
[2026-03-13 22:57:14.442][INF] >>> MFA异步任务 启动任务 已完成.
[2026-03-13 22:57:14.821][INF] Added DLL directory (Windows API): F:\Game_AUTO\MaaFGO\MFAAvalonia-v2.10.9-win-x64\MFAtest\libs
[2026-03-13 22:57:14.841][INF] Native library resolver setup completed using AssemblyLoadContext.ResolvingUnmanagedDll
[2026-03-13 22:57:14.865][INF] MaaFramework runtimes: [
  "F:\\Game_AUTO\\MaaFGO\\MFAAvalonia-v2.10.9-win-x64\\MFAtest\\runtimes\\win-x64\\native"
]
[2026-03-13 22:57:14.867][INF] Args: {}
[2026-03-13 22:57:14.867][INF] MFA version: v2.10.9
[2026-03-13 22:57:14.867][INF] .NET version: .NET 10.0.3
[2026-03-13 22:57:15.330][WRN] 公告文件夹不存在: F:\Game_AUTO\MaaFGO\MFAAvalonia-v2.10.9-win-x64\resource\announcement
[2026-03-13 22:57:15.444][INF] 等待模拟器启动时间(秒): 10(s)
[2026-03-13 22:57:15.768][INF] Initializing LanguageManager...
[2026-03-13 22:57:15.919][INF] Loading Configurations...
[2026-03-13 22:57:15.977][INF] Current Configuration: Default
[2026-03-13 22:57:16.043][INF] System sleep allowed.
[2026-03-13 22:57:16.045][INF] HotkeyPrimaryElection: 无法成为主进程，已有其他实例持有互斥锁
[2026-03-13 22:57:16.046][INF] GlobalHotkeyService: 作为子进程初始化
[2026-03-13 22:57:16.047][INF] GlobalHotkeyService: 开始连接主进程...
[2026-03-13 22:57:16.047][INF] GlobalHotkeyService: 连接尝试 1/10...
[2026-03-13 22:57:16.048][INF] HotkeyIpcClient: 端口文件读取结果 = 52718
[2026-03-13 22:57:16.048][INF] HotkeyIpcClient: 尝试连接文件中的端口 52718
[2026-03-13 22:57:16.049][INF] HotkeyIpcClient: 尝试连接端口 52718...
[2026-03-13 22:57:16.060][INF] HotkeyIpcClient: TCP 连接成功，端口 52718
[2026-03-13 22:57:16.063][INF] HotkeyIpcClient: 发送连接请求
[2026-03-13 22:57:16.090][INF] HotkeyIpcClient: 等待连接确认...
[2026-03-13 22:57:16.107][INF] HotkeyIpcServer: 客户端连接 - 45672_ca74afd783954c9c86b29f8478fc60bf
[2026-03-13 22:57:16.108][INF] HotkeyIpcClient: 收到响应 - {"type":7,"senderId":13444,"timestamp":1773413836106,"sequenceNumber":1}
[2026-03-13 22:57:16.111][INF] HotkeyIpcClient: 已连接到主进程，端口=52718, ClientId=45672_ca74afd783954c9c86b29f8478fc60bf
[2026-03-13 22:57:16.111][INF] HotkeyIpcClient: 文件端口 52718 连接结果 = True
[2026-03-13 22:57:16.111][INF] GlobalHotkeyService: 成功连接到主进程，注册 0 个热键
[2026-03-13 22:57:16.664][WRN] MaaProcessor.Interface is not initialized yet.
[2026-03-13 22:57:16.669][INF] [调试] instances 目录中实际存在的实例文件数量: 2, ID列表: [339d7c15, default]
[2026-03-13 22:57:16.669][INF] [调试] 检测到临时 default.json，正在删除...
[2026-03-13 22:57:16.732][INF] Resource version: 1.0.0
[2026-03-13 22:57:16.732][INF] MaaFramework version: v5.8.1
[2026-03-13 22:57:16.756][INF] [懒加载] 已加载当天有定时任务的实例
[2026-03-13 22:57:16.822][INF] 窗口大小已加载: width=1920, height=1029
[2026-03-13 22:57:16.828][INF] 窗口位置已加载: X=-2298, Y=127
[2026-03-13 22:57:17.089][WRN] 跨平台数据解密失败: 参数错误。
[2026-03-13 22:57:17.143][WRN] 跨平台数据解密失败: The input is not a valid Base-64 string as it contains a non-base 64 character, more than two padding characters, or an illegal character among the padding characters.
[2026-03-13 22:57:17.383][INF] [调试] instances 目录中实际存在的实例文件数量: 1, ID列表: [339d7c15]
[2026-03-13 22:57:17.385][INF] [懒加载] 已加载当天有定时任务的实例
[2026-03-13 22:57:17.759][INF] [懒加载] 所有实例加载完成
[2026-03-13 22:57:17.760][INF] [懒加载] 所有实例加载完成
[2026-03-13 22:57:17.807][INF] UI initialization started
[2026-03-13 22:57:18.268][INF] MFA异步任务 公告和最新版本检测 开始.
[2026-03-13 22:57:18.574][INF] Reading saved ADB device from configuration, using fingerprint matching.
[2026-03-13 22:57:18.575][INF] Saved device fingerprint: MuMu安卓设备-MuMuPlayer12 v5|0|127.0.0.1|16384
[2026-03-13 22:57:18.691][INF] Found matching device by fingerprint: MuMu安卓设备-MuMuPlayer12 v5 (127.0.0.1:16384)
[2026-03-13 22:57:18.784][INF] 正在连接至模拟器......
[2026-03-13 22:57:18.817][INF] MFA异步任务 启动任务 开始.
[2026-03-13 22:57:18.824][INF] 正在载入资源
[2026-03-13 22:57:18.824][INF] Resource: F:\Game_AUTO\MaaFGO\MFAAvalonia-v2.10.9-win-x64\MFAtest\resource
[2026-03-13 22:57:18.824][INF] MFA异步任务 资源检测 开始.
[2026-03-13 22:57:18.826][INF] >>> MFA异步任务 启动任务 已完成.
[2026-03-13 22:57:18.939][INF] >>> MFA异步任务 资源检测 已完成.
[2026-03-13 22:57:18.940][INF] Use GPU: succeed
[2026-03-13 22:57:18.940][INF] GPU acceleration: Auto
[2026-03-13 22:57:18.940][INF] MFA异步任务 控制器检测 开始.
[2026-03-13 22:57:18.940][INF] Loading MAA Controller Configuration...
[2026-03-13 22:57:18.941][INF] 触控模式:All,捕获模式:EmulatorExtras
[2026-03-13 22:57:18.941][INF] Name: MuMu安卓设备-MuMuPlayer12 v5
[2026-03-13 22:57:18.941][INF] AdbPath: C:/Program Files/Netease/MuMu Player 12/nx_main/adb.exe
[2026-03-13 22:57:18.941][INF] AdbSerial: 127.0.0.1:16384
[2026-03-13 22:57:18.941][INF] ScreenCap: EmulatorExtras
[2026-03-13 22:57:18.941][INF] Input: All
[2026-03-13 22:57:18.941][INF] Config: {"extras":{"mumu":{"enable":true,"index":0,"path":"C:/Program Files/Netease/MuMu Player 12"}}
[2026-03-13 22:57:19.113][INF] >>> MFA异步任务 控制器检测 已完成.
[2026-03-13 22:57:19.336][INF] Registered built-in special task actions
[2026-03-13 22:57:19.336][INF] Custom directory not found: F:\Game_AUTO\MaaFGO\MFAAvalonia-v2.10.9-win-x64\MFAtest\.\resource\custom
[2026-03-13 22:57:19.336][INF] Custom directory not found: F:\Game_AUTO\MaaFGO\MFAAvalonia-v2.10.9-win-x64\MFAtest\resource\custom
[2026-03-13 22:57:19.337][INF] Maafw debug mode: False
[2026-03-13 22:57:19.579][WRN] 公告文件夹不存在: F:\Game_AUTO\MaaFGO\MFAAvalonia-v2.10.9-win-x64\MFAtest\resource\announcement
[2026-03-13 22:57:19.947][INF] MFA异步任务 启动检测 开始.
[2026-03-13 22:57:19.948][INF] 开始执行任务: 查询CDK
[2026-03-13 22:57:19.948][INF] Stop Status: SUCCEEDED
[2026-03-13 22:57:19.948][INF] MFA异步任务 停止maafw任务 开始.
[2026-03-13 22:57:19.949][INF] 任务完成: 查询CDK
[2026-03-13 22:57:19.949][INF] 开始执行任务: 更新资源
[2026-03-13 22:57:19.954][INF] 任务已全部完成！
(用时 0h 0m 1s)
[2026-03-13 22:57:19.959][ERR] System.Exception: 该资源操作暂不支持 Mirror酱
   at MFAAvalonia.Helper.VersionChecker.GetDownloadUrlFromMirror(String version, String resId, String cdk, String& url, String& latestVersion, String& sha256, Boolean& isFull, String userAgent, Boolean isUI, Boolean onlyCheck, String currentVersion, Boolean showResponse, Boolean saveAnnouncement)
   at MFAAvalonia.Helper.VersionChecker.CheckForResourceUpdatesAsync(Boolean isGithub)
[2026-03-13 22:57:19.959][INF] 任务完成: 更新资源
[2026-03-13 22:57:25.451][INF] Reading saved ADB device from configuration, using fingerprint matching.
[2026-03-13 22:57:25.452][INF] Saved device fingerprint: MuMu安卓设备-MuMuPlayer12 v5|0|127.0.0.1|16384
[2026-03-13 22:57:25.667][INF] Found matching device by fingerprint: MuMu安卓设备-MuMuPlayer12 v5 (127.0.0.1:16384)
[2026-03-13 22:57:25.690][INF] MFA异步任务 启动检测 开始.
[2026-03-13 22:57:25.691][INF] 开始执行任务: 查询CDK
[2026-03-13 22:57:25.691][INF] Stop Status: SUCCEEDED
[2026-03-13 22:57:25.692][INF] MFA异步任务 停止maafw任务 开始.
[2026-03-13 22:57:25.692][INF] 任务完成: 查询CDK
[2026-03-13 22:57:25.692][INF] 开始执行任务: 更新资源
[2026-03-13 22:57:25.696][INF] 任务已全部完成！
(用时 0h 0m 11s)
[2026-03-13 22:57:25.702][ERR] System.Exception: 该资源操作暂不支持 Mirror酱
   at MFAAvalonia.Helper.VersionChecker.GetDownloadUrlFromMirror(String version, String resId, String cdk, String& url, String& latestVersion, String& sha256, Boolean& isFull, String userAgent, Boolean isUI, Boolean onlyCheck, String currentVersion, Boolean showResponse, Boolean saveAnnouncement)
   at MFAAvalonia.Helper.VersionChecker.CheckForResourceUpdatesAsync(Boolean isGithub)
[2026-03-13 22:57:25.702][INF] 任务完成: 更新资源
[2026-03-13 22:58:39.481][INF] MFA Closed!
[2026-03-13 23:08:12.780][INF] [内存管理]释放了2.06 MB (5.7%)
[2026-03-13 23:13:12.807][INF] [内存管理]释放了15.08 MB (30.6%)
[2026-03-13 23:23:12.844][INF] [内存管理]释放了12.73 MB (27.1%)
[2026-03-13 23:33:12.876][INF] [内存管理]释放了11.89 MB (25.8%)
[2026-03-13 23:36:50.431][INF] MFA Closed!
[2026-03-13 23:41:24.995][INF] Added DLL directory (Windows API): F:\Game_AUTO\MaaFGO\MFAAvalonia-v2.10.9-win-x64\libs
[2026-03-13 23:41:25.014][INF] Native library resolver setup completed using AssemblyLoadContext.ResolvingUnmanagedDll
[2026-03-13 23:41:25.037][INF] MaaFramework runtimes: [
  "F:\\Game_AUTO\\MaaFGO\\MFAAvalonia-v2.10.9-win-x64\\runtimes\\win-x64\\native"
]
[2026-03-13 23:41:25.038][INF] Args: {}
[2026-03-13 23:41:25.038][INF] MFA version: v2.10.9
[2026-03-13 23:41:25.038][INF] .NET version: .NET 10.0.3
[2026-03-13 23:41:25.565][INF] Initializing LanguageManager...
[2026-03-13 23:41:25.678][INF] Loading Configurations...
[2026-03-13 23:41:25.702][INF] Current Configuration: Default
[2026-03-13 23:41:25.775][INF] System sleep allowed.
[2026-03-13 23:41:25.778][INF] HotkeyPrimaryElection: 成为主进程（创建了新的全局互斥锁）
[2026-03-13 23:41:25.778][INF] GlobalHotkeyService: 作为主进程初始化
[2026-03-13 23:41:25.783][INF] HotkeyIpcServer: 端口文件已保存到 C:\Users\MSI\AppData\Local\Temp\MFAAvalonia\hotkey_ipc_port.txt
[2026-03-13 23:41:25.783][INF] HotkeyIpcServer: 启动 TCP 服务端，端口 52718
[2026-03-13 23:41:25.834][WRN] MaaProcessor.Interface is not initialized yet.
[2026-03-13 23:41:25.840][INF] [调试] instances 目录中实际存在的实例文件数量: 1, ID列表: [339d7c15]
[2026-03-13 23:41:25.892][INF] Resource version: 1.0.0
[2026-03-13 23:41:25.892][INF] MaaFramework version: v5.8.1
[2026-03-13 23:41:25.921][INF] [懒加载] 已加载当天有定时任务的实例
[2026-03-13 23:41:25.979][INF] 窗口大小已加载: width=1920, height=1029
[2026-03-13 23:41:25.985][INF] 保存的窗口位置 (-32000, -32000) 不在有效屏幕范围内，使用默认居中位置
[2026-03-13 23:41:26.201][WRN] 跨平台数据解密失败: 参数错误。
[2026-03-13 23:41:26.241][WRN] 跨平台数据解密失败: The input is not a valid Base-64 string as it contains a non-base 64 character, more than two padding characters, or an illegal character among the padding characters.
[2026-03-13 23:41:26.367][INF] [调试] instances 目录中实际存在的实例文件数量: 1, ID列表: [339d7c15]
[2026-03-13 23:41:26.369][INF] [懒加载] 已加载当天有定时任务的实例
[2026-03-13 23:41:26.756][INF] [懒加载] 所有实例加载完成
[2026-03-13 23:41:26.756][INF] [懒加载] 所有实例加载完成
[2026-03-13 23:41:26.804][INF] UI initialization started
[2026-03-13 23:41:27.226][INF] MFA异步任务 公告和最新版本检测 开始.
[2026-03-13 23:41:27.581][INF] MFA异步任务 启动任务 开始.
[2026-03-13 23:41:27.625][INF] >>> MFA异步任务 启动任务 已完成.
[2026-03-13 23:41:27.684][INF] Added DLL directory (Windows API): F:\Game_AUTO\MaaFGO\MFAAvalonia-v2.10.9-win-x64\MFAtest\libs
[2026-03-13 23:41:27.704][INF] Native library resolver setup completed using AssemblyLoadContext.ResolvingUnmanagedDll
[2026-03-13 23:41:27.726][INF] MaaFramework runtimes: [
  "F:\\Game_AUTO\\MaaFGO\\MFAAvalonia-v2.10.9-win-x64\\MFAtest\\runtimes\\win-x64\\native"
]
[2026-03-13 23:41:27.728][INF] Args: {}
[2026-03-13 23:41:27.728][INF] MFA version: v2.10.9
[2026-03-13 23:41:27.728][INF] .NET version: .NET 10.0.3
[2026-03-13 23:41:28.241][INF] Initializing LanguageManager...
[2026-03-13 23:41:28.352][INF] Loading Configurations...
[2026-03-13 23:41:28.376][INF] Current Configuration: Default
[2026-03-13 23:41:28.439][INF] System sleep allowed.
[2026-03-13 23:41:28.441][INF] HotkeyPrimaryElection: 无法成为主进程，已有其他实例持有互斥锁
[2026-03-13 23:41:28.441][INF] GlobalHotkeyService: 作为子进程初始化
[2026-03-13 23:41:28.443][INF] GlobalHotkeyService: 开始连接主进程...
[2026-03-13 23:41:28.443][INF] GlobalHotkeyService: 连接尝试 1/10...
[2026-03-13 23:41:28.444][INF] HotkeyIpcClient: 端口文件读取结果 = 52718
[2026-03-13 23:41:28.444][INF] HotkeyIpcClient: 尝试连接文件中的端口 52718
[2026-03-13 23:41:28.445][INF] HotkeyIpcClient: 尝试连接端口 52718...
[2026-03-13 23:41:28.457][INF] HotkeyIpcClient: TCP 连接成功，端口 52718
[2026-03-13 23:41:28.459][INF] HotkeyIpcClient: 发送连接请求
[2026-03-13 23:41:28.488][INF] HotkeyIpcClient: 等待连接确认...
[2026-03-13 23:41:28.498][WRN] MaaProcessor.Interface is not initialized yet.
[2026-03-13 23:41:28.504][INF] [调试] instances 目录中实际存在的实例文件数量: 1, ID列表: [339d7c15]
[2026-03-13 23:41:28.506][INF] HotkeyIpcServer: 客户端连接 - 40436_adbefc6cec2a4747adefa9c093da93dd
[2026-03-13 23:41:28.506][INF] HotkeyIpcClient: 收到响应 - {"type":7,"senderId":35284,"timestamp":1773416488504,"sequenceNumber":1}
[2026-03-13 23:41:28.509][INF] HotkeyIpcClient: 已连接到主进程，端口=52718, ClientId=40436_adbefc6cec2a4747adefa9c093da93dd
[2026-03-13 23:41:28.509][INF] HotkeyIpcClient: 文件端口 52718 连接结果 = True
[2026-03-13 23:41:28.510][INF] GlobalHotkeyService: 成功连接到主进程，注册 0 个热键
[2026-03-13 23:41:28.529][WRN] 公告文件夹不存在: F:\Game_AUTO\MaaFGO\MFAAvalonia-v2.10.9-win-x64\resource\announcement
[2026-03-13 23:41:28.546][INF] Resource version: 1.0.0
[2026-03-13 23:41:28.546][INF] MaaFramework version: v5.8.1
[2026-03-13 23:41:28.573][INF] [懒加载] 已加载当天有定时任务的实例
[2026-03-13 23:41:28.628][INF] 等待模拟器启动时间(秒): 10(s)
[2026-03-13 23:41:28.633][INF] 窗口大小已加载: width=1920, height=1029
[2026-03-13 23:41:28.640][INF] 窗口位置已加载: X=179, Y=221
[2026-03-13 23:41:28.855][WRN] 跨平台数据解密失败: 参数错误。
[2026-03-13 23:41:28.897][WRN] 跨平台数据解密失败: The input is not a valid Base-64 string as it contains a non-base 64 character, more than two padding characters, or an illegal character among the padding characters.
[2026-03-13 23:41:29.023][INF] [调试] instances 目录中实际存在的实例文件数量: 1, ID列表: [339d7c15]
[2026-03-13 23:41:29.025][INF] [懒加载] 已加载当天有定时任务的实例
[2026-03-13 23:41:29.395][INF] [懒加载] 所有实例加载完成
[2026-03-13 23:41:29.396][INF] [懒加载] 所有实例加载完成
[2026-03-13 23:41:29.442][INF] UI initialization started
[2026-03-13 23:41:29.855][INF] MFA异步任务 公告和最新版本检测 开始.
[2026-03-13 23:41:30.162][INF] Reading saved ADB device from configuration, using fingerprint matching.
[2026-03-13 23:41:30.163][INF] Saved device fingerprint: MuMu安卓设备-MuMuPlayer12 v5|0|127.0.0.1|16384
[2026-03-13 23:41:30.397][INF] Found matching device by fingerprint: MuMu安卓设备-MuMuPlayer12 v5 (127.0.0.1:16384)
[2026-03-13 23:41:30.479][INF] 正在连接至模拟器......
[2026-03-13 23:41:30.495][INF] MFA异步任务 启动任务 开始.
[2026-03-13 23:41:30.499][INF] 正在载入资源
[2026-03-13 23:41:30.499][INF] Resource: F:\Game_AUTO\MaaFGO\MFAAvalonia-v2.10.9-win-x64\MFAtest\resource
[2026-03-13 23:41:30.499][INF] MFA异步任务 资源检测 开始.
[2026-03-13 23:41:30.502][INF] >>> MFA异步任务 启动任务 已完成.
[2026-03-13 23:41:30.587][INF] >>> MFA异步任务 资源检测 已完成.
[2026-03-13 23:41:30.588][INF] Use GPU: succeed
[2026-03-13 23:41:30.588][INF] GPU acceleration: Auto
[2026-03-13 23:41:30.588][INF] MFA异步任务 控制器检测 开始.
[2026-03-13 23:41:30.588][INF] Loading MAA Controller Configuration...
[2026-03-13 23:41:30.589][INF] 触控模式:All,捕获模式:EmulatorExtras
[2026-03-13 23:41:30.589][INF] Name: MuMu安卓设备-MuMuPlayer12 v5
[2026-03-13 23:41:30.589][INF] AdbPath: C:/Program Files/Netease/MuMu Player 12/nx_main/adb.exe
[2026-03-13 23:41:30.589][INF] AdbSerial: 127.0.0.1:16384
[2026-03-13 23:41:30.589][INF] ScreenCap: EmulatorExtras
[2026-03-13 23:41:30.589][INF] Input: All
[2026-03-13 23:41:30.589][INF] Config: {"extras":{"mumu":{"enable":true,"index":0,"path":"C:/Program Files/Netease/MuMu Player 12"}}
[2026-03-13 23:41:30.746][INF] >>> MFA异步任务 控制器检测 已完成.
[2026-03-13 23:41:30.965][INF] Registered built-in special task actions
[2026-03-13 23:41:30.965][INF] Custom directory not found: F:\Game_AUTO\MaaFGO\MFAAvalonia-v2.10.9-win-x64\MFAtest\.\resource\custom
[2026-03-13 23:41:30.965][INF] Custom directory not found: F:\Game_AUTO\MaaFGO\MFAAvalonia-v2.10.9-win-x64\MFAtest\resource\custom
[2026-03-13 23:41:30.966][INF] Maafw debug mode: False
[2026-03-13 23:41:31.161][WRN] 公告文件夹不存在: F:\Game_AUTO\MaaFGO\MFAAvalonia-v2.10.9-win-x64\MFAtest\resource\announcement
[2026-03-13 23:41:31.566][INF] MFA异步任务 启动检测 开始.
[2026-03-13 23:41:31.566][INF] 开始执行任务: 查询CDK
[2026-03-13 23:41:31.567][INF] Stop Status: SUCCEEDED
[2026-03-13 23:41:31.568][INF] 任务完成: 查询CDK
[2026-03-13 23:41:31.568][INF] 开始执行任务: 更新资源
[2026-03-13 23:41:31.568][INF] MFA异步任务 停止maafw任务 开始.
[2026-03-13 23:41:31.575][ERR] System.Exception: 该资源操作暂不支持 Mirror酱
   at MFAAvalonia.Helper.VersionChecker.GetDownloadUrlFromMirror(String version, String resId, String cdk, String& url, String& latestVersion, String& sha256, Boolean& isFull, String userAgent, Boolean isUI, Boolean onlyCheck, String currentVersion, Boolean showResponse, Boolean saveAnnouncement)
   at MFAAvalonia.Helper.VersionChecker.CheckForResourceUpdatesAsync(Boolean isGithub)
[2026-03-13 23:41:31.575][INF] 任务完成: 更新资源
[2026-03-13 23:41:31.580][INF] 任务已全部完成！
(用时 0h 0m 1s)
[2026-03-13 23:41:34.426][INF] MFA Closed!
[2026-03-13 23:41:38.635][INF] Reading saved ADB device from configuration, using fingerprint matching.
[2026-03-13 23:41:38.636][INF] Stop Status: NOT_STARTED
[2026-03-13 23:41:38.636][INF] Saved device fingerprint: MuMu安卓设备-MuMuPlayer12 v5|0|127.0.0.1|16384
[2026-03-13 23:41:38.645][INF] MFA异步任务 停止maafw任务 开始.
[2026-03-13 23:41:38.645][INF] 正在停止......
[2026-03-13 23:41:38.646][INF] >>> 任务 Action 开始.
[2026-03-13 23:41:38.646][INF] >>> 任务 Action 完成.
[2026-03-13 23:41:38.646][INF] MFA异步任务 启动检测 开始.
[2026-03-13 23:41:38.647][INF] 开始执行任务: 查询CDK
[2026-03-13 23:41:38.648][INF] 任务完成: 查询CDK
[2026-03-13 23:41:38.648][INF] 开始执行任务: 更新资源
[2026-03-13 23:41:38.658][ERR] System.Exception: 该资源操作暂不支持 Mirror酱
   at MFAAvalonia.Helper.VersionChecker.GetDownloadUrlFromMirror(String version, String resId, String cdk, String& url, String& latestVersion, String& sha256, Boolean& isFull, String userAgent, Boolean isUI, Boolean onlyCheck, String currentVersion, Boolean showResponse, Boolean saveAnnouncement)
   at MFAAvalonia.Helper.VersionChecker.CheckForResourceUpdatesAsync(Boolean isGithub)
[2026-03-13 23:41:38.658][INF] 任务完成: 更新资源
[2026-03-13 23:41:38.751][INF] Found matching device by fingerprint: MuMu安卓设备-MuMuPlayer12 v5 (127.0.0.1:16384)
[2026-03-13 23:41:38.763][INF] Stop Status: STOPPING
[2026-03-13 23:41:39.050][INF] 已放弃本次任务
[2026-03-13 23:41:41.452][INF] MFA异步任务 刷新 开始.
[2026-03-13 23:41:41.452][INF] >>> MFA异步任务 刷新 已完成.
[2026-03-13 23:41:41.974][INF] 正在载入资源
[2026-03-13 23:41:41.974][INF] Resource: F:\Game_AUTO\MaaFGO\MFAAvalonia-v2.10.9-win-x64\resource
[2026-03-13 23:41:41.974][INF] MFA异步任务 资源检测 开始.
[2026-03-13 23:41:42.073][INF] >>> MFA异步任务 资源检测 已完成.
[2026-03-13 23:41:42.074][INF] Use GPU: succeed
[2026-03-13 23:41:42.074][INF] GPU acceleration: Auto
[2026-03-13 23:41:42.074][INF] MFA异步任务 控制器检测 开始.
[2026-03-13 23:41:42.075][INF] Loading MAA Controller Configuration...
[2026-03-13 23:41:42.076][INF] 鼠标输入:PostMessageWithCursorPos,键盘输入:PostMessageWithCursorPos,捕获模式:PrintWindow
[2026-03-13 23:41:42.077][INF] Name: interface.json - Visual Studio Code
[2026-03-13 23:41:42.077][INF] HWnd: 469194
[2026-03-13 23:41:42.077][INF] ScreenCap: PrintWindow
[2026-03-13 23:41:42.077][INF] MouseInput: PostMessageWithCursorPos
[2026-03-13 23:41:42.077][INF] KeyboardInput: PostMessageWithCursorPos
[2026-03-13 23:41:42.077][INF] Link: Start
[2026-03-13 23:41:42.078][INF] Check: ThrowIfNotSucceeded
[2026-03-13 23:41:42.082][INF] >>> MFA异步任务 控制器检测 已完成.
[2026-03-13 23:41:42.184][INF] Registered built-in special task actions
[2026-03-13 23:41:42.184][INF] Custom directory not found: F:\Game_AUTO\MaaFGO\MFAAvalonia-v2.10.9-win-x64\.\resource\custom
[2026-03-13 23:41:42.184][INF] Custom directory not found: F:\Game_AUTO\MaaFGO\MFAAvalonia-v2.10.9-win-x64\resource\custom
[2026-03-13 23:41:42.186][INF] Maafw debug mode: False
[2026-03-13 23:41:52.220][INF] Disposing MaaTasker
[2026-03-13 23:41:52.273][INF] MaaTasker disposed successfully
[2026-03-13 23:41:52.326][WRN] [LiveView] 已连接但获取画面为空 (截图方式: PrintWindow, 控制器: Win32). 可能原因: 目标窗口最小化/隐藏/被遮挡、截图方式不兼容
[2026-03-13 23:41:52.328][INF] [Record] 实时画面已连接但无法获取画面 (PrintWindow), 可能原因: 目标窗口最小化/隐藏/被遮挡、截图方式不兼容
[2026-03-13 23:41:55.519][INF] MFA异步任务 刷新 开始.
[2026-03-13 23:41:55.519][INF] >>> MFA异步任务 刷新 已完成.
[2026-03-13 23:41:55.643][INF] 正在载入资源
[2026-03-13 23:41:55.643][INF] Resource: F:\Game_AUTO\MaaFGO\MFAAvalonia-v2.10.9-win-x64\resource
[2026-03-13 23:41:55.643][INF] MFA异步任务 资源检测 开始.
[2026-03-13 23:41:55.704][INF] >>> MFA异步任务 资源检测 已完成.
[2026-03-13 23:41:55.704][INF] Use GPU: succeed
[2026-03-13 23:41:55.704][INF] GPU acceleration: Auto
[2026-03-13 23:41:55.704][INF] MFA异步任务 控制器检测 开始.
[2026-03-13 23:41:55.704][INF] Loading MAA Controller Configuration...
[2026-03-13 23:41:55.705][INF] 触控模式:All,捕获模式:EmulatorExtras
[2026-03-13 23:41:55.705][INF] Name: MuMu安卓设备-MuMuPlayer12 v5
[2026-03-13 23:41:55.705][INF] AdbPath: C:/Program Files/Netease/MuMu Player 12/nx_main/adb.exe
[2026-03-13 23:41:55.705][INF] AdbSerial: 127.0.0.1:16384
[2026-03-13 23:41:55.705][INF] ScreenCap: EmulatorExtras
[2026-03-13 23:41:55.705][INF] Input: All
[2026-03-13 23:41:55.705][INF] Config: {"extras":{"mumu":{"enable":true,"index":0,"path":"C:/Program Files/Netease/MuMu Player 12"}}
[2026-03-13 23:41:55.857][INF] >>> MFA异步任务 控制器检测 已完成.
[2026-03-13 23:41:56.078][INF] Registered built-in special task actions
[2026-03-13 23:41:56.078][INF] Custom directory not found: F:\Game_AUTO\MaaFGO\MFAAvalonia-v2.10.9-win-x64\.\resource\custom
[2026-03-13 23:41:56.078][INF] Custom directory not found: F:\Game_AUTO\MaaFGO\MFAAvalonia-v2.10.9-win-x64\resource\custom
[2026-03-13 23:41:56.078][INF] Maafw debug mode: False
[2026-03-13 23:41:56.437][INF] Disposing MaaTasker
[2026-03-13 23:41:56.550][WRN] [LiveView] 已连接但获取画面为空 (截图方式: PrintWindow, 控制器: Win32). 可能原因: 目标窗口最小化/隐藏/被遮挡、截图方式不兼容
[2026-03-13 23:41:56.551][INF] [Record] 实时画面已连接但无法获取画面 (PrintWindow), 可能原因: 目标窗口最小化/隐藏/被遮挡、截图方式不兼容
[2026-03-13 23:41:56.557][INF] MaaTasker disposed successfully
[2026-03-13 23:42:19.381][INF] MFA异步任务 刷新 开始.
[2026-03-13 23:42:19.381][INF] >>> MFA异步任务 刷新 已完成.
[2026-03-13 23:42:19.915][INF] 正在载入资源
[2026-03-13 23:42:19.915][INF] Resource: F:\Game_AUTO\MaaFGO\MFAAvalonia-v2.10.9-win-x64\resource
[2026-03-13 23:42:19.915][INF] MFA异步任务 资源检测 开始.
[2026-03-13 23:42:19.987][INF] >>> MFA异步任务 资源检测 已完成.
[2026-03-13 23:42:19.987][INF] Use GPU: succeed
[2026-03-13 23:42:19.987][INF] GPU acceleration: Auto
[2026-03-13 23:42:19.987][INF] MFA异步任务 控制器检测 开始.
[2026-03-13 23:42:19.987][INF] Loading MAA Controller Configuration...
[2026-03-13 23:42:19.987][INF] 鼠标输入:PostMessageWithCursorPos,键盘输入:PostMessageWithCursorPos,捕获模式:PrintWindow
[2026-03-13 23:42:19.987][INF] Name: interface.json - Visual Studio Code
[2026-03-13 23:42:19.987][INF] HWnd: 469194
[2026-03-13 23:42:19.987][INF] ScreenCap: PrintWindow
[2026-03-13 23:42:19.987][INF] MouseInput: PostMessageWithCursorPos
[2026-03-13 23:42:19.987][INF] KeyboardInput: PostMessageWithCursorPos
[2026-03-13 23:42:19.987][INF] Link: Start
[2026-03-13 23:42:19.987][INF] Check: ThrowIfNotSucceeded
[2026-03-13 23:42:19.987][INF] >>> MFA异步任务 控制器检测 已完成.
[2026-03-13 23:42:20.088][INF] Registered built-in special task actions
[2026-03-13 23:42:20.089][INF] Custom directory not found: F:\Game_AUTO\MaaFGO\MFAAvalonia-v2.10.9-win-x64\.\resource\custom
[2026-03-13 23:42:20.089][INF] Custom directory not found: F:\Game_AUTO\MaaFGO\MFAAvalonia-v2.10.9-win-x64\resource\custom
[2026-03-13 23:42:20.089][INF] Maafw debug mode: False
[2026-03-13 23:42:55.893][INF] [内存管理]释放了2.23 MB (3.1%)
[2026-03-13 23:42:56.873][INF] MFA Closed!
[2026-03-13 23:43:03.052][INF] Added DLL directory (Windows API): F:\Game_AUTO\MaaFGO\MFAAvalonia-v2.10.9-win-x64\libs
[2026-03-13 23:43:03.071][INF] Native library resolver setup completed using AssemblyLoadContext.ResolvingUnmanagedDll
[2026-03-13 23:43:03.092][INF] MaaFramework runtimes: [
  "F:\\Game_AUTO\\MaaFGO\\MFAAvalonia-v2.10.9-win-x64\\runtimes\\win-x64\\native"
]
[2026-03-13 23:43:03.094][INF] Args: {}
[2026-03-13 23:43:03.094][INF] MFA version: v2.10.9
[2026-03-13 23:43:03.094][INF] .NET version: .NET 10.0.3
[2026-03-13 23:43:03.610][INF] Initializing LanguageManager...
[2026-03-13 23:43:03.721][INF] Loading Configurations...
[2026-03-13 23:43:03.745][INF] Current Configuration: Default
[2026-03-13 23:43:03.808][INF] System sleep allowed.
[2026-03-13 23:43:03.810][INF] HotkeyPrimaryElection: 成为主进程（创建了新的全局互斥锁）
[2026-03-13 23:43:03.811][INF] GlobalHotkeyService: 作为主进程初始化
[2026-03-13 23:43:03.815][INF] HotkeyIpcServer: 端口文件已保存到 C:\Users\MSI\AppData\Local\Temp\MFAAvalonia\hotkey_ipc_port.txt
[2026-03-13 23:43:03.815][INF] HotkeyIpcServer: 启动 TCP 服务端，端口 52718
[2026-03-13 23:43:03.865][WRN] MaaProcessor.Interface is not initialized yet.
[2026-03-13 23:43:03.871][INF] [调试] instances 目录中实际存在的实例文件数量: 1, ID列表: [339d7c15]
[2026-03-13 23:43:03.922][INF] Resource version: 1.0.0
[2026-03-13 23:43:03.922][INF] MaaFramework version: v5.8.1
[2026-03-13 23:43:03.949][INF] [懒加载] 已加载当天有定时任务的实例
[2026-03-13 23:43:04.010][INF] 窗口大小已加载: width=1920, height=1029
[2026-03-13 23:43:04.018][INF] 窗口位置已加载: X=117, Y=176
[2026-03-13 23:43:04.231][WRN] 跨平台数据解密失败: 参数错误。
[2026-03-13 23:43:04.270][WRN] 跨平台数据解密失败: The input is not a valid Base-64 string as it contains a non-base 64 character, more than two padding characters, or an illegal character among the padding characters.
[2026-03-13 23:43:04.389][INF] [调试] instances 目录中实际存在的实例文件数量: 1, ID列表: [339d7c15]
[2026-03-13 23:43:04.391][INF] [懒加载] 已加载当天有定时任务的实例
[2026-03-13 23:43:04.753][INF] [懒加载] 所有实例加载完成
[2026-03-13 23:43:04.754][INF] [懒加载] 所有实例加载完成
[2026-03-13 23:43:04.800][INF] UI initialization started
[2026-03-13 23:43:05.209][INF] MFA异步任务 公告和最新版本检测 开始.
[2026-03-13 23:43:05.510][INF] >>> 任务 刷新设备 开始.
[2026-03-13 23:43:06.022][INF] >>> 任务 刷新设备 完成.
[2026-03-13 23:43:06.088][INF] 正在连接至窗口......
[2026-03-13 23:43:06.102][INF] MFA异步任务 启动任务 开始.
[2026-03-13 23:43:06.105][INF] 正在载入资源
[2026-03-13 23:43:06.105][INF] Resource: F:\Game_AUTO\MaaFGO\MFAAvalonia-v2.10.9-win-x64\resource
[2026-03-13 23:43:06.105][INF] MFA异步任务 资源检测 开始.
[2026-03-13 23:43:06.108][INF] >>> MFA异步任务 启动任务 已完成.
[2026-03-13 23:43:06.194][INF] >>> MFA异步任务 资源检测 已完成.
[2026-03-13 23:43:06.195][INF] Use GPU: succeed
[2026-03-13 23:43:06.195][INF] GPU acceleration: Auto
[2026-03-13 23:43:06.195][INF] MFA异步任务 控制器检测 开始.
[2026-03-13 23:43:06.196][INF] Loading MAA Controller Configuration...
[2026-03-13 23:43:06.197][INF] 鼠标输入:PostMessageWithCursorPos,键盘输入:PostMessageWithCursorPos,捕获模式:PrintWindow
[2026-03-13 23:43:06.197][INF] Name: BBchannel64位  version  3.80.20260228
[2026-03-13 23:43:06.197][INF] HWnd: 467398
[2026-03-13 23:43:06.197][INF] ScreenCap: PrintWindow
[2026-03-13 23:43:06.197][INF] MouseInput: PostMessageWithCursorPos
[2026-03-13 23:43:06.197][INF] KeyboardInput: PostMessageWithCursorPos
[2026-03-13 23:43:06.197][INF] Link: Start
[2026-03-13 23:43:06.198][INF] Check: ThrowIfNotSucceeded
[2026-03-13 23:43:06.201][INF] >>> MFA异步任务 控制器检测 已完成.
[2026-03-13 23:43:06.304][INF] Registered built-in special task actions
[2026-03-13 23:43:06.304][INF] Custom directory not found: F:\Game_AUTO\MaaFGO\MFAAvalonia-v2.10.9-win-x64\.\resource\custom
[2026-03-13 23:43:06.304][INF] Custom directory not found: F:\Game_AUTO\MaaFGO\MFAAvalonia-v2.10.9-win-x64\resource\custom
[2026-03-13 23:43:06.304][INF] Maafw debug mode: False
[2026-03-13 23:43:06.510][INF] MFA异步任务 启动检测 开始.
[2026-03-13 23:43:06.511][INF] Stop Status: SUCCEEDED
[2026-03-13 23:43:06.511][INF] 开始执行任务: 查询CDK
[2026-03-13 23:43:06.512][INF] MFA异步任务 停止maafw任务 开始.
[2026-03-13 23:43:06.512][WRN] 公告文件夹不存在: F:\Game_AUTO\MaaFGO\MFAAvalonia-v2.10.9-win-x64\resource\announcement
[2026-03-13 23:43:06.513][INF] 任务完成: 查询CDK
[2026-03-13 23:43:06.513][INF] 开始执行任务: 更新资源
[2026-03-13 23:43:06.517][INF] 任务已全部完成！
(用时 0h 0m 0s)
[2026-03-13 23:43:06.522][ERR] System.Exception: 该资源操作暂不支持 Mirror酱
   at MFAAvalonia.Helper.VersionChecker.GetDownloadUrlFromMirror(String version, String resId, String cdk, String& url, String& latestVersion, String& sha256, Boolean& isFull, String userAgent, Boolean isUI, Boolean onlyCheck, String currentVersion, Boolean showResponse, Boolean saveAnnouncement)
   at MFAAvalonia.Helper.VersionChecker.CheckForResourceUpdatesAsync(Boolean isGithub)
[2026-03-13 23:43:06.522][INF] 任务完成: 更新资源
[2026-03-13 23:43:16.782][INF] MFA异步任务 刷新 开始.
[2026-03-13 23:43:16.782][INF] >>> MFA异步任务 刷新 已完成.
[2026-03-13 23:43:19.438][INF] MFA异步任务 刷新 开始.
[2026-03-13 23:43:19.439][INF] >>> MFA异步任务 刷新 已完成.
[2026-03-13 23:43:25.618][INF] [TaskPipelineMerge] Task#1 Name=[普通任务] Entry=[刷本类型] PipelineList=[
  {}
]
[2026-03-13 23:43:25.624][INF] MFA异步任务 启动任务 开始.
[2026-03-13 23:43:25.625][INF] MFA异步任务 启动附加开始脚本 开始.
[2026-03-13 23:43:25.625][INF] >>> MFA异步任务 启动任务 已完成.
[2026-03-13 23:43:25.625][INF] >>> MFA异步任务 启动附加开始脚本 已完成.
[2026-03-13 23:43:25.627][INF] MFA异步任务 截图测试 开始.
[2026-03-13 23:43:25.683][INF] >>> MFA异步任务 截图测试 已完成.
[2026-03-13 23:43:25.683][INF] 截图耗时: 27ms(PrintWindow)
[2026-03-13 23:43:25.686][INF] MFA异步任务 队列任务 开始.
[2026-03-13 23:43:25.686][INF] 开始任务: 普通任务
[2026-03-13 23:43:27.594][INF] >>> MFA异步任务 队列任务 已完成.
[2026-03-13 23:43:27.597][INF] MFA异步任务 启动附加结束脚本 开始.
[2026-03-13 23:43:27.598][INF] >>> MFA异步任务 启动附加结束脚本 已完成.
[2026-03-13 23:43:27.598][INF] Stop Status: SUCCEEDED
[2026-03-13 23:43:27.598][INF] MFA异步任务 停止maafw任务 开始.
[2026-03-13 23:43:27.599][INF] >>> 任务 播放音频 开始.
[2026-03-13 23:43:27.736][INF] >>> 任务 播放音频 完成.
[2026-03-13 23:43:27.738][INF] 任务已全部完成！
(用时 0h 0m 2s)
[2026-03-13 23:43:40.244][INF] [TaskPipelineMerge] Task#1 Name=[普通任务] Entry=[刷本类型] PipelineList=[
  {}
]
[2026-03-13 23:43:40.257][INF] MFA异步任务 启动任务 开始.
[2026-03-13 23:43:40.258][INF] MFA异步任务 启动附加开始脚本 开始.
[2026-03-13 23:43:40.258][INF] >>> MFA异步任务 启动任务 已完成.
[2026-03-13 23:43:40.258][INF] >>> MFA异步任务 启动附加开始脚本 已完成.
[2026-03-13 23:43:40.259][INF] MFA异步任务 截图测试 开始.
[2026-03-13 23:43:40.311][INF] >>> MFA异步任务 截图测试 已完成.
[2026-03-13 23:43:40.311][INF] 截图耗时: 25ms(PrintWindow)
[2026-03-13 23:43:40.313][INF] MFA异步任务 队列任务 开始.
[2026-03-13 23:43:40.313][INF] 开始任务: 普通任务
[2026-03-13 23:43:41.592][INF] >>> MFA异步任务 队列任务 已完成.
[2026-03-13 23:43:41.595][INF] MFA异步任务 启动附加结束脚本 开始.
[2026-03-13 23:43:41.595][INF] >>> MFA异步任务 启动附加结束脚本 已完成.
[2026-03-13 23:43:41.596][INF] Stop Status: SUCCEEDED
[2026-03-13 23:43:41.596][INF] MFA异步任务 停止maafw任务 开始.
[2026-03-13 23:43:41.596][INF] >>> 任务 播放音频 开始.
[2026-03-13 23:43:41.654][INF] >>> 任务 播放音频 完成.
[2026-03-13 23:43:41.660][INF] 任务已全部完成！
(用时 0h 0m 1s)
[2026-03-13 23:43:43.828][INF] [TaskPipelineMerge] Task#1 Name=[普通任务] Entry=[刷本类型] PipelineList=[
  {}
]
[2026-03-13 23:43:43.834][INF] MFA异步任务 启动任务 开始.
[2026-03-13 23:43:43.834][INF] MFA异步任务 启动附加开始脚本 开始.
[2026-03-13 23:43:43.834][INF] >>> MFA异步任务 启动任务 已完成.
[2026-03-13 23:43:43.834][INF] >>> MFA异步任务 启动附加开始脚本 已完成.
[2026-03-13 23:43:43.835][INF] MFA异步任务 截图测试 开始.
[2026-03-13 23:43:43.881][INF] >>> MFA异步任务 截图测试 已完成.
[2026-03-13 23:43:43.881][INF] 截图耗时: 22ms(PrintWindow)
[2026-03-13 23:43:43.882][INF] MFA异步任务 队列任务 开始.
[2026-03-13 23:43:43.883][INF] 开始任务: 普通任务
[2026-03-13 23:43:45.183][INF] >>> MFA异步任务 队列任务 已完成.
[2026-03-13 23:43:45.186][INF] MFA异步任务 启动附加结束脚本 开始.
[2026-03-13 23:43:45.186][INF] >>> MFA异步任务 启动附加结束脚本 已完成.
[2026-03-13 23:43:45.186][INF] Stop Status: SUCCEEDED
[2026-03-13 23:43:45.186][INF] MFA异步任务 停止maafw任务 开始.
[2026-03-13 23:43:45.186][INF] >>> 任务 播放音频 开始.
[2026-03-13 23:43:45.240][INF] >>> 任务 播放音频 完成.
[2026-03-13 23:43:45.257][INF] 任务已全部完成！
(用时 0h 0m 1s)
[2026-03-13 23:44:03.919][INF] [内存管理]释放了19.22 MB (34.1%)
[2026-03-13 23:46:02.259][INF] [TaskPipelineMerge] Task#1 Name=[普通任务] Entry=[刷本类型] PipelineList=[
  {}
]
[2026-03-13 23:46:02.268][INF] MFA异步任务 启动任务 开始.
[2026-03-13 23:46:02.269][INF] MFA异步任务 启动附加开始脚本 开始.
[2026-03-13 23:46:02.269][INF] >>> MFA异步任务 启动任务 已完成.
[2026-03-13 23:46:02.269][INF] >>> MFA异步任务 启动附加开始脚本 已完成.
[2026-03-13 23:46:02.269][INF] MFA异步任务 截图测试 开始.
[2026-03-13 23:46:02.295][INF] >>> MFA异步任务 截图测试 已完成.
[2026-03-13 23:46:02.295][INF] 截图耗时: 12ms(PrintWindow)
[2026-03-13 23:46:02.297][INF] MFA异步任务 队列任务 开始.
[2026-03-13 23:46:02.297][INF] 开始任务: 普通任务
[2026-03-13 23:46:03.597][INF] >>> MFA异步任务 队列任务 已完成.
[2026-03-13 23:46:03.600][INF] MFA异步任务 启动附加结束脚本 开始.
[2026-03-13 23:46:03.600][INF] >>> MFA异步任务 启动附加结束脚本 已完成.
[2026-03-13 23:46:03.601][INF] Stop Status: SUCCEEDED
[2026-03-13 23:46:03.601][INF] MFA异步任务 停止maafw任务 开始.
[2026-03-13 23:46:03.601][INF] >>> 任务 播放音频 开始.
[2026-03-13 23:46:03.659][INF] >>> 任务 播放音频 完成.
[2026-03-13 23:46:03.680][INF] 任务已全部完成！
(用时 0h 0m 1s)
[2026-03-13 23:46:07.826][INF] 截图超时，已断开连接
[2026-03-13 23:46:19.415][INF] [TaskPipelineMerge] Task#1 Name=[普通任务] Entry=[刷本类型] PipelineList=[
  {}
]
[2026-03-13 23:46:19.427][INF] MFA异步任务 启动任务 开始.
[2026-03-13 23:46:19.427][INF] MFA异步任务 启动附加开始脚本 开始.
[2026-03-13 23:46:19.427][INF] >>> MFA异步任务 启动任务 已完成.
[2026-03-13 23:46:19.427][INF] >>> MFA异步任务 启动附加开始脚本 已完成.
[2026-03-13 23:46:19.428][INF] 正在连接至窗口......
[2026-03-13 23:46:19.430][INF] MFA异步任务 截图测试 开始.
[2026-03-13 23:46:19.436][INF] >>> MFA异步任务 截图测试 已完成.
[2026-03-13 23:46:19.436][INF] 截图耗时: 3ms(PrintWindow)
[2026-03-13 23:46:19.438][INF] MFA异步任务 队列任务 开始.
[2026-03-13 23:46:19.438][INF] 开始任务: 普通任务
[2026-03-13 23:46:20.099][INF] 截图超时，已断开连接
[2026-03-13 23:46:26.984][INF] Stop Status: NOT_STARTED
[2026-03-13 23:46:26.986][INF] MFA异步任务 停止maafw任务 开始.
[2026-03-13 23:46:26.986][INF] Stopping tasker attempt 1
[2026-03-13 23:46:26.986][INF] >>> MFA异步任务 队列任务 已完成.
[2026-03-13 23:46:26.986][INF] 正在停止......
[2026-03-13 23:46:26.987][INF] Stop Status: STOPPING
[2026-03-13 23:46:27.024][INF] Stopping tasker attempt 1 returned Succeeded, retrying...
[2026-03-13 23:46:27.024][INF] >>> 任务 Action 开始.
[2026-03-13 23:46:27.024][INF] >>> 任务 Action 完成.
[2026-03-13 23:46:27.427][INF] 已放弃本次任务
[2026-03-13 23:46:34.004][INF] [内存管理]释放了19.93 MB (33.6%)
[2026-03-13 23:46:52.569][INF] [TaskPipelineMerge] Task#1 Name=[普通任务] Entry=[刷本类型] PipelineList=[
  {}
]
[2026-03-13 23:46:52.578][INF] MFA异步任务 启动任务 开始.
[2026-03-13 23:46:52.579][INF] MFA异步任务 启动附加开始脚本 开始.
[2026-03-13 23:46:52.579][INF] >>> MFA异步任务 启动任务 已完成.
[2026-03-13 23:46:52.579][INF] >>> MFA异步任务 启动附加开始脚本 已完成.
[2026-03-13 23:46:52.579][INF] 正在连接至窗口......
[2026-03-13 23:46:52.581][ERR] System.Exception: Connection failed after all retries
   at MFAAvalonia.Extensions.MaaFW.MaaProcessor.HandleDeviceConnectionAsync(CancellationToken token, Boolean showMessage)
   at MFAAvalonia.Extensions.MaaFW.MaaProcessor.<>c__DisplayClass192_0.<<InitializeConnectionTasksAsync>b__1>d.MoveNext()
--- End of stack trace from previous location ---
   at MFAAvalonia.Helper.ValueType.MFATask.Run(CancellationToken token)
[2026-03-13 23:46:52.581][INF] Stop Status: FAILED
[2026-03-13 23:46:52.582][INF] MFA异步任务 停止maafw任务 开始.
[2026-03-13 23:46:52.585][INF] 任务运行失败！
[2026-03-13 23:46:56.912][INF] MFA异步任务 刷新 开始.
[2026-03-13 23:46:56.913][INF] >>> MFA异步任务 刷新 已完成.
[2026-03-13 23:46:57.417][INF] 正在载入资源
[2026-03-13 23:46:57.418][INF] Resource: F:\Game_AUTO\MaaFGO\MFAAvalonia-v2.10.9-win-x64\resource
[2026-03-13 23:46:57.418][INF] MFA异步任务 资源检测 开始.
[2026-03-13 23:46:57.418][INF] Disposing MaaTasker
[2026-03-13 23:46:57.451][INF] >>> MFA异步任务 资源检测 已完成.
[2026-03-13 23:46:57.451][INF] Use GPU: succeed
[2026-03-13 23:46:57.451][INF] GPU acceleration: Auto
[2026-03-13 23:46:57.451][INF] MFA异步任务 控制器检测 开始.
[2026-03-13 23:46:57.451][INF] Loading MAA Controller Configuration...
[2026-03-13 23:46:57.451][INF] 鼠标输入:PostMessageWithCursorPos,键盘输入:PostMessageWithCursorPos,捕获模式:PrintWindow
[2026-03-13 23:46:57.451][INF] Name: BBchannel64位  version  3.80.20260228
[2026-03-13 23:46:57.451][INF] HWnd: 991806
[2026-03-13 23:46:57.451][INF] ScreenCap: PrintWindow
[2026-03-13 23:46:57.451][INF] MouseInput: PostMessageWithCursorPos
[2026-03-13 23:46:57.451][INF] KeyboardInput: PostMessageWithCursorPos
[2026-03-13 23:46:57.452][INF] Link: Start
[2026-03-13 23:46:57.452][INF] Check: ThrowIfNotSucceeded
[2026-03-13 23:46:57.452][INF] >>> MFA异步任务 控制器检测 已完成.
[2026-03-13 23:46:57.536][INF] MaaTasker disposed successfully
[2026-03-13 23:46:57.553][INF] Registered built-in special task actions
[2026-03-13 23:46:57.553][INF] Custom directory not found: F:\Game_AUTO\MaaFGO\MFAAvalonia-v2.10.9-win-x64\.\resource\custom
[2026-03-13 23:46:57.553][INF] Custom directory not found: F:\Game_AUTO\MaaFGO\MFAAvalonia-v2.10.9-win-x64\resource\custom
[2026-03-13 23:46:57.554][INF] Maafw debug mode: False
[2026-03-13 23:46:58.546][INF] [TaskPipelineMerge] Task#1 Name=[普通任务] Entry=[刷本类型] PipelineList=[
  {}
]
[2026-03-13 23:46:58.551][INF] MFA异步任务 启动任务 开始.
[2026-03-13 23:46:58.552][INF] MFA异步任务 启动附加开始脚本 开始.
[2026-03-13 23:46:58.552][INF] >>> MFA异步任务 启动任务 已完成.
[2026-03-13 23:46:58.552][INF] >>> MFA异步任务 启动附加开始脚本 已完成.
[2026-03-13 23:46:58.552][INF] MFA异步任务 截图测试 开始.
[2026-03-13 23:46:58.594][INF] >>> MFA异步任务 截图测试 已完成.
[2026-03-13 23:46:58.594][INF] 截图耗时: 20ms(PrintWindow)
[2026-03-13 23:46:58.597][INF] MFA异步任务 队列任务 开始.
[2026-03-13 23:46:58.597][INF] 开始任务: 普通任务
[2026-03-13 23:47:00.340][INF] >>> MFA异步任务 队列任务 已完成.
[2026-03-13 23:47:00.344][INF] MFA异步任务 启动附加结束脚本 开始.
[2026-03-13 23:47:00.344][INF] >>> MFA异步任务 启动附加结束脚本 已完成.
[2026-03-13 23:47:00.345][INF] Stop Status: SUCCEEDED
[2026-03-13 23:47:00.345][INF] MFA异步任务 停止maafw任务 开始.
[2026-03-13 23:47:00.345][INF] >>> 任务 播放音频 开始.
[2026-03-13 23:47:00.402][INF] >>> 任务 播放音频 完成.
[2026-03-13 23:47:00.418][INF] 任务已全部完成！
(用时 0h 0m 1s)
[2026-03-13 23:47:22.535][INF] MFA Closed!
[2026-03-13 23:47:37.307][INF] Added DLL directory (Windows API): F:\Game_AUTO\MaaFGO\MFAAvalonia-v2.10.9-win-x64\libs
[2026-03-13 23:47:37.327][INF] Native library resolver setup completed using AssemblyLoadContext.ResolvingUnmanagedDll
[2026-03-13 23:47:37.348][INF] MaaFramework runtimes: [
  "F:\\Game_AUTO\\MaaFGO\\MFAAvalonia-v2.10.9-win-x64\\runtimes\\win-x64\\native"
]
[2026-03-13 23:47:37.349][INF] Args: {}
[2026-03-13 23:47:37.350][INF] MFA version: v2.10.9
[2026-03-13 23:47:37.350][INF] .NET version: .NET 10.0.3
[2026-03-13 23:47:37.855][INF] Initializing LanguageManager...
[2026-03-13 23:47:37.965][INF] Loading Configurations...
[2026-03-13 23:47:37.991][INF] Current Configuration: Default
[2026-03-13 23:47:38.053][INF] System sleep allowed.
[2026-03-13 23:47:38.055][INF] HotkeyPrimaryElection: 成为主进程（创建了新的全局互斥锁）
[2026-03-13 23:47:38.056][INF] GlobalHotkeyService: 作为主进程初始化
[2026-03-13 23:47:38.060][INF] HotkeyIpcServer: 端口文件已保存到 C:\Users\MSI\AppData\Local\Temp\MFAAvalonia\hotkey_ipc_port.txt
[2026-03-13 23:47:38.060][INF] HotkeyIpcServer: 启动 TCP 服务端，端口 52718
[2026-03-13 23:47:38.109][WRN] MaaProcessor.Interface is not initialized yet.
[2026-03-13 23:47:38.115][INF] [调试] instances 目录中实际存在的实例文件数量: 1, ID列表: [339d7c15]
[2026-03-13 23:47:38.165][INF] Resource version: 1.0.0
[2026-03-13 23:47:38.165][INF] MaaFramework version: v5.8.1
[2026-03-13 23:47:38.193][INF] [懒加载] 已加载当天有定时任务的实例
[2026-03-13 23:47:38.253][INF] 窗口大小已加载: width=1920, height=1029
[2026-03-13 23:47:38.260][INF] 窗口位置已加载: X=206, Y=188
[2026-03-13 23:47:38.467][WRN] 跨平台数据解密失败: 参数错误。
[2026-03-13 23:47:38.510][WRN] 跨平台数据解密失败: The input is not a valid Base-64 string as it contains a non-base 64 character, more than two padding characters, or an illegal character among the padding characters.
[2026-03-13 23:47:38.630][INF] [调试] instances 目录中实际存在的实例文件数量: 1, ID列表: [339d7c15]
[2026-03-13 23:47:38.632][INF] [懒加载] 已加载当天有定时任务的实例
[2026-03-13 23:47:39.009][INF] [懒加载] 所有实例加载完成
[2026-03-13 23:47:39.010][INF] [懒加载] 所有实例加载完成
[2026-03-13 23:47:39.053][INF] UI initialization started
[2026-03-13 23:47:39.454][INF] MFA异步任务 公告和最新版本检测 开始.
[2026-03-13 23:47:39.754][INF] >>> 任务 刷新设备 开始.
[2026-03-13 23:47:40.265][INF] >>> 任务 刷新设备 完成.
[2026-03-13 23:47:40.332][INF] 正在连接至窗口......
[2026-03-13 23:47:40.345][INF] MFA异步任务 启动任务 开始.
[2026-03-13 23:47:40.349][INF] 正在载入资源
[2026-03-13 23:47:40.349][INF] Resource: F:\Game_AUTO\MaaFGO\MFAAvalonia-v2.10.9-win-x64\resource
[2026-03-13 23:47:40.349][INF] MFA异步任务 资源检测 开始.
[2026-03-13 23:47:40.351][INF] >>> MFA异步任务 启动任务 已完成.
[2026-03-13 23:47:40.431][INF] >>> MFA异步任务 资源检测 已完成.
[2026-03-13 23:47:40.432][INF] Use GPU: succeed
[2026-03-13 23:47:40.432][INF] GPU acceleration: Auto
[2026-03-13 23:47:40.432][INF] MFA异步任务 控制器检测 开始.
[2026-03-13 23:47:40.432][INF] Loading MAA Controller Configuration...
[2026-03-13 23:47:40.433][INF] 鼠标输入:PostMessageWithCursorPos,键盘输入:PostMessageWithCursorPos,捕获模式:PrintWindow
[2026-03-13 23:47:40.433][INF] Name: BBchannel64位  version  3.80.20260228
[2026-03-13 23:47:40.433][INF] HWnd: 991806
[2026-03-13 23:47:40.434][INF] ScreenCap: PrintWindow
[2026-03-13 23:47:40.434][INF] MouseInput: PostMessageWithCursorPos
[2026-03-13 23:47:40.434][INF] KeyboardInput: PostMessageWithCursorPos
[2026-03-13 23:47:40.434][INF] Link: Start
[2026-03-13 23:47:40.434][INF] Check: ThrowIfNotSucceeded
[2026-03-13 23:47:40.436][INF] >>> MFA异步任务 控制器检测 已完成.
[2026-03-13 23:47:40.538][INF] Registered built-in special task actions
[2026-03-13 23:47:40.539][INF] Custom directory not found: F:\Game_AUTO\MaaFGO\MFAAvalonia-v2.10.9-win-x64\.\resource\custom
[2026-03-13 23:47:40.539][INF] Custom directory not found: F:\Game_AUTO\MaaFGO\MFAAvalonia-v2.10.9-win-x64\resource\custom
[2026-03-13 23:47:40.539][INF] Maafw debug mode: False
[2026-03-13 23:47:40.744][INF] MFA异步任务 启动检测 开始.
[2026-03-13 23:47:40.745][INF] 开始执行任务: 查询CDK
[2026-03-13 23:47:40.746][INF] Stop Status: SUCCEEDED
[2026-03-13 23:47:40.746][INF] MFA异步任务 停止maafw任务 开始.
[2026-03-13 23:47:40.746][INF] 任务完成: 查询CDK
[2026-03-13 23:47:40.746][INF] 开始执行任务: 更新资源
[2026-03-13 23:47:40.754][ERR] System.Exception: 该资源操作暂不支持 Mirror酱
   at MFAAvalonia.Helper.VersionChecker.GetDownloadUrlFromMirror(String version, String resId, String cdk, String& url, String& latestVersion, String& sha256, Boolean& isFull, String userAgent, Boolean isUI, Boolean onlyCheck, String currentVersion, Boolean showResponse, Boolean saveAnnouncement)
   at MFAAvalonia.Helper.VersionChecker.CheckForResourceUpdatesAsync(Boolean isGithub)
[2026-03-13 23:47:40.754][INF] 任务完成: 更新资源
[2026-03-13 23:47:40.757][INF] 任务已全部完成！
(用时 0h 0m 0s)
[2026-03-13 23:47:40.760][WRN] 公告文件夹不存在: F:\Game_AUTO\MaaFGO\MFAAvalonia-v2.10.9-win-x64\resource\announcement
[2026-03-13 23:47:46.103][INF] [TaskPipelineMerge] Task#1 Name=[普通任务] Entry=[刷本类型] PipelineList=[
  {}
]
[2026-03-13 23:47:46.119][INF] MFA异步任务 启动任务 开始.
[2026-03-13 23:47:46.120][INF] MFA异步任务 启动附加开始脚本 开始.
[2026-03-13 23:47:46.120][INF] >>> MFA异步任务 启动任务 已完成.
[2026-03-13 23:47:46.121][INF] >>> MFA异步任务 启动附加开始脚本 已完成.
[2026-03-13 23:47:46.122][INF] MFA异步任务 截图测试 开始.
[2026-03-13 23:47:46.167][INF] >>> MFA异步任务 截图测试 已完成.
[2026-03-13 23:47:46.167][INF] 截图耗时: 21ms(PrintWindow)
[2026-03-13 23:47:46.171][INF] MFA异步任务 队列任务 开始.
[2026-03-13 23:47:46.172][INF] 开始任务: 普通任务
[2026-03-13 23:47:48.127][INF] >>> MFA异步任务 队列任务 已完成.
[2026-03-13 23:47:48.129][INF] MFA异步任务 启动附加结束脚本 开始.
[2026-03-13 23:47:48.130][INF] >>> MFA异步任务 启动附加结束脚本 已完成.
[2026-03-13 23:47:48.130][INF] Stop Status: SUCCEEDED
[2026-03-13 23:47:48.130][INF] MFA异步任务 停止maafw任务 开始.
[2026-03-13 23:47:48.130][INF] >>> 任务 播放音频 开始.
[2026-03-13 23:47:48.233][INF] >>> 任务 播放音频 完成.
[2026-03-13 23:47:48.235][INF] 任务已全部完成！
(用时 0h 0m 2s)
