[2026-04-04 08:42:08.583][INF] Added DLL directory (Windows API): F:\Game_AUTO\MaaFGO\MFAAvalonia\libs
[2026-04-04 08:42:08.602][INF] Native library resolver setup completed using AssemblyLoadContext.ResolvingUnmanagedDll
[2026-04-04 08:42:08.623][INF] MaaFramework runtimes: [
  "F:\\Game_AUTO\\MaaFGO\\MFAAvalonia\\runtimes\\win-x64\\native"
]
[2026-04-04 08:42:08.625][INF] Args: {}
[2026-04-04 08:42:08.625][INF] MFA version: v2.10.9
[2026-04-04 08:42:08.625][INF] .NET version: .NET 10.0.3
[2026-04-04 08:42:09.095][INF] Initializing LanguageManager...
[2026-04-04 08:42:09.202][INF] Loading Configurations...
[2026-04-04 08:42:09.225][INF] Current Configuration: Default
[2026-04-04 08:42:09.288][INF] System sleep allowed.
[2026-04-04 08:42:09.299][INF] HotkeyPrimaryElection: 成为主进程（创建了新的全局互斥锁）
[2026-04-04 08:42:09.299][INF] GlobalHotkeyService: 作为主进程初始化
[2026-04-04 08:42:09.303][INF] HotkeyIpcServer: 端口文件已保存到 C:\Users\MSI\AppData\Local\Temp\MFAAvalonia\hotkey_ipc_port.txt
[2026-04-04 08:42:09.303][INF] HotkeyIpcServer: 启动 TCP 服务端，端口 52718
[2026-04-04 08:42:09.352][WRN] MaaProcessor.Interface is not initialized yet.
[2026-04-04 08:42:09.358][INF] [调试] instances 目录中实际存在的实例文件数量: 1, ID列表: [339d7c15]
[2026-04-04 08:42:09.409][INF] Resource version: 1.0.0
[2026-04-04 08:42:09.409][INF] MaaFramework version: v5.8.1
[2026-04-04 08:42:09.435][INF] [懒加载] 已加载当天有定时任务的实例
[2026-04-04 08:42:09.482][INF] 窗口大小已加载: width=1634, height=993
[2026-04-04 08:42:09.488][INF] 窗口位置已加载: X=468, Y=269
[2026-04-04 08:42:09.689][WRN] 跨平台数据解密失败: 参数错误。
[2026-04-04 08:42:09.722][WRN] 跨平台数据解密失败: The input is not a valid Base-64 string as it contains a non-base 64 character, more than two padding characters, or an illegal character among the padding characters.
[2026-04-04 08:42:09.836][INF] [调试] instances 目录中实际存在的实例文件数量: 1, ID列表: [339d7c15]
[2026-04-04 08:42:09.838][INF] [懒加载] 已加载当天有定时任务的实例
[2026-04-04 08:42:10.082][INF] [懒加载] 所有实例加载完成
[2026-04-04 08:42:10.082][INF] [懒加载] 所有实例加载完成
[2026-04-04 08:42:10.124][INF] UI initialization started
[2026-04-04 08:42:10.538][INF] MFA异步任务 公告和最新版本检测 开始.
[2026-04-04 08:42:10.844][INF] Reading saved ADB device from configuration, using fingerprint matching.
[2026-04-04 08:42:10.845][INF] Saved device fingerprint: MuMu安卓设备-MuMuPlayer12 v5|0|127.0.0.1|16384
[2026-04-04 08:42:10.971][INF] Found matching device by fingerprint: MuMu安卓设备-MuMuPlayer12 v5 (127.0.0.1:16384)
[2026-04-04 08:42:11.013][INF] [TaskPipelineMerge] Task#1 Name=[打开bbc] Entry=[运行BBC] PipelineList=[
  {},
  {
    "运行BBC": {
      "action": {
        "type": "Command",
        "param": {
          "exec": "F:\\BBchannel\\启动.cmd"
        }
      }
    }
  },
  {
    "冠位戴冠战-BBC脚本运行": {
      "action": {
        "type": "Command",
        "param": {
          "exec": "F:\\Game_AUTO\\MaaFGO\\MFAAvalonia\\run_bbc\\bbctools.cmd"
        }
      }
    },
    "水怪-BBC脚本运行": {
      "action": {
        "type": "Command",
        "param": {
          "exec": "F:\\Game_AUTO\\MaaFGO\\MFAAvalonia\\run_bbc\\bbctools.cmd"
        }
      }
    }
  }
]
[2026-04-04 08:42:11.015][INF] [TaskPipelineMerge] Task#2 Name=[启动游戏] Entry=[启动FGO] PipelineList=[
  {},
  {
    "运行BBC": {
      "action": {
        "type": "Command",
        "param": {
          "exec": "F:\\BBchannel\\启动.cmd"
        }
      }
    }
  },
  {
    "冠位戴冠战-BBC脚本运行": {
      "action": {
        "type": "Command",
        "param": {
          "exec": "F:\\Game_AUTO\\MaaFGO\\MFAAvalonia\\run_bbc\\bbctools.cmd"
        }
      }
    },
    "水怪-BBC脚本运行": {
      "action": {
        "type": "Command",
        "param": {
          "exec": "F:\\Game_AUTO\\MaaFGO\\MFAAvalonia\\run_bbc\\bbctools.cmd"
        }
      }
    }
  },
  {
    "启动FGO": {
      "action": {
        "type": "StartApp",
        "param": {
          "package": "com.aniplex.fategrandorder"
        }
      }
    }
  }
]
[2026-04-04 08:42:11.015][INF] [TaskPipelineMerge] Task#3 Name=[水怪活动] Entry=[水怪活动-开始] PipelineList=[
  {},
  {
    "运行BBC": {
      "action": {
        "type": "Command",
        "param": {
          "exec": "F:\\BBchannel\\启动.cmd"
        }
      }
    }
  },
  {
    "冠位戴冠战-BBC脚本运行": {
      "action": {
        "type": "Command",
        "param": {
          "exec": "F:\\Game_AUTO\\MaaFGO\\MFAAvalonia\\run_bbc\\bbctools.cmd"
        }
      }
    },
    "水怪-BBC脚本运行": {
      "action": {
        "type": "Command",
        "param": {
          "exec": "F:\\Game_AUTO\\MaaFGO\\MFAAvalonia\\run_bbc\\bbctools.cmd"
        }
      }
    }
  }
]
[2026-04-04 08:42:11.121][INF] MFA异步任务 启动任务 开始.
[2026-04-04 08:42:11.123][INF] MFA异步任务 启动附加开始脚本 开始.
[2026-04-04 08:42:11.124][INF] >>> MFA异步任务 启动附加开始脚本 已完成.
[2026-04-04 08:42:11.124][INF] >>> MFA异步任务 启动任务 已完成.
[2026-04-04 08:42:11.129][INF] 正在载入资源
[2026-04-04 08:42:11.129][INF] Resource: F:\Game_AUTO\MaaFGO\MFAAvalonia\resource
[2026-04-04 08:42:11.129][INF] 正在连接至模拟器......
[2026-04-04 08:42:11.129][INF] MFA异步任务 资源检测 开始.
[2026-04-04 08:42:11.205][INF] >>> MFA异步任务 资源检测 已完成.
[2026-04-04 08:42:11.206][INF] Use GPU: succeed
[2026-04-04 08:42:11.206][INF] GPU acceleration: Auto
[2026-04-04 08:42:11.206][INF] MFA异步任务 控制器检测 开始.
[2026-04-04 08:42:11.207][INF] Loading MAA Controller Configuration...
[2026-04-04 08:42:11.208][INF] 触控模式:All,捕获模式:EmulatorExtras
[2026-04-04 08:42:11.209][INF] Name: MuMu安卓设备-MuMuPlayer12 v5
[2026-04-04 08:42:11.209][INF] AdbPath: C:/Program Files/Netease/MuMu Player 12/nx_main/adb.exe
[2026-04-04 08:42:11.209][INF] AdbSerial: 127.0.0.1:16384
[2026-04-04 08:42:11.209][INF] ScreenCap: EmulatorExtras
[2026-04-04 08:42:11.209][INF] Input: All
[2026-04-04 08:42:11.209][INF] Config: {"extras":{"mumu":{"enable":true,"index":0,"path":"C:/Program Files/Netease/MuMu Player 12"}}
[2026-04-04 08:42:11.466][INF] >>> MFA异步任务 控制器检测 已完成.
[2026-04-04 08:42:11.698][INF] Registered built-in special task actions
[2026-04-04 08:42:11.699][INF] Custom directory not found: F:\Game_AUTO\MaaFGO\MFAAvalonia\.\resource\custom
[2026-04-04 08:42:11.699][INF] Custom directory not found: F:\Game_AUTO\MaaFGO\MFAAvalonia\resource\custom
[2026-04-04 08:42:11.699][INF] Maafw debug mode: False
[2026-04-04 08:42:11.844][WRN] 公告文件夹不存在: F:\Game_AUTO\MaaFGO\MFAAvalonia\resource\announcement
[2026-04-04 08:42:12.053][INF] MFA异步任务 截图测试 开始.
[2026-04-04 08:42:12.071][INF] >>> MFA异步任务 截图测试 已完成.
[2026-04-04 08:42:12.072][INF] 截图耗时: 8ms(EmulatorExtras)
[2026-04-04 08:42:12.078][INF] MFA异步任务 队列任务 开始.
[2026-04-04 08:42:12.078][INF] 开始任务: 打开bbc
[2026-04-04 08:42:12.813][INF] >>> MFA异步任务 队列任务 已完成.
[2026-04-04 08:42:12.814][INF] MFA异步任务 队列任务 开始.
[2026-04-04 08:42:12.816][INF] 开始任务: 启动游戏
[2026-04-04 08:42:24.216][INF] 尚未检测到登录成功
[2026-04-04 08:42:30.235][INF] 尚未检测到登录成功
[2026-04-04 08:42:56.930][INF] 等待到达主界面
[2026-04-04 08:42:57.932][INF] 等待到达主界面
[2026-04-04 08:42:58.935][INF] 等待到达主界面
[2026-04-04 08:42:59.932][INF] 等待到达主界面
[2026-04-04 08:43:00.936][INF] 等待到达主界面
[2026-04-04 08:43:01.934][INF] 等待到达主界面
[2026-04-04 08:43:02.936][INF] 等待到达主界面
[2026-04-04 08:43:09.432][INF] [内存管理]释放了15.60 MB (29.1%)
[2026-04-04 08:43:52.055][INF] 成功抵达主界面
[2026-04-04 08:43:52.461][INF] >>> MFA异步任务 队列任务 已完成.
[2026-04-04 08:43:52.462][INF] MFA异步任务 队列任务 开始.
[2026-04-04 08:43:52.463][INF] 开始任务: 水怪活动
[2026-04-04 08:43:56.135][INF] >>> MFA异步任务 队列任务 已完成.
[2026-04-04 08:43:56.136][INF] MFA异步任务 启动附加结束脚本 开始.
[2026-04-04 08:43:56.136][INF] >>> MFA异步任务 启动附加结束脚本 已完成.
[2026-04-04 08:43:56.141][INF] MFA异步任务 启动检测 开始.
[2026-04-04 08:43:56.141][INF] 开始执行任务: 查询CDK
[2026-04-04 08:43:56.142][INF] Stop Status: SUCCEEDED
[2026-04-04 08:43:56.142][INF] MFA异步任务 停止maafw任务 开始.
[2026-04-04 08:43:56.142][INF] 任务完成: 查询CDK
[2026-04-04 08:43:56.143][INF] 开始执行任务: 更新资源
[2026-04-04 08:43:56.143][INF] >>> 任务 播放音频 开始.
[2026-04-04 08:43:56.188][ERR] System.Exception: 该资源操作暂不支持 Mirror酱
   at MFAAvalonia.Helper.VersionChecker.GetDownloadUrlFromMirror(String version, String resId, String cdk, String& url, String& latestVersion, String& sha256, Boolean& isFull, String userAgent, Boolean isUI, Boolean onlyCheck, String currentVersion, Boolean showResponse, Boolean saveAnnouncement)
   at MFAAvalonia.Helper.VersionChecker.CheckForResourceUpdatesAsync(Boolean isGithub)
[2026-04-04 08:43:56.188][INF] 任务完成: 更新资源
[2026-04-04 08:43:56.244][INF] >>> 任务 播放音频 完成.
[2026-04-04 08:43:56.250][INF] 任务已全部完成！
(用时 0h 1m 45s)
[2026-04-04 08:53:09.500][INF] [内存管理]释放了3.73 MB (8.7%)
[2026-04-04 08:58:09.521][INF] [内存管理]释放了4.54 MB (10.3%)
[2026-04-04 09:03:09.543][INF] [内存管理]释放了4.43 MB (10.1%)
[2026-04-04 09:08:09.571][INF] [内存管理]释放了2.92 MB (6.9%)
[2026-04-04 09:13:09.599][INF] [内存管理]释放了1.67 MB (4.2%)
[2026-04-04 09:18:09.624][INF] [内存管理]释放了4.25 MB (10.0%)
[2026-04-04 09:23:09.644][INF] [内存管理]释放了2.94 MB (7.1%)
[2026-04-04 09:28:09.663][INF] [内存管理]释放了2.71 MB (6.6%)
[2026-04-04 09:33:09.684][INF] [内存管理]释放了2.91 MB (7.1%)
[2026-04-04 09:43:09.729][INF] [内存管理]释放了17.02 MB (30.6%)
[2026-04-04 09:48:09.752][INF] [内存管理]释放了10.42 MB (21.3%)
[2026-04-04 09:53:09.774][INF] [内存管理]释放了5.84 MB (13.2%)
[2026-04-04 09:58:09.797][INF] [内存管理]释放了4.43 MB (10.4%)
[2026-04-04 10:03:09.814][INF] [内存管理]释放了3.05 MB (7.4%)
[2026-04-04 10:08:09.838][INF] [内存管理]释放了4.12 MB (9.8%)
[2026-04-04 10:13:09.863][INF] [内存管理]释放了5.54 MB (12.7%)
[2026-04-04 10:18:09.888][INF] [内存管理]释放了5.18 MB (12.0%)
[2026-04-04 10:23:09.916][INF] [内存管理]释放了5.33 MB (12.3%)
[2026-04-04 10:28:09.942][INF] [内存管理]释放了5.74 MB (13.1%)
[2026-04-04 10:33:09.964][INF] [内存管理]释放了5.42 MB (12.5%)
[2026-04-04 10:38:09.987][INF] [内存管理]释放了5.65 MB (12.9%)
[2026-04-04 10:43:10.008][INF] [内存管理]释放了7.14 MB (15.8%)
[2026-04-04 10:48:10.029][INF] [内存管理]释放了6.38 MB (14.4%)
[2026-04-04 10:53:10.050][INF] [内存管理]释放了4.80 MB (11.2%)
[2026-04-04 10:58:10.073][INF] [内存管理]释放了5.04 MB (11.7%)
[2026-04-04 11:03:10.095][INF] [内存管理]释放了4.78 MB (11.2%)
[2026-04-04 11:08:10.116][INF] [内存管理]释放了4.13 MB (9.8%)
[2026-04-04 11:13:10.137][INF] [内存管理]释放了3.97 MB (9.5%)
[2026-04-04 11:13:53.475][INF] MFA Closed!
