[2026-04-03 08:49:58.799][INF] Added DLL directory (Windows API): F:\Game_AUTO\MaaFGO\MFAAvalonia\libs
[2026-04-03 08:49:58.818][INF] Native library resolver setup completed using AssemblyLoadContext.ResolvingUnmanagedDll
[2026-04-03 08:49:58.841][INF] MaaFramework runtimes: [
  "F:\\Game_AUTO\\MaaFGO\\MFAAvalonia\\runtimes\\win-x64\\native"
]
[2026-04-03 08:49:58.843][INF] Args: {}
[2026-04-03 08:49:58.843][INF] MFA version: v2.10.9
[2026-04-03 08:49:58.843][INF] .NET version: .NET 10.0.3
[2026-04-03 08:49:59.372][INF] Initializing LanguageManager...
[2026-04-03 08:49:59.485][INF] Loading Configurations...
[2026-04-03 08:49:59.511][INF] Current Configuration: Default
[2026-04-03 08:49:59.574][INF] System sleep allowed.
[2026-04-03 08:49:59.576][INF] HotkeyPrimaryElection: 成为主进程（创建了新的全局互斥锁）
[2026-04-03 08:49:59.577][INF] GlobalHotkeyService: 作为主进程初始化
[2026-04-03 08:49:59.581][INF] HotkeyIpcServer: 端口文件已保存到 C:\Users\MSI\AppData\Local\Temp\MFAAvalonia\hotkey_ipc_port.txt
[2026-04-03 08:49:59.582][INF] HotkeyIpcServer: 启动 TCP 服务端，端口 52718
[2026-04-03 08:49:59.667][WRN] MaaProcessor.Interface is not initialized yet.
[2026-04-03 08:49:59.673][INF] [调试] instances 目录中实际存在的实例文件数量: 1, ID列表: [339d7c15]
[2026-04-03 08:49:59.726][INF] Resource version: 1.0.0
[2026-04-03 08:49:59.726][INF] MaaFramework version: v5.8.1
[2026-04-03 08:49:59.753][INF] [懒加载] 已加载当天有定时任务的实例
[2026-04-03 08:49:59.802][INF] 窗口大小已加载: width=1634, height=993
[2026-04-03 08:49:59.807][INF] 保存的窗口位置 (-32000, -32000) 不在有效屏幕范围内，使用默认居中位置
[2026-04-03 08:50:00.023][WRN] 跨平台数据解密失败: 参数错误。
[2026-04-03 08:50:00.063][WRN] 跨平台数据解密失败: The input is not a valid Base-64 string as it contains a non-base 64 character, more than two padding characters, or an illegal character among the padding characters.
[2026-04-03 08:50:00.191][INF] [调试] instances 目录中实际存在的实例文件数量: 1, ID列表: [339d7c15]
[2026-04-03 08:50:00.193][INF] [懒加载] 已加载当天有定时任务的实例
[2026-04-03 08:50:00.533][INF] [懒加载] 所有实例加载完成
[2026-04-03 08:50:00.534][INF] [懒加载] 所有实例加载完成
[2026-04-03 08:50:00.598][INF] UI initialization started
[2026-04-03 08:50:01.031][INF] MFA异步任务 公告和最新版本检测 开始.
[2026-04-03 08:50:01.333][INF] Reading saved ADB device from configuration, using fingerprint matching.
[2026-04-03 08:50:01.334][INF] Saved device fingerprint: MuMu安卓设备-MuMuPlayer12 v5|0|127.0.0.1|16384
[2026-04-03 08:50:01.452][INF] Found matching device by fingerprint: MuMu安卓设备-MuMuPlayer12 v5 (127.0.0.1:16384)
[2026-04-03 08:50:01.495][INF] [TaskPipelineMerge] Task#1 Name=[打开bbc] Entry=[运行BBC] PipelineList=[
  {},
  {
    "运行BBC": {
      "action": {
        "type": "Command",
        "param": {
          "exec": "F:\\BBchannel\\启动.cmd"
        }
      }
    }
  },
  {
    "冠位戴冠战-BBC脚本运行": {
      "action": {
        "type": "Command",
        "param": {
          "exec": "F:\\Game_AUTO\\MaaFGO\\MFAAvalonia\\run_bbc\\bbctools.cmd"
        }
      }
    },
    "水怪-BBC脚本运行": {
      "action": {
        "type": "Command",
        "param": {
          "exec": "F:\\Game_AUTO\\MaaFGO\\MFAAvalonia\\run_bbc\\bbctools.cmd"
        }
      }
    }
  }
]
[2026-04-03 08:50:01.497][INF] [TaskPipelineMerge] Task#2 Name=[启动游戏] Entry=[启动FGO] PipelineList=[
  {},
  {
    "运行BBC": {
      "action": {
        "type": "Command",
        "param": {
          "exec": "F:\\BBchannel\\启动.cmd"
        }
      }
    }
  },
  {
    "冠位戴冠战-BBC脚本运行": {
      "action": {
        "type": "Command",
        "param": {
          "exec": "F:\\Game_AUTO\\MaaFGO\\MFAAvalonia\\run_bbc\\bbctools.cmd"
        }
      }
    },
    "水怪-BBC脚本运行": {
      "action": {
        "type": "Command",
        "param": {
          "exec": "F:\\Game_AUTO\\MaaFGO\\MFAAvalonia\\run_bbc\\bbctools.cmd"
        }
      }
    }
  },
  {
    "启动FGO": {
      "action": {
        "type": "StartApp",
        "param": {
          "package": "com.aniplex.fategrandorder"
        }
      }
    }
  }
]
[2026-04-03 08:50:01.497][INF] [TaskPipelineMerge] Task#3 Name=[水怪活动] Entry=[水怪活动-开始] PipelineList=[
  {},
  {
    "运行BBC": {
      "action": {
        "type": "Command",
        "param": {
          "exec": "F:\\BBchannel\\启动.cmd"
        }
      }
    }
  },
  {
    "冠位戴冠战-BBC脚本运行": {
      "action": {
        "type": "Command",
        "param": {
          "exec": "F:\\Game_AUTO\\MaaFGO\\MFAAvalonia\\run_bbc\\bbctools.cmd"
        }
      }
    },
    "水怪-BBC脚本运行": {
      "action": {
        "type": "Command",
        "param": {
          "exec": "F:\\Game_AUTO\\MaaFGO\\MFAAvalonia\\run_bbc\\bbctools.cmd"
        }
      }
    }
  }
]
[2026-04-03 08:50:01.610][INF] MFA异步任务 启动任务 开始.
[2026-04-03 08:50:01.612][INF] MFA异步任务 启动附加开始脚本 开始.
[2026-04-03 08:50:01.613][INF] >>> MFA异步任务 启动附加开始脚本 已完成.
[2026-04-03 08:50:01.613][INF] >>> MFA异步任务 启动任务 已完成.
[2026-04-03 08:50:01.616][INF] 正在载入资源
[2026-04-03 08:50:01.616][INF] 正在连接至模拟器......
[2026-04-03 08:50:01.616][INF] Resource: F:\Game_AUTO\MaaFGO\MFAAvalonia\resource
[2026-04-03 08:50:01.616][INF] MFA异步任务 资源检测 开始.
[2026-04-03 08:50:01.728][INF] >>> MFA异步任务 资源检测 已完成.
[2026-04-03 08:50:01.728][INF] Use GPU: succeed
[2026-04-03 08:50:01.728][INF] GPU acceleration: Auto
[2026-04-03 08:50:01.729][INF] MFA异步任务 控制器检测 开始.
[2026-04-03 08:50:01.729][INF] Loading MAA Controller Configuration...
[2026-04-03 08:50:01.730][INF] 触控模式:All,捕获模式:EmulatorExtras
[2026-04-03 08:50:01.730][INF] Name: MuMu安卓设备-MuMuPlayer12 v5
[2026-04-03 08:50:01.730][INF] AdbPath: C:/Program Files/Netease/MuMu Player 12/nx_main/adb.exe
[2026-04-03 08:50:01.730][INF] AdbSerial: 127.0.0.1:16384
[2026-04-03 08:50:01.730][INF] ScreenCap: EmulatorExtras
[2026-04-03 08:50:01.730][INF] Input: All
[2026-04-03 08:50:01.730][INF] Config: {"extras":{"mumu":{"enable":true,"index":0,"path":"C:/Program Files/Netease/MuMu Player 12"}}
[2026-04-03 08:50:01.989][INF] >>> MFA异步任务 控制器检测 已完成.
[2026-04-03 08:50:02.202][INF] Registered built-in special task actions
[2026-04-03 08:50:02.203][INF] Custom directory not found: F:\Game_AUTO\MaaFGO\MFAAvalonia\.\resource\custom
[2026-04-03 08:50:02.203][INF] Custom directory not found: F:\Game_AUTO\MaaFGO\MFAAvalonia\resource\custom
[2026-04-03 08:50:02.203][INF] Maafw debug mode: False
[2026-04-03 08:50:02.334][WRN] 公告文件夹不存在: F:\Game_AUTO\MaaFGO\MFAAvalonia\resource\announcement
[2026-04-03 08:50:02.559][INF] MFA异步任务 截图测试 开始.
[2026-04-03 08:50:02.579][INF] >>> MFA异步任务 截图测试 已完成.
[2026-04-03 08:50:02.579][INF] 截图耗时: 9ms(EmulatorExtras)
[2026-04-03 08:50:02.594][INF] MFA异步任务 队列任务 开始.
[2026-04-03 08:50:02.595][INF] 开始任务: 打开bbc
[2026-04-03 08:50:03.344][INF] >>> MFA异步任务 队列任务 已完成.
[2026-04-03 08:50:03.345][INF] MFA异步任务 队列任务 开始.
[2026-04-03 08:50:03.347][INF] 开始任务: 启动游戏
[2026-04-03 08:50:14.774][INF] 尚未检测到登录成功
[2026-04-03 08:50:41.452][INF] 等待到达主界面
[2026-04-03 08:50:42.453][INF] 等待到达主界面
[2026-04-03 08:50:43.461][INF] 等待到达主界面
[2026-04-03 08:50:44.454][INF] 等待到达主界面
[2026-04-03 08:50:45.456][INF] 等待到达主界面
[2026-04-03 08:50:46.458][INF] 等待到达主界面
[2026-04-03 08:50:47.458][INF] 等待到达主界面
[2026-04-03 08:50:59.697][INF] [内存管理]释放了13.43 MB (26.2%)
[2026-04-03 08:51:32.890][INF] 成功抵达主界面
[2026-04-03 08:51:33.296][INF] >>> MFA异步任务 队列任务 已完成.
[2026-04-03 08:51:33.298][INF] MFA异步任务 队列任务 开始.
[2026-04-03 08:51:33.299][INF] 开始任务: 水怪活动
[2026-04-03 08:51:39.260][INF] 打开BBC中，请尽量不要移动鼠标，并将bbc窗口置于主屏幕
[2026-04-03 08:51:49.638][INF] 等待任务完成，BBC正常运行后，可以自由操作。
[2026-04-03 08:51:49.895][INF] 没有识别到任务完成
[2026-04-03 08:52:00.407][INF] 没有识别到任务完成
[2026-04-03 08:52:10.913][INF] 没有识别到任务完成
[2026-04-03 08:52:21.402][INF] 没有识别到任务完成
[2026-04-03 08:52:31.905][INF] 没有识别到任务完成
[2026-04-03 08:52:42.401][INF] 没有识别到任务完成
[2026-04-03 08:52:52.898][INF] 没有识别到任务完成
[2026-04-03 08:53:03.397][INF] 没有识别到任务完成
[2026-04-03 08:53:13.893][INF] 没有识别到任务完成
[2026-04-03 08:53:24.389][INF] 没有识别到任务完成
[2026-04-03 08:53:34.896][INF] 没有识别到任务完成
[2026-04-03 08:53:45.401][INF] 没有识别到任务完成
[2026-04-03 08:53:55.897][INF] 没有识别到任务完成
[2026-04-03 08:54:06.399][INF] 没有识别到任务完成
[2026-04-03 08:54:16.896][INF] 没有识别到任务完成
[2026-04-03 08:54:27.389][INF] 没有识别到任务完成
[2026-04-03 08:54:37.885][INF] 没有识别到任务完成
[2026-04-03 08:54:48.374][INF] 没有识别到任务完成
[2026-04-03 08:54:58.862][INF] 没有识别到任务完成
[2026-04-03 08:55:09.360][INF] 没有识别到任务完成
[2026-04-03 08:55:19.858][INF] 没有识别到任务完成
[2026-04-03 08:55:30.344][INF] 没有识别到任务完成
[2026-04-03 08:55:40.842][INF] 没有识别到任务完成
[2026-04-03 08:55:51.340][INF] 没有识别到任务完成
[2026-04-03 08:56:01.830][INF] 没有识别到任务完成
[2026-04-03 08:56:12.324][INF] 没有识别到任务完成
[2026-04-03 08:56:22.814][INF] 没有识别到任务完成
[2026-04-03 08:56:33.318][INF] 没有识别到任务完成
[2026-04-03 08:56:43.824][INF] 没有识别到任务完成
[2026-04-03 08:56:54.313][INF] 没有识别到任务完成
[2026-04-03 08:57:04.806][INF] 没有识别到任务完成
[2026-04-03 08:57:15.307][INF] 没有识别到任务完成
[2026-04-03 08:57:25.807][INF] 没有识别到任务完成
[2026-04-03 08:57:36.308][INF] 没有识别到任务完成
[2026-04-03 08:57:46.803][INF] 没有识别到任务完成
[2026-04-03 08:57:57.287][INF] 没有识别到任务完成
[2026-04-03 08:58:07.777][INF] 没有识别到任务完成
[2026-04-03 08:58:18.262][INF] 没有识别到任务完成
[2026-04-03 08:58:28.746][INF] 没有识别到任务完成
[2026-04-03 08:58:39.232][INF] 没有识别到任务完成
[2026-04-03 08:58:49.724][INF] 没有识别到任务完成
[2026-04-03 08:59:00.212][INF] 没有识别到任务完成
[2026-04-03 08:59:10.721][INF] 没有识别到任务完成
[2026-04-03 08:59:21.218][INF] 没有识别到任务完成
[2026-04-03 08:59:31.717][INF] 没有识别到任务完成
[2026-04-03 08:59:42.205][INF] 没有识别到任务完成
[2026-04-03 08:59:52.705][INF] 没有识别到任务完成
[2026-04-03 09:00:03.192][INF] 没有识别到任务完成
[2026-04-03 09:00:13.702][INF] 没有识别到任务完成
[2026-04-03 09:00:24.189][INF] 没有识别到任务完成
[2026-04-03 09:00:34.699][INF] 没有识别到任务完成
[2026-04-03 09:00:45.187][INF] 没有识别到任务完成
[2026-04-03 09:00:55.686][INF] 没有识别到任务完成
[2026-04-03 09:01:06.176][INF] 没有识别到任务完成
[2026-04-03 09:01:16.668][INF] 没有识别到任务完成
[2026-04-03 09:01:27.166][INF] 没有识别到任务完成
[2026-04-03 09:01:37.653][INF] 没有识别到任务完成
[2026-04-03 09:01:48.139][INF] 没有识别到任务完成
[2026-04-03 09:01:58.630][INF] 没有识别到任务完成
[2026-04-03 09:02:09.121][INF] 没有识别到任务完成
[2026-04-03 09:02:19.610][INF] 没有识别到任务完成
[2026-04-03 09:02:30.114][INF] 没有识别到任务完成
[2026-04-03 09:02:40.605][INF] 没有识别到任务完成
[2026-04-03 09:02:51.090][INF] 没有识别到任务完成
[2026-04-03 09:03:01.582][INF] 没有识别到任务完成
[2026-04-03 09:03:12.068][INF] 没有识别到任务完成
[2026-04-03 09:03:22.559][INF] 没有识别到任务完成
[2026-04-03 09:03:33.063][INF] 没有识别到任务完成
[2026-04-03 09:03:43.549][INF] 没有识别到任务完成
[2026-04-03 09:03:54.051][INF] 没有识别到任务完成
[2026-04-03 09:04:04.543][INF] 没有识别到任务完成
[2026-04-03 09:04:15.033][INF] 没有识别到任务完成
[2026-04-03 09:04:25.529][INF] 没有识别到任务完成
[2026-04-03 09:04:36.022][INF] 没有识别到任务完成
[2026-04-03 09:04:46.516][INF] 没有识别到任务完成
[2026-04-03 09:04:57.008][INF] 没有识别到任务完成
[2026-04-03 09:05:07.504][INF] 没有识别到任务完成
[2026-04-03 09:05:17.991][INF] 没有识别到任务完成
[2026-04-03 09:05:28.483][INF] 没有识别到任务完成
[2026-04-03 09:05:38.976][INF] 没有识别到任务完成
[2026-04-03 09:05:49.471][INF] 没有识别到任务完成
[2026-04-03 09:05:59.965][INF] 没有识别到任务完成
[2026-04-03 09:06:10.465][INF] 没有识别到任务完成
[2026-04-03 09:06:20.962][INF] 没有识别到任务完成
[2026-04-03 09:06:31.459][INF] 没有识别到任务完成
[2026-04-03 09:06:41.944][INF] 没有识别到任务完成
[2026-04-03 09:06:52.436][INF] 没有识别到任务完成
[2026-04-03 09:07:02.923][INF] 没有识别到任务完成
[2026-04-03 09:07:13.419][INF] 没有识别到任务完成
[2026-04-03 09:07:23.904][INF] 没有识别到任务完成
[2026-04-03 09:07:34.397][INF] 没有识别到任务完成
[2026-04-03 09:07:44.889][INF] 没有识别到任务完成
[2026-04-03 09:07:55.383][INF] 没有识别到任务完成
[2026-04-03 09:08:05.873][INF] 没有识别到任务完成
[2026-04-03 09:08:16.376][INF] 没有识别到任务完成
[2026-04-03 09:08:26.876][INF] 没有识别到任务完成
[2026-04-03 09:08:37.368][INF] 没有识别到任务完成
[2026-04-03 09:08:47.851][INF] 没有识别到任务完成
[2026-04-03 09:08:58.348][INF] 没有识别到任务完成
[2026-04-03 09:09:08.834][INF] 没有识别到任务完成
[2026-04-03 09:09:19.326][INF] 没有识别到任务完成
[2026-04-03 09:09:20.325][INF] 没有识别到任务完成
[2026-04-03 09:09:21.327][INF] 没有识别到任务完成
[2026-04-03 09:09:22.334][INF] 没有识别到任务完成
[2026-04-03 09:09:23.329][INF] 没有识别到任务完成
[2026-04-03 09:09:24.328][INF] 没有识别到任务完成
[2026-04-03 09:09:25.332][INF] 没有识别到任务完成
[2026-04-03 09:09:26.328][INF] 没有识别到任务完成
[2026-04-03 09:09:27.333][INF] 没有识别到任务完成
[2026-04-03 09:09:28.342][INF] 没有识别到任务完成
[2026-04-03 09:09:29.334][INF] 没有识别到任务完成
[2026-04-03 09:09:30.346][INF] 没有识别到任务完成
[2026-04-03 09:09:31.336][INF] 没有识别到任务完成
[2026-04-03 09:09:32.340][INF] 没有识别到任务完成
[2026-04-03 09:09:33.338][INF] 没有识别到任务完成
[2026-04-03 09:09:34.345][INF] 没有识别到任务完成
[2026-04-03 09:09:35.341][INF] 没有识别到任务完成
[2026-04-03 09:09:36.350][INF] 没有识别到任务完成
[2026-04-03 09:09:37.341][INF] 没有识别到任务完成
[2026-04-03 09:09:38.347][INF] 没有识别到任务完成
[2026-04-03 09:09:39.345][INF] 没有识别到任务完成
[2026-04-03 09:09:39.603][INF] >>> MFA异步任务 队列任务 已完成.
[2026-04-03 09:09:39.604][INF] MFA异步任务 启动附加结束脚本 开始.
[2026-04-03 09:09:39.605][INF] >>> MFA异步任务 启动附加结束脚本 已完成.
[2026-04-03 09:09:39.609][INF] MFA异步任务 启动检测 开始.
[2026-04-03 09:09:39.610][INF] 开始执行任务: 查询CDK
[2026-04-03 09:09:39.610][INF] Stop Status: SUCCEEDED
[2026-04-03 09:09:39.611][INF] MFA异步任务 停止maafw任务 开始.
[2026-04-03 09:09:39.611][INF] 任务完成: 查询CDK
[2026-04-03 09:09:39.611][INF] 开始执行任务: 更新资源
[2026-04-03 09:09:39.613][INF] >>> 任务 播放音频 开始.
[2026-04-03 09:09:39.667][ERR] System.Exception: 该资源操作暂不支持 Mirror酱
   at MFAAvalonia.Helper.VersionChecker.GetDownloadUrlFromMirror(String version, String resId, String cdk, String& url, String& latestVersion, String& sha256, Boolean& isFull, String userAgent, Boolean isUI, Boolean onlyCheck, String currentVersion, Boolean showResponse, Boolean saveAnnouncement)
   at MFAAvalonia.Helper.VersionChecker.CheckForResourceUpdatesAsync(Boolean isGithub)
[2026-04-03 09:09:39.667][INF] 任务完成: 更新资源
[2026-04-03 09:09:39.723][INF] >>> 任务 播放音频 完成.
[2026-04-03 09:09:39.724][INF] 任务已全部完成！
(用时 0h 19m 38s)
[2026-04-03 09:19:29.879][INF] [内存管理]释放了6.59 MB (8.7%)
[2026-04-03 09:34:29.958][INF] [内存管理]释放了11.16 MB (14.1%)
[2026-04-03 09:39:29.980][INF] [内存管理]释放了4.09 MB (5.7%)
[2026-04-03 09:44:30.001][INF] [内存管理]释放了4.13 MB (5.7%)
[2026-04-03 09:49:30.024][INF] [内存管理]释放了4.25 MB (5.9%)
[2026-04-03 09:54:30.054][INF] [内存管理]释放了4.05 MB (5.7%)
[2026-04-03 09:59:30.077][INF] [内存管理]释放了3.79 MB (5.3%)
[2026-04-03 10:04:30.099][INF] [内存管理]释放了4.06 MB (5.7%)
[2026-04-03 10:09:30.122][INF] [内存管理]释放了4.14 MB (5.8%)
[2026-04-03 10:14:30.141][INF] [内存管理]释放了4.15 MB (5.8%)
[2026-04-03 10:19:30.167][INF] [内存管理]释放了4.19 MB (5.8%)
[2026-04-03 10:24:30.197][INF] [内存管理]释放了4.73 MB (6.5%)
[2026-04-03 10:29:30.222][INF] [内存管理]释放了4.57 MB (6.3%)
[2026-04-03 10:34:30.242][INF] [内存管理]释放了4.55 MB (6.3%)
[2026-04-03 10:39:30.268][INF] [内存管理]释放了4.65 MB (6.5%)
[2026-04-03 10:44:30.292][INF] [内存管理]释放了4.50 MB (6.3%)
[2026-04-03 10:49:30.314][INF] [内存管理]释放了4.47 MB (6.2%)
[2026-04-03 10:54:30.338][INF] [内存管理]释放了4.55 MB (6.3%)
[2026-04-03 10:59:30.362][INF] [内存管理]释放了4.52 MB (6.3%)
[2026-04-03 11:04:30.383][INF] [内存管理]释放了4.25 MB (5.9%)
[2026-04-03 11:09:30.406][INF] [内存管理]释放了4.48 MB (6.2%)
[2026-04-03 11:14:30.430][INF] [内存管理]释放了4.44 MB (6.2%)
[2026-04-03 11:19:30.464][INF] [内存管理]释放了4.42 MB (6.2%)
[2026-04-03 11:24:30.488][INF] [内存管理]释放了4.50 MB (6.2%)
[2026-04-03 11:29:30.510][INF] [内存管理]释放了4.48 MB (6.2%)
[2026-04-03 11:34:30.527][INF] [内存管理]释放了4.39 MB (6.1%)
[2026-04-03 11:39:30.550][INF] [内存管理]释放了4.55 MB (6.3%)
[2026-04-03 11:44:30.572][INF] [内存管理]释放了4.47 MB (6.2%)
[2026-04-03 11:49:30.601][INF] [内存管理]释放了4.61 MB (6.4%)
[2026-04-03 11:54:30.621][INF] [内存管理]释放了4.49 MB (6.2%)
[2026-04-03 11:59:30.645][INF] [内存管理]释放了4.34 MB (6.0%)
[2026-04-03 12:04:30.666][INF] [内存管理]释放了4.32 MB (6.0%)
[2026-04-03 12:09:30.692][INF] [内存管理]释放了4.28 MB (6.0%)
[2026-04-03 12:14:30.715][INF] [内存管理]释放了4.33 MB (6.0%)
[2026-04-03 12:19:30.739][INF] [内存管理]释放了4.27 MB (6.0%)
[2026-04-03 12:24:30.761][INF] [内存管理]释放了4.40 MB (6.1%)
[2026-04-03 12:29:30.782][INF] [内存管理]释放了4.35 MB (6.1%)
[2026-04-03 12:34:30.822][INF] [内存管理]释放了12.54 MB (15.4%)
[2026-04-03 12:44:30.886][INF] [内存管理]释放了15.06 MB (17.9%)
[2026-04-03 12:49:30.907][INF] [内存管理]释放了4.55 MB (6.2%)
[2026-04-03 12:54:30.929][INF] [内存管理]释放了4.45 MB (6.1%)
[2026-04-03 12:59:30.954][INF] [内存管理]释放了4.39 MB (6.0%)
[2026-04-03 13:04:30.978][INF] [内存管理]释放了4.26 MB (5.9%)
[2026-04-03 13:09:30.997][INF] [内存管理]释放了4.46 MB (6.1%)
[2026-04-03 13:14:31.025][INF] [内存管理]释放了4.53 MB (6.2%)
[2026-04-03 13:19:31.045][INF] [内存管理]释放了4.43 MB (6.1%)
[2026-04-03 13:24:31.069][INF] [内存管理]释放了4.34 MB (6.0%)
[2026-04-03 13:29:31.093][INF] [内存管理]释放了4.50 MB (6.2%)
[2026-04-03 13:34:31.114][INF] [内存管理]释放了4.44 MB (6.1%)
[2026-04-03 13:39:31.134][INF] [内存管理]释放了4.43 MB (6.1%)
[2026-04-03 13:44:31.169][INF] [内存管理]释放了4.35 MB (6.0%)
[2026-04-03 13:49:31.195][INF] [内存管理]释放了4.47 MB (6.1%)
[2026-04-03 13:54:31.216][INF] [内存管理]释放了4.42 MB (6.1%)
[2026-04-03 13:59:31.232][INF] [内存管理]释放了4.51 MB (6.2%)
[2026-04-03 14:04:31.253][INF] [内存管理]释放了4.33 MB (5.9%)
[2026-04-03 14:09:31.282][INF] [内存管理]释放了4.46 MB (6.1%)
[2026-04-03 14:14:31.305][INF] [内存管理]释放了4.50 MB (6.2%)
[2026-04-03 14:19:31.328][INF] [内存管理]释放了4.37 MB (6.0%)
[2026-04-03 14:24:31.350][INF] [内存管理]释放了4.76 MB (6.5%)
[2026-04-03 14:29:31.373][INF] [内存管理]释放了4.42 MB (6.1%)
[2026-04-03 14:34:31.397][INF] [内存管理]释放了4.42 MB (6.1%)
[2026-04-03 14:39:31.425][INF] [内存管理]释放了4.46 MB (6.1%)
[2026-04-03 14:44:31.452][INF] [内存管理]释放了4.40 MB (6.0%)
[2026-04-03 14:49:31.472][INF] [内存管理]释放了4.40 MB (6.0%)
[2026-04-03 14:54:31.497][INF] [内存管理]释放了4.39 MB (6.0%)
[2026-04-03 14:59:31.520][INF] [内存管理]释放了4.44 MB (6.1%)
[2026-04-03 15:04:31.541][INF] [内存管理]释放了4.32 MB (5.9%)
[2026-04-03 15:09:31.573][INF] [内存管理]释放了4.34 MB (5.9%)
[2026-04-03 15:14:31.598][INF] [内存管理]释放了4.40 MB (6.0%)
[2026-04-03 15:19:31.617][INF] [内存管理]释放了4.50 MB (6.2%)
[2026-04-03 15:24:31.637][INF] [内存管理]释放了4.50 MB (6.2%)
[2026-04-03 15:29:31.660][INF] [内存管理]释放了4.48 MB (6.1%)
[2026-04-03 15:34:31.691][INF] [内存管理]释放了4.54 MB (6.2%)
[2026-04-03 15:39:31.713][INF] [内存管理]释放了4.39 MB (6.0%)
[2026-04-03 15:44:31.733][INF] [内存管理]释放了4.42 MB (6.1%)
[2026-04-03 15:49:31.758][INF] [内存管理]释放了4.48 MB (6.1%)
[2026-04-03 15:54:31.782][INF] [内存管理]释放了4.34 MB (6.0%)
[2026-04-03 15:59:31.807][INF] [内存管理]释放了4.41 MB (6.0%)
[2026-04-03 16:04:31.835][INF] [内存管理]释放了4.34 MB (6.0%)
[2026-04-03 16:09:31.855][INF] [内存管理]释放了4.36 MB (6.0%)
[2026-04-03 16:14:31.877][INF] [内存管理]释放了4.33 MB (5.9%)
[2026-04-03 16:19:31.903][INF] [内存管理]释放了4.42 MB (6.1%)
[2026-04-03 16:24:31.926][INF] [内存管理]释放了4.41 MB (6.0%)
[2026-04-03 16:29:31.945][INF] [内存管理]释放了4.42 MB (6.1%)
[2026-04-03 16:34:31.973][INF] [内存管理]释放了4.44 MB (6.1%)
[2026-04-03 16:39:31.994][INF] [内存管理]释放了4.50 MB (6.2%)
[2026-04-03 16:44:32.017][INF] [内存管理]释放了4.30 MB (5.9%)
[2026-04-03 16:49:32.040][INF] [内存管理]释放了4.47 MB (6.1%)
[2026-04-03 16:54:32.061][INF] [内存管理]释放了4.55 MB (6.2%)
[2026-04-03 16:59:32.090][INF] [内存管理]释放了4.41 MB (6.0%)
[2026-04-03 17:04:32.115][INF] [内存管理]释放了4.34 MB (6.0%)
[2026-04-03 17:09:32.138][INF] [内存管理]释放了4.38 MB (6.0%)
[2026-04-03 17:14:32.159][INF] [内存管理]释放了4.42 MB (6.1%)
[2026-04-03 17:19:32.180][INF] [内存管理]释放了4.39 MB (6.0%)
[2026-04-03 17:24:32.204][INF] [内存管理]释放了4.54 MB (6.2%)
[2026-04-03 17:29:32.235][INF] [内存管理]释放了4.39 MB (6.0%)
[2026-04-03 17:34:32.254][INF] [内存管理]释放了4.44 MB (6.1%)
[2026-04-03 17:39:32.276][INF] [内存管理]释放了4.46 MB (6.1%)
[2026-04-03 17:44:32.296][INF] [内存管理]释放了4.41 MB (6.0%)
[2026-04-03 17:49:32.324][INF] [内存管理]释放了4.35 MB (6.0%)
[2026-04-03 17:54:32.350][INF] [内存管理]释放了4.45 MB (6.1%)
[2026-04-03 17:59:32.381][INF] [内存管理]释放了4.42 MB (6.1%)
[2026-04-03 18:04:32.405][INF] [内存管理]释放了4.38 MB (6.0%)
[2026-04-03 18:09:32.433][INF] [内存管理]释放了4.36 MB (6.0%)
[2026-04-03 18:14:32.454][INF] [内存管理]释放了4.50 MB (6.2%)
[2026-04-03 18:19:32.474][INF] [内存管理]释放了4.35 MB (6.0%)
[2026-04-03 18:24:32.507][INF] [内存管理]释放了4.46 MB (6.1%)
[2026-04-03 18:29:32.532][INF] [内存管理]释放了4.44 MB (6.1%)
[2026-04-03 18:34:32.553][INF] [内存管理]释放了4.43 MB (6.1%)
[2026-04-03 18:39:32.577][INF] [内存管理]释放了4.41 MB (6.0%)
[2026-04-03 18:44:32.599][INF] [内存管理]释放了4.41 MB (6.0%)
[2026-04-03 18:49:32.625][INF] [内存管理]释放了4.37 MB (6.0%)
[2026-04-03 18:54:32.653][INF] [内存管理]释放了4.49 MB (6.1%)
[2026-04-03 18:59:32.677][INF] [内存管理]释放了4.40 MB (6.0%)
[2026-04-03 19:04:32.706][INF] [内存管理]释放了8.01 MB (10.4%)
[2026-04-03 19:09:32.729][INF] [内存管理]释放了6.80 MB (9.0%)
[2026-04-03 19:14:32.751][INF] [内存管理]释放了6.58 MB (8.8%)
[2026-04-03 19:19:32.773][INF] [内存管理]释放了5.57 MB (7.5%)
[2026-04-03 19:24:32.803][INF] [内存管理]释放了5.43 MB (7.3%)
[2026-04-03 19:29:32.827][INF] [内存管理]释放了6.62 MB (8.8%)
[2026-04-03 19:34:32.848][INF] [内存管理]释放了6.41 MB (8.5%)
[2026-04-03 19:36:54.825][INF] 截图超时，已断开连接
[2026-04-03 19:37:05.661][INF] MFA Closed!
